[0.050s] Invoking command in '/home/sakshi/ClutterBot/build/dynamixel_sdk_examples': CMAKE_PREFIX_PATH=/home/sakshi/ClutterBot/install/dynamixel_sdk_custom_interfaces:/home/sakshi/ClutterBot/install/dynamixel_sdk:/home/sakshi/ClutterBot/install/turtlebot3:/home/sakshi/ClutterBot/install/turtlebot3_simulations:/home/sakshi/ClutterBot/install/turtlebot3_bringup:/home/sakshi/ClutterBot/install/turtlebot3_node:/home/sakshi/ClutterBot/install/turtlebot3_navigation2:/home/sakshi/ClutterBot/install/turtlebot3_fake_node:/home/sakshi/ClutterBot/install/turtlebot3_msgs:/home/sakshi/ClutterBot/install/turtlebot3_gazebo:/home/sakshi/ClutterBot/install/turtlebot3_description:/home/sakshi/ClutterBot/install/turtlebot3_cartographer:/home/sakshi/ClutterBot/install/hls_lfcd_lds_driver:/home/sakshi/ClutterBot/install/dynamixel_sdk_examples:/home/sakshi/ClutterBot/install/turtlebot3_teleop:/home/sakshi/ClutterBot/install/turtlebot3_example:/opt/ros/foxy LD_LIBRARY_PATH=/home/sakshi/ClutterBot/install/dynamixel_sdk_custom_interfaces/lib:/home/sakshi/ClutterBot/install/dynamixel_sdk/lib:/home/sakshi/ClutterBot/install/turtlebot3_msgs/lib:/usr/lib/x86_64-linux-gnu/gazebo-11/plugins:/opt/ros/foxy/opt/yaml_cpp_vendor/lib:/opt/ros/foxy/opt/rviz_ogre_vendor/lib:/opt/ros/foxy/lib/x86_64-linux-gnu:/opt/ros/foxy/lib PYTHONPATH=/home/sakshi/ClutterBot/install/dynamixel_sdk_custom_interfaces/lib/python3.8/site-packages:/home/sakshi/ClutterBot/install/turtlebot3_teleop/lib/python3.8/site-packages:/home/sakshi/ClutterBot/install/turtlebot3_example/lib/python3.8/site-packages:/home/sakshi/ClutterBot/install/turtlebot3_msgs/lib/python3.8/site-packages:/opt/ros/foxy/lib/python3.8/site-packages /usr/bin/cmake /home/sakshi/ClutterBot/src/utils/DynamixelSDK/dynamixel_sdk_examples -DCMAKE_INSTALL_PREFIX=/home/sakshi/ClutterBot/install/dynamixel_sdk_examples
[0.182s] -- The C compiler identification is GNU 9.4.0
[0.317s] -- The CXX compiler identification is GNU 9.4.0
[0.327s] -- Check for working C compiler: /usr/lib/ccache/cc
[0.487s] -- Check for working C compiler: /usr/lib/ccache/cc -- works
[0.490s] -- Detecting C compiler ABI info
[0.565s] -- Detecting C compiler ABI info - done
[0.579s] -- Detecting C compile features
[0.580s] -- Detecting C compile features - done
[0.583s] -- Check for working CXX compiler: /usr/lib/ccache/c++
[0.679s] -- Check for working CXX compiler: /usr/lib/ccache/c++ -- works
[0.681s] -- Detecting CXX compiler ABI info
[0.778s] -- Detecting CXX compiler ABI info - done
[0.794s] -- Detecting CXX compile features
[0.795s] -- Detecting CXX compile features - done
[0.799s] -- Found ament_cmake: 0.9.12 (/opt/ros/foxy/share/ament_cmake/cmake)
[0.849s] -- Found PythonInterp: /usr/bin/python3 (found suitable version "3.8.10", minimum required is "3") 
[0.849s] -- Using PYTHON_EXECUTABLE: /usr/bin/python3
[1.433s] -- Found dynamixel_sdk: 3.7.40 (/home/sakshi/ClutterBot/install/dynamixel_sdk/share/dynamixel_sdk/cmake)
[1.436s] -- Found dynamixel_sdk_custom_interfaces: 3.7.40 (/home/sakshi/ClutterBot/install/dynamixel_sdk_custom_interfaces/share/dynamixel_sdk_custom_interfaces/cmake)
[1.545s] -- Using all available rosidl_typesupport_c: rosidl_typesupport_fastrtps_c;rosidl_typesupport_introspection_c
[1.569s] -- Found rosidl_adapter: 1.3.1 (/opt/ros/foxy/share/rosidl_adapter/cmake)
[1.774s] -- Found OpenSSL: /usr/lib/x86_64-linux-gnu/libcrypto.so (found version "1.1.1f")  
[1.812s] -- Found FastRTPS: /opt/ros/foxy/include  
[1.939s] -- Using all available rosidl_typesupport_cpp: rosidl_typesupport_fastrtps_cpp;rosidl_typesupport_introspection_cpp
[2.060s] -- Found rclcpp: 2.4.3 (/opt/ros/foxy/share/rclcpp/cmake)
[2.140s] -- Found rmw_implementation_cmake: 1.0.4 (/opt/ros/foxy/share/rmw_implementation_cmake/cmake)
[2.143s] -- Using RMW implementation 'rmw_fastrtps_cpp' as default
[2.145s] -- Looking for pthread.h
[2.433s] -- Looking for pthread.h - found
[2.433s] -- Performing Test CMAKE_HAVE_LIBC_PTHREAD
[2.578s] -- Performing Test CMAKE_HAVE_LIBC_PTHREAD - Failed
[2.585s] -- Looking for pthread_create in pthreads
[2.714s] -- Looking for pthread_create in pthreads - not found
[2.715s] -- Looking for pthread_create in pthread
[2.991s] -- Looking for pthread_create in pthread - found
[2.993s] -- Found Threads: TRUE  
[3.613s] -- Found ament_lint_auto: 0.9.8 (/opt/ros/foxy/share/ament_lint_auto/cmake)
[4.576s] -- Added test 'copyright' to check source files copyright and LICENSE
[4.682s] -- Added test 'cppcheck' to perform static code analysis on C / C++ code
[4.683s] -- Configured cppcheck include dirs: /home/sakshi/ClutterBot/src/utils/DynamixelSDK/dynamixel_sdk_examples/include
[4.683s] -- Configured cppcheck exclude dirs and/or files: 
[4.701s] -- Added test 'cpplint' to check C / C++ code against the Google style
[4.702s] -- Configured cpplint exclude dirs and/or files: 
[4.714s] -- Added test 'lint_cmake' to check CMake code style
[4.731s] -- Added test 'uncrustify' to check C / C++ code style
[4.731s] -- Configured uncrustify additional arguments: 
[4.732s] -- Added test 'xmllint' to check XML markup files
[4.741s] -- Configuring done
[4.762s] -- Generating done
[4.769s] -- Build files have been written to: /home/sakshi/ClutterBot/build/dynamixel_sdk_examples
[4.788s] Invoked command in '/home/sakshi/ClutterBot/build/dynamixel_sdk_examples' returned '0': CMAKE_PREFIX_PATH=/home/sakshi/ClutterBot/install/dynamixel_sdk_custom_interfaces:/home/sakshi/ClutterBot/install/dynamixel_sdk:/home/sakshi/ClutterBot/install/turtlebot3:/home/sakshi/ClutterBot/install/turtlebot3_simulations:/home/sakshi/ClutterBot/install/turtlebot3_bringup:/home/sakshi/ClutterBot/install/turtlebot3_node:/home/sakshi/ClutterBot/install/turtlebot3_navigation2:/home/sakshi/ClutterBot/install/turtlebot3_fake_node:/home/sakshi/ClutterBot/install/turtlebot3_msgs:/home/sakshi/ClutterBot/install/turtlebot3_gazebo:/home/sakshi/ClutterBot/install/turtlebot3_description:/home/sakshi/ClutterBot/install/turtlebot3_cartographer:/home/sakshi/ClutterBot/install/hls_lfcd_lds_driver:/home/sakshi/ClutterBot/install/dynamixel_sdk_examples:/home/sakshi/ClutterBot/install/turtlebot3_teleop:/home/sakshi/ClutterBot/install/turtlebot3_example:/opt/ros/foxy LD_LIBRARY_PATH=/home/sakshi/ClutterBot/install/dynamixel_sdk_custom_interfaces/lib:/home/sakshi/ClutterBot/install/dynamixel_sdk/lib:/home/sakshi/ClutterBot/install/turtlebot3_msgs/lib:/usr/lib/x86_64-linux-gnu/gazebo-11/plugins:/opt/ros/foxy/opt/yaml_cpp_vendor/lib:/opt/ros/foxy/opt/rviz_ogre_vendor/lib:/opt/ros/foxy/lib/x86_64-linux-gnu:/opt/ros/foxy/lib PYTHONPATH=/home/sakshi/ClutterBot/install/dynamixel_sdk_custom_interfaces/lib/python3.8/site-packages:/home/sakshi/ClutterBot/install/turtlebot3_teleop/lib/python3.8/site-packages:/home/sakshi/ClutterBot/install/turtlebot3_example/lib/python3.8/site-packages:/home/sakshi/ClutterBot/install/turtlebot3_msgs/lib/python3.8/site-packages:/opt/ros/foxy/lib/python3.8/site-packages /usr/bin/cmake /home/sakshi/ClutterBot/src/utils/DynamixelSDK/dynamixel_sdk_examples -DCMAKE_INSTALL_PREFIX=/home/sakshi/ClutterBot/install/dynamixel_sdk_examples
[4.794s] Invoking command in '/home/sakshi/ClutterBot/build/dynamixel_sdk_examples': CMAKE_PREFIX_PATH=/home/sakshi/ClutterBot/install/dynamixel_sdk_custom_interfaces:/home/sakshi/ClutterBot/install/dynamixel_sdk:/home/sakshi/ClutterBot/install/turtlebot3:/home/sakshi/ClutterBot/install/turtlebot3_simulations:/home/sakshi/ClutterBot/install/turtlebot3_bringup:/home/sakshi/ClutterBot/install/turtlebot3_node:/home/sakshi/ClutterBot/install/turtlebot3_navigation2:/home/sakshi/ClutterBot/install/turtlebot3_fake_node:/home/sakshi/ClutterBot/install/turtlebot3_msgs:/home/sakshi/ClutterBot/install/turtlebot3_gazebo:/home/sakshi/ClutterBot/install/turtlebot3_description:/home/sakshi/ClutterBot/install/turtlebot3_cartographer:/home/sakshi/ClutterBot/install/hls_lfcd_lds_driver:/home/sakshi/ClutterBot/install/dynamixel_sdk_examples:/home/sakshi/ClutterBot/install/turtlebot3_teleop:/home/sakshi/ClutterBot/install/turtlebot3_example:/opt/ros/foxy LD_LIBRARY_PATH=/home/sakshi/ClutterBot/install/dynamixel_sdk_custom_interfaces/lib:/home/sakshi/ClutterBot/install/dynamixel_sdk/lib:/home/sakshi/ClutterBot/install/turtlebot3_msgs/lib:/usr/lib/x86_64-linux-gnu/gazebo-11/plugins:/opt/ros/foxy/opt/yaml_cpp_vendor/lib:/opt/ros/foxy/opt/rviz_ogre_vendor/lib:/opt/ros/foxy/lib/x86_64-linux-gnu:/opt/ros/foxy/lib PYTHONPATH=/home/sakshi/ClutterBot/install/dynamixel_sdk_custom_interfaces/lib/python3.8/site-packages:/home/sakshi/ClutterBot/install/turtlebot3_teleop/lib/python3.8/site-packages:/home/sakshi/ClutterBot/install/turtlebot3_example/lib/python3.8/site-packages:/home/sakshi/ClutterBot/install/turtlebot3_msgs/lib/python3.8/site-packages:/opt/ros/foxy/lib/python3.8/site-packages /usr/bin/cmake --build /home/sakshi/ClutterBot/build/dynamixel_sdk_examples -- -j8 -l8
[4.886s] [35m[1mScanning dependencies of target read_write_node[0m
[5.005s] [ 50%] [32mBuilding CXX object CMakeFiles/read_write_node.dir/src/read_write_node.cpp.o[0m
[5.414s] [100%] [32m[1mLinking CXX executable read_write_node[0m
[5.940s] [100%] Built target read_write_node
[5.981s] Invoked command in '/home/sakshi/ClutterBot/build/dynamixel_sdk_examples' returned '0': CMAKE_PREFIX_PATH=/home/sakshi/ClutterBot/install/dynamixel_sdk_custom_interfaces:/home/sakshi/ClutterBot/install/dynamixel_sdk:/home/sakshi/ClutterBot/install/turtlebot3:/home/sakshi/ClutterBot/install/turtlebot3_simulations:/home/sakshi/ClutterBot/install/turtlebot3_bringup:/home/sakshi/ClutterBot/install/turtlebot3_node:/home/sakshi/ClutterBot/install/turtlebot3_navigation2:/home/sakshi/ClutterBot/install/turtlebot3_fake_node:/home/sakshi/ClutterBot/install/turtlebot3_msgs:/home/sakshi/ClutterBot/install/turtlebot3_gazebo:/home/sakshi/ClutterBot/install/turtlebot3_description:/home/sakshi/ClutterBot/install/turtlebot3_cartographer:/home/sakshi/ClutterBot/install/hls_lfcd_lds_driver:/home/sakshi/ClutterBot/install/dynamixel_sdk_examples:/home/sakshi/ClutterBot/install/turtlebot3_teleop:/home/sakshi/ClutterBot/install/turtlebot3_example:/opt/ros/foxy LD_LIBRARY_PATH=/home/sakshi/ClutterBot/install/dynamixel_sdk_custom_interfaces/lib:/home/sakshi/ClutterBot/install/dynamixel_sdk/lib:/home/sakshi/ClutterBot/install/turtlebot3_msgs/lib:/usr/lib/x86_64-linux-gnu/gazebo-11/plugins:/opt/ros/foxy/opt/yaml_cpp_vendor/lib:/opt/ros/foxy/opt/rviz_ogre_vendor/lib:/opt/ros/foxy/lib/x86_64-linux-gnu:/opt/ros/foxy/lib PYTHONPATH=/home/sakshi/ClutterBot/install/dynamixel_sdk_custom_interfaces/lib/python3.8/site-packages:/home/sakshi/ClutterBot/install/turtlebot3_teleop/lib/python3.8/site-packages:/home/sakshi/ClutterBot/install/turtlebot3_example/lib/python3.8/site-packages:/home/sakshi/ClutterBot/install/turtlebot3_msgs/lib/python3.8/site-packages:/opt/ros/foxy/lib/python3.8/site-packages /usr/bin/cmake --build /home/sakshi/ClutterBot/build/dynamixel_sdk_examples -- -j8 -l8
[6.056s] Invoking command in '/home/sakshi/ClutterBot/build/dynamixel_sdk_examples': CMAKE_PREFIX_PATH=/home/sakshi/ClutterBot/install/dynamixel_sdk_custom_interfaces:/home/sakshi/ClutterBot/install/dynamixel_sdk:/home/sakshi/ClutterBot/install/turtlebot3:/home/sakshi/ClutterBot/install/turtlebot3_simulations:/home/sakshi/ClutterBot/install/turtlebot3_bringup:/home/sakshi/ClutterBot/install/turtlebot3_node:/home/sakshi/ClutterBot/install/turtlebot3_navigation2:/home/sakshi/ClutterBot/install/turtlebot3_fake_node:/home/sakshi/ClutterBot/install/turtlebot3_msgs:/home/sakshi/ClutterBot/install/turtlebot3_gazebo:/home/sakshi/ClutterBot/install/turtlebot3_description:/home/sakshi/ClutterBot/install/turtlebot3_cartographer:/home/sakshi/ClutterBot/install/hls_lfcd_lds_driver:/home/sakshi/ClutterBot/install/dynamixel_sdk_examples:/home/sakshi/ClutterBot/install/turtlebot3_teleop:/home/sakshi/ClutterBot/install/turtlebot3_example:/opt/ros/foxy LD_LIBRARY_PATH=/home/sakshi/ClutterBot/install/dynamixel_sdk_custom_interfaces/lib:/home/sakshi/ClutterBot/install/dynamixel_sdk/lib:/home/sakshi/ClutterBot/install/turtlebot3_msgs/lib:/usr/lib/x86_64-linux-gnu/gazebo-11/plugins:/opt/ros/foxy/opt/yaml_cpp_vendor/lib:/opt/ros/foxy/opt/rviz_ogre_vendor/lib:/opt/ros/foxy/lib/x86_64-linux-gnu:/opt/ros/foxy/lib PYTHONPATH=/home/sakshi/ClutterBot/install/dynamixel_sdk_custom_interfaces/lib/python3.8/site-packages:/home/sakshi/ClutterBot/install/turtlebot3_teleop/lib/python3.8/site-packages:/home/sakshi/ClutterBot/install/turtlebot3_example/lib/python3.8/site-packages:/home/sakshi/ClutterBot/install/turtlebot3_msgs/lib/python3.8/site-packages:/opt/ros/foxy/lib/python3.8/site-packages /usr/bin/cmake --install /home/sakshi/ClutterBot/build/dynamixel_sdk_examples
[6.081s] -- Install configuration: ""
[6.082s] -- Installing: /home/sakshi/ClutterBot/install/dynamixel_sdk_examples/lib/dynamixel_sdk_examples/read_write_node
[6.085s] -- Set runtime path of "/home/sakshi/ClutterBot/install/dynamixel_sdk_examples/lib/dynamixel_sdk_examples/read_write_node" to ""
[6.086s] -- Installing: /home/sakshi/ClutterBot/install/dynamixel_sdk_examples/share/ament_index/resource_index/package_run_dependencies/dynamixel_sdk_examples
[6.086s] -- Installing: /home/sakshi/ClutterBot/install/dynamixel_sdk_examples/share/ament_index/resource_index/parent_prefix_path/dynamixel_sdk_examples
[6.086s] -- Installing: /home/sakshi/ClutterBot/install/dynamixel_sdk_examples/share/dynamixel_sdk_examples/environment/ament_prefix_path.sh
[6.086s] -- Installing: /home/sakshi/ClutterBot/install/dynamixel_sdk_examples/share/dynamixel_sdk_examples/environment/ament_prefix_path.dsv
[6.087s] -- Installing: /home/sakshi/ClutterBot/install/dynamixel_sdk_examples/share/dynamixel_sdk_examples/environment/path.sh
[6.087s] -- Installing: /home/sakshi/ClutterBot/install/dynamixel_sdk_examples/share/dynamixel_sdk_examples/environment/path.dsv
[6.087s] -- Installing: /home/sakshi/ClutterBot/install/dynamixel_sdk_examples/share/dynamixel_sdk_examples/local_setup.bash
[6.088s] -- Installing: /home/sakshi/ClutterBot/install/dynamixel_sdk_examples/share/dynamixel_sdk_examples/local_setup.sh
[6.088s] -- Installing: /home/sakshi/ClutterBot/install/dynamixel_sdk_examples/share/dynamixel_sdk_examples/local_setup.zsh
[6.088s] -- Installing: /home/sakshi/ClutterBot/install/dynamixel_sdk_examples/share/dynamixel_sdk_examples/local_setup.dsv
[6.088s] -- Installing: /home/sakshi/ClutterBot/install/dynamixel_sdk_examples/share/dynamixel_sdk_examples/package.dsv
[6.088s] -- Installing: /home/sakshi/ClutterBot/install/dynamixel_sdk_examples/share/ament_index/resource_index/packages/dynamixel_sdk_examples
[6.089s] -- Installing: /home/sakshi/ClutterBot/install/dynamixel_sdk_examples/share/dynamixel_sdk_examples/cmake/dynamixel_sdk_examplesConfig.cmake
[6.089s] -- Installing: /home/sakshi/ClutterBot/install/dynamixel_sdk_examples/share/dynamixel_sdk_examples/cmake/dynamixel_sdk_examplesConfig-version.cmake
[6.089s] -- Installing: /home/sakshi/ClutterBot/install/dynamixel_sdk_examples/share/dynamixel_sdk_examples/package.xml
[6.115s] Invoked command in '/home/sakshi/ClutterBot/build/dynamixel_sdk_examples' returned '0': CMAKE_PREFIX_PATH=/home/sakshi/ClutterBot/install/dynamixel_sdk_custom_interfaces:/home/sakshi/ClutterBot/install/dynamixel_sdk:/home/sakshi/ClutterBot/install/turtlebot3:/home/sakshi/ClutterBot/install/turtlebot3_simulations:/home/sakshi/ClutterBot/install/turtlebot3_bringup:/home/sakshi/ClutterBot/install/turtlebot3_node:/home/sakshi/ClutterBot/install/turtlebot3_navigation2:/home/sakshi/ClutterBot/install/turtlebot3_fake_node:/home/sakshi/ClutterBot/install/turtlebot3_msgs:/home/sakshi/ClutterBot/install/turtlebot3_gazebo:/home/sakshi/ClutterBot/install/turtlebot3_description:/home/sakshi/ClutterBot/install/turtlebot3_cartographer:/home/sakshi/ClutterBot/install/hls_lfcd_lds_driver:/home/sakshi/ClutterBot/install/dynamixel_sdk_examples:/home/sakshi/ClutterBot/install/turtlebot3_teleop:/home/sakshi/ClutterBot/install/turtlebot3_example:/opt/ros/foxy LD_LIBRARY_PATH=/home/sakshi/ClutterBot/install/dynamixel_sdk_custom_interfaces/lib:/home/sakshi/ClutterBot/install/dynamixel_sdk/lib:/home/sakshi/ClutterBot/install/turtlebot3_msgs/lib:/usr/lib/x86_64-linux-gnu/gazebo-11/plugins:/opt/ros/foxy/opt/yaml_cpp_vendor/lib:/opt/ros/foxy/opt/rviz_ogre_vendor/lib:/opt/ros/foxy/lib/x86_64-linux-gnu:/opt/ros/foxy/lib PYTHONPATH=/home/sakshi/ClutterBot/install/dynamixel_sdk_custom_interfaces/lib/python3.8/site-packages:/home/sakshi/ClutterBot/install/turtlebot3_teleop/lib/python3.8/site-packages:/home/sakshi/ClutterBot/install/turtlebot3_example/lib/python3.8/site-packages:/home/sakshi/ClutterBot/install/turtlebot3_msgs/lib/python3.8/site-packages:/opt/ros/foxy/lib/python3.8/site-packages /usr/bin/cmake --install /home/sakshi/ClutterBot/build/dynamixel_sdk_examples
