[0.021s] Invoking command in '/home/sakshi/ClutterBot/build/task': CMAKE_PREFIX_PATH=${CMAKE_PREFIX_PATH}:/home/sakshi/ClutterBot/install/turtlebot3_teleop:/home/sakshi/ClutterBot/install/turtlebot3_example:/opt/ros/foxy CONDA_PROMPT_MODIFIER=(base) /usr/bin/cmake --build /home/sakshi/ClutterBot/build/task -- -j8 -l8
[0.185s] [35m[1mScanning dependencies of target noisyodom[0m
[0.216s] [ 50%] [32mBuilding CXX object CMakeFiles/noisyodom.dir/src/noisyodom.cpp.o[0m
[6.457s] [100%] [32m[1mLinking CXX executable noisyodom[0m
[6.826s] [100%] Built target noisyodom
[6.838s] Invoked command in '/home/sakshi/ClutterBot/build/task' returned '0': CMAKE_PREFIX_PATH=${CMAKE_PREFIX_PATH}:/home/sakshi/ClutterBot/install/turtlebot3_teleop:/home/sakshi/ClutterBot/install/turtlebot3_example:/opt/ros/foxy CONDA_PROMPT_MODIFIER=(base) /usr/bin/cmake --build /home/sakshi/ClutterBot/build/task -- -j8 -l8
[6.876s] Invoking command in '/home/sakshi/ClutterBot/build/task': CMAKE_PREFIX_PATH=${CMAKE_PREFIX_PATH}:/home/sakshi/ClutterBot/install/turtlebot3_teleop:/home/sakshi/ClutterBot/install/turtlebot3_example:/opt/ros/foxy CONDA_PROMPT_MODIFIER=(base) /usr/bin/cmake --install /home/sakshi/ClutterBot/build/task
[6.888s] -- Install configuration: ""
[6.888s] -- Installing: /home/sakshi/ClutterBot/install/task/lib/task/noisyodom
[6.890s] -- Set runtime path of "/home/sakshi/ClutterBot/install/task/lib/task/noisyodom" to ""
[6.891s] -- Up-to-date: /home/sakshi/ClutterBot/install/task/share/ament_index/resource_index/package_run_dependencies/task
[6.891s] -- Up-to-date: /home/sakshi/ClutterBot/install/task/share/ament_index/resource_index/parent_prefix_path/task
[6.891s] -- Up-to-date: /home/sakshi/ClutterBot/install/task/share/task/environment/ament_prefix_path.sh
[6.891s] -- Up-to-date: /home/sakshi/ClutterBot/install/task/share/task/environment/ament_prefix_path.dsv
[6.891s] -- Up-to-date: /home/sakshi/ClutterBot/install/task/share/task/environment/path.sh
[6.892s] -- Up-to-date: /home/sakshi/ClutterBot/install/task/share/task/environment/path.dsv
[6.892s] -- Up-to-date: /home/sakshi/ClutterBot/install/task/share/task/local_setup.bash
[6.892s] -- Up-to-date: /home/sakshi/ClutterBot/install/task/share/task/local_setup.sh
[6.892s] -- Up-to-date: /home/sakshi/ClutterBot/install/task/share/task/local_setup.zsh
[6.892s] -- Up-to-date: /home/sakshi/ClutterBot/install/task/share/task/local_setup.dsv
[6.892s] -- Installing: /home/sakshi/ClutterBot/install/task/share/task/package.dsv
[6.892s] -- Up-to-date: /home/sakshi/ClutterBot/install/task/share/ament_index/resource_index/packages/task
[6.892s] -- Up-to-date: /home/sakshi/ClutterBot/install/task/share/task/cmake/taskConfig.cmake
[6.892s] -- Up-to-date: /home/sakshi/ClutterBot/install/task/share/task/cmake/taskConfig-version.cmake
[6.892s] -- Up-to-date: /home/sakshi/ClutterBot/install/task/share/task/package.xml
[6.894s] Invoked command in '/home/sakshi/ClutterBot/build/task' returned '0': CMAKE_PREFIX_PATH=${CMAKE_PREFIX_PATH}:/home/sakshi/ClutterBot/install/turtlebot3_teleop:/home/sakshi/ClutterBot/install/turtlebot3_example:/opt/ros/foxy CONDA_PROMPT_MODIFIER=(base) /usr/bin/cmake --install /home/sakshi/ClutterBot/build/task
