-- Found ament_cmake: 0.9.12 (/opt/ros/foxy/share/ament_cmake/cmake)
-- Using PYTHON_EXECUTABLE: /usr/bin/python3
-- Found rclcpp: 2.4.3 (/opt/ros/foxy/share/rclcpp/cmake)
-- Using all available rosidl_typesupport_c: rosidl_typesupport_fastrtps_c;rosidl_typesupport_introspection_c
-- Found rosidl_adapter: 1.3.1 (/opt/ros/foxy/share/rosidl_adapter/cmake)
-- Using all available rosidl_typesupport_cpp: rosidl_typesupport_fastrtps_cpp;rosidl_typesupport_introspection_cpp
-- Found rmw_implementation_cmake: 1.0.4 (/opt/ros/foxy/share/rmw_implementation_cmake/cmake)
-- Using RMW implementation 'rmw_fastrtps_cpp' as default
-- Found nav_msgs: 2.0.5 (/opt/ros/foxy/share/nav_msgs/cmake)
-- Found tf2_ros: 0.13.14 (/opt/ros/foxy/share/tf2_ros/cmake)
-- Found ament_lint_auto: 0.9.8 (/opt/ros/foxy/share/ament_lint_auto/cmake)
-- Added test 'copyright' to check source files copyright and LICENSE
-- Added test 'cppcheck' to perform static code analysis on C / C++ code
-- Configured cppcheck include dirs: $<BUILD_INTERFACE:/home/sakshi/ClutterBot/src/task/include>
-- Configured cppcheck exclude dirs and/or files: 
-- Added test 'cpplint' to check C / C++ code against the Google style
-- Configured cpplint exclude dirs and/or files: 
-- Added test 'lint_cmake' to check CMake code style
-- Added test 'uncrustify' to check C / C++ code style
-- Configured uncrustify additional arguments: 
-- Added test 'xmllint' to check XML markup files
-- Configuring done
-- Generating done
-- Build files have been written to: /home/sakshi/ClutterBot/build/task
[ 50%] [32m[1mLinking CXX executable noisyodom[0m
[100%] Built target noisyodom
-- Install configuration: ""
-- Installing: /home/sakshi/ClutterBot/install/task/lib/task/noisyodom
-- Set runtime path of "/home/sakshi/ClutterBot/install/task/lib/task/noisyodom" to ""
-- Installing: /home/sakshi/ClutterBot/install/task/share/ament_index/resource_index/package_run_dependencies/task
-- Installing: /home/sakshi/ClutterBot/install/task/share/ament_index/resource_index/parent_prefix_path/task
-- Up-to-date: /home/sakshi/ClutterBot/install/task/share/task/environment/ament_prefix_path.sh
-- Installing: /home/sakshi/ClutterBot/install/task/share/task/environment/ament_prefix_path.dsv
-- Up-to-date: /home/sakshi/ClutterBot/install/task/share/task/environment/path.sh
-- Installing: /home/sakshi/ClutterBot/install/task/share/task/environment/path.dsv
-- Up-to-date: /home/sakshi/ClutterBot/install/task/share/task/local_setup.bash
-- Up-to-date: /home/sakshi/ClutterBot/install/task/share/task/local_setup.sh
-- Up-to-date: /home/sakshi/ClutterBot/install/task/share/task/local_setup.zsh
-- Installing: /home/sakshi/ClutterBot/install/task/share/task/local_setup.dsv
-- Installing: /home/sakshi/ClutterBot/install/task/share/task/package.dsv
-- Up-to-date: /home/sakshi/ClutterBot/install/task/share/ament_index/resource_index/packages/task
-- Up-to-date: /home/sakshi/ClutterBot/install/task/share/task/cmake/taskConfig.cmake
-- Up-to-date: /home/sakshi/ClutterBot/install/task/share/task/cmake/taskConfig-version.cmake
-- Installing: /home/sakshi/ClutterBot/install/task/share/task/package.xml
