[0.016s] Invoking command in '/home/sakshi/ClutterBot/build/task': CMAKE_PREFIX_PATH=${CMAKE_PREFIX_PATH}:/home/sakshi/ClutterBot/install/turtlebot3_teleop:/home/sakshi/ClutterBot/install/turtlebot3_example:/opt/ros/foxy /usr/bin/cmake --build /home/sakshi/ClutterBot/build/task -- -j8 -l8
[0.336s] -- Found ament_cmake: 0.9.12 (/opt/ros/foxy/share/ament_cmake/cmake)
[0.462s] -- Using PYTHON_EXECUTABLE: /usr/bin/python3
[0.955s] -- Found rclcpp: 2.4.3 (/opt/ros/foxy/share/rclcpp/cmake)
[1.233s] -- Using all available rosidl_typesupport_c: rosidl_typesupport_fastrtps_c;rosidl_typesupport_introspection_c
[1.271s] -- Found rosidl_adapter: 1.3.1 (/opt/ros/foxy/share/rosidl_adapter/cmake)
[1.743s] -- Using all available rosidl_typesupport_cpp: rosidl_typesupport_fastrtps_cpp;rosidl_typesupport_introspection_cpp
[1.875s] -- Found rmw_implementation_cmake: 1.0.4 (/opt/ros/foxy/share/rmw_implementation_cmake/cmake)
[1.904s] -- Using RMW implementation 'rmw_fastrtps_cpp' as default
[2.210s] -- Found nav_msgs: 2.0.5 (/opt/ros/foxy/share/nav_msgs/cmake)
[2.396s] -- Found tf2_ros: 0.13.14 (/opt/ros/foxy/share/tf2_ros/cmake)
[3.183s] -- Found ament_lint_auto: 0.9.8 (/opt/ros/foxy/share/ament_lint_auto/cmake)
[3.393s] -- Added test 'copyright' to check source files copyright and LICENSE
[3.397s] -- Added test 'cppcheck' to perform static code analysis on C / C++ code
[3.398s] -- Configured cppcheck include dirs: $<BUILD_INTERFACE:/home/sakshi/ClutterBot/src/task/include>
[3.398s] -- Configured cppcheck exclude dirs and/or files: 
[3.401s] -- Added test 'cpplint' to check C / C++ code against the Google style
[3.401s] -- Configured cpplint exclude dirs and/or files: 
[3.404s] -- Added test 'lint_cmake' to check CMake code style
[3.407s] -- Added test 'uncrustify' to check C / C++ code style
[3.408s] -- Configured uncrustify additional arguments: 
[3.409s] -- Added test 'xmllint' to check XML markup files
[3.414s] -- Configuring done
[3.556s] -- Generating done
[3.561s] -- Build files have been written to: /home/sakshi/ClutterBot/build/task
[3.603s] [ 50%] [32m[1mLinking CXX executable noisyodom[0m
[4.230s] [100%] Built target noisyodom
[4.240s] Invoked command in '/home/sakshi/ClutterBot/build/task' returned '0': CMAKE_PREFIX_PATH=${CMAKE_PREFIX_PATH}:/home/sakshi/ClutterBot/install/turtlebot3_teleop:/home/sakshi/ClutterBot/install/turtlebot3_example:/opt/ros/foxy /usr/bin/cmake --build /home/sakshi/ClutterBot/build/task -- -j8 -l8
[4.268s] Invoking command in '/home/sakshi/ClutterBot/build/task': CMAKE_PREFIX_PATH=${CMAKE_PREFIX_PATH}:/home/sakshi/ClutterBot/install/turtlebot3_teleop:/home/sakshi/ClutterBot/install/turtlebot3_example:/opt/ros/foxy /usr/bin/cmake --install /home/sakshi/ClutterBot/build/task
[4.277s] -- Install configuration: ""
[4.307s] -- Installing: /home/sakshi/ClutterBot/install/task/lib/task/noisyodom
[4.310s] -- Set runtime path of "/home/sakshi/ClutterBot/install/task/lib/task/noisyodom" to ""
[4.310s] -- Installing: /home/sakshi/ClutterBot/install/task/share/ament_index/resource_index/package_run_dependencies/task
[4.310s] -- Installing: /home/sakshi/ClutterBot/install/task/share/ament_index/resource_index/parent_prefix_path/task
[4.310s] -- Up-to-date: /home/sakshi/ClutterBot/install/task/share/task/environment/ament_prefix_path.sh
[4.311s] -- Installing: /home/sakshi/ClutterBot/install/task/share/task/environment/ament_prefix_path.dsv
[4.311s] -- Up-to-date: /home/sakshi/ClutterBot/install/task/share/task/environment/path.sh
[4.311s] -- Installing: /home/sakshi/ClutterBot/install/task/share/task/environment/path.dsv
[4.311s] -- Up-to-date: /home/sakshi/ClutterBot/install/task/share/task/local_setup.bash
[4.311s] -- Up-to-date: /home/sakshi/ClutterBot/install/task/share/task/local_setup.sh
[4.311s] -- Up-to-date: /home/sakshi/ClutterBot/install/task/share/task/local_setup.zsh
[4.312s] -- Installing: /home/sakshi/ClutterBot/install/task/share/task/local_setup.dsv
[4.312s] -- Installing: /home/sakshi/ClutterBot/install/task/share/task/package.dsv
[4.312s] -- Up-to-date: /home/sakshi/ClutterBot/install/task/share/ament_index/resource_index/packages/task
[4.312s] -- Up-to-date: /home/sakshi/ClutterBot/install/task/share/task/cmake/taskConfig.cmake
[4.312s] -- Up-to-date: /home/sakshi/ClutterBot/install/task/share/task/cmake/taskConfig-version.cmake
[4.312s] -- Installing: /home/sakshi/ClutterBot/install/task/share/task/package.xml
[4.314s] Invoked command in '/home/sakshi/ClutterBot/build/task' returned '0': CMAKE_PREFIX_PATH=${CMAKE_PREFIX_PATH}:/home/sakshi/ClutterBot/install/turtlebot3_teleop:/home/sakshi/ClutterBot/install/turtlebot3_example:/opt/ros/foxy /usr/bin/cmake --install /home/sakshi/ClutterBot/build/task
