[0.028s] Invoking command in '/home/sakshi/ClutterBot/src/build/turtlebot3_gazebo': AMENT_PREFIX_PATH=/home/sakshi/ClutterBot/src/install/turtlebot3_description:${AMENT_PREFIX_PATH} CMAKE_PREFIX_PATH=/home/sakshi/ClutterBot/src/install/turtlebot3_description:/home/sakshi/ClutterBot/install/turtlebot3:/home/sakshi/ClutterBot/install/turtlebot3_simulations:/home/sakshi/ClutterBot/install/turtlebot3_bringup:/home/sakshi/ClutterBot/install/turtlebot3_node:/home/sakshi/ClutterBot/install/turtlebot3_navigation2:/home/sakshi/ClutterBot/install/turtlebot3_fake_node:/home/sakshi/ClutterBot/install/turtlebot3_msgs:/home/sakshi/ClutterBot/install/turtlebot3_gazebo:/home/sakshi/ClutterBot/install/turtlebot3_description:/home/sakshi/ClutterBot/install/turtlebot3_cartographer:/home/sakshi/ClutterBot/install/hls_lfcd_lds_driver:/home/sakshi/ClutterBot/install/dynamixel_sdk_examples:/home/sakshi/ClutterBot/install/dynamixel_sdk_custom_interfaces:/home/sakshi/ClutterBot/install/dynamixel_sdk:/home/sakshi/ClutterBot/install/turtlebot3_teleop:/home/sakshi/ClutterBot/install/turtlebot3_example:/opt/ros/foxy /usr/bin/cmake /home/sakshi/ClutterBot/src/turtlebot3/turtlebot3_simulations/turtlebot3_gazebo -DCMAKE_INSTALL_PREFIX=/home/sakshi/ClutterBot/src/install/turtlebot3_gazebo
[0.302s] -- The C compiler identification is GNU 9.4.0
[0.411s] -- The CXX compiler identification is GNU 9.4.0
[0.420s] -- Check for working C compiler: /usr/lib/ccache/cc
[0.644s] -- Check for working C compiler: /usr/lib/ccache/cc -- works
[0.645s] -- Detecting C compiler ABI info
[0.713s] -- Detecting C compiler ABI info - done
[0.727s] -- Detecting C compile features
[0.728s] -- Detecting C compile features - done
[0.730s] -- Check for working CXX compiler: /usr/lib/ccache/c++
[0.962s] -- Check for working CXX compiler: /usr/lib/ccache/c++ -- works
[0.965s] -- Detecting CXX compiler ABI info
[1.042s] -- Detecting CXX compiler ABI info - done
[1.055s] -- Detecting CXX compile features
[1.056s] -- Detecting CXX compile features - done
[1.059s] -- Found ament_cmake: 0.9.12 (/opt/ros/foxy/share/ament_cmake/cmake)
[1.107s] -- Found PythonInterp: /usr/bin/python3 (found suitable version "3.8.10", minimum required is "3") 
[1.107s] -- Using PYTHON_EXECUTABLE: /usr/bin/python3
[1.736s] -- Found PkgConfig: /usr/bin/pkg-config (found version "0.29.1") 
[1.744s] -- Checking for module 'bullet>=2.82'
[1.783s] --   Found bullet, version 2.88
[2.680s] -- Found ccd: /usr/include (found suitable version "2.0", minimum required is "2.0") 
[2.897s] -- Found fcl: /usr/include (found suitable version "0.5.0", minimum required is "0.3.2") 
[3.323s] -- Found assimp: /usr/include (found version "5.0.0") 
[4.244s] -- Found DART: /usr/include (Required is at least version "6.6") found components: dart 
[6.549s] -- Found Boost: /usr/lib/x86_64-linux-gnu/cmake/Boost-1.71.0/BoostConfig.cmake (found suitable version "1.71.0", minimum required is "1.40.0") found components: thread system filesystem program_options regex iostreams date_time 
[7.361s] -- Found Protobuf: /usr/lib/x86_64-linux-gnu/libprotobuf.so;-lpthread (found version "3.6.1") 
[7.411s] -- Looking for ignition-math6 -- found version 6.14.0
[7.671s] -- Searching for dependencies of ignition-math6
[7.753s] -- Looking for OGRE...
[7.758s] -- OGRE_PREFIX_WATCH changed.
[7.783s] -- Checking for module 'OGRE'
[7.842s] --   Found OGRE, version 1.9.0
[8.218s] -- Found Ogre Ghadamon (1.9.0)
[8.330s] -- Found OGRE: optimized;/usr/lib/x86_64-linux-gnu/libOgreMain.so;debug;/usr/lib/x86_64-linux-gnu/libOgreMain.so
[8.348s] -- Looking for OGRE_Paging...
[8.513s] -- Found OGRE_Paging: optimized;/usr/lib/x86_64-linux-gnu/libOgrePaging.so;debug;/usr/lib/x86_64-linux-gnu/libOgrePaging.so
[8.514s] -- Looking for OGRE_Terrain...
[8.803s] -- Found OGRE_Terrain: optimized;/usr/lib/x86_64-linux-gnu/libOgreTerrain.so;debug;/usr/lib/x86_64-linux-gnu/libOgreTerrain.so
[8.803s] -- Looking for OGRE_Property...
[8.982s] -- Found OGRE_Property: optimized;/usr/lib/x86_64-linux-gnu/libOgreProperty.so;debug;/usr/lib/x86_64-linux-gnu/libOgreProperty.so
[8.982s] -- Looking for OGRE_RTShaderSystem...
[9.074s] -- Found OGRE_RTShaderSystem: optimized;/usr/lib/x86_64-linux-gnu/libOgreRTShaderSystem.so;debug;/usr/lib/x86_64-linux-gnu/libOgreRTShaderSystem.so
[9.074s] -- Looking for OGRE_Volume...
[9.127s] -- Found OGRE_Volume: optimized;/usr/lib/x86_64-linux-gnu/libOgreVolume.so;debug;/usr/lib/x86_64-linux-gnu/libOgreVolume.so
[9.127s] -- Looking for OGRE_Overlay...
[9.157s] -- Found OGRE_Overlay: optimized;/usr/lib/x86_64-linux-gnu/libOgreOverlay.so;debug;/usr/lib/x86_64-linux-gnu/libOgreOverlay.so
[9.958s] -- Looking for ignition-math6 -- found version 6.14.0
[10.035s] -- Looking for ignition-transport8 -- found version 8.4.0
[10.035s] -- Searching for dependencies of ignition-transport8
[10.142s] -- Found Protobuf: /usr/lib/x86_64-linux-gnu/libprotobuf.so;-lpthread (found suitable version "3.6.1", minimum required is "3") 
[10.213s] -- Config-file not installed for ZeroMQ -- checking for pkg-config
[10.244s] -- Checking for module 'libzmq >= 4'
[10.646s] --   Found libzmq , version 4.3.2
[10.994s] -- Found ZeroMQ: TRUE (Required is at least version "4") 
[11.039s] -- Checking for module 'uuid'
[11.202s] --   Found uuid, version 2.34.0
[11.484s] -- Found UUID: TRUE  
[11.518s] -- Looking for ignition-msgs5 -- found version 5.11.0
[11.519s] -- Searching for dependencies of ignition-msgs5
[11.567s] -- Looking for ignition-math6 -- found version 6.14.0
[11.592s] -- Checking for module 'tinyxml2'
[11.762s] --   Found tinyxml2, version 6.2.0
[12.068s] -- Looking for ignition-msgs5 -- found version 5.11.0
[12.184s] -- Looking for ignition-common3 -- found version 3.16.0
[12.185s] -- Searching for dependencies of ignition-common3
[12.194s] -- Looking for dlfcn.h - found
[12.198s] -- Looking for libdl - found
[12.205s] -- Found DL: TRUE  
[12.226s] -- Searching for <ignition-common3> component [graphics]
[12.246s] -- Looking for ignition-common3-graphics -- found version 3.16.0
[12.247s] -- Searching for dependencies of ignition-common3-graphics
[12.247s] -- Looking for ignition-math6 -- found version 6.14.0
[12.271s] -- Looking for ignition-fuel_tools4 -- found version 4.9.0
[12.272s] -- Searching for dependencies of ignition-fuel_tools4
[12.516s] -- Found CURL: /usr/lib/x86_64-linux-gnu/libcurl.so (found version "7.68.0")  
[12.557s] -- Checking for module 'jsoncpp'
[12.583s] --   Found jsoncpp, version 1.7.4
[12.650s] -- Found JSONCPP: TRUE  
[12.660s] -- Checking for module 'libzip'
[12.726s] --   Found libzip, version 1.5.1
[12.777s] -- Found ZIP: TRUE  
[12.777s] -- Looking for ignition-common3 -- found version 3.16.0
[12.778s] -- Looking for ignition-math6 -- found version 6.14.0
[12.778s] -- Looking for ignition-msgs5 -- found version 5.11.0
[13.022s] -- Found gazebo_ros_pkgs: 3.5.3 (/opt/ros/foxy/share/gazebo_ros_pkgs/cmake)
[13.025s] -- Found geometry_msgs: 2.0.5 (/opt/ros/foxy/share/geometry_msgs/cmake)
[13.066s] -- Using all available rosidl_typesupport_c: rosidl_typesupport_fastrtps_c;rosidl_typesupport_introspection_c
[13.078s] -- Found rosidl_adapter: 1.3.1 (/opt/ros/foxy/share/rosidl_adapter/cmake)
[13.186s] -- Found OpenSSL: /usr/lib/x86_64-linux-gnu/libcrypto.so (found version "1.1.1f")  
[13.211s] -- Found FastRTPS: /opt/ros/foxy/include  
[13.298s] -- Using all available rosidl_typesupport_cpp: rosidl_typesupport_fastrtps_cpp;rosidl_typesupport_introspection_cpp
[13.400s] -- Found nav_msgs: 2.0.5 (/opt/ros/foxy/share/nav_msgs/cmake)
[13.484s] -- Found rclcpp: 2.4.3 (/opt/ros/foxy/share/rclcpp/cmake)
[13.557s] -- Found rmw_implementation_cmake: 1.0.4 (/opt/ros/foxy/share/rmw_implementation_cmake/cmake)
[13.561s] -- Using RMW implementation 'rmw_fastrtps_cpp' as default
[13.564s] -- Found Threads: TRUE  
[13.760s] -- Found sensor_msgs: 2.0.5 (/opt/ros/foxy/share/sensor_msgs/cmake)
[13.843s] -- Found tf2: 0.13.14 (/opt/ros/foxy/share/tf2/cmake)
[13.933s] -- Configuring done
[14.736s] -- Generating done
[14.745s] -- Build files have been written to: /home/sakshi/ClutterBot/src/build/turtlebot3_gazebo
[14.807s] Invoked command in '/home/sakshi/ClutterBot/src/build/turtlebot3_gazebo' returned '0': AMENT_PREFIX_PATH=/home/sakshi/ClutterBot/src/install/turtlebot3_description:${AMENT_PREFIX_PATH} CMAKE_PREFIX_PATH=/home/sakshi/ClutterBot/src/install/turtlebot3_description:/home/sakshi/ClutterBot/install/turtlebot3:/home/sakshi/ClutterBot/install/turtlebot3_simulations:/home/sakshi/ClutterBot/install/turtlebot3_bringup:/home/sakshi/ClutterBot/install/turtlebot3_node:/home/sakshi/ClutterBot/install/turtlebot3_navigation2:/home/sakshi/ClutterBot/install/turtlebot3_fake_node:/home/sakshi/ClutterBot/install/turtlebot3_msgs:/home/sakshi/ClutterBot/install/turtlebot3_gazebo:/home/sakshi/ClutterBot/install/turtlebot3_description:/home/sakshi/ClutterBot/install/turtlebot3_cartographer:/home/sakshi/ClutterBot/install/hls_lfcd_lds_driver:/home/sakshi/ClutterBot/install/dynamixel_sdk_examples:/home/sakshi/ClutterBot/install/dynamixel_sdk_custom_interfaces:/home/sakshi/ClutterBot/install/dynamixel_sdk:/home/sakshi/ClutterBot/install/turtlebot3_teleop:/home/sakshi/ClutterBot/install/turtlebot3_example:/opt/ros/foxy /usr/bin/cmake /home/sakshi/ClutterBot/src/turtlebot3/turtlebot3_simulations/turtlebot3_gazebo -DCMAKE_INSTALL_PREFIX=/home/sakshi/ClutterBot/src/install/turtlebot3_gazebo
[14.815s] Invoking command in '/home/sakshi/ClutterBot/src/build/turtlebot3_gazebo': AMENT_PREFIX_PATH=/home/sakshi/ClutterBot/src/install/turtlebot3_description:${AMENT_PREFIX_PATH} CMAKE_PREFIX_PATH=/home/sakshi/ClutterBot/src/install/turtlebot3_description:/home/sakshi/ClutterBot/install/turtlebot3:/home/sakshi/ClutterBot/install/turtlebot3_simulations:/home/sakshi/ClutterBot/install/turtlebot3_bringup:/home/sakshi/ClutterBot/install/turtlebot3_node:/home/sakshi/ClutterBot/install/turtlebot3_navigation2:/home/sakshi/ClutterBot/install/turtlebot3_fake_node:/home/sakshi/ClutterBot/install/turtlebot3_msgs:/home/sakshi/ClutterBot/install/turtlebot3_gazebo:/home/sakshi/ClutterBot/install/turtlebot3_description:/home/sakshi/ClutterBot/install/turtlebot3_cartographer:/home/sakshi/ClutterBot/install/hls_lfcd_lds_driver:/home/sakshi/ClutterBot/install/dynamixel_sdk_examples:/home/sakshi/ClutterBot/install/dynamixel_sdk_custom_interfaces:/home/sakshi/ClutterBot/install/dynamixel_sdk:/home/sakshi/ClutterBot/install/turtlebot3_teleop:/home/sakshi/ClutterBot/install/turtlebot3_example:/opt/ros/foxy /usr/bin/cmake --build /home/sakshi/ClutterBot/src/build/turtlebot3_gazebo -- -j8 -l8
[14.943s] [35m[1mScanning dependencies of target obstacles[0m
[14.943s] [35m[1mScanning dependencies of target obstacle2[0m
[14.956s] [35m[1mScanning dependencies of target turtlebot3_drive[0m
[14.956s] [35m[1mScanning dependencies of target obstacle1[0m
[15.701s] [ 12%] [32mBuilding CXX object CMakeFiles/turtlebot3_drive.dir/src/turtlebot3_drive.cpp.o[0m
[16.429s] [ 25%] [32m[1mLinking CXX executable turtlebot3_drive[0m
[17.302s] [ 25%] Built target turtlebot3_drive
[18.014s] [ 37%] [32mBuilding CXX object CMakeFiles/obstacles.dir/models/turtlebot3_dqn_world/obstacle_plugin/obstacles.cc.o[0m
[18.104s] [ 50%] [32mBuilding CXX object CMakeFiles/obstacle1.dir/models/turtlebot3_dqn_world/obstacle_plugin/obstacle1.cc.o[0m
[18.104s] [ 62%] [32mBuilding CXX object CMakeFiles/obstacle2.dir/models/turtlebot3_dqn_world/obstacle_plugin/obstacle2.cc.o[0m
[25.331s] [ 75%] [32m[1mLinking CXX shared library libobstacles.so[0m
[25.465s] [ 87%] [32m[1mLinking CXX shared library libobstacle2.so[0m
[25.493s] [100%] [32m[1mLinking CXX shared library libobstacle1.so[0m
[72.441s] [100%] Built target obstacle2
[72.467s] [100%] Built target obstacle1
[72.467s] [100%] Built target obstacles
[73.741s] Invoked command in '/home/sakshi/ClutterBot/src/build/turtlebot3_gazebo' returned '0': AMENT_PREFIX_PATH=/home/sakshi/ClutterBot/src/install/turtlebot3_description:${AMENT_PREFIX_PATH} CMAKE_PREFIX_PATH=/home/sakshi/ClutterBot/src/install/turtlebot3_description:/home/sakshi/ClutterBot/install/turtlebot3:/home/sakshi/ClutterBot/install/turtlebot3_simulations:/home/sakshi/ClutterBot/install/turtlebot3_bringup:/home/sakshi/ClutterBot/install/turtlebot3_node:/home/sakshi/ClutterBot/install/turtlebot3_navigation2:/home/sakshi/ClutterBot/install/turtlebot3_fake_node:/home/sakshi/ClutterBot/install/turtlebot3_msgs:/home/sakshi/ClutterBot/install/turtlebot3_gazebo:/home/sakshi/ClutterBot/install/turtlebot3_description:/home/sakshi/ClutterBot/install/turtlebot3_cartographer:/home/sakshi/ClutterBot/install/hls_lfcd_lds_driver:/home/sakshi/ClutterBot/install/dynamixel_sdk_examples:/home/sakshi/ClutterBot/install/dynamixel_sdk_custom_interfaces:/home/sakshi/ClutterBot/install/dynamixel_sdk:/home/sakshi/ClutterBot/install/turtlebot3_teleop:/home/sakshi/ClutterBot/install/turtlebot3_example:/opt/ros/foxy /usr/bin/cmake --build /home/sakshi/ClutterBot/src/build/turtlebot3_gazebo -- -j8 -l8
[74.479s] Invoking command in '/home/sakshi/ClutterBot/src/build/turtlebot3_gazebo': AMENT_PREFIX_PATH=/home/sakshi/ClutterBot/src/install/turtlebot3_description:${AMENT_PREFIX_PATH} CMAKE_PREFIX_PATH=/home/sakshi/ClutterBot/src/install/turtlebot3_description:/home/sakshi/ClutterBot/install/turtlebot3:/home/sakshi/ClutterBot/install/turtlebot3_simulations:/home/sakshi/ClutterBot/install/turtlebot3_bringup:/home/sakshi/ClutterBot/install/turtlebot3_node:/home/sakshi/ClutterBot/install/turtlebot3_navigation2:/home/sakshi/ClutterBot/install/turtlebot3_fake_node:/home/sakshi/ClutterBot/install/turtlebot3_msgs:/home/sakshi/ClutterBot/install/turtlebot3_gazebo:/home/sakshi/ClutterBot/install/turtlebot3_description:/home/sakshi/ClutterBot/install/turtlebot3_cartographer:/home/sakshi/ClutterBot/install/hls_lfcd_lds_driver:/home/sakshi/ClutterBot/install/dynamixel_sdk_examples:/home/sakshi/ClutterBot/install/dynamixel_sdk_custom_interfaces:/home/sakshi/ClutterBot/install/dynamixel_sdk:/home/sakshi/ClutterBot/install/turtlebot3_teleop:/home/sakshi/ClutterBot/install/turtlebot3_example:/opt/ros/foxy /usr/bin/cmake --install /home/sakshi/ClutterBot/src/build/turtlebot3_gazebo
[74.954s] -- Install configuration: ""
[74.955s] -- Installing: /home/sakshi/ClutterBot/src/install/turtlebot3_gazebo/lib/turtlebot3_gazebo/turtlebot3_drive
[74.963s] -- Set runtime path of "/home/sakshi/ClutterBot/src/install/turtlebot3_gazebo/lib/turtlebot3_gazebo/turtlebot3_drive" to ""
[74.996s] -- Installing: /home/sakshi/ClutterBot/src/install/turtlebot3_gazebo/share/turtlebot3_gazebo//launch
[75.064s] -- Installing: /home/sakshi/ClutterBot/src/install/turtlebot3_gazebo/share/turtlebot3_gazebo//launch/turtlebot3_dqn_stage2.launch.py
[75.086s] -- Installing: /home/sakshi/ClutterBot/src/install/turtlebot3_gazebo/share/turtlebot3_gazebo//launch/empty_world.launch.py
[75.134s] -- Installing: /home/sakshi/ClutterBot/src/install/turtlebot3_gazebo/share/turtlebot3_gazebo//launch/turtlebot3_autorace.launch.py
[75.273s] -- Installing: /home/sakshi/ClutterBot/src/install/turtlebot3_gazebo/share/turtlebot3_gazebo//launch/turtlebot3_house.launch.py
[75.465s] -- Installing: /home/sakshi/ClutterBot/src/install/turtlebot3_gazebo/share/turtlebot3_gazebo//launch/turtlebot3_dqn_stage4.launch.py
[75.466s] -- Installing: /home/sakshi/ClutterBot/src/install/turtlebot3_gazebo/share/turtlebot3_gazebo//launch/turtlebot3_world.launch.py
[75.467s] -- Installing: /home/sakshi/ClutterBot/src/install/turtlebot3_gazebo/share/turtlebot3_gazebo//launch/turtlebot3_dqn_stage3.launch.py
[75.468s] -- Installing: /home/sakshi/ClutterBot/src/install/turtlebot3_gazebo/share/turtlebot3_gazebo//launch/robot_state_publisher.launch.py
[75.468s] -- Installing: /home/sakshi/ClutterBot/src/install/turtlebot3_gazebo/share/turtlebot3_gazebo//launch/turtlebot3_dqn_stage1.launch.py
[75.510s] -- Installing: /home/sakshi/ClutterBot/src/install/turtlebot3_gazebo/share/turtlebot3_gazebo//models
[75.520s] -- Installing: /home/sakshi/ClutterBot/src/install/turtlebot3_gazebo/share/turtlebot3_gazebo//models/turtlebot3_house
[75.685s] -- Installing: /home/sakshi/ClutterBot/src/install/turtlebot3_gazebo/share/turtlebot3_gazebo//models/turtlebot3_house/model.config
[75.729s] -- Installing: /home/sakshi/ClutterBot/src/install/turtlebot3_gazebo/share/turtlebot3_gazebo//models/turtlebot3_house/model.sdf
[75.740s] -- Installing: /home/sakshi/ClutterBot/src/install/turtlebot3_gazebo/share/turtlebot3_gazebo//models/turtlebot3_autorace
[75.742s] -- Installing: /home/sakshi/ClutterBot/src/install/turtlebot3_gazebo/share/turtlebot3_gazebo//models/turtlebot3_autorace/model.config
[75.752s] -- Installing: /home/sakshi/ClutterBot/src/install/turtlebot3_gazebo/share/turtlebot3_gazebo//models/turtlebot3_autorace/course
[75.875s] -- Installing: /home/sakshi/ClutterBot/src/install/turtlebot3_gazebo/share/turtlebot3_gazebo//models/turtlebot3_autorace/course/model.config
[75.876s] -- Installing: /home/sakshi/ClutterBot/src/install/turtlebot3_gazebo/share/turtlebot3_gazebo//models/turtlebot3_autorace/course/materials
[75.878s] -- Installing: /home/sakshi/ClutterBot/src/install/turtlebot3_gazebo/share/turtlebot3_gazebo//models/turtlebot3_autorace/course/materials/scripts
[75.879s] -- Installing: /home/sakshi/ClutterBot/src/install/turtlebot3_gazebo/share/turtlebot3_gazebo//models/turtlebot3_autorace/course/materials/scripts/course.material
[75.880s] -- Installing: /home/sakshi/ClutterBot/src/install/turtlebot3_gazebo/share/turtlebot3_gazebo//models/turtlebot3_autorace/course/materials/textures
[75.881s] -- Installing: /home/sakshi/ClutterBot/src/install/turtlebot3_gazebo/share/turtlebot3_gazebo//models/turtlebot3_autorace/course/materials/textures/course.png
[76.000s] -- Installing: /home/sakshi/ClutterBot/src/install/turtlebot3_gazebo/share/turtlebot3_gazebo//models/turtlebot3_autorace/course/model.sdf
[76.029s] -- Installing: /home/sakshi/ClutterBot/src/install/turtlebot3_gazebo/share/turtlebot3_gazebo//models/turtlebot3_autorace/traffic_stop
[76.763s] -- Installing: /home/sakshi/ClutterBot/src/install/turtlebot3_gazebo/share/turtlebot3_gazebo//models/turtlebot3_autorace/traffic_stop/model.config
[76.770s] -- Installing: /home/sakshi/ClutterBot/src/install/turtlebot3_gazebo/share/turtlebot3_gazebo//models/turtlebot3_autorace/traffic_stop/materials
[76.780s] -- Installing: /home/sakshi/ClutterBot/src/install/turtlebot3_gazebo/share/turtlebot3_gazebo//models/turtlebot3_autorace/traffic_stop/materials/scripts
[76.794s] -- Installing: /home/sakshi/ClutterBot/src/install/turtlebot3_gazebo/share/turtlebot3_gazebo//models/turtlebot3_autorace/traffic_stop/materials/scripts/traffic_stop.material
[76.795s] -- Installing: /home/sakshi/ClutterBot/src/install/turtlebot3_gazebo/share/turtlebot3_gazebo//models/turtlebot3_autorace/traffic_stop/materials/textures
[76.796s] -- Installing: /home/sakshi/ClutterBot/src/install/turtlebot3_gazebo/share/turtlebot3_gazebo//models/turtlebot3_autorace/traffic_stop/materials/textures/traffic_stop.png
[76.848s] -- Installing: /home/sakshi/ClutterBot/src/install/turtlebot3_gazebo/share/turtlebot3_gazebo//models/turtlebot3_autorace/traffic_stop/model.sdf
[76.858s] -- Installing: /home/sakshi/ClutterBot/src/install/turtlebot3_gazebo/share/turtlebot3_gazebo//models/turtlebot3_autorace/traffic_light_red
[76.875s] -- Installing: /home/sakshi/ClutterBot/src/install/turtlebot3_gazebo/share/turtlebot3_gazebo//models/turtlebot3_autorace/traffic_light_red/model.config
[76.876s] -- Installing: /home/sakshi/ClutterBot/src/install/turtlebot3_gazebo/share/turtlebot3_gazebo//models/turtlebot3_autorace/traffic_light_red/model.sdf
[76.876s] -- Installing: /home/sakshi/ClutterBot/src/install/turtlebot3_gazebo/share/turtlebot3_gazebo//models/turtlebot3_autorace/ground
[76.877s] -- Installing: /home/sakshi/ClutterBot/src/install/turtlebot3_gazebo/share/turtlebot3_gazebo//models/turtlebot3_autorace/ground/model.config
[76.877s] -- Installing: /home/sakshi/ClutterBot/src/install/turtlebot3_gazebo/share/turtlebot3_gazebo//models/turtlebot3_autorace/ground/model.sdf
[76.877s] -- Installing: /home/sakshi/ClutterBot/src/install/turtlebot3_gazebo/share/turtlebot3_gazebo//models/turtlebot3_autorace/lights
[76.878s] -- Installing: /home/sakshi/ClutterBot/src/install/turtlebot3_gazebo/share/turtlebot3_gazebo//models/turtlebot3_autorace/lights/model.config
[76.878s] -- Installing: /home/sakshi/ClutterBot/src/install/turtlebot3_gazebo/share/turtlebot3_gazebo//models/turtlebot3_autorace/lights/model.sdf
[76.879s] -- Installing: /home/sakshi/ClutterBot/src/install/turtlebot3_gazebo/share/turtlebot3_gazebo//models/turtlebot3_autorace/traffic_tunnel
[77.061s] -- Installing: /home/sakshi/ClutterBot/src/install/turtlebot3_gazebo/share/turtlebot3_gazebo//models/turtlebot3_autorace/traffic_tunnel/model.config
[77.304s] -- Installing: /home/sakshi/ClutterBot/src/install/turtlebot3_gazebo/share/turtlebot3_gazebo//models/turtlebot3_autorace/traffic_tunnel/materials
[77.361s] -- Installing: /home/sakshi/ClutterBot/src/install/turtlebot3_gazebo/share/turtlebot3_gazebo//models/turtlebot3_autorace/traffic_tunnel/materials/scripts
[77.362s] -- Installing: /home/sakshi/ClutterBot/src/install/turtlebot3_gazebo/share/turtlebot3_gazebo//models/turtlebot3_autorace/traffic_tunnel/materials/scripts/tunnel.material
[77.392s] -- Installing: /home/sakshi/ClutterBot/src/install/turtlebot3_gazebo/share/turtlebot3_gazebo//models/turtlebot3_autorace/traffic_tunnel/materials/textures
[77.394s] -- Installing: /home/sakshi/ClutterBot/src/install/turtlebot3_gazebo/share/turtlebot3_gazebo//models/turtlebot3_autorace/traffic_tunnel/materials/textures/tunnel.png
[77.426s] -- Installing: /home/sakshi/ClutterBot/src/install/turtlebot3_gazebo/share/turtlebot3_gazebo//models/turtlebot3_autorace/traffic_tunnel/model.sdf
[77.427s] -- Installing: /home/sakshi/ClutterBot/src/install/turtlebot3_gazebo/share/turtlebot3_gazebo//models/turtlebot3_autorace/tunnel_obstacles
[77.439s] -- Installing: /home/sakshi/ClutterBot/src/install/turtlebot3_gazebo/share/turtlebot3_gazebo//models/turtlebot3_autorace/tunnel_obstacles/model.config
[77.470s] -- Installing: /home/sakshi/ClutterBot/src/install/turtlebot3_gazebo/share/turtlebot3_gazebo//models/turtlebot3_autorace/tunnel_obstacles/model.sdf
[77.472s] -- Installing: /home/sakshi/ClutterBot/src/install/turtlebot3_gazebo/share/turtlebot3_gazebo//models/turtlebot3_autorace/traffic_light_green
[77.474s] -- Installing: /home/sakshi/ClutterBot/src/install/turtlebot3_gazebo/share/turtlebot3_gazebo//models/turtlebot3_autorace/traffic_light_green/model.config
[77.474s] -- Installing: /home/sakshi/ClutterBot/src/install/turtlebot3_gazebo/share/turtlebot3_gazebo//models/turtlebot3_autorace/traffic_light_green/model.sdf
[77.475s] -- Installing: /home/sakshi/ClutterBot/src/install/turtlebot3_gazebo/share/turtlebot3_gazebo//models/turtlebot3_autorace/tunnel_wall
[77.476s] -- Installing: /home/sakshi/ClutterBot/src/install/turtlebot3_gazebo/share/turtlebot3_gazebo//models/turtlebot3_autorace/tunnel_wall/model.config
[77.476s] -- Installing: /home/sakshi/ClutterBot/src/install/turtlebot3_gazebo/share/turtlebot3_gazebo//models/turtlebot3_autorace/tunnel_wall/model.sdf
[77.477s] -- Installing: /home/sakshi/ClutterBot/src/install/turtlebot3_gazebo/share/turtlebot3_gazebo//models/turtlebot3_autorace/traffic_light_yellow
[77.477s] -- Installing: /home/sakshi/ClutterBot/src/install/turtlebot3_gazebo/share/turtlebot3_gazebo//models/turtlebot3_autorace/traffic_light_yellow/model.config
[77.478s] -- Installing: /home/sakshi/ClutterBot/src/install/turtlebot3_gazebo/share/turtlebot3_gazebo//models/turtlebot3_autorace/traffic_light_yellow/model.sdf
[77.480s] -- Installing: /home/sakshi/ClutterBot/src/install/turtlebot3_gazebo/share/turtlebot3_gazebo//models/turtlebot3_autorace/traffic_parking
[77.480s] -- Installing: /home/sakshi/ClutterBot/src/install/turtlebot3_gazebo/share/turtlebot3_gazebo//models/turtlebot3_autorace/traffic_parking/model.config
[77.482s] -- Installing: /home/sakshi/ClutterBot/src/install/turtlebot3_gazebo/share/turtlebot3_gazebo//models/turtlebot3_autorace/traffic_parking/materials
[77.482s] -- Installing: /home/sakshi/ClutterBot/src/install/turtlebot3_gazebo/share/turtlebot3_gazebo//models/turtlebot3_autorace/traffic_parking/materials/scripts
[77.483s] -- Installing: /home/sakshi/ClutterBot/src/install/turtlebot3_gazebo/share/turtlebot3_gazebo//models/turtlebot3_autorace/traffic_parking/materials/scripts/traffic_parking.material
[77.483s] -- Installing: /home/sakshi/ClutterBot/src/install/turtlebot3_gazebo/share/turtlebot3_gazebo//models/turtlebot3_autorace/traffic_parking/materials/textures
[77.484s] -- Installing: /home/sakshi/ClutterBot/src/install/turtlebot3_gazebo/share/turtlebot3_gazebo//models/turtlebot3_autorace/traffic_parking/materials/textures/traffic_parking.png
[77.582s] -- Installing: /home/sakshi/ClutterBot/src/install/turtlebot3_gazebo/share/turtlebot3_gazebo//models/turtlebot3_autorace/traffic_parking/model.sdf
[77.583s] -- Installing: /home/sakshi/ClutterBot/src/install/turtlebot3_gazebo/share/turtlebot3_gazebo//models/turtlebot3_autorace/traffic_bar_up
[77.583s] -- Installing: /home/sakshi/ClutterBot/src/install/turtlebot3_gazebo/share/turtlebot3_gazebo//models/turtlebot3_autorace/traffic_bar_up/model.config
[77.584s] -- Installing: /home/sakshi/ClutterBot/src/install/turtlebot3_gazebo/share/turtlebot3_gazebo//models/turtlebot3_autorace/traffic_bar_up/materials
[77.584s] -- Installing: /home/sakshi/ClutterBot/src/install/turtlebot3_gazebo/share/turtlebot3_gazebo//models/turtlebot3_autorace/traffic_bar_up/materials/scripts
[77.585s] -- Installing: /home/sakshi/ClutterBot/src/install/turtlebot3_gazebo/share/turtlebot3_gazebo//models/turtlebot3_autorace/traffic_bar_up/materials/scripts/traffic_bar.material
[77.586s] -- Installing: /home/sakshi/ClutterBot/src/install/turtlebot3_gazebo/share/turtlebot3_gazebo//models/turtlebot3_autorace/traffic_bar_up/materials/textures
[77.586s] -- Installing: /home/sakshi/ClutterBot/src/install/turtlebot3_gazebo/share/turtlebot3_gazebo//models/turtlebot3_autorace/traffic_bar_up/materials/textures/traffic_bar.png
[77.587s] -- Installing: /home/sakshi/ClutterBot/src/install/turtlebot3_gazebo/share/turtlebot3_gazebo//models/turtlebot3_autorace/traffic_bar_up/model.sdf
[77.588s] -- Installing: /home/sakshi/ClutterBot/src/install/turtlebot3_gazebo/share/turtlebot3_gazebo//models/turtlebot3_autorace/traffic_bar_down
[77.589s] -- Installing: /home/sakshi/ClutterBot/src/install/turtlebot3_gazebo/share/turtlebot3_gazebo//models/turtlebot3_autorace/traffic_bar_down/model.config
[77.589s] -- Installing: /home/sakshi/ClutterBot/src/install/turtlebot3_gazebo/share/turtlebot3_gazebo//models/turtlebot3_autorace/traffic_bar_down/materials
[77.590s] -- Installing: /home/sakshi/ClutterBot/src/install/turtlebot3_gazebo/share/turtlebot3_gazebo//models/turtlebot3_autorace/traffic_bar_down/materials/scripts
[77.593s] -- Installing: /home/sakshi/ClutterBot/src/install/turtlebot3_gazebo/share/turtlebot3_gazebo//models/turtlebot3_autorace/traffic_bar_down/materials/scripts/traffic_bar.material
[77.593s] -- Installing: /home/sakshi/ClutterBot/src/install/turtlebot3_gazebo/share/turtlebot3_gazebo//models/turtlebot3_autorace/traffic_bar_down/materials/textures
[77.594s] -- Installing: /home/sakshi/ClutterBot/src/install/turtlebot3_gazebo/share/turtlebot3_gazebo//models/turtlebot3_autorace/traffic_bar_down/materials/textures/traffic_bar.png
[77.595s] -- Installing: /home/sakshi/ClutterBot/src/install/turtlebot3_gazebo/share/turtlebot3_gazebo//models/turtlebot3_autorace/traffic_bar_down/model.sdf
[77.595s] -- Installing: /home/sakshi/ClutterBot/src/install/turtlebot3_gazebo/share/turtlebot3_gazebo//models/turtlebot3_waffle_pi
[77.673s] -- Installing: /home/sakshi/ClutterBot/src/install/turtlebot3_gazebo/share/turtlebot3_gazebo//models/turtlebot3_waffle_pi/model.config
[77.774s] -- Installing: /home/sakshi/ClutterBot/src/install/turtlebot3_gazebo/share/turtlebot3_gazebo//models/turtlebot3_waffle_pi/model-1_4_.sdf
[77.865s] -- Installing: /home/sakshi/ClutterBot/src/install/turtlebot3_gazebo/share/turtlebot3_gazebo//models/turtlebot3_waffle_pi/meshes
[77.867s] -- Installing: /home/sakshi/ClutterBot/src/install/turtlebot3_gazebo/share/turtlebot3_gazebo//models/turtlebot3_waffle_pi/meshes/tire.dae
[77.973s] -- Installing: /home/sakshi/ClutterBot/src/install/turtlebot3_gazebo/share/turtlebot3_gazebo//models/turtlebot3_waffle_pi/meshes/lds.dae
[78.141s] -- Installing: /home/sakshi/ClutterBot/src/install/turtlebot3_gazebo/share/turtlebot3_gazebo//models/turtlebot3_waffle_pi/meshes/waffle_pi_base.dae
[78.161s] -- Installing: /home/sakshi/ClutterBot/src/install/turtlebot3_gazebo/share/turtlebot3_gazebo//models/turtlebot3_waffle_pi/model.sdf
[78.203s] -- Installing: /home/sakshi/ClutterBot/src/install/turtlebot3_gazebo/share/turtlebot3_gazebo//models/turtlebot3_burger
[78.211s] -- Installing: /home/sakshi/ClutterBot/src/install/turtlebot3_gazebo/share/turtlebot3_gazebo//models/turtlebot3_burger/model.config
[78.213s] -- Installing: /home/sakshi/ClutterBot/src/install/turtlebot3_gazebo/share/turtlebot3_gazebo//models/turtlebot3_burger/meshes
[78.213s] -- Installing: /home/sakshi/ClutterBot/src/install/turtlebot3_gazebo/share/turtlebot3_gazebo//models/turtlebot3_burger/meshes/tire.dae
[78.214s] -- Installing: /home/sakshi/ClutterBot/src/install/turtlebot3_gazebo/share/turtlebot3_gazebo//models/turtlebot3_burger/meshes/burger_base.dae
[78.215s] -- Installing: /home/sakshi/ClutterBot/src/install/turtlebot3_gazebo/share/turtlebot3_gazebo//models/turtlebot3_burger/meshes/lds.dae
[78.216s] -- Installing: /home/sakshi/ClutterBot/src/install/turtlebot3_gazebo/share/turtlebot3_gazebo//models/turtlebot3_burger/model-1_4.sdf
[78.225s] -- Installing: /home/sakshi/ClutterBot/src/install/turtlebot3_gazebo/share/turtlebot3_gazebo//models/turtlebot3_burger/model.sdf
[78.277s] -- Installing: /home/sakshi/ClutterBot/src/install/turtlebot3_gazebo/share/turtlebot3_gazebo//models/turtlebot3_waffle
[78.540s] -- Installing: /home/sakshi/ClutterBot/src/install/turtlebot3_gazebo/share/turtlebot3_gazebo//models/turtlebot3_waffle/model.config
[78.542s] -- Installing: /home/sakshi/ClutterBot/src/install/turtlebot3_gazebo/share/turtlebot3_gazebo//models/turtlebot3_waffle/meshes
[78.544s] -- Installing: /home/sakshi/ClutterBot/src/install/turtlebot3_gazebo/share/turtlebot3_gazebo//models/turtlebot3_waffle/meshes/waffle_base.dae
[78.545s] -- Installing: /home/sakshi/ClutterBot/src/install/turtlebot3_gazebo/share/turtlebot3_gazebo//models/turtlebot3_waffle/meshes/tire.dae
[78.578s] -- Installing: /home/sakshi/ClutterBot/src/install/turtlebot3_gazebo/share/turtlebot3_gazebo//models/turtlebot3_waffle/meshes/r200.dae
[78.630s] -- Installing: /home/sakshi/ClutterBot/src/install/turtlebot3_gazebo/share/turtlebot3_gazebo//models/turtlebot3_waffle/meshes/lds.dae
[78.632s] -- Installing: /home/sakshi/ClutterBot/src/install/turtlebot3_gazebo/share/turtlebot3_gazebo//models/turtlebot3_waffle/model-1_4.sdf
[78.632s] -- Installing: /home/sakshi/ClutterBot/src/install/turtlebot3_gazebo/share/turtlebot3_gazebo//models/turtlebot3_waffle/model.sdf
[78.665s] -- Installing: /home/sakshi/ClutterBot/src/install/turtlebot3_gazebo/share/turtlebot3_gazebo//models/turtlebot3_dqn_world
[78.674s] -- Installing: /home/sakshi/ClutterBot/src/install/turtlebot3_gazebo/share/turtlebot3_gazebo//models/turtlebot3_dqn_world/obstacle1
[79.035s] -- Installing: /home/sakshi/ClutterBot/src/install/turtlebot3_gazebo/share/turtlebot3_gazebo//models/turtlebot3_dqn_world/obstacle1/model.config
[79.172s] -- Installing: /home/sakshi/ClutterBot/src/install/turtlebot3_gazebo/share/turtlebot3_gazebo//models/turtlebot3_dqn_world/obstacle1/model.sdf
[79.173s] -- Installing: /home/sakshi/ClutterBot/src/install/turtlebot3_gazebo/share/turtlebot3_gazebo//models/turtlebot3_dqn_world/model.config
[79.403s] -- Installing: /home/sakshi/ClutterBot/src/install/turtlebot3_gazebo/share/turtlebot3_gazebo//models/turtlebot3_dqn_world/obstacle_plugin
[79.412s] -- Installing: /home/sakshi/ClutterBot/src/install/turtlebot3_gazebo/share/turtlebot3_gazebo//models/turtlebot3_dqn_world/obstacle_plugin/obstacles.cc
[79.420s] -- Installing: /home/sakshi/ClutterBot/src/install/turtlebot3_gazebo/share/turtlebot3_gazebo//models/turtlebot3_dqn_world/obstacle_plugin/obstacle1.cc
[79.423s] -- Installing: /home/sakshi/ClutterBot/src/install/turtlebot3_gazebo/share/turtlebot3_gazebo//models/turtlebot3_dqn_world/obstacle_plugin/CMakeLists.txt
[79.424s] -- Installing: /home/sakshi/ClutterBot/src/install/turtlebot3_gazebo/share/turtlebot3_gazebo//models/turtlebot3_dqn_world/obstacle_plugin/obstacle2.cc
[79.425s] -- Installing: /home/sakshi/ClutterBot/src/install/turtlebot3_gazebo/share/turtlebot3_gazebo//models/turtlebot3_dqn_world/inner_walls
[79.631s] -- Installing: /home/sakshi/ClutterBot/src/install/turtlebot3_gazebo/share/turtlebot3_gazebo//models/turtlebot3_dqn_world/inner_walls/model.config
[79.633s] -- Installing: /home/sakshi/ClutterBot/src/install/turtlebot3_gazebo/share/turtlebot3_gazebo//models/turtlebot3_dqn_world/inner_walls/model.sdf
[79.640s] -- Installing: /home/sakshi/ClutterBot/src/install/turtlebot3_gazebo/share/turtlebot3_gazebo//models/turtlebot3_dqn_world/obstacles
[79.641s] -- Installing: /home/sakshi/ClutterBot/src/install/turtlebot3_gazebo/share/turtlebot3_gazebo//models/turtlebot3_dqn_world/obstacles/model.config
[79.646s] -- Installing: /home/sakshi/ClutterBot/src/install/turtlebot3_gazebo/share/turtlebot3_gazebo//models/turtlebot3_dqn_world/obstacles/model.sdf
[79.647s] -- Installing: /home/sakshi/ClutterBot/src/install/turtlebot3_gazebo/share/turtlebot3_gazebo//models/turtlebot3_dqn_world/goal_box
[79.683s] -- Installing: /home/sakshi/ClutterBot/src/install/turtlebot3_gazebo/share/turtlebot3_gazebo//models/turtlebot3_dqn_world/goal_box/model.config
[79.684s] -- Installing: /home/sakshi/ClutterBot/src/install/turtlebot3_gazebo/share/turtlebot3_gazebo//models/turtlebot3_dqn_world/goal_box/model.sdf
[79.685s] -- Installing: /home/sakshi/ClutterBot/src/install/turtlebot3_gazebo/share/turtlebot3_gazebo//models/turtlebot3_dqn_world/model.sdf
[80.047s] -- Installing: /home/sakshi/ClutterBot/src/install/turtlebot3_gazebo/share/turtlebot3_gazebo//models/turtlebot3_dqn_world/obstacle2
[80.048s] -- Installing: /home/sakshi/ClutterBot/src/install/turtlebot3_gazebo/share/turtlebot3_gazebo//models/turtlebot3_dqn_world/obstacle2/model.config
[80.050s] -- Installing: /home/sakshi/ClutterBot/src/install/turtlebot3_gazebo/share/turtlebot3_gazebo//models/turtlebot3_dqn_world/obstacle2/model.sdf
[80.052s] -- Installing: /home/sakshi/ClutterBot/src/install/turtlebot3_gazebo/share/turtlebot3_gazebo//models/turtlebot3_world
[80.053s] -- Installing: /home/sakshi/ClutterBot/src/install/turtlebot3_gazebo/share/turtlebot3_gazebo//models/turtlebot3_world/model.config
[80.239s] -- Installing: /home/sakshi/ClutterBot/src/install/turtlebot3_gazebo/share/turtlebot3_gazebo//models/turtlebot3_world/meshes
[80.377s] -- Installing: /home/sakshi/ClutterBot/src/install/turtlebot3_gazebo/share/turtlebot3_gazebo//models/turtlebot3_world/meshes/hexagon.dae
[80.551s] -- Installing: /home/sakshi/ClutterBot/src/install/turtlebot3_gazebo/share/turtlebot3_gazebo//models/turtlebot3_world/meshes/wall.dae
[80.567s] -- Installing: /home/sakshi/ClutterBot/src/install/turtlebot3_gazebo/share/turtlebot3_gazebo//models/turtlebot3_world/model-1_4.sdf
[80.577s] -- Installing: /home/sakshi/ClutterBot/src/install/turtlebot3_gazebo/share/turtlebot3_gazebo//models/turtlebot3_world/model.sdf
[80.872s] -- Installing: /home/sakshi/ClutterBot/src/install/turtlebot3_gazebo/share/turtlebot3_gazebo//rviz
[80.873s] -- Installing: /home/sakshi/ClutterBot/src/install/turtlebot3_gazebo/share/turtlebot3_gazebo//rviz/tb3_gazebo.rviz
[80.932s] -- Installing: /home/sakshi/ClutterBot/src/install/turtlebot3_gazebo/share/turtlebot3_gazebo//worlds
[80.933s] -- Installing: /home/sakshi/ClutterBot/src/install/turtlebot3_gazebo/share/turtlebot3_gazebo//worlds/turtlebot3_dqn_stage2
[80.934s] -- Installing: /home/sakshi/ClutterBot/src/install/turtlebot3_gazebo/share/turtlebot3_gazebo//worlds/turtlebot3_dqn_stage2/waffle_pi.model
[80.934s] -- Installing: /home/sakshi/ClutterBot/src/install/turtlebot3_gazebo/share/turtlebot3_gazebo//worlds/turtlebot3_dqn_stage2/burger.model
[80.935s] -- Installing: /home/sakshi/ClutterBot/src/install/turtlebot3_gazebo/share/turtlebot3_gazebo//worlds/turtlebot3_dqn_stage2/waffle.model
[80.936s] -- Installing: /home/sakshi/ClutterBot/src/install/turtlebot3_gazebo/share/turtlebot3_gazebo//worlds/turtlebot3_houses
[81.025s] -- Installing: /home/sakshi/ClutterBot/src/install/turtlebot3_gazebo/share/turtlebot3_gazebo//worlds/turtlebot3_houses/waffle_pi.model
[81.040s] -- Installing: /home/sakshi/ClutterBot/src/install/turtlebot3_gazebo/share/turtlebot3_gazebo//worlds/turtlebot3_houses/burger.model
[81.041s] -- Installing: /home/sakshi/ClutterBot/src/install/turtlebot3_gazebo/share/turtlebot3_gazebo//worlds/turtlebot3_houses/waffle.model
[81.052s] -- Installing: /home/sakshi/ClutterBot/src/install/turtlebot3_gazebo/share/turtlebot3_gazebo//worlds/turtlebot3_dqn_stage3
[81.075s] -- Installing: /home/sakshi/ClutterBot/src/install/turtlebot3_gazebo/share/turtlebot3_gazebo//worlds/turtlebot3_dqn_stage3/waffle_pi.model
[81.076s] -- Installing: /home/sakshi/ClutterBot/src/install/turtlebot3_gazebo/share/turtlebot3_gazebo//worlds/turtlebot3_dqn_stage3/burger.model
[81.077s] -- Installing: /home/sakshi/ClutterBot/src/install/turtlebot3_gazebo/share/turtlebot3_gazebo//worlds/turtlebot3_dqn_stage3/waffle.model
[81.078s] -- Installing: /home/sakshi/ClutterBot/src/install/turtlebot3_gazebo/share/turtlebot3_gazebo//worlds/turtlebot3_dqn_stage4
[81.079s] -- Installing: /home/sakshi/ClutterBot/src/install/turtlebot3_gazebo/share/turtlebot3_gazebo//worlds/turtlebot3_dqn_stage4/waffle_pi.model
[81.079s] -- Installing: /home/sakshi/ClutterBot/src/install/turtlebot3_gazebo/share/turtlebot3_gazebo//worlds/turtlebot3_dqn_stage4/burger.model
[81.080s] -- Installing: /home/sakshi/ClutterBot/src/install/turtlebot3_gazebo/share/turtlebot3_gazebo//worlds/turtlebot3_dqn_stage4/waffle.model
[81.081s] -- Installing: /home/sakshi/ClutterBot/src/install/turtlebot3_gazebo/share/turtlebot3_gazebo//worlds/turtlebot3_worlds
[81.081s] -- Installing: /home/sakshi/ClutterBot/src/install/turtlebot3_gazebo/share/turtlebot3_gazebo//worlds/turtlebot3_worlds/waffle_pi.model
[81.082s] -- Installing: /home/sakshi/ClutterBot/src/install/turtlebot3_gazebo/share/turtlebot3_gazebo//worlds/turtlebot3_worlds/burger.model
[81.082s] -- Installing: /home/sakshi/ClutterBot/src/install/turtlebot3_gazebo/share/turtlebot3_gazebo//worlds/turtlebot3_worlds/waffle.model
[81.083s] -- Installing: /home/sakshi/ClutterBot/src/install/turtlebot3_gazebo/share/turtlebot3_gazebo//worlds/empty_worlds
[81.084s] -- Installing: /home/sakshi/ClutterBot/src/install/turtlebot3_gazebo/share/turtlebot3_gazebo//worlds/empty_worlds/waffle_pi.model
[81.084s] -- Installing: /home/sakshi/ClutterBot/src/install/turtlebot3_gazebo/share/turtlebot3_gazebo//worlds/empty_worlds/burger.model
[81.087s] -- Installing: /home/sakshi/ClutterBot/src/install/turtlebot3_gazebo/share/turtlebot3_gazebo//worlds/empty_worlds/waffle.model
[81.101s] -- Installing: /home/sakshi/ClutterBot/src/install/turtlebot3_gazebo/share/turtlebot3_gazebo//worlds/turtlebot3_dqn_stage1
[81.103s] -- Installing: /home/sakshi/ClutterBot/src/install/turtlebot3_gazebo/share/turtlebot3_gazebo//worlds/turtlebot3_dqn_stage1/waffle_pi.model
[81.103s] -- Installing: /home/sakshi/ClutterBot/src/install/turtlebot3_gazebo/share/turtlebot3_gazebo//worlds/turtlebot3_dqn_stage1/burger.model
[81.104s] -- Installing: /home/sakshi/ClutterBot/src/install/turtlebot3_gazebo/share/turtlebot3_gazebo//worlds/turtlebot3_dqn_stage1/waffle.model
[81.104s] -- Installing: /home/sakshi/ClutterBot/src/install/turtlebot3_gazebo/share/turtlebot3_gazebo//worlds/turtlebot3_autoraces
[81.105s] -- Installing: /home/sakshi/ClutterBot/src/install/turtlebot3_gazebo/share/turtlebot3_gazebo//worlds/turtlebot3_autoraces/waffle_pi.model
[81.105s] -- Installing: /home/sakshi/ClutterBot/src/install/turtlebot3_gazebo/share/turtlebot3_gazebo//worlds/turtlebot3_autoraces/burger.model
[81.106s] -- Installing: /home/sakshi/ClutterBot/src/install/turtlebot3_gazebo/share/turtlebot3_gazebo//worlds/turtlebot3_autoraces/waffle.model
[81.106s] -- Installing: /home/sakshi/ClutterBot/src/install/turtlebot3_gazebo/include/
[81.141s] -- Installing: /home/sakshi/ClutterBot/src/install/turtlebot3_gazebo/include//turtlebot3_gazebo
[81.142s] -- Installing: /home/sakshi/ClutterBot/src/install/turtlebot3_gazebo/include//turtlebot3_gazebo/turtlebot3_drive.hpp
[81.720s] -- Installing: /home/sakshi/ClutterBot/src/install/turtlebot3_gazebo/share/ament_index/resource_index/package_run_dependencies/turtlebot3_gazebo
[81.849s] -- Installing: /home/sakshi/ClutterBot/src/install/turtlebot3_gazebo/share/ament_index/resource_index/parent_prefix_path/turtlebot3_gazebo
[82.255s] -- Installing: /home/sakshi/ClutterBot/src/install/turtlebot3_gazebo/share/turtlebot3_gazebo/environment/ament_prefix_path.sh
[82.503s] -- Installing: /home/sakshi/ClutterBot/src/install/turtlebot3_gazebo/share/turtlebot3_gazebo/environment/ament_prefix_path.dsv
[82.757s] -- Installing: /home/sakshi/ClutterBot/src/install/turtlebot3_gazebo/share/turtlebot3_gazebo/environment/path.sh
[82.869s] -- Installing: /home/sakshi/ClutterBot/src/install/turtlebot3_gazebo/share/turtlebot3_gazebo/environment/path.dsv
[83.002s] -- Installing: /home/sakshi/ClutterBot/src/install/turtlebot3_gazebo/share/turtlebot3_gazebo/local_setup.bash
[83.105s] -- Installing: /home/sakshi/ClutterBot/src/install/turtlebot3_gazebo/share/turtlebot3_gazebo/local_setup.sh
[83.847s] -- Installing: /home/sakshi/ClutterBot/src/install/turtlebot3_gazebo/share/turtlebot3_gazebo/local_setup.zsh
[84.579s] -- Installing: /home/sakshi/ClutterBot/src/install/turtlebot3_gazebo/share/turtlebot3_gazebo/local_setup.dsv
[84.580s] -- Installing: /home/sakshi/ClutterBot/src/install/turtlebot3_gazebo/share/turtlebot3_gazebo/package.dsv
[84.592s] -- Installing: /home/sakshi/ClutterBot/src/install/turtlebot3_gazebo/share/ament_index/resource_index/packages/turtlebot3_gazebo
[85.315s] -- Installing: /home/sakshi/ClutterBot/src/install/turtlebot3_gazebo/share/turtlebot3_gazebo/cmake/ament_cmake_export_include_directories-extras.cmake
[85.316s] -- Installing: /home/sakshi/ClutterBot/src/install/turtlebot3_gazebo/share/turtlebot3_gazebo/cmake/ament_cmake_export_dependencies-extras.cmake
[86.046s] -- Installing: /home/sakshi/ClutterBot/src/install/turtlebot3_gazebo/share/turtlebot3_gazebo/cmake/turtlebot3_gazeboConfig.cmake
[86.058s] -- Installing: /home/sakshi/ClutterBot/src/install/turtlebot3_gazebo/share/turtlebot3_gazebo/cmake/turtlebot3_gazeboConfig-version.cmake
[86.783s] -- Installing: /home/sakshi/ClutterBot/src/install/turtlebot3_gazebo/share/turtlebot3_gazebo/package.xml
[87.253s] Invoked command in '/home/sakshi/ClutterBot/src/build/turtlebot3_gazebo' returned '0': AMENT_PREFIX_PATH=/home/sakshi/ClutterBot/src/install/turtlebot3_description:${AMENT_PREFIX_PATH} CMAKE_PREFIX_PATH=/home/sakshi/ClutterBot/src/install/turtlebot3_description:/home/sakshi/ClutterBot/install/turtlebot3:/home/sakshi/ClutterBot/install/turtlebot3_simulations:/home/sakshi/ClutterBot/install/turtlebot3_bringup:/home/sakshi/ClutterBot/install/turtlebot3_node:/home/sakshi/ClutterBot/install/turtlebot3_navigation2:/home/sakshi/ClutterBot/install/turtlebot3_fake_node:/home/sakshi/ClutterBot/install/turtlebot3_msgs:/home/sakshi/ClutterBot/install/turtlebot3_gazebo:/home/sakshi/ClutterBot/install/turtlebot3_description:/home/sakshi/ClutterBot/install/turtlebot3_cartographer:/home/sakshi/ClutterBot/install/hls_lfcd_lds_driver:/home/sakshi/ClutterBot/install/dynamixel_sdk_examples:/home/sakshi/ClutterBot/install/dynamixel_sdk_custom_interfaces:/home/sakshi/ClutterBot/install/dynamixel_sdk:/home/sakshi/ClutterBot/install/turtlebot3_teleop:/home/sakshi/ClutterBot/install/turtlebot3_example:/opt/ros/foxy /usr/bin/cmake --install /home/sakshi/ClutterBot/src/build/turtlebot3_gazebo
