[0.086s] Invoking command in '/home/sakshi/ClutterBot/build/task': CMAKE_PREFIX_PATH=${CMAKE_PREFIX_PATH}:/home/sakshi/ClutterBot/install/turtlebot3_teleop:/home/sakshi/ClutterBot/install/turtlebot3_example:/opt/ros/foxy: /usr/bin/cmake --build /home/sakshi/ClutterBot/build/task -- -j8 -l8
[0.338s] [35m[1mScanning dependencies of target noisyodom[0m
[0.458s] [ 50%] [32mBuilding CXX object CMakeFiles/noisyodom.dir/src/noisyodom.cpp.o[0m
[34.990s] [100%] [32m[1mLinking CXX executable noisyodom[0m
[38.766s] [100%] Built target noisyodom
[38.822s] Invoked command in '/home/sakshi/ClutterBot/build/task' returned '0': CMAKE_PREFIX_PATH=${CMAKE_PREFIX_PATH}:/home/sakshi/ClutterBot/install/turtlebot3_teleop:/home/sakshi/ClutterBot/install/turtlebot3_example:/opt/ros/foxy: /usr/bin/cmake --build /home/sakshi/ClutterBot/build/task -- -j8 -l8
[39.011s] Invoking command in '/home/sakshi/ClutterBot/build/task': CMAKE_PREFIX_PATH=${CMAKE_PREFIX_PATH}:/home/sakshi/ClutterBot/install/turtlebot3_teleop:/home/sakshi/ClutterBot/install/turtlebot3_example:/opt/ros/foxy: /usr/bin/cmake --install /home/sakshi/ClutterBot/build/task
[39.063s] -- Install configuration: ""
[39.064s] -- Installing: /home/sakshi/ClutterBot/install/task/lib/task/noisyodom
[39.146s] -- Set runtime path of "/home/sakshi/ClutterBot/install/task/lib/task/noisyodom" to ""
[39.146s] -- Up-to-date: /home/sakshi/ClutterBot/install/task/share/ament_index/resource_index/package_run_dependencies/task
[39.146s] -- Up-to-date: /home/sakshi/ClutterBot/install/task/share/ament_index/resource_index/parent_prefix_path/task
[39.264s] -- Up-to-date: /home/sakshi/ClutterBot/install/task/share/task/environment/ament_prefix_path.sh
[39.267s] -- Up-to-date: /home/sakshi/ClutterBot/install/task/share/task/environment/ament_prefix_path.dsv
[39.269s] -- Up-to-date: /home/sakshi/ClutterBot/install/task/share/task/environment/path.sh
[39.270s] -- Up-to-date: /home/sakshi/ClutterBot/install/task/share/task/environment/path.dsv
[39.271s] -- Up-to-date: /home/sakshi/ClutterBot/install/task/share/task/local_setup.bash
[39.271s] -- Up-to-date: /home/sakshi/ClutterBot/install/task/share/task/local_setup.sh
[39.281s] -- Up-to-date: /home/sakshi/ClutterBot/install/task/share/task/local_setup.zsh
[39.286s] -- Up-to-date: /home/sakshi/ClutterBot/install/task/share/task/local_setup.dsv
[39.291s] -- Installing: /home/sakshi/ClutterBot/install/task/share/task/package.dsv
[39.296s] -- Up-to-date: /home/sakshi/ClutterBot/install/task/share/ament_index/resource_index/packages/task
[39.297s] -- Up-to-date: /home/sakshi/ClutterBot/install/task/share/task/cmake/taskConfig.cmake
[39.298s] -- Up-to-date: /home/sakshi/ClutterBot/install/task/share/task/cmake/taskConfig-version.cmake
[39.302s] -- Up-to-date: /home/sakshi/ClutterBot/install/task/share/task/package.xml
[39.305s] Invoked command in '/home/sakshi/ClutterBot/build/task' returned '0': CMAKE_PREFIX_PATH=${CMAKE_PREFIX_PATH}:/home/sakshi/ClutterBot/install/turtlebot3_teleop:/home/sakshi/ClutterBot/install/turtlebot3_example:/opt/ros/foxy: /usr/bin/cmake --install /home/sakshi/ClutterBot/build/task
