[0.016s] Invoking command in '/home/sakshi/ClutterBot/build/task': CMAKE_PREFIX_PATH=${CMAKE_PREFIX_PATH}:/home/sakshi/ClutterBot/install/turtlebot3_teleop:/home/sakshi/ClutterBot/install/turtlebot3_example:/opt/ros/foxy CONDA_PROMPT_MODIFIER=(base) /usr/bin/cmake --build /home/sakshi/ClutterBot/build/task -- -j8 -l8
[0.062s] [35m[1mScanning dependencies of target noisyodom[0m
[0.095s] [ 50%] [32mBuilding CXX object CMakeFiles/noisyodom.dir/src/noisyodom.cpp.o[0m
[0.295s] [100%] [32m[1mLinking CXX executable noisyodom[0m
[1.703s] [100%] Built target noisyodom
[1.714s] Invoked command in '/home/sakshi/ClutterBot/build/task' returned '0': CMAKE_PREFIX_PATH=${CMAKE_PREFIX_PATH}:/home/sakshi/ClutterBot/install/turtlebot3_teleop:/home/sakshi/ClutterBot/install/turtlebot3_example:/opt/ros/foxy CONDA_PROMPT_MODIFIER=(base) /usr/bin/cmake --build /home/sakshi/ClutterBot/build/task -- -j8 -l8
[1.745s] Invoking command in '/home/sakshi/ClutterBot/build/task': CMAKE_PREFIX_PATH=${CMAKE_PREFIX_PATH}:/home/sakshi/ClutterBot/install/turtlebot3_teleop:/home/sakshi/ClutterBot/install/turtlebot3_example:/opt/ros/foxy CONDA_PROMPT_MODIFIER=(base) /usr/bin/cmake --install /home/sakshi/ClutterBot/build/task
[1.794s] -- Install configuration: ""
[1.813s] -- Installing: /home/sakshi/ClutterBot/install/task/lib/task/noisyodom
[1.835s] -- Set runtime path of "/home/sakshi/ClutterBot/install/task/lib/task/noisyodom" to ""
[1.836s] -- Up-to-date: /home/sakshi/ClutterBot/install/task/share/ament_index/resource_index/package_run_dependencies/task
[1.837s] -- Up-to-date: /home/sakshi/ClutterBot/install/task/share/ament_index/resource_index/parent_prefix_path/task
[1.837s] -- Up-to-date: /home/sakshi/ClutterBot/install/task/share/task/environment/ament_prefix_path.sh
[1.838s] -- Up-to-date: /home/sakshi/ClutterBot/install/task/share/task/environment/ament_prefix_path.dsv
[1.838s] -- Up-to-date: /home/sakshi/ClutterBot/install/task/share/task/environment/path.sh
[1.839s] -- Up-to-date: /home/sakshi/ClutterBot/install/task/share/task/environment/path.dsv
[1.839s] -- Up-to-date: /home/sakshi/ClutterBot/install/task/share/task/local_setup.bash
[1.840s] -- Up-to-date: /home/sakshi/ClutterBot/install/task/share/task/local_setup.sh
[1.840s] -- Up-to-date: /home/sakshi/ClutterBot/install/task/share/task/local_setup.zsh
[1.841s] -- Up-to-date: /home/sakshi/ClutterBot/install/task/share/task/local_setup.dsv
[1.841s] -- Installing: /home/sakshi/ClutterBot/install/task/share/task/package.dsv
[1.847s] -- Up-to-date: /home/sakshi/ClutterBot/install/task/share/ament_index/resource_index/packages/task
[1.848s] -- Up-to-date: /home/sakshi/ClutterBot/install/task/share/task/cmake/taskConfig.cmake
[1.848s] -- Up-to-date: /home/sakshi/ClutterBot/install/task/share/task/cmake/taskConfig-version.cmake
[1.848s] -- Up-to-date: /home/sakshi/ClutterBot/install/task/share/task/package.xml
[1.851s] Invoked command in '/home/sakshi/ClutterBot/build/task' returned '0': CMAKE_PREFIX_PATH=${CMAKE_PREFIX_PATH}:/home/sakshi/ClutterBot/install/turtlebot3_teleop:/home/sakshi/ClutterBot/install/turtlebot3_example:/opt/ros/foxy CONDA_PROMPT_MODIFIER=(base) /usr/bin/cmake --install /home/sakshi/ClutterBot/build/task
