[2.880s] Invoking command in '/home/sakshi/ClutterBot/build/turtlebot3_description': CMAKE_PREFIX_PATH=${CMAKE_PREFIX_PATH}:/home/sakshi/ClutterBot/install/turtlebot3_teleop:/home/sakshi/ClutterBot/install/turtlebot3_example:/opt/ros/foxy /usr/bin/cmake --build /home/sakshi/ClutterBot/build/turtlebot3_description -- -j8 -l8
[18.577s] Invoked command in '/home/sakshi/ClutterBot/build/turtlebot3_description' returned '0': CMAKE_PREFIX_PATH=${CMAKE_PREFIX_PATH}:/home/sakshi/ClutterBot/install/turtlebot3_teleop:/home/sakshi/ClutterBot/install/turtlebot3_example:/opt/ros/foxy /usr/bin/cmake --build /home/sakshi/ClutterBot/build/turtlebot3_description -- -j8 -l8
[18.611s] Invoking command in '/home/sakshi/ClutterBot/build/turtlebot3_description': CMAKE_PREFIX_PATH=${CMAKE_PREFIX_PATH}:/home/sakshi/ClutterBot/install/turtlebot3_teleop:/home/sakshi/ClutterBot/install/turtlebot3_example:/opt/ros/foxy /usr/bin/cmake --install /home/sakshi/ClutterBot/build/turtlebot3_description
[18.740s] -- Install configuration: ""
[18.740s] -- Up-to-date: /home/sakshi/ClutterBot/install/turtlebot3_description/share/turtlebot3_description/meshes
[18.741s] -- Up-to-date: /home/sakshi/ClutterBot/install/turtlebot3_description/share/turtlebot3_description/meshes/wheels
[18.742s] -- Up-to-date: /home/sakshi/ClutterBot/install/turtlebot3_description/share/turtlebot3_description/meshes/wheels/left_tire.stl
[18.742s] -- Up-to-date: /home/sakshi/ClutterBot/install/turtlebot3_description/share/turtlebot3_description/meshes/wheels/right_tire.stl
[18.743s] -- Up-to-date: /home/sakshi/ClutterBot/install/turtlebot3_description/share/turtlebot3_description/meshes/bases
[18.743s] -- Up-to-date: /home/sakshi/ClutterBot/install/turtlebot3_description/share/turtlebot3_description/meshes/bases/waffle_pi_base.stl
[18.744s] -- Up-to-date: /home/sakshi/ClutterBot/install/turtlebot3_description/share/turtlebot3_description/meshes/bases/burger_base.stl
[18.744s] -- Up-to-date: /home/sakshi/ClutterBot/install/turtlebot3_description/share/turtlebot3_description/meshes/bases/waffle_base.stl
[18.745s] -- Up-to-date: /home/sakshi/ClutterBot/install/turtlebot3_description/share/turtlebot3_description/meshes/sensors
[18.745s] -- Up-to-date: /home/sakshi/ClutterBot/install/turtlebot3_description/share/turtlebot3_description/meshes/sensors/astra.jpg
[18.746s] -- Up-to-date: /home/sakshi/ClutterBot/install/turtlebot3_description/share/turtlebot3_description/meshes/sensors/astra.dae
[18.746s] -- Up-to-date: /home/sakshi/ClutterBot/install/turtlebot3_description/share/turtlebot3_description/meshes/sensors/lds.stl
[18.746s] -- Up-to-date: /home/sakshi/ClutterBot/install/turtlebot3_description/share/turtlebot3_description/meshes/sensors/r200.dae
[18.747s] -- Up-to-date: /home/sakshi/ClutterBot/install/turtlebot3_description/share/turtlebot3_description/meshes/sensors/r200.jpg
[18.747s] -- Up-to-date: /home/sakshi/ClutterBot/install/turtlebot3_description/share/turtlebot3_description/rviz
[18.748s] -- Up-to-date: /home/sakshi/ClutterBot/install/turtlebot3_description/share/turtlebot3_description/rviz/model.rviz
[18.748s] -- Up-to-date: /home/sakshi/ClutterBot/install/turtlebot3_description/share/turtlebot3_description/urdf
[18.749s] -- Up-to-date: /home/sakshi/ClutterBot/install/turtlebot3_description/share/turtlebot3_description/urdf/turtlebot3_burger.urdf
[18.749s] -- Up-to-date: /home/sakshi/ClutterBot/install/turtlebot3_description/share/turtlebot3_description/urdf/turtlebot3_waffle.urdf
[18.750s] -- Up-to-date: /home/sakshi/ClutterBot/install/turtlebot3_description/share/turtlebot3_description/urdf/common_properties.urdf
[18.750s] -- Up-to-date: /home/sakshi/ClutterBot/install/turtlebot3_description/share/turtlebot3_description/urdf/turtlebot3_waffle_pi.urdf
[18.750s] -- Up-to-date: /home/sakshi/ClutterBot/install/turtlebot3_description/share/ament_index/resource_index/package_run_dependencies/turtlebot3_description
[18.750s] -- Up-to-date: /home/sakshi/ClutterBot/install/turtlebot3_description/share/ament_index/resource_index/parent_prefix_path/turtlebot3_description
[18.750s] -- Up-to-date: /home/sakshi/ClutterBot/install/turtlebot3_description/share/turtlebot3_description/environment/ament_prefix_path.sh
[18.750s] -- Up-to-date: /home/sakshi/ClutterBot/install/turtlebot3_description/share/turtlebot3_description/environment/ament_prefix_path.dsv
[18.750s] -- Up-to-date: /home/sakshi/ClutterBot/install/turtlebot3_description/share/turtlebot3_description/environment/path.sh
[18.750s] -- Up-to-date: /home/sakshi/ClutterBot/install/turtlebot3_description/share/turtlebot3_description/environment/path.dsv
[18.750s] -- Up-to-date: /home/sakshi/ClutterBot/install/turtlebot3_description/share/turtlebot3_description/local_setup.bash
[18.750s] -- Up-to-date: /home/sakshi/ClutterBot/install/turtlebot3_description/share/turtlebot3_description/local_setup.sh
[18.750s] -- Up-to-date: /home/sakshi/ClutterBot/install/turtlebot3_description/share/turtlebot3_description/local_setup.zsh
[18.750s] -- Up-to-date: /home/sakshi/ClutterBot/install/turtlebot3_description/share/turtlebot3_description/local_setup.dsv
[18.750s] -- Installing: /home/sakshi/ClutterBot/install/turtlebot3_description/share/turtlebot3_description/package.dsv
[19.258s] -- Up-to-date: /home/sakshi/ClutterBot/install/turtlebot3_description/share/ament_index/resource_index/packages/turtlebot3_description
[19.258s] -- Up-to-date: /home/sakshi/ClutterBot/install/turtlebot3_description/share/turtlebot3_description/cmake/turtlebot3_descriptionConfig.cmake
[19.259s] -- Up-to-date: /home/sakshi/ClutterBot/install/turtlebot3_description/share/turtlebot3_description/cmake/turtlebot3_descriptionConfig-version.cmake
[19.259s] -- Up-to-date: /home/sakshi/ClutterBot/install/turtlebot3_description/share/turtlebot3_description/package.xml
[19.271s] Invoked command in '/home/sakshi/ClutterBot/build/turtlebot3_description' returned '0': CMAKE_PREFIX_PATH=${CMAKE_PREFIX_PATH}:/home/sakshi/ClutterBot/install/turtlebot3_teleop:/home/sakshi/ClutterBot/install/turtlebot3_example:/opt/ros/foxy /usr/bin/cmake --install /home/sakshi/ClutterBot/build/turtlebot3_description
