[0.028s] Invoking command in '/home/sakshi/ClutterBot/build/task': CMAKE_PREFIX_PATH=${CMAKE_PREFIX_PATH}:/home/sakshi/ClutterBot/install/turtlebot3_teleop:/home/sakshi/ClutterBot/install/turtlebot3_example:/opt/ros/foxy CONDA_PROMPT_MODIFIER=(base) /usr/bin/cmake --build /home/sakshi/ClutterBot/build/task -- -j8 -l8
[0.096s] [35m[1mScanning dependencies of target noisyodom[0m
[0.144s] [ 50%] [32mBuilding CXX object CMakeFiles/noisyodom.dir/src/noisyodom.cpp.o[0m
[8.035s] [100%] [32m[1mLinking CXX executable noisyodom[0m
[8.520s] [100%] Built target noisyodom
[8.534s] Invoked command in '/home/sakshi/ClutterBot/build/task' returned '0': CMAKE_PREFIX_PATH=${CMAKE_PREFIX_PATH}:/home/sakshi/ClutterBot/install/turtlebot3_teleop:/home/sakshi/ClutterBot/install/turtlebot3_example:/opt/ros/foxy CONDA_PROMPT_MODIFIER=(base) /usr/bin/cmake --build /home/sakshi/ClutterBot/build/task -- -j8 -l8
[8.583s] Invoking command in '/home/sakshi/ClutterBot/build/task': CMAKE_PREFIX_PATH=${CMAKE_PREFIX_PATH}:/home/sakshi/ClutterBot/install/turtlebot3_teleop:/home/sakshi/ClutterBot/install/turtlebot3_example:/opt/ros/foxy CONDA_PROMPT_MODIFIER=(base) /usr/bin/cmake --install /home/sakshi/ClutterBot/build/task
[8.596s] -- Install configuration: ""
[8.596s] -- Installing: /home/sakshi/ClutterBot/install/task/lib/task/noisyodom
[8.602s] -- Set runtime path of "/home/sakshi/ClutterBot/install/task/lib/task/noisyodom" to ""
[8.602s] -- Up-to-date: /home/sakshi/ClutterBot/install/task/share/ament_index/resource_index/package_run_dependencies/task
[8.602s] -- Up-to-date: /home/sakshi/ClutterBot/install/task/share/ament_index/resource_index/parent_prefix_path/task
[8.603s] -- Up-to-date: /home/sakshi/ClutterBot/install/task/share/task/environment/ament_prefix_path.sh
[8.603s] -- Up-to-date: /home/sakshi/ClutterBot/install/task/share/task/environment/ament_prefix_path.dsv
[8.603s] -- Up-to-date: /home/sakshi/ClutterBot/install/task/share/task/environment/path.sh
[8.603s] -- Up-to-date: /home/sakshi/ClutterBot/install/task/share/task/environment/path.dsv
[8.603s] -- Up-to-date: /home/sakshi/ClutterBot/install/task/share/task/local_setup.bash
[8.603s] -- Up-to-date: /home/sakshi/ClutterBot/install/task/share/task/local_setup.sh
[8.603s] -- Up-to-date: /home/sakshi/ClutterBot/install/task/share/task/local_setup.zsh
[8.604s] -- Up-to-date: /home/sakshi/ClutterBot/install/task/share/task/local_setup.dsv
[8.605s] -- Installing: /home/sakshi/ClutterBot/install/task/share/task/package.dsv
[8.606s] -- Up-to-date: /home/sakshi/ClutterBot/install/task/share/ament_index/resource_index/packages/task
[8.606s] -- Up-to-date: /home/sakshi/ClutterBot/install/task/share/task/cmake/taskConfig.cmake
[8.608s] -- Up-to-date: /home/sakshi/ClutterBot/install/task/share/task/cmake/taskConfig-version.cmake
[8.608s] -- Up-to-date: /home/sakshi/ClutterBot/install/task/share/task/package.xml
[8.609s] Invoked command in '/home/sakshi/ClutterBot/build/task' returned '0': CMAKE_PREFIX_PATH=${CMAKE_PREFIX_PATH}:/home/sakshi/ClutterBot/install/turtlebot3_teleop:/home/sakshi/ClutterBot/install/turtlebot3_example:/opt/ros/foxy CONDA_PROMPT_MODIFIER=(base) /usr/bin/cmake --install /home/sakshi/ClutterBot/build/task
