[0.317s] Invoking command in '/home/sakshi/ClutterBot/build/task': CMAKE_PREFIX_PATH=${CMAKE_PREFIX_PATH}:/home/sakshi/ClutterBot/install/turtlebot3_teleop:/home/sakshi/ClutterBot/install/turtlebot3_example:/opt/ros/foxy CONDA_PROMPT_MODIFIER=(base) /usr/bin/cmake --build /home/sakshi/ClutterBot/build/task -- -j8 -l8
[4.742s] [35m[1mScanning dependencies of target noisyodom[0m
[4.905s] [ 50%] [32mBuilding CXX object CMakeFiles/noisyodom.dir/src/noisyodom.cpp.o[0m
[11.646s] [100%] [32m[1mLinking CXX executable noisyodom[0m
[14.255s] [100%] Built target noisyodom
[14.267s] Invoked command in '/home/sakshi/ClutterBot/build/task' returned '0': CMAKE_PREFIX_PATH=${CMAKE_PREFIX_PATH}:/home/sakshi/ClutterBot/install/turtlebot3_teleop:/home/sakshi/ClutterBot/install/turtlebot3_example:/opt/ros/foxy CONDA_PROMPT_MODIFIER=(base) /usr/bin/cmake --build /home/sakshi/ClutterBot/build/task -- -j8 -l8
[14.301s] Invoking command in '/home/sakshi/ClutterBot/build/task': CMAKE_PREFIX_PATH=${CMAKE_PREFIX_PATH}:/home/sakshi/ClutterBot/install/turtlebot3_teleop:/home/sakshi/ClutterBot/install/turtlebot3_example:/opt/ros/foxy CONDA_PROMPT_MODIFIER=(base) /usr/bin/cmake --install /home/sakshi/ClutterBot/build/task
[14.375s] -- Install configuration: ""
[14.447s] -- Installing: /home/sakshi/ClutterBot/install/task/lib/task/noisyodom
[14.456s] -- Set runtime path of "/home/sakshi/ClutterBot/install/task/lib/task/noisyodom" to ""
[14.457s] -- Up-to-date: /home/sakshi/ClutterBot/install/task/share/ament_index/resource_index/package_run_dependencies/task
[14.458s] -- Up-to-date: /home/sakshi/ClutterBot/install/task/share/ament_index/resource_index/parent_prefix_path/task
[14.459s] -- Up-to-date: /home/sakshi/ClutterBot/install/task/share/task/environment/ament_prefix_path.sh
[14.459s] -- Up-to-date: /home/sakshi/ClutterBot/install/task/share/task/environment/ament_prefix_path.dsv
[14.460s] -- Up-to-date: /home/sakshi/ClutterBot/install/task/share/task/environment/path.sh
[14.460s] -- Up-to-date: /home/sakshi/ClutterBot/install/task/share/task/environment/path.dsv
[14.461s] -- Up-to-date: /home/sakshi/ClutterBot/install/task/share/task/local_setup.bash
[14.461s] -- Up-to-date: /home/sakshi/ClutterBot/install/task/share/task/local_setup.sh
[14.462s] -- Up-to-date: /home/sakshi/ClutterBot/install/task/share/task/local_setup.zsh
[14.462s] -- Up-to-date: /home/sakshi/ClutterBot/install/task/share/task/local_setup.dsv
[14.462s] -- Installing: /home/sakshi/ClutterBot/install/task/share/task/package.dsv
[14.473s] -- Up-to-date: /home/sakshi/ClutterBot/install/task/share/ament_index/resource_index/packages/task
[14.473s] -- Up-to-date: /home/sakshi/ClutterBot/install/task/share/task/cmake/taskConfig.cmake
[14.473s] -- Up-to-date: /home/sakshi/ClutterBot/install/task/share/task/cmake/taskConfig-version.cmake
[14.474s] -- Up-to-date: /home/sakshi/ClutterBot/install/task/share/task/package.xml
[14.478s] Invoked command in '/home/sakshi/ClutterBot/build/task' returned '0': CMAKE_PREFIX_PATH=${CMAKE_PREFIX_PATH}:/home/sakshi/ClutterBot/install/turtlebot3_teleop:/home/sakshi/ClutterBot/install/turtlebot3_example:/opt/ros/foxy CONDA_PROMPT_MODIFIER=(base) /usr/bin/cmake --install /home/sakshi/ClutterBot/build/task
