[0.131s] Invoking command in '/home/sakshi/ClutterBot/build/task': CMAKE_PREFIX_PATH=${CMAKE_PREFIX_PATH}:/home/sakshi/ClutterBot/install/turtlebot3_teleop:/home/sakshi/ClutterBot/install/turtlebot3_example:/opt/ros/foxy /usr/bin/cmake --build /home/sakshi/ClutterBot/build/task -- -j8 -l8
[1.655s] [100%] Built target noisyodom
[1.669s] Invoked command in '/home/sakshi/ClutterBot/build/task' returned '0': CMAKE_PREFIX_PATH=${CMAKE_PREFIX_PATH}:/home/sakshi/ClutterBot/install/turtlebot3_teleop:/home/sakshi/ClutterBot/install/turtlebot3_example:/opt/ros/foxy /usr/bin/cmake --build /home/sakshi/ClutterBot/build/task -- -j8 -l8
[1.691s] Invoking command in '/home/sakshi/ClutterBot/build/task': CMAKE_PREFIX_PATH=${CMAKE_PREFIX_PATH}:/home/sakshi/ClutterBot/install/turtlebot3_teleop:/home/sakshi/ClutterBot/install/turtlebot3_example:/opt/ros/foxy /usr/bin/cmake --install /home/sakshi/ClutterBot/build/task
[1.701s] -- Install configuration: ""
[1.701s] -- Up-to-date: /home/sakshi/ClutterBot/install/task/lib/task/noisyodom
[1.701s] -- Up-to-date: /home/sakshi/ClutterBot/install/task/share/ament_index/resource_index/package_run_dependencies/task
[1.702s] -- Up-to-date: /home/sakshi/ClutterBot/install/task/share/ament_index/resource_index/parent_prefix_path/task
[1.702s] -- Up-to-date: /home/sakshi/ClutterBot/install/task/share/task/environment/ament_prefix_path.sh
[1.702s] -- Up-to-date: /home/sakshi/ClutterBot/install/task/share/task/environment/ament_prefix_path.dsv
[1.702s] -- Up-to-date: /home/sakshi/ClutterBot/install/task/share/task/environment/path.sh
[1.702s] -- Up-to-date: /home/sakshi/ClutterBot/install/task/share/task/environment/path.dsv
[1.702s] -- Up-to-date: /home/sakshi/ClutterBot/install/task/share/task/local_setup.bash
[1.702s] -- Up-to-date: /home/sakshi/ClutterBot/install/task/share/task/local_setup.sh
[1.702s] -- Up-to-date: /home/sakshi/ClutterBot/install/task/share/task/local_setup.zsh
[1.702s] -- Up-to-date: /home/sakshi/ClutterBot/install/task/share/task/local_setup.dsv
[1.702s] -- Installing: /home/sakshi/ClutterBot/install/task/share/task/package.dsv
[1.802s] -- Up-to-date: /home/sakshi/ClutterBot/install/task/share/ament_index/resource_index/packages/task
[1.802s] -- Up-to-date: /home/sakshi/ClutterBot/install/task/share/task/cmake/taskConfig.cmake
[1.802s] -- Up-to-date: /home/sakshi/ClutterBot/install/task/share/task/cmake/taskConfig-version.cmake
[1.803s] -- Up-to-date: /home/sakshi/ClutterBot/install/task/share/task/package.xml
[1.817s] Invoked command in '/home/sakshi/ClutterBot/build/task' returned '0': CMAKE_PREFIX_PATH=${CMAKE_PREFIX_PATH}:/home/sakshi/ClutterBot/install/turtlebot3_teleop:/home/sakshi/ClutterBot/install/turtlebot3_example:/opt/ros/foxy /usr/bin/cmake --install /home/sakshi/ClutterBot/build/task
