-- The C compiler identification is GNU 9.4.0
-- The CXX compiler identification is GNU 9.4.0
-- Check for working C compiler: /usr/lib/ccache/cc
-- Check for working C compiler: /usr/lib/ccache/cc -- works
-- Detecting C compiler ABI info
-- Detecting C compiler ABI info - done
-- Detecting C compile features
-- Detecting C compile features - done
-- Check for working CXX compiler: /usr/lib/ccache/c++
-- Check for working CXX compiler: /usr/lib/ccache/c++ -- works
-- Detecting CXX compiler ABI info
-- Detecting CXX compiler ABI info - done
-- Detecting CXX compile features
-- Detecting CXX compile features - done
 -fuse-ld=lld -Wl,--disable-new-dtags
-- Found ament_cmake: 0.9.12 (/opt/ros/foxy/share/ament_cmake/cmake)
-- Found PythonInterp: /usr/bin/python3 (found suitable version "3.8.10", minimum required is "3") 
-- Using PYTHON_EXECUTABLE: /usr/bin/python3
-- Found std_msgs: 2.0.5 (/opt/ros/foxy/share/std_msgs/cmake)
-- Using all available rosidl_typesupport_c: rosidl_typesupport_fastrtps_c;rosidl_typesupport_introspection_c
-- Found rosidl_adapter: 1.3.1 (/opt/ros/foxy/share/rosidl_adapter/cmake)
-- Found OpenSSL: /usr/lib/x86_64-linux-gnu/libcrypto.so (found version "1.1.1f")  
-- Found FastRTPS: /opt/ros/foxy/include  
-- Using all available rosidl_typesupport_cpp: rosidl_typesupport_fastrtps_cpp;rosidl_typesupport_introspection_cpp
-- Found nav_msgs: 2.0.5 (/opt/ros/foxy/share/nav_msgs/cmake)
-- Found tf2: 0.13.14 (/opt/ros/foxy/share/tf2/cmake)
-- Found tf2_ros: 0.13.14 (/opt/ros/foxy/share/tf2_ros/cmake)
-- Found rmw_implementation_cmake: 1.0.4 (/opt/ros/foxy/share/rmw_implementation_cmake/cmake)
-- Using RMW implementation 'rmw_fastrtps_cpp' as default
-- Looking for pthread.h
-- Looking for pthread.h - found
-- Performing Test CMAKE_HAVE_LIBC_PTHREAD
-- Performing Test CMAKE_HAVE_LIBC_PTHREAD - Failed
-- Looking for pthread_create in pthreads
-- Looking for pthread_create in pthreads - not found
-- Looking for pthread_create in pthread
-- Looking for pthread_create in pthread - found
-- Found Threads: TRUE  
-- Found tf2_geometry_msgs: 0.13.14 (/opt/ros/foxy/share/tf2_geometry_msgs/cmake)
-- Found eigen3_cmake_module: 0.1.1 (/opt/ros/foxy/share/eigen3_cmake_module/cmake)
-- Found Eigen3: TRUE (found version "3.3.7") 
-- Found sensor_msgs: 2.0.5 (/opt/ros/foxy/share/sensor_msgs/cmake)
-- Found visualization_msgs: 2.0.5 (/opt/ros/foxy/share/visualization_msgs/cmake)
-- Found openslam_gmapping: 0.1.2 (/home/sakshi/ClutterBot/src/install/openslam_gmapping/share/openslam_gmapping/cmake)
-- Found ament_lint_auto: 0.9.8 (/opt/ros/foxy/share/ament_lint_auto/cmake)
-- Added test 'cppcheck' to perform static code analysis on C / C++ code
-- Configured cppcheck include dirs: /home/sakshi/ClutterBot/src/slam_gmapping/slam_gmapping/include
-- Configured cppcheck exclude dirs and/or files: 
-- Added test 'flake8' to check Python code syntax and style conventions
-- Added test 'lint_cmake' to check CMake code style
-- Added test 'pep257' to check Python code against some of the style conventions in PEP 257
-- Added test 'uncrustify' to check C / C++ code style
-- Configured uncrustify additional arguments: 
-- Added test 'xmllint' to check XML markup files
-- Configuring done
-- Generating done
-- Build files have been written to: /home/sakshi/ClutterBot/src/build/slam_gmapping
[35m[1mScanning dependencies of target slam_gmapping[0m
[ 50%] [32mBuilding CXX object CMakeFiles/slam_gmapping.dir/src/slam_gmapping.cpp.o[0m
In file included from /home/sakshi/ClutterBot/src/install/openslam_gmapping/include/gmapping/gridfastslam/gridslamprocessor.h:9,
                 from /home/sakshi/ClutterBot/src/slam_gmapping/slam_gmapping/include/slam_gmapping/slam_gmapping.h:45,
                 from /home/sakshi/ClutterBot/src/slam_gmapping/slam_gmapping/src/slam_gmapping.cpp:24:
/home/sakshi/ClutterBot/src/install/openslam_gmapping/include/gmapping/particlefilter/particlefilter.h: In function ‘void rle(OutputIterator&, const Iterator&, const Iterator&)’:
/home/sakshi/ClutterBot/src/install/openslam_gmapping/include/gmapping/particlefilter/particlefilter.h:140:2: warning: this ‘if’ clause does not guard... [-Wmisleading-indentation]
  140 |  if (count>0)
      |  ^~
/home/sakshi/ClutterBot/src/install/openslam_gmapping/include/gmapping/particlefilter/particlefilter.h:142:3: note: ...this statement, but the latter is misleadingly indented as if it were guarded by the ‘if’
  142 |   out++;
      |   ^~~
In file included from /home/sakshi/ClutterBot/src/install/openslam_gmapping/include/gmapping/gridfastslam/gridslamprocessor.h:10,
                 from /home/sakshi/ClutterBot/src/slam_gmapping/slam_gmapping/include/slam_gmapping/slam_gmapping.h:45,
                 from /home/sakshi/ClutterBot/src/slam_gmapping/slam_gmapping/src/slam_gmapping.cpp:24:
/home/sakshi/ClutterBot/src/install/openslam_gmapping/include/gmapping/utils/point.h: At global scope:
/home/sakshi/ClutterBot/src/install/openslam_gmapping/include/gmapping/utils/point.h:205:2: warning: extra ‘;’ [-Wpedantic]
  205 | }; //end namespace
      |  ^
In file included from /home/sakshi/ClutterBot/src/install/openslam_gmapping/include/gmapping/sensor/sensor_base/sensorreading.h:4,
                 from /home/sakshi/ClutterBot/src/install/openslam_gmapping/include/gmapping/log/sensorlog.h:6,
                 from /home/sakshi/ClutterBot/src/install/openslam_gmapping/include/gmapping/gridfastslam/gridslamprocessor.h:12,
                 from /home/sakshi/ClutterBot/src/slam_gmapping/slam_gmapping/include/slam_gmapping/slam_gmapping.h:45,
                 from /home/sakshi/ClutterBot/src/slam_gmapping/slam_gmapping/src/slam_gmapping.cpp:24:
/home/sakshi/ClutterBot/src/install/openslam_gmapping/include/gmapping/sensor/sensor_base/sensor.h:21:2: warning: extra ‘;’ [-Wpedantic]
   21 | }; //end namespace
      |  ^
In file included from /home/sakshi/ClutterBot/src/install/openslam_gmapping/include/gmapping/log/sensorlog.h:6,
                 from /home/sakshi/ClutterBot/src/install/openslam_gmapping/include/gmapping/gridfastslam/gridslamprocessor.h:12,
                 from /home/sakshi/ClutterBot/src/slam_gmapping/slam_gmapping/include/slam_gmapping/slam_gmapping.h:45,
                 from /home/sakshi/ClutterBot/src/slam_gmapping/slam_gmapping/src/slam_gmapping.cpp:24:
/home/sakshi/ClutterBot/src/install/openslam_gmapping/include/gmapping/sensor/sensor_base/sensorreading.h:23:2: warning: extra ‘;’ [-Wpedantic]
   23 | }; //end namespace
      |  ^
In file included from /home/sakshi/ClutterBot/src/install/openslam_gmapping/include/gmapping/log/sensorlog.h:7,
                 from /home/sakshi/ClutterBot/src/install/openslam_gmapping/include/gmapping/gridfastslam/gridslamprocessor.h:12,
                 from /home/sakshi/ClutterBot/src/slam_gmapping/slam_gmapping/include/slam_gmapping/slam_gmapping.h:45,
                 from /home/sakshi/ClutterBot/src/slam_gmapping/slam_gmapping/src/slam_gmapping.cpp:24:
/home/sakshi/ClutterBot/src/install/openslam_gmapping/include/gmapping/sensor/sensor_odometry/odometrysensor.h:17:2: warning: extra ‘;’ [-Wpedantic]
   17 | };
      |  ^
In file included from /home/sakshi/ClutterBot/src/install/openslam_gmapping/include/gmapping/log/sensorlog.h:8,
                 from /home/sakshi/ClutterBot/src/install/openslam_gmapping/include/gmapping/gridfastslam/gridslamprocessor.h:12,
                 from /home/sakshi/ClutterBot/src/slam_gmapping/slam_gmapping/include/slam_gmapping/slam_gmapping.h:45,
                 from /home/sakshi/ClutterBot/src/slam_gmapping/slam_gmapping/src/slam_gmapping.cpp:24:
/home/sakshi/ClutterBot/src/install/openslam_gmapping/include/gmapping/sensor/sensor_range/rangesensor.h:33:2: warning: extra ‘;’ [-Wpedantic]
   33 | };
      |  ^
In file included from /home/sakshi/ClutterBot/src/install/openslam_gmapping/include/gmapping/log/sensorlog.h:9,
                 from /home/sakshi/ClutterBot/src/install/openslam_gmapping/include/gmapping/gridfastslam/gridslamprocessor.h:12,
                 from /home/sakshi/ClutterBot/src/slam_gmapping/slam_gmapping/include/slam_gmapping/slam_gmapping.h:45,
                 from /home/sakshi/ClutterBot/src/slam_gmapping/slam_gmapping/src/slam_gmapping.cpp:24:
/home/sakshi/ClutterBot/src/install/openslam_gmapping/include/gmapping/sensor/sensor_odometry/odometryreading.h:27:2: warning: extra ‘;’ [-Wpedantic]
   27 | };
      |  ^
In file included from /home/sakshi/ClutterBot/src/install/openslam_gmapping/include/gmapping/log/sensorlog.h:10,
                 from /home/sakshi/ClutterBot/src/install/openslam_gmapping/include/gmapping/gridfastslam/gridslamprocessor.h:12,
                 from /home/sakshi/ClutterBot/src/slam_gmapping/slam_gmapping/include/slam_gmapping/slam_gmapping.h:45,
                 from /home/sakshi/ClutterBot/src/slam_gmapping/slam_gmapping/src/slam_gmapping.cpp:24:
/home/sakshi/ClutterBot/src/install/openslam_gmapping/include/gmapping/sensor/sensor_range/rangereading.h:24:2: warning: extra ‘;’ [-Wpedantic]
   24 | };
      |  ^
In file included from /home/sakshi/ClutterBot/src/install/openslam_gmapping/include/gmapping/log/sensorlog.h:11,
                 from /home/sakshi/ClutterBot/src/install/openslam_gmapping/include/gmapping/gridfastslam/gridslamprocessor.h:12,
                 from /home/sakshi/ClutterBot/src/slam_gmapping/slam_gmapping/include/slam_gmapping/slam_gmapping.h:45,
                 from /home/sakshi/ClutterBot/src/slam_gmapping/slam_gmapping/src/slam_gmapping.cpp:24:
/home/sakshi/ClutterBot/src/install/openslam_gmapping/include/gmapping/log/configuration.h:15:2: warning: extra ‘;’ [-Wpedantic]
   15 | };
      |  ^
In file included from /home/sakshi/ClutterBot/src/install/openslam_gmapping/include/gmapping/gridfastslam/gridslamprocessor.h:12,
                 from /home/sakshi/ClutterBot/src/slam_gmapping/slam_gmapping/include/slam_gmapping/slam_gmapping.h:45,
                 from /home/sakshi/ClutterBot/src/slam_gmapping/slam_gmapping/src/slam_gmapping.cpp:24:
/home/sakshi/ClutterBot/src/install/openslam_gmapping/include/gmapping/log/sensorlog.h:27:2: warning: extra ‘;’ [-Wpedantic]
   27 | };
      |  ^
In file included from /home/sakshi/ClutterBot/src/install/openslam_gmapping/include/gmapping/grid/map.h:5,
                 from /home/sakshi/ClutterBot/src/install/openslam_gmapping/include/gmapping/scanmatcher/smmap.h:3,
                 from /home/sakshi/ClutterBot/src/install/openslam_gmapping/include/gmapping/scanmatcher/scanmatcher.h:5,
                 from /home/sakshi/ClutterBot/src/install/openslam_gmapping/include/gmapping/gridfastslam/gridslamprocessor.h:15,
                 from /home/sakshi/ClutterBot/src/slam_gmapping/slam_gmapping/include/slam_gmapping/slam_gmapping.h:45,
                 from /home/sakshi/ClutterBot/src/slam_gmapping/slam_gmapping/src/slam_gmapping.cpp:24:
/home/sakshi/ClutterBot/src/install/openslam_gmapping/include/gmapping/grid/accessstate.h:6:2: warning: extra ‘;’ [-Wpedantic]
    6 | };
      |  ^
In file included from /home/sakshi/ClutterBot/src/install/openslam_gmapping/include/gmapping/grid/map.h:6,
                 from /home/sakshi/ClutterBot/src/install/openslam_gmapping/include/gmapping/scanmatcher/smmap.h:3,
                 from /home/sakshi/ClutterBot/src/install/openslam_gmapping/include/gmapping/scanmatcher/scanmatcher.h:5,
                 from /home/sakshi/ClutterBot/src/install/openslam_gmapping/include/gmapping/gridfastslam/gridslamprocessor.h:15,
                 from /home/sakshi/ClutterBot/src/slam_gmapping/slam_gmapping/include/slam_gmapping/slam_gmapping.h:45,
                 from /home/sakshi/ClutterBot/src/slam_gmapping/slam_gmapping/src/slam_gmapping.cpp:24:
/home/sakshi/ClutterBot/src/install/openslam_gmapping/include/gmapping/grid/array2d.h:185:2: warning: extra ‘;’ [-Wpedantic]
  185 | };
      |  ^
In file included from /home/sakshi/ClutterBot/src/install/openslam_gmapping/include/gmapping/scanmatcher/smmap.h:3,
                 from /home/sakshi/ClutterBot/src/install/openslam_gmapping/include/gmapping/scanmatcher/scanmatcher.h:5,
                 from /home/sakshi/ClutterBot/src/install/openslam_gmapping/include/gmapping/gridfastslam/gridslamprocessor.h:15,
                 from /home/sakshi/ClutterBot/src/slam_gmapping/slam_gmapping/include/slam_gmapping/slam_gmapping.h:45,
                 from /home/sakshi/ClutterBot/src/slam_gmapping/slam_gmapping/src/slam_gmapping.cpp:24:
/home/sakshi/ClutterBot/src/install/openslam_gmapping/include/gmapping/grid/map.h:262:2: warning: extra ‘;’ [-Wpedantic]
  262 | };
      |  ^
In file included from /home/sakshi/ClutterBot/src/install/openslam_gmapping/include/gmapping/grid/harray2d.h:5,
                 from /home/sakshi/ClutterBot/src/install/openslam_gmapping/include/gmapping/scanmatcher/smmap.h:4,
                 from /home/sakshi/ClutterBot/src/install/openslam_gmapping/include/gmapping/scanmatcher/scanmatcher.h:5,
                 from /home/sakshi/ClutterBot/src/install/openslam_gmapping/include/gmapping/gridfastslam/gridslamprocessor.h:15,
                 from /home/sakshi/ClutterBot/src/slam_gmapping/slam_gmapping/include/slam_gmapping/slam_gmapping.h:45,
                 from /home/sakshi/ClutterBot/src/slam_gmapping/slam_gmapping/src/slam_gmapping.cpp:24:
/home/sakshi/ClutterBot/src/install/openslam_gmapping/include/gmapping/utils/autoptr.h:96:2: warning: extra ‘;’ [-Wpedantic]
   96 | };
      |  ^
In file included from /home/sakshi/ClutterBot/src/install/openslam_gmapping/include/gmapping/scanmatcher/smmap.h:4,
                 from /home/sakshi/ClutterBot/src/install/openslam_gmapping/include/gmapping/scanmatcher/scanmatcher.h:5,
                 from /home/sakshi/ClutterBot/src/install/openslam_gmapping/include/gmapping/gridfastslam/gridslamprocessor.h:15,
                 from /home/sakshi/ClutterBot/src/slam_gmapping/slam_gmapping/include/slam_gmapping/slam_gmapping.h:45,
                 from /home/sakshi/ClutterBot/src/slam_gmapping/slam_gmapping/src/slam_gmapping.cpp:24:
/home/sakshi/ClutterBot/src/install/openslam_gmapping/include/gmapping/grid/harray2d.h:197:2: warning: extra ‘;’ [-Wpedantic]
  197 | };
      |  ^
In file included from /home/sakshi/ClutterBot/src/install/openslam_gmapping/include/gmapping/scanmatcher/scanmatcher.h:5,
                 from /home/sakshi/ClutterBot/src/install/openslam_gmapping/include/gmapping/gridfastslam/gridslamprocessor.h:15,
                 from /home/sakshi/ClutterBot/src/slam_gmapping/slam_gmapping/include/slam_gmapping/slam_gmapping.h:45,
                 from /home/sakshi/ClutterBot/src/slam_gmapping/slam_gmapping/src/slam_gmapping.cpp:24:
/home/sakshi/ClutterBot/src/install/openslam_gmapping/include/gmapping/scanmatcher/smmap.h:52:2: warning: extra ‘;’ [-Wpedantic]
   52 | };
      |  ^
In file included from /home/sakshi/ClutterBot/src/install/openslam_gmapping/include/gmapping/scanmatcher/scanmatcher.h:7,
                 from /home/sakshi/ClutterBot/src/install/openslam_gmapping/include/gmapping/gridfastslam/gridslamprocessor.h:15,
                 from /home/sakshi/ClutterBot/src/slam_gmapping/slam_gmapping/include/slam_gmapping/slam_gmapping.h:45,
                 from /home/sakshi/ClutterBot/src/slam_gmapping/slam_gmapping/src/slam_gmapping.cpp:24:
/home/sakshi/ClutterBot/src/install/openslam_gmapping/include/gmapping/utils/stat.h:145:2: warning: extra ‘;’ [-Wpedantic]
  145 | }; //end namespace
      |  ^
In file included from /home/sakshi/ClutterBot/src/install/openslam_gmapping/include/gmapping/gridfastslam/gridslamprocessor.h:15,
                 from /home/sakshi/ClutterBot/src/slam_gmapping/slam_gmapping/include/slam_gmapping/slam_gmapping.h:45,
                 from /home/sakshi/ClutterBot/src/slam_gmapping/slam_gmapping/src/slam_gmapping.cpp:24:
/home/sakshi/ClutterBot/src/install/openslam_gmapping/include/gmapping/scanmatcher/scanmatcher.h:250:2: warning: extra ‘;’ [-Wpedantic]
  250 | };
      |  ^
In file included from /home/sakshi/ClutterBot/src/install/openslam_gmapping/include/gmapping/gridfastslam/gridslamprocessor.h:16,
                 from /home/sakshi/ClutterBot/src/slam_gmapping/slam_gmapping/include/slam_gmapping/slam_gmapping.h:45,
                 from /home/sakshi/ClutterBot/src/slam_gmapping/slam_gmapping/src/slam_gmapping.cpp:24:
/home/sakshi/ClutterBot/src/install/openslam_gmapping/include/gmapping/gridfastslam/motionmodel.h:17:2: warning: extra ‘;’ [-Wpedantic]
   17 | };
      |  ^
In file included from /home/sakshi/ClutterBot/src/slam_gmapping/slam_gmapping/include/slam_gmapping/slam_gmapping.h:45,
                 from /home/sakshi/ClutterBot/src/slam_gmapping/slam_gmapping/src/slam_gmapping.cpp:24:
/home/sakshi/ClutterBot/src/install/openslam_gmapping/include/gmapping/gridfastslam/gridslamprocessor.h:335:2: warning: extra ‘;’ [-Wpedantic]
  335 | };
      |  ^
[100%] [32m[1mLinking CXX executable slam_gmapping[0m
[100%] Built target slam_gmapping
-- Install configuration: ""
-- Installing: /home/sakshi/ClutterBot/src/install/slam_gmapping/lib/slam_gmapping/slam_gmapping
-- Set runtime path of "/home/sakshi/ClutterBot/src/install/slam_gmapping/lib/slam_gmapping/slam_gmapping" to ""
-- Installing: /home/sakshi/ClutterBot/src/install/slam_gmapping/share/slam_gmapping/launch
-- Installing: /home/sakshi/ClutterBot/src/install/slam_gmapping/share/slam_gmapping/launch/slam_gmapping.launch.py
-- Installing: /home/sakshi/ClutterBot/src/install/slam_gmapping/share/ament_index/resource_index/package_run_dependencies/slam_gmapping
-- Installing: /home/sakshi/ClutterBot/src/install/slam_gmapping/share/ament_index/resource_index/parent_prefix_path/slam_gmapping
-- Installing: /home/sakshi/ClutterBot/src/install/slam_gmapping/share/slam_gmapping/environment/ament_prefix_path.sh
-- Installing: /home/sakshi/ClutterBot/src/install/slam_gmapping/share/slam_gmapping/environment/ament_prefix_path.dsv
-- Installing: /home/sakshi/ClutterBot/src/install/slam_gmapping/share/slam_gmapping/environment/path.sh
-- Installing: /home/sakshi/ClutterBot/src/install/slam_gmapping/share/slam_gmapping/environment/path.dsv
-- Installing: /home/sakshi/ClutterBot/src/install/slam_gmapping/share/slam_gmapping/local_setup.bash
-- Installing: /home/sakshi/ClutterBot/src/install/slam_gmapping/share/slam_gmapping/local_setup.sh
-- Installing: /home/sakshi/ClutterBot/src/install/slam_gmapping/share/slam_gmapping/local_setup.zsh
-- Installing: /home/sakshi/ClutterBot/src/install/slam_gmapping/share/slam_gmapping/local_setup.dsv
-- Installing: /home/sakshi/ClutterBot/src/install/slam_gmapping/share/slam_gmapping/package.dsv
-- Installing: /home/sakshi/ClutterBot/src/install/slam_gmapping/share/ament_index/resource_index/packages/slam_gmapping
-- Installing: /home/sakshi/ClutterBot/src/install/slam_gmapping/share/slam_gmapping/cmake/slam_gmappingConfig.cmake
-- Installing: /home/sakshi/ClutterBot/src/install/slam_gmapping/share/slam_gmapping/cmake/slam_gmappingConfig-version.cmake
-- Installing: /home/sakshi/ClutterBot/src/install/slam_gmapping/share/slam_gmapping/package.xml
