[0.148s] Invoking command in '/home/sakshi/ClutterBot/src/build/turtlebot3_cartographer': CMAKE_PREFIX_PATH=${CMAKE_PREFIX_PATH}:/home/sakshi/ClutterBot/install/turtlebot3_teleop:/home/sakshi/ClutterBot/install/turtlebot3_example:/opt/ros/foxy /usr/bin/cmake /home/sakshi/ClutterBot/src/turtlebot3/turtlebot3/turtlebot3_cartographer -DCMAKE_INSTALL_PREFIX=/home/sakshi/ClutterBot/src/install/turtlebot3_cartographer
[9.217s] -- The C compiler identification is GNU 9.4.0
[9.217s] -- The CXX compiler identification is GNU 9.4.0
[9.219s] -- Check for working C compiler: /usr/lib/ccache/cc
[9.220s] -- Check for working C compiler: /usr/lib/ccache/cc -- works
[9.220s] -- Detecting C compiler ABI info
[9.220s] -- Detecting C compiler ABI info - done
[9.220s] -- Detecting C compile features
[9.220s] -- Detecting C compile features - done
[9.221s] -- Check for working CXX compiler: /usr/lib/ccache/c++
[9.221s] -- Check for working CXX compiler: /usr/lib/ccache/c++ -- works
[9.222s] -- Detecting CXX compiler ABI info
[9.223s] -- Detecting CXX compiler ABI info - done
[9.225s] -- Detecting CXX compile features
[9.226s] -- Detecting CXX compile features - done
[9.226s] -- Found ament_cmake: 0.9.12 (/opt/ros/foxy/share/ament_cmake/cmake)
[9.226s] -- Found PythonInterp: /usr/bin/python3 (found suitable version "3.8.10", minimum required is "3") 
[9.226s] -- Using PYTHON_EXECUTABLE: /usr/bin/python3
[9.226s] -- Configuring done
[9.226s] -- Generating done
[9.226s] -- Build files have been written to: /home/sakshi/ClutterBot/src/build/turtlebot3_cartographer
[9.237s] Invoked command in '/home/sakshi/ClutterBot/src/build/turtlebot3_cartographer' returned '0': CMAKE_PREFIX_PATH=${CMAKE_PREFIX_PATH}:/home/sakshi/ClutterBot/install/turtlebot3_teleop:/home/sakshi/ClutterBot/install/turtlebot3_example:/opt/ros/foxy /usr/bin/cmake /home/sakshi/ClutterBot/src/turtlebot3/turtlebot3/turtlebot3_cartographer -DCMAKE_INSTALL_PREFIX=/home/sakshi/ClutterBot/src/install/turtlebot3_cartographer
[9.241s] Invoking command in '/home/sakshi/ClutterBot/src/build/turtlebot3_cartographer': CMAKE_PREFIX_PATH=${CMAKE_PREFIX_PATH}:/home/sakshi/ClutterBot/install/turtlebot3_teleop:/home/sakshi/ClutterBot/install/turtlebot3_example:/opt/ros/foxy /usr/bin/cmake --build /home/sakshi/ClutterBot/src/build/turtlebot3_cartographer -- -j8 -l8
[9.349s] Invoked command in '/home/sakshi/ClutterBot/src/build/turtlebot3_cartographer' returned '0': CMAKE_PREFIX_PATH=${CMAKE_PREFIX_PATH}:/home/sakshi/ClutterBot/install/turtlebot3_teleop:/home/sakshi/ClutterBot/install/turtlebot3_example:/opt/ros/foxy /usr/bin/cmake --build /home/sakshi/ClutterBot/src/build/turtlebot3_cartographer -- -j8 -l8
[9.483s] Invoking command in '/home/sakshi/ClutterBot/src/build/turtlebot3_cartographer': CMAKE_PREFIX_PATH=${CMAKE_PREFIX_PATH}:/home/sakshi/ClutterBot/install/turtlebot3_teleop:/home/sakshi/ClutterBot/install/turtlebot3_example:/opt/ros/foxy /usr/bin/cmake --install /home/sakshi/ClutterBot/src/build/turtlebot3_cartographer
[10.527s] -- Install configuration: ""
[10.527s] -- Installing: /home/sakshi/ClutterBot/src/install/turtlebot3_cartographer/share/turtlebot3_cartographer/config
[10.527s] -- Installing: /home/sakshi/ClutterBot/src/install/turtlebot3_cartographer/share/turtlebot3_cartographer/config/turtlebot3_lds_2d.lua
[10.527s] -- Installing: /home/sakshi/ClutterBot/src/install/turtlebot3_cartographer/share/turtlebot3_cartographer/launch
[10.528s] -- Installing: /home/sakshi/ClutterBot/src/install/turtlebot3_cartographer/share/turtlebot3_cartographer/launch/occupancy_grid.launch.py
[10.528s] -- Installing: /home/sakshi/ClutterBot/src/install/turtlebot3_cartographer/share/turtlebot3_cartographer/launch/cartographer.launch.py
[10.528s] -- Installing: /home/sakshi/ClutterBot/src/install/turtlebot3_cartographer/share/turtlebot3_cartographer/rviz
[10.528s] -- Installing: /home/sakshi/ClutterBot/src/install/turtlebot3_cartographer/share/turtlebot3_cartographer/rviz/tb3_cartographer.rviz
[10.528s] -- Installing: /home/sakshi/ClutterBot/src/install/turtlebot3_cartographer/share/ament_index/resource_index/package_run_dependencies/turtlebot3_cartographer
[10.528s] -- Installing: /home/sakshi/ClutterBot/src/install/turtlebot3_cartographer/share/ament_index/resource_index/parent_prefix_path/turtlebot3_cartographer
[10.528s] -- Installing: /home/sakshi/ClutterBot/src/install/turtlebot3_cartographer/share/turtlebot3_cartographer/environment/ament_prefix_path.sh
[10.528s] -- Installing: /home/sakshi/ClutterBot/src/install/turtlebot3_cartographer/share/turtlebot3_cartographer/environment/ament_prefix_path.dsv
[10.529s] -- Installing: /home/sakshi/ClutterBot/src/install/turtlebot3_cartographer/share/turtlebot3_cartographer/environment/path.sh
[10.529s] -- Installing: /home/sakshi/ClutterBot/src/install/turtlebot3_cartographer/share/turtlebot3_cartographer/environment/path.dsv
[10.529s] -- Installing: /home/sakshi/ClutterBot/src/install/turtlebot3_cartographer/share/turtlebot3_cartographer/local_setup.bash
[10.529s] -- Installing: /home/sakshi/ClutterBot/src/install/turtlebot3_cartographer/share/turtlebot3_cartographer/local_setup.sh
[10.529s] -- Installing: /home/sakshi/ClutterBot/src/install/turtlebot3_cartographer/share/turtlebot3_cartographer/local_setup.zsh
[10.529s] -- Installing: /home/sakshi/ClutterBot/src/install/turtlebot3_cartographer/share/turtlebot3_cartographer/local_setup.dsv
[10.529s] -- Installing: /home/sakshi/ClutterBot/src/install/turtlebot3_cartographer/share/turtlebot3_cartographer/package.dsv
[10.529s] -- Installing: /home/sakshi/ClutterBot/src/install/turtlebot3_cartographer/share/ament_index/resource_index/packages/turtlebot3_cartographer
[10.529s] -- Installing: /home/sakshi/ClutterBot/src/install/turtlebot3_cartographer/share/turtlebot3_cartographer/cmake/turtlebot3_cartographerConfig.cmake
[10.529s] -- Installing: /home/sakshi/ClutterBot/src/install/turtlebot3_cartographer/share/turtlebot3_cartographer/cmake/turtlebot3_cartographerConfig-version.cmake
[10.530s] -- Installing: /home/sakshi/ClutterBot/src/install/turtlebot3_cartographer/share/turtlebot3_cartographer/package.xml
[11.445s] Invoked command in '/home/sakshi/ClutterBot/src/build/turtlebot3_cartographer' returned '0': CMAKE_PREFIX_PATH=${CMAKE_PREFIX_PATH}:/home/sakshi/ClutterBot/install/turtlebot3_teleop:/home/sakshi/ClutterBot/install/turtlebot3_example:/opt/ros/foxy /usr/bin/cmake --install /home/sakshi/ClutterBot/src/build/turtlebot3_cartographer
