[0.067s] Invoking command in '/home/sakshi/ClutterBot/build/turtlebot3_gazebo': CMAKE_PREFIX_PATH=/home/sakshi/ClutterBot/install/turtlebot3_description:/home/sakshi/ClutterBot/install/turtlebot3:/home/sakshi/ClutterBot/install/turtlebot3_simulations:/home/sakshi/ClutterBot/install/turtlebot3_bringup:/home/sakshi/ClutterBot/install/turtlebot3_node:/home/sakshi/ClutterBot/install/turtlebot3_navigation2:/home/sakshi/ClutterBot/install/turtlebot3_fake_node:/home/sakshi/ClutterBot/install/turtlebot3_msgs:/home/sakshi/ClutterBot/install/turtlebot3_gazebo:/home/sakshi/ClutterBot/install/turtlebot3_cartographer:/home/sakshi/ClutterBot/install/task:/home/sakshi/ClutterBot/install/hls_lfcd_lds_driver:/home/sakshi/ClutterBot/install/dynamixel_sdk_examples:/home/sakshi/ClutterBot/install/dynamixel_sdk_custom_interfaces:/home/sakshi/ClutterBot/install/dynamixel_sdk:/home/sakshi/ClutterBot/install/turtlebot3_teleop:/home/sakshi/ClutterBot/install/turtlebot3_example:/opt/ros/foxy /usr/bin/cmake --build /home/sakshi/ClutterBot/build/turtlebot3_gazebo -- -j8 -l8
[1.070s] [ 25%] Built target turtlebot3_drive
[1.986s] [100%] Built target obstacle2
[1.987s] [100%] Built target obstacle1
[1.987s] [100%] Built target obstacles
[1.998s] Invoked command in '/home/sakshi/ClutterBot/build/turtlebot3_gazebo' returned '0': CMAKE_PREFIX_PATH=/home/sakshi/ClutterBot/install/turtlebot3_description:/home/sakshi/ClutterBot/install/turtlebot3:/home/sakshi/ClutterBot/install/turtlebot3_simulations:/home/sakshi/ClutterBot/install/turtlebot3_bringup:/home/sakshi/ClutterBot/install/turtlebot3_node:/home/sakshi/ClutterBot/install/turtlebot3_navigation2:/home/sakshi/ClutterBot/install/turtlebot3_fake_node:/home/sakshi/ClutterBot/install/turtlebot3_msgs:/home/sakshi/ClutterBot/install/turtlebot3_gazebo:/home/sakshi/ClutterBot/install/turtlebot3_cartographer:/home/sakshi/ClutterBot/install/task:/home/sakshi/ClutterBot/install/hls_lfcd_lds_driver:/home/sakshi/ClutterBot/install/dynamixel_sdk_examples:/home/sakshi/ClutterBot/install/dynamixel_sdk_custom_interfaces:/home/sakshi/ClutterBot/install/dynamixel_sdk:/home/sakshi/ClutterBot/install/turtlebot3_teleop:/home/sakshi/ClutterBot/install/turtlebot3_example:/opt/ros/foxy /usr/bin/cmake --build /home/sakshi/ClutterBot/build/turtlebot3_gazebo -- -j8 -l8
[2.028s] Invoking command in '/home/sakshi/ClutterBot/build/turtlebot3_gazebo': CMAKE_PREFIX_PATH=/home/sakshi/ClutterBot/install/turtlebot3_description:/home/sakshi/ClutterBot/install/turtlebot3:/home/sakshi/ClutterBot/install/turtlebot3_simulations:/home/sakshi/ClutterBot/install/turtlebot3_bringup:/home/sakshi/ClutterBot/install/turtlebot3_node:/home/sakshi/ClutterBot/install/turtlebot3_navigation2:/home/sakshi/ClutterBot/install/turtlebot3_fake_node:/home/sakshi/ClutterBot/install/turtlebot3_msgs:/home/sakshi/ClutterBot/install/turtlebot3_gazebo:/home/sakshi/ClutterBot/install/turtlebot3_cartographer:/home/sakshi/ClutterBot/install/task:/home/sakshi/ClutterBot/install/hls_lfcd_lds_driver:/home/sakshi/ClutterBot/install/dynamixel_sdk_examples:/home/sakshi/ClutterBot/install/dynamixel_sdk_custom_interfaces:/home/sakshi/ClutterBot/install/dynamixel_sdk:/home/sakshi/ClutterBot/install/turtlebot3_teleop:/home/sakshi/ClutterBot/install/turtlebot3_example:/opt/ros/foxy /usr/bin/cmake --install /home/sakshi/ClutterBot/build/turtlebot3_gazebo
[2.036s] -- Install configuration: ""
[2.095s] -- Up-to-date: /home/sakshi/ClutterBot/install/turtlebot3_gazebo/lib/turtlebot3_gazebo/turtlebot3_drive
[2.096s] -- Up-to-date: /home/sakshi/ClutterBot/install/turtlebot3_gazebo/share/turtlebot3_gazebo//launch
[2.097s] -- Up-to-date: /home/sakshi/ClutterBot/install/turtlebot3_gazebo/share/turtlebot3_gazebo//launch/turtlebot3_dqn_stage2.launch.py
[2.098s] -- Up-to-date: /home/sakshi/ClutterBot/install/turtlebot3_gazebo/share/turtlebot3_gazebo//launch/empty_world.launch.py
[2.098s] -- Up-to-date: /home/sakshi/ClutterBot/install/turtlebot3_gazebo/share/turtlebot3_gazebo//launch/turtlebot3_autorace.launch.py
[2.099s] -- Up-to-date: /home/sakshi/ClutterBot/install/turtlebot3_gazebo/share/turtlebot3_gazebo//launch/turtlebot3_house.launch.py
[2.100s] -- Up-to-date: /home/sakshi/ClutterBot/install/turtlebot3_gazebo/share/turtlebot3_gazebo//launch/turtlebot3_dqn_stage4.launch.py
[2.100s] -- Up-to-date: /home/sakshi/ClutterBot/install/turtlebot3_gazebo/share/turtlebot3_gazebo//launch/turtlebot3_world.launch.py
[2.101s] -- Up-to-date: /home/sakshi/ClutterBot/install/turtlebot3_gazebo/share/turtlebot3_gazebo//launch/turtlebot3_dqn_stage3.launch.py
[2.101s] -- Up-to-date: /home/sakshi/ClutterBot/install/turtlebot3_gazebo/share/turtlebot3_gazebo//launch/robot_state_publisher.launch.py
[2.102s] -- Up-to-date: /home/sakshi/ClutterBot/install/turtlebot3_gazebo/share/turtlebot3_gazebo//launch/turtlebot3_dqn_stage1.launch.py
[2.103s] -- Up-to-date: /home/sakshi/ClutterBot/install/turtlebot3_gazebo/share/turtlebot3_gazebo//models
[2.104s] -- Up-to-date: /home/sakshi/ClutterBot/install/turtlebot3_gazebo/share/turtlebot3_gazebo//models/turtlebot3_house
[2.104s] -- Up-to-date: /home/sakshi/ClutterBot/install/turtlebot3_gazebo/share/turtlebot3_gazebo//models/turtlebot3_house/model.config
[2.105s] -- Up-to-date: /home/sakshi/ClutterBot/install/turtlebot3_gazebo/share/turtlebot3_gazebo//models/turtlebot3_house/model.sdf
[2.108s] -- Up-to-date: /home/sakshi/ClutterBot/install/turtlebot3_gazebo/share/turtlebot3_gazebo//models/turtlebot3_autorace
[2.108s] -- Up-to-date: /home/sakshi/ClutterBot/install/turtlebot3_gazebo/share/turtlebot3_gazebo//models/turtlebot3_autorace/model.config
[2.108s] -- Up-to-date: /home/sakshi/ClutterBot/install/turtlebot3_gazebo/share/turtlebot3_gazebo//models/turtlebot3_autorace/course
[2.109s] -- Up-to-date: /home/sakshi/ClutterBot/install/turtlebot3_gazebo/share/turtlebot3_gazebo//models/turtlebot3_autorace/course/model.config
[2.109s] -- Up-to-date: /home/sakshi/ClutterBot/install/turtlebot3_gazebo/share/turtlebot3_gazebo//models/turtlebot3_autorace/course/materials
[2.110s] -- Up-to-date: /home/sakshi/ClutterBot/install/turtlebot3_gazebo/share/turtlebot3_gazebo//models/turtlebot3_autorace/course/materials/scripts
[2.110s] -- Up-to-date: /home/sakshi/ClutterBot/install/turtlebot3_gazebo/share/turtlebot3_gazebo//models/turtlebot3_autorace/course/materials/scripts/course.material
[2.110s] -- Up-to-date: /home/sakshi/ClutterBot/install/turtlebot3_gazebo/share/turtlebot3_gazebo//models/turtlebot3_autorace/course/materials/textures
[2.110s] -- Up-to-date: /home/sakshi/ClutterBot/install/turtlebot3_gazebo/share/turtlebot3_gazebo//models/turtlebot3_autorace/course/materials/textures/course.png
[2.110s] -- Up-to-date: /home/sakshi/ClutterBot/install/turtlebot3_gazebo/share/turtlebot3_gazebo//models/turtlebot3_autorace/course/model.sdf
[2.110s] -- Up-to-date: /home/sakshi/ClutterBot/install/turtlebot3_gazebo/share/turtlebot3_gazebo//models/turtlebot3_autorace/traffic_stop
[2.111s] -- Up-to-date: /home/sakshi/ClutterBot/install/turtlebot3_gazebo/share/turtlebot3_gazebo//models/turtlebot3_autorace/traffic_stop/model.config
[2.111s] -- Up-to-date: /home/sakshi/ClutterBot/install/turtlebot3_gazebo/share/turtlebot3_gazebo//models/turtlebot3_autorace/traffic_stop/materials
[2.111s] -- Up-to-date: /home/sakshi/ClutterBot/install/turtlebot3_gazebo/share/turtlebot3_gazebo//models/turtlebot3_autorace/traffic_stop/materials/scripts
[2.111s] -- Up-to-date: /home/sakshi/ClutterBot/install/turtlebot3_gazebo/share/turtlebot3_gazebo//models/turtlebot3_autorace/traffic_stop/materials/scripts/traffic_stop.material
[2.111s] -- Up-to-date: /home/sakshi/ClutterBot/install/turtlebot3_gazebo/share/turtlebot3_gazebo//models/turtlebot3_autorace/traffic_stop/materials/textures
[2.111s] -- Up-to-date: /home/sakshi/ClutterBot/install/turtlebot3_gazebo/share/turtlebot3_gazebo//models/turtlebot3_autorace/traffic_stop/materials/textures/traffic_stop.png
[2.111s] -- Up-to-date: /home/sakshi/ClutterBot/install/turtlebot3_gazebo/share/turtlebot3_gazebo//models/turtlebot3_autorace/traffic_stop/model.sdf
[2.111s] -- Up-to-date: /home/sakshi/ClutterBot/install/turtlebot3_gazebo/share/turtlebot3_gazebo//models/turtlebot3_autorace/traffic_light_red
[2.111s] -- Up-to-date: /home/sakshi/ClutterBot/install/turtlebot3_gazebo/share/turtlebot3_gazebo//models/turtlebot3_autorace/traffic_light_red/model.config
[2.111s] -- Up-to-date: /home/sakshi/ClutterBot/install/turtlebot3_gazebo/share/turtlebot3_gazebo//models/turtlebot3_autorace/traffic_light_red/model.sdf
[2.111s] -- Up-to-date: /home/sakshi/ClutterBot/install/turtlebot3_gazebo/share/turtlebot3_gazebo//models/turtlebot3_autorace/ground
[2.112s] -- Up-to-date: /home/sakshi/ClutterBot/install/turtlebot3_gazebo/share/turtlebot3_gazebo//models/turtlebot3_autorace/ground/model.config
[2.112s] -- Up-to-date: /home/sakshi/ClutterBot/install/turtlebot3_gazebo/share/turtlebot3_gazebo//models/turtlebot3_autorace/ground/model.sdf
[2.112s] -- Up-to-date: /home/sakshi/ClutterBot/install/turtlebot3_gazebo/share/turtlebot3_gazebo//models/turtlebot3_autorace/lights
[2.112s] -- Up-to-date: /home/sakshi/ClutterBot/install/turtlebot3_gazebo/share/turtlebot3_gazebo//models/turtlebot3_autorace/lights/model.config
[2.112s] -- Up-to-date: /home/sakshi/ClutterBot/install/turtlebot3_gazebo/share/turtlebot3_gazebo//models/turtlebot3_autorace/lights/model.sdf
[2.112s] -- Up-to-date: /home/sakshi/ClutterBot/install/turtlebot3_gazebo/share/turtlebot3_gazebo//models/turtlebot3_autorace/traffic_tunnel
[2.112s] -- Up-to-date: /home/sakshi/ClutterBot/install/turtlebot3_gazebo/share/turtlebot3_gazebo//models/turtlebot3_autorace/traffic_tunnel/model.config
[2.113s] -- Up-to-date: /home/sakshi/ClutterBot/install/turtlebot3_gazebo/share/turtlebot3_gazebo//models/turtlebot3_autorace/traffic_tunnel/materials
[2.113s] -- Up-to-date: /home/sakshi/ClutterBot/install/turtlebot3_gazebo/share/turtlebot3_gazebo//models/turtlebot3_autorace/traffic_tunnel/materials/scripts
[2.113s] -- Up-to-date: /home/sakshi/ClutterBot/install/turtlebot3_gazebo/share/turtlebot3_gazebo//models/turtlebot3_autorace/traffic_tunnel/materials/scripts/tunnel.material
[2.113s] -- Up-to-date: /home/sakshi/ClutterBot/install/turtlebot3_gazebo/share/turtlebot3_gazebo//models/turtlebot3_autorace/traffic_tunnel/materials/textures
[2.113s] -- Up-to-date: /home/sakshi/ClutterBot/install/turtlebot3_gazebo/share/turtlebot3_gazebo//models/turtlebot3_autorace/traffic_tunnel/materials/textures/tunnel.png
[2.113s] -- Up-to-date: /home/sakshi/ClutterBot/install/turtlebot3_gazebo/share/turtlebot3_gazebo//models/turtlebot3_autorace/traffic_tunnel/model.sdf
[2.113s] -- Up-to-date: /home/sakshi/ClutterBot/install/turtlebot3_gazebo/share/turtlebot3_gazebo//models/turtlebot3_autorace/tunnel_obstacles
[2.113s] -- Up-to-date: /home/sakshi/ClutterBot/install/turtlebot3_gazebo/share/turtlebot3_gazebo//models/turtlebot3_autorace/tunnel_obstacles/model.config
[2.113s] -- Up-to-date: /home/sakshi/ClutterBot/install/turtlebot3_gazebo/share/turtlebot3_gazebo//models/turtlebot3_autorace/tunnel_obstacles/model.sdf
[2.114s] -- Up-to-date: /home/sakshi/ClutterBot/install/turtlebot3_gazebo/share/turtlebot3_gazebo//models/turtlebot3_autorace/traffic_light_green
[2.118s] -- Up-to-date: /home/sakshi/ClutterBot/install/turtlebot3_gazebo/share/turtlebot3_gazebo//models/turtlebot3_autorace/traffic_light_green/model.config
[2.118s] -- Up-to-date: /home/sakshi/ClutterBot/install/turtlebot3_gazebo/share/turtlebot3_gazebo//models/turtlebot3_autorace/traffic_light_green/model.sdf
[2.118s] -- Up-to-date: /home/sakshi/ClutterBot/install/turtlebot3_gazebo/share/turtlebot3_gazebo//models/turtlebot3_autorace/tunnel_wall
[2.118s] -- Up-to-date: /home/sakshi/ClutterBot/install/turtlebot3_gazebo/share/turtlebot3_gazebo//models/turtlebot3_autorace/tunnel_wall/model.config
[2.118s] -- Up-to-date: /home/sakshi/ClutterBot/install/turtlebot3_gazebo/share/turtlebot3_gazebo//models/turtlebot3_autorace/tunnel_wall/model.sdf
[2.118s] -- Up-to-date: /home/sakshi/ClutterBot/install/turtlebot3_gazebo/share/turtlebot3_gazebo//models/turtlebot3_autorace/traffic_light_yellow
[2.118s] -- Up-to-date: /home/sakshi/ClutterBot/install/turtlebot3_gazebo/share/turtlebot3_gazebo//models/turtlebot3_autorace/traffic_light_yellow/model.config
[2.119s] -- Up-to-date: /home/sakshi/ClutterBot/install/turtlebot3_gazebo/share/turtlebot3_gazebo//models/turtlebot3_autorace/traffic_light_yellow/model.sdf
[2.119s] -- Up-to-date: /home/sakshi/ClutterBot/install/turtlebot3_gazebo/share/turtlebot3_gazebo//models/turtlebot3_autorace/traffic_parking
[2.119s] -- Up-to-date: /home/sakshi/ClutterBot/install/turtlebot3_gazebo/share/turtlebot3_gazebo//models/turtlebot3_autorace/traffic_parking/model.config
[2.119s] -- Up-to-date: /home/sakshi/ClutterBot/install/turtlebot3_gazebo/share/turtlebot3_gazebo//models/turtlebot3_autorace/traffic_parking/materials
[2.119s] -- Up-to-date: /home/sakshi/ClutterBot/install/turtlebot3_gazebo/share/turtlebot3_gazebo//models/turtlebot3_autorace/traffic_parking/materials/scripts
[2.119s] -- Up-to-date: /home/sakshi/ClutterBot/install/turtlebot3_gazebo/share/turtlebot3_gazebo//models/turtlebot3_autorace/traffic_parking/materials/scripts/traffic_parking.material
[2.119s] -- Up-to-date: /home/sakshi/ClutterBot/install/turtlebot3_gazebo/share/turtlebot3_gazebo//models/turtlebot3_autorace/traffic_parking/materials/textures
[2.119s] -- Up-to-date: /home/sakshi/ClutterBot/install/turtlebot3_gazebo/share/turtlebot3_gazebo//models/turtlebot3_autorace/traffic_parking/materials/textures/traffic_parking.png
[2.119s] -- Up-to-date: /home/sakshi/ClutterBot/install/turtlebot3_gazebo/share/turtlebot3_gazebo//models/turtlebot3_autorace/traffic_parking/model.sdf
[2.119s] -- Up-to-date: /home/sakshi/ClutterBot/install/turtlebot3_gazebo/share/turtlebot3_gazebo//models/turtlebot3_autorace/traffic_bar_up
[2.120s] -- Up-to-date: /home/sakshi/ClutterBot/install/turtlebot3_gazebo/share/turtlebot3_gazebo//models/turtlebot3_autorace/traffic_bar_up/model.config
[2.120s] -- Up-to-date: /home/sakshi/ClutterBot/install/turtlebot3_gazebo/share/turtlebot3_gazebo//models/turtlebot3_autorace/traffic_bar_up/materials
[2.120s] -- Up-to-date: /home/sakshi/ClutterBot/install/turtlebot3_gazebo/share/turtlebot3_gazebo//models/turtlebot3_autorace/traffic_bar_up/materials/scripts
[2.120s] -- Up-to-date: /home/sakshi/ClutterBot/install/turtlebot3_gazebo/share/turtlebot3_gazebo//models/turtlebot3_autorace/traffic_bar_up/materials/scripts/traffic_bar.material
[2.120s] -- Up-to-date: /home/sakshi/ClutterBot/install/turtlebot3_gazebo/share/turtlebot3_gazebo//models/turtlebot3_autorace/traffic_bar_up/materials/textures
[2.120s] -- Up-to-date: /home/sakshi/ClutterBot/install/turtlebot3_gazebo/share/turtlebot3_gazebo//models/turtlebot3_autorace/traffic_bar_up/materials/textures/traffic_bar.png
[2.120s] -- Up-to-date: /home/sakshi/ClutterBot/install/turtlebot3_gazebo/share/turtlebot3_gazebo//models/turtlebot3_autorace/traffic_bar_up/model.sdf
[2.120s] -- Up-to-date: /home/sakshi/ClutterBot/install/turtlebot3_gazebo/share/turtlebot3_gazebo//models/turtlebot3_autorace/traffic_bar_down
[2.120s] -- Up-to-date: /home/sakshi/ClutterBot/install/turtlebot3_gazebo/share/turtlebot3_gazebo//models/turtlebot3_autorace/traffic_bar_down/model.config
[2.121s] -- Up-to-date: /home/sakshi/ClutterBot/install/turtlebot3_gazebo/share/turtlebot3_gazebo//models/turtlebot3_autorace/traffic_bar_down/materials
[2.121s] -- Up-to-date: /home/sakshi/ClutterBot/install/turtlebot3_gazebo/share/turtlebot3_gazebo//models/turtlebot3_autorace/traffic_bar_down/materials/scripts
[2.121s] -- Up-to-date: /home/sakshi/ClutterBot/install/turtlebot3_gazebo/share/turtlebot3_gazebo//models/turtlebot3_autorace/traffic_bar_down/materials/scripts/traffic_bar.material
[2.121s] -- Up-to-date: /home/sakshi/ClutterBot/install/turtlebot3_gazebo/share/turtlebot3_gazebo//models/turtlebot3_autorace/traffic_bar_down/materials/textures
[2.121s] -- Up-to-date: /home/sakshi/ClutterBot/install/turtlebot3_gazebo/share/turtlebot3_gazebo//models/turtlebot3_autorace/traffic_bar_down/materials/textures/traffic_bar.png
[2.121s] -- Up-to-date: /home/sakshi/ClutterBot/install/turtlebot3_gazebo/share/turtlebot3_gazebo//models/turtlebot3_autorace/traffic_bar_down/model.sdf
[2.121s] -- Up-to-date: /home/sakshi/ClutterBot/install/turtlebot3_gazebo/share/turtlebot3_gazebo//models/turtlebot3_waffle_pi
[2.121s] -- Up-to-date: /home/sakshi/ClutterBot/install/turtlebot3_gazebo/share/turtlebot3_gazebo//models/turtlebot3_waffle_pi/model.config
[2.121s] -- Up-to-date: /home/sakshi/ClutterBot/install/turtlebot3_gazebo/share/turtlebot3_gazebo//models/turtlebot3_waffle_pi/model-1_4_.sdf
[2.121s] -- Up-to-date: /home/sakshi/ClutterBot/install/turtlebot3_gazebo/share/turtlebot3_gazebo//models/turtlebot3_waffle_pi/meshes
[2.122s] -- Up-to-date: /home/sakshi/ClutterBot/install/turtlebot3_gazebo/share/turtlebot3_gazebo//models/turtlebot3_waffle_pi/meshes/tire.dae
[2.122s] -- Up-to-date: /home/sakshi/ClutterBot/install/turtlebot3_gazebo/share/turtlebot3_gazebo//models/turtlebot3_waffle_pi/meshes/lds.dae
[2.122s] -- Up-to-date: /home/sakshi/ClutterBot/install/turtlebot3_gazebo/share/turtlebot3_gazebo//models/turtlebot3_waffle_pi/meshes/waffle_pi_base.dae
[2.122s] -- Installing: /home/sakshi/ClutterBot/install/turtlebot3_gazebo/share/turtlebot3_gazebo//models/turtlebot3_waffle_pi/model.sdf
[2.122s] -- Up-to-date: /home/sakshi/ClutterBot/install/turtlebot3_gazebo/share/turtlebot3_gazebo//models/turtlebot3_burger
[2.122s] -- Up-to-date: /home/sakshi/ClutterBot/install/turtlebot3_gazebo/share/turtlebot3_gazebo//models/turtlebot3_burger/model.config
[2.122s] -- Up-to-date: /home/sakshi/ClutterBot/install/turtlebot3_gazebo/share/turtlebot3_gazebo//models/turtlebot3_burger/meshes
[2.122s] -- Up-to-date: /home/sakshi/ClutterBot/install/turtlebot3_gazebo/share/turtlebot3_gazebo//models/turtlebot3_burger/meshes/tire.dae
[2.122s] -- Up-to-date: /home/sakshi/ClutterBot/install/turtlebot3_gazebo/share/turtlebot3_gazebo//models/turtlebot3_burger/meshes/burger_base.dae
[2.123s] -- Up-to-date: /home/sakshi/ClutterBot/install/turtlebot3_gazebo/share/turtlebot3_gazebo//models/turtlebot3_burger/meshes/lds.dae
[2.123s] -- Up-to-date: /home/sakshi/ClutterBot/install/turtlebot3_gazebo/share/turtlebot3_gazebo//models/turtlebot3_burger/model-1_4.sdf
[2.123s] -- Installing: /home/sakshi/ClutterBot/install/turtlebot3_gazebo/share/turtlebot3_gazebo//models/turtlebot3_burger/model.sdf
[2.123s] -- Up-to-date: /home/sakshi/ClutterBot/install/turtlebot3_gazebo/share/turtlebot3_gazebo//models/turtlebot3_waffle
[2.123s] -- Up-to-date: /home/sakshi/ClutterBot/install/turtlebot3_gazebo/share/turtlebot3_gazebo//models/turtlebot3_waffle/model.config
[2.123s] -- Up-to-date: /home/sakshi/ClutterBot/install/turtlebot3_gazebo/share/turtlebot3_gazebo//models/turtlebot3_waffle/meshes
[2.123s] -- Up-to-date: /home/sakshi/ClutterBot/install/turtlebot3_gazebo/share/turtlebot3_gazebo//models/turtlebot3_waffle/meshes/waffle_base.dae
[2.123s] -- Up-to-date: /home/sakshi/ClutterBot/install/turtlebot3_gazebo/share/turtlebot3_gazebo//models/turtlebot3_waffle/meshes/tire.dae
[2.123s] -- Up-to-date: /home/sakshi/ClutterBot/install/turtlebot3_gazebo/share/turtlebot3_gazebo//models/turtlebot3_waffle/meshes/r200.dae
[2.123s] -- Up-to-date: /home/sakshi/ClutterBot/install/turtlebot3_gazebo/share/turtlebot3_gazebo//models/turtlebot3_waffle/meshes/lds.dae
[2.124s] -- Up-to-date: /home/sakshi/ClutterBot/install/turtlebot3_gazebo/share/turtlebot3_gazebo//models/turtlebot3_waffle/model-1_4.sdf
[2.124s] -- Up-to-date: /home/sakshi/ClutterBot/install/turtlebot3_gazebo/share/turtlebot3_gazebo//models/turtlebot3_waffle/model.sdf
[2.124s] -- Up-to-date: /home/sakshi/ClutterBot/install/turtlebot3_gazebo/share/turtlebot3_gazebo//models/turtlebot3_dqn_world
[2.124s] -- Up-to-date: /home/sakshi/ClutterBot/install/turtlebot3_gazebo/share/turtlebot3_gazebo//models/turtlebot3_dqn_world/obstacle1
[2.124s] -- Up-to-date: /home/sakshi/ClutterBot/install/turtlebot3_gazebo/share/turtlebot3_gazebo//models/turtlebot3_dqn_world/obstacle1/model.config
[2.124s] -- Up-to-date: /home/sakshi/ClutterBot/install/turtlebot3_gazebo/share/turtlebot3_gazebo//models/turtlebot3_dqn_world/obstacle1/model.sdf
[2.124s] -- Up-to-date: /home/sakshi/ClutterBot/install/turtlebot3_gazebo/share/turtlebot3_gazebo//models/turtlebot3_dqn_world/model.config
[2.124s] -- Up-to-date: /home/sakshi/ClutterBot/install/turtlebot3_gazebo/share/turtlebot3_gazebo//models/turtlebot3_dqn_world/obstacle_plugin
[2.124s] -- Up-to-date: /home/sakshi/ClutterBot/install/turtlebot3_gazebo/share/turtlebot3_gazebo//models/turtlebot3_dqn_world/obstacle_plugin/obstacles.cc
[2.124s] -- Up-to-date: /home/sakshi/ClutterBot/install/turtlebot3_gazebo/share/turtlebot3_gazebo//models/turtlebot3_dqn_world/obstacle_plugin/obstacle1.cc
[2.125s] -- Up-to-date: /home/sakshi/ClutterBot/install/turtlebot3_gazebo/share/turtlebot3_gazebo//models/turtlebot3_dqn_world/obstacle_plugin/CMakeLists.txt
[2.125s] -- Up-to-date: /home/sakshi/ClutterBot/install/turtlebot3_gazebo/share/turtlebot3_gazebo//models/turtlebot3_dqn_world/obstacle_plugin/obstacle2.cc
[2.125s] -- Up-to-date: /home/sakshi/ClutterBot/install/turtlebot3_gazebo/share/turtlebot3_gazebo//models/turtlebot3_dqn_world/inner_walls
[2.125s] -- Up-to-date: /home/sakshi/ClutterBot/install/turtlebot3_gazebo/share/turtlebot3_gazebo//models/turtlebot3_dqn_world/inner_walls/model.config
[2.125s] -- Up-to-date: /home/sakshi/ClutterBot/install/turtlebot3_gazebo/share/turtlebot3_gazebo//models/turtlebot3_dqn_world/inner_walls/model.sdf
[2.125s] -- Up-to-date: /home/sakshi/ClutterBot/install/turtlebot3_gazebo/share/turtlebot3_gazebo//models/turtlebot3_dqn_world/obstacles
[2.125s] -- Up-to-date: /home/sakshi/ClutterBot/install/turtlebot3_gazebo/share/turtlebot3_gazebo//models/turtlebot3_dqn_world/obstacles/model.config
[2.125s] -- Up-to-date: /home/sakshi/ClutterBot/install/turtlebot3_gazebo/share/turtlebot3_gazebo//models/turtlebot3_dqn_world/obstacles/model.sdf
[2.126s] -- Up-to-date: /home/sakshi/ClutterBot/install/turtlebot3_gazebo/share/turtlebot3_gazebo//models/turtlebot3_dqn_world/goal_box
[2.126s] -- Up-to-date: /home/sakshi/ClutterBot/install/turtlebot3_gazebo/share/turtlebot3_gazebo//models/turtlebot3_dqn_world/goal_box/model.config
[2.126s] -- Up-to-date: /home/sakshi/ClutterBot/install/turtlebot3_gazebo/share/turtlebot3_gazebo//models/turtlebot3_dqn_world/goal_box/model.sdf
[2.126s] -- Up-to-date: /home/sakshi/ClutterBot/install/turtlebot3_gazebo/share/turtlebot3_gazebo//models/turtlebot3_dqn_world/model.sdf
[2.126s] -- Up-to-date: /home/sakshi/ClutterBot/install/turtlebot3_gazebo/share/turtlebot3_gazebo//models/turtlebot3_dqn_world/obstacle2
[2.126s] -- Up-to-date: /home/sakshi/ClutterBot/install/turtlebot3_gazebo/share/turtlebot3_gazebo//models/turtlebot3_dqn_world/obstacle2/model.config
[2.126s] -- Up-to-date: /home/sakshi/ClutterBot/install/turtlebot3_gazebo/share/turtlebot3_gazebo//models/turtlebot3_dqn_world/obstacle2/model.sdf
[2.126s] -- Up-to-date: /home/sakshi/ClutterBot/install/turtlebot3_gazebo/share/turtlebot3_gazebo//models/turtlebot3_world
[2.126s] -- Up-to-date: /home/sakshi/ClutterBot/install/turtlebot3_gazebo/share/turtlebot3_gazebo//models/turtlebot3_world/model.config
[2.126s] -- Up-to-date: /home/sakshi/ClutterBot/install/turtlebot3_gazebo/share/turtlebot3_gazebo//models/turtlebot3_world/meshes
[2.127s] -- Up-to-date: /home/sakshi/ClutterBot/install/turtlebot3_gazebo/share/turtlebot3_gazebo//models/turtlebot3_world/meshes/hexagon.dae
[2.127s] -- Up-to-date: /home/sakshi/ClutterBot/install/turtlebot3_gazebo/share/turtlebot3_gazebo//models/turtlebot3_world/meshes/wall.dae
[2.127s] -- Up-to-date: /home/sakshi/ClutterBot/install/turtlebot3_gazebo/share/turtlebot3_gazebo//models/turtlebot3_world/model-1_4.sdf
[2.127s] -- Up-to-date: /home/sakshi/ClutterBot/install/turtlebot3_gazebo/share/turtlebot3_gazebo//models/turtlebot3_world/model.sdf
[2.127s] -- Up-to-date: /home/sakshi/ClutterBot/install/turtlebot3_gazebo/share/turtlebot3_gazebo//rviz
[2.127s] -- Installing: /home/sakshi/ClutterBot/install/turtlebot3_gazebo/share/turtlebot3_gazebo//rviz/tb3_gazebo.rviz
[2.127s] -- Up-to-date: /home/sakshi/ClutterBot/install/turtlebot3_gazebo/share/turtlebot3_gazebo//worlds
[2.127s] -- Up-to-date: /home/sakshi/ClutterBot/install/turtlebot3_gazebo/share/turtlebot3_gazebo//worlds/turtlebot3_dqn_stage2
[2.127s] -- Up-to-date: /home/sakshi/ClutterBot/install/turtlebot3_gazebo/share/turtlebot3_gazebo//worlds/turtlebot3_dqn_stage2/waffle_pi.model
[2.127s] -- Up-to-date: /home/sakshi/ClutterBot/install/turtlebot3_gazebo/share/turtlebot3_gazebo//worlds/turtlebot3_dqn_stage2/burger.model
[2.127s] -- Up-to-date: /home/sakshi/ClutterBot/install/turtlebot3_gazebo/share/turtlebot3_gazebo//worlds/turtlebot3_dqn_stage2/waffle.model
[2.128s] -- Up-to-date: /home/sakshi/ClutterBot/install/turtlebot3_gazebo/share/turtlebot3_gazebo//worlds/turtlebot3_houses
[2.130s] -- Up-to-date: /home/sakshi/ClutterBot/install/turtlebot3_gazebo/share/turtlebot3_gazebo//worlds/turtlebot3_houses/waffle_pi.model
[2.130s] -- Up-to-date: /home/sakshi/ClutterBot/install/turtlebot3_gazebo/share/turtlebot3_gazebo//worlds/turtlebot3_houses/burger.model
[2.130s] -- Up-to-date: /home/sakshi/ClutterBot/install/turtlebot3_gazebo/share/turtlebot3_gazebo//worlds/turtlebot3_houses/waffle.model
[2.130s] -- Up-to-date: /home/sakshi/ClutterBot/install/turtlebot3_gazebo/share/turtlebot3_gazebo//worlds/turtlebot3_dqn_stage3
[2.131s] -- Up-to-date: /home/sakshi/ClutterBot/install/turtlebot3_gazebo/share/turtlebot3_gazebo//worlds/turtlebot3_dqn_stage3/waffle_pi.model
[2.131s] -- Up-to-date: /home/sakshi/ClutterBot/install/turtlebot3_gazebo/share/turtlebot3_gazebo//worlds/turtlebot3_dqn_stage3/burger.model
[2.131s] -- Up-to-date: /home/sakshi/ClutterBot/install/turtlebot3_gazebo/share/turtlebot3_gazebo//worlds/turtlebot3_dqn_stage3/waffle.model
[2.131s] -- Up-to-date: /home/sakshi/ClutterBot/install/turtlebot3_gazebo/share/turtlebot3_gazebo//worlds/turtlebot3_dqn_stage4
[2.131s] -- Up-to-date: /home/sakshi/ClutterBot/install/turtlebot3_gazebo/share/turtlebot3_gazebo//worlds/turtlebot3_dqn_stage4/waffle_pi.model
[2.131s] -- Up-to-date: /home/sakshi/ClutterBot/install/turtlebot3_gazebo/share/turtlebot3_gazebo//worlds/turtlebot3_dqn_stage4/burger.model
[2.132s] -- Up-to-date: /home/sakshi/ClutterBot/install/turtlebot3_gazebo/share/turtlebot3_gazebo//worlds/turtlebot3_dqn_stage4/waffle.model
[2.132s] -- Up-to-date: /home/sakshi/ClutterBot/install/turtlebot3_gazebo/share/turtlebot3_gazebo//worlds/turtlebot3_worlds
[2.132s] -- Up-to-date: /home/sakshi/ClutterBot/install/turtlebot3_gazebo/share/turtlebot3_gazebo//worlds/turtlebot3_worlds/waffle_pi.model
[2.132s] -- Up-to-date: /home/sakshi/ClutterBot/install/turtlebot3_gazebo/share/turtlebot3_gazebo//worlds/turtlebot3_worlds/burger.model
[2.133s] -- Up-to-date: /home/sakshi/ClutterBot/install/turtlebot3_gazebo/share/turtlebot3_gazebo//worlds/turtlebot3_worlds/waffle.model
[2.135s] -- Up-to-date: /home/sakshi/ClutterBot/install/turtlebot3_gazebo/share/turtlebot3_gazebo//worlds/empty_worlds
[2.135s] -- Up-to-date: /home/sakshi/ClutterBot/install/turtlebot3_gazebo/share/turtlebot3_gazebo//worlds/empty_worlds/waffle_pi.model
[2.135s] -- Up-to-date: /home/sakshi/ClutterBot/install/turtlebot3_gazebo/share/turtlebot3_gazebo//worlds/empty_worlds/burger.model
[2.136s] -- Up-to-date: /home/sakshi/ClutterBot/install/turtlebot3_gazebo/share/turtlebot3_gazebo//worlds/empty_worlds/waffle.model
[2.136s] -- Up-to-date: /home/sakshi/ClutterBot/install/turtlebot3_gazebo/share/turtlebot3_gazebo//worlds/turtlebot3_dqn_stage1
[2.136s] -- Up-to-date: /home/sakshi/ClutterBot/install/turtlebot3_gazebo/share/turtlebot3_gazebo//worlds/turtlebot3_dqn_stage1/waffle_pi.model
[2.136s] -- Up-to-date: /home/sakshi/ClutterBot/install/turtlebot3_gazebo/share/turtlebot3_gazebo//worlds/turtlebot3_dqn_stage1/burger.model
[2.137s] -- Up-to-date: /home/sakshi/ClutterBot/install/turtlebot3_gazebo/share/turtlebot3_gazebo//worlds/turtlebot3_dqn_stage1/waffle.model
[2.137s] -- Up-to-date: /home/sakshi/ClutterBot/install/turtlebot3_gazebo/share/turtlebot3_gazebo//worlds/turtlebot3_autoraces
[2.137s] -- Up-to-date: /home/sakshi/ClutterBot/install/turtlebot3_gazebo/share/turtlebot3_gazebo//worlds/turtlebot3_autoraces/waffle_pi.model
[2.137s] -- Up-to-date: /home/sakshi/ClutterBot/install/turtlebot3_gazebo/share/turtlebot3_gazebo//worlds/turtlebot3_autoraces/burger.model
[2.137s] -- Up-to-date: /home/sakshi/ClutterBot/install/turtlebot3_gazebo/share/turtlebot3_gazebo//worlds/turtlebot3_autoraces/waffle.model
[2.138s] -- Up-to-date: /home/sakshi/ClutterBot/install/turtlebot3_gazebo/include/
[2.139s] -- Up-to-date: /home/sakshi/ClutterBot/install/turtlebot3_gazebo/include//turtlebot3_gazebo
[2.141s] -- Up-to-date: /home/sakshi/ClutterBot/install/turtlebot3_gazebo/include//turtlebot3_gazebo/turtlebot3_drive.hpp
[2.142s] -- Up-to-date: /home/sakshi/ClutterBot/install/turtlebot3_gazebo/share/ament_index/resource_index/package_run_dependencies/turtlebot3_gazebo
[2.142s] -- Up-to-date: /home/sakshi/ClutterBot/install/turtlebot3_gazebo/share/ament_index/resource_index/parent_prefix_path/turtlebot3_gazebo
[2.142s] -- Up-to-date: /home/sakshi/ClutterBot/install/turtlebot3_gazebo/share/turtlebot3_gazebo/environment/ament_prefix_path.sh
[2.143s] -- Up-to-date: /home/sakshi/ClutterBot/install/turtlebot3_gazebo/share/turtlebot3_gazebo/environment/ament_prefix_path.dsv
[2.143s] -- Up-to-date: /home/sakshi/ClutterBot/install/turtlebot3_gazebo/share/turtlebot3_gazebo/environment/path.sh
[2.144s] -- Up-to-date: /home/sakshi/ClutterBot/install/turtlebot3_gazebo/share/turtlebot3_gazebo/environment/path.dsv
[2.145s] -- Up-to-date: /home/sakshi/ClutterBot/install/turtlebot3_gazebo/share/turtlebot3_gazebo/local_setup.bash
[2.145s] -- Up-to-date: /home/sakshi/ClutterBot/install/turtlebot3_gazebo/share/turtlebot3_gazebo/local_setup.sh
[2.145s] -- Up-to-date: /home/sakshi/ClutterBot/install/turtlebot3_gazebo/share/turtlebot3_gazebo/local_setup.zsh
[2.145s] -- Up-to-date: /home/sakshi/ClutterBot/install/turtlebot3_gazebo/share/turtlebot3_gazebo/local_setup.dsv
[2.145s] -- Installing: /home/sakshi/ClutterBot/install/turtlebot3_gazebo/share/turtlebot3_gazebo/package.dsv
[2.145s] -- Up-to-date: /home/sakshi/ClutterBot/install/turtlebot3_gazebo/share/ament_index/resource_index/packages/turtlebot3_gazebo
[2.145s] -- Up-to-date: /home/sakshi/ClutterBot/install/turtlebot3_gazebo/share/turtlebot3_gazebo/cmake/ament_cmake_export_include_directories-extras.cmake
[2.146s] -- Up-to-date: /home/sakshi/ClutterBot/install/turtlebot3_gazebo/share/turtlebot3_gazebo/cmake/ament_cmake_export_dependencies-extras.cmake
[2.146s] -- Up-to-date: /home/sakshi/ClutterBot/install/turtlebot3_gazebo/share/turtlebot3_gazebo/cmake/turtlebot3_gazeboConfig.cmake
[2.146s] -- Up-to-date: /home/sakshi/ClutterBot/install/turtlebot3_gazebo/share/turtlebot3_gazebo/cmake/turtlebot3_gazeboConfig-version.cmake
[2.146s] -- Up-to-date: /home/sakshi/ClutterBot/install/turtlebot3_gazebo/share/turtlebot3_gazebo/package.xml
[2.146s] Invoked command in '/home/sakshi/ClutterBot/build/turtlebot3_gazebo' returned '0': CMAKE_PREFIX_PATH=/home/sakshi/ClutterBot/install/turtlebot3_description:/home/sakshi/ClutterBot/install/turtlebot3:/home/sakshi/ClutterBot/install/turtlebot3_simulations:/home/sakshi/ClutterBot/install/turtlebot3_bringup:/home/sakshi/ClutterBot/install/turtlebot3_node:/home/sakshi/ClutterBot/install/turtlebot3_navigation2:/home/sakshi/ClutterBot/install/turtlebot3_fake_node:/home/sakshi/ClutterBot/install/turtlebot3_msgs:/home/sakshi/ClutterBot/install/turtlebot3_gazebo:/home/sakshi/ClutterBot/install/turtlebot3_cartographer:/home/sakshi/ClutterBot/install/task:/home/sakshi/ClutterBot/install/hls_lfcd_lds_driver:/home/sakshi/ClutterBot/install/dynamixel_sdk_examples:/home/sakshi/ClutterBot/install/dynamixel_sdk_custom_interfaces:/home/sakshi/ClutterBot/install/dynamixel_sdk:/home/sakshi/ClutterBot/install/turtlebot3_teleop:/home/sakshi/ClutterBot/install/turtlebot3_example:/opt/ros/foxy /usr/bin/cmake --install /home/sakshi/ClutterBot/build/turtlebot3_gazebo
