[0.684s] Invoking command in '/home/sakshi/ClutterBot/build/task': CMAKE_PREFIX_PATH=${CMAKE_PREFIX_PATH}:/home/sakshi/ClutterBot/install/turtlebot3_teleop:/home/sakshi/ClutterBot/install/turtlebot3_example:/opt/ros/foxy: /usr/bin/cmake --build /home/sakshi/ClutterBot/build/task -- -j8 -l8
[7.571s] [35m[1mScanning dependencies of target noisyodom[0m
[8.298s] [ 50%] [32mBuilding CXX object CMakeFiles/noisyodom.dir/src/noisyodom.cpp.o[0m
[25.544s] [100%] [32m[1mLinking CXX executable noisyodom[0m
[27.412s] [100%] Built target noisyodom
[27.428s] Invoked command in '/home/sakshi/ClutterBot/build/task' returned '0': CMAKE_PREFIX_PATH=${CMAKE_PREFIX_PATH}:/home/sakshi/ClutterBot/install/turtlebot3_teleop:/home/sakshi/ClutterBot/install/turtlebot3_example:/opt/ros/foxy: /usr/bin/cmake --build /home/sakshi/ClutterBot/build/task -- -j8 -l8
[27.479s] Invoking command in '/home/sakshi/ClutterBot/build/task': CMAKE_PREFIX_PATH=${CMAKE_PREFIX_PATH}:/home/sakshi/ClutterBot/install/turtlebot3_teleop:/home/sakshi/ClutterBot/install/turtlebot3_example:/opt/ros/foxy: /usr/bin/cmake --install /home/sakshi/ClutterBot/build/task
[27.579s] -- Install configuration: ""
[27.598s] -- Installing: /home/sakshi/ClutterBot/install/task/lib/task/noisyodom
[27.603s] -- Set runtime path of "/home/sakshi/ClutterBot/install/task/lib/task/noisyodom" to ""
[27.603s] -- Up-to-date: /home/sakshi/ClutterBot/install/task/share/ament_index/resource_index/package_run_dependencies/task
[27.631s] -- Up-to-date: /home/sakshi/ClutterBot/install/task/share/ament_index/resource_index/parent_prefix_path/task
[27.765s] -- Up-to-date: /home/sakshi/ClutterBot/install/task/share/task/environment/ament_prefix_path.sh
[27.776s] -- Up-to-date: /home/sakshi/ClutterBot/install/task/share/task/environment/ament_prefix_path.dsv
[27.776s] -- Up-to-date: /home/sakshi/ClutterBot/install/task/share/task/environment/path.sh
[27.776s] -- Up-to-date: /home/sakshi/ClutterBot/install/task/share/task/environment/path.dsv
[27.776s] -- Up-to-date: /home/sakshi/ClutterBot/install/task/share/task/local_setup.bash
[27.776s] -- Up-to-date: /home/sakshi/ClutterBot/install/task/share/task/local_setup.sh
[27.777s] -- Up-to-date: /home/sakshi/ClutterBot/install/task/share/task/local_setup.zsh
[27.777s] -- Up-to-date: /home/sakshi/ClutterBot/install/task/share/task/local_setup.dsv
[27.777s] -- Installing: /home/sakshi/ClutterBot/install/task/share/task/package.dsv
[27.790s] -- Up-to-date: /home/sakshi/ClutterBot/install/task/share/ament_index/resource_index/packages/task
[27.798s] -- Up-to-date: /home/sakshi/ClutterBot/install/task/share/task/cmake/taskConfig.cmake
[27.798s] -- Up-to-date: /home/sakshi/ClutterBot/install/task/share/task/cmake/taskConfig-version.cmake
[27.798s] -- Up-to-date: /home/sakshi/ClutterBot/install/task/share/task/package.xml
[27.801s] Invoked command in '/home/sakshi/ClutterBot/build/task' returned '0': CMAKE_PREFIX_PATH=${CMAKE_PREFIX_PATH}:/home/sakshi/ClutterBot/install/turtlebot3_teleop:/home/sakshi/ClutterBot/install/turtlebot3_example:/opt/ros/foxy: /usr/bin/cmake --install /home/sakshi/ClutterBot/build/task
