[0.249s] Invoking command in '/home/sakshi/ClutterBot/build/task': CMAKE_PREFIX_PATH=${CMAKE_PREFIX_PATH}:/home/sakshi/ClutterBot/install/turtlebot3_teleop:/home/sakshi/ClutterBot/install/turtlebot3_example:/opt/ros/foxy /usr/bin/cmake --build /home/sakshi/ClutterBot/build/task -- -j8 -l8
[4.919s] [35m[1mScanning dependencies of target noisyodom[0m
[5.191s] [ 50%] [32mBuilding CXX object CMakeFiles/noisyodom.dir/src/noisyodom.cpp.o[0m
[15.944s] [100%] [32m[1mLinking CXX executable noisyodom[0m
[17.394s] [100%] Built target noisyodom
[17.404s] Invoked command in '/home/sakshi/ClutterBot/build/task' returned '0': CMAKE_PREFIX_PATH=${CMAKE_PREFIX_PATH}:/home/sakshi/ClutterBot/install/turtlebot3_teleop:/home/sakshi/ClutterBot/install/turtlebot3_example:/opt/ros/foxy /usr/bin/cmake --build /home/sakshi/ClutterBot/build/task -- -j8 -l8
[17.433s] Invoking command in '/home/sakshi/ClutterBot/build/task': CMAKE_PREFIX_PATH=${CMAKE_PREFIX_PATH}:/home/sakshi/ClutterBot/install/turtlebot3_teleop:/home/sakshi/ClutterBot/install/turtlebot3_example:/opt/ros/foxy /usr/bin/cmake --install /home/sakshi/ClutterBot/build/task
[17.492s] -- Install configuration: ""
[17.492s] -- Installing: /home/sakshi/ClutterBot/install/task/lib/task/noisyodom
[17.495s] -- Set runtime path of "/home/sakshi/ClutterBot/install/task/lib/task/noisyodom" to ""
[17.495s] -- Up-to-date: /home/sakshi/ClutterBot/install/task/share/ament_index/resource_index/package_run_dependencies/task
[17.495s] -- Up-to-date: /home/sakshi/ClutterBot/install/task/share/ament_index/resource_index/parent_prefix_path/task
[17.495s] -- Up-to-date: /home/sakshi/ClutterBot/install/task/share/task/environment/ament_prefix_path.sh
[17.495s] -- Up-to-date: /home/sakshi/ClutterBot/install/task/share/task/environment/ament_prefix_path.dsv
[17.495s] -- Up-to-date: /home/sakshi/ClutterBot/install/task/share/task/environment/path.sh
[17.496s] -- Up-to-date: /home/sakshi/ClutterBot/install/task/share/task/environment/path.dsv
[17.496s] -- Up-to-date: /home/sakshi/ClutterBot/install/task/share/task/local_setup.bash
[17.496s] -- Up-to-date: /home/sakshi/ClutterBot/install/task/share/task/local_setup.sh
[17.496s] -- Up-to-date: /home/sakshi/ClutterBot/install/task/share/task/local_setup.zsh
[17.496s] -- Up-to-date: /home/sakshi/ClutterBot/install/task/share/task/local_setup.dsv
[17.496s] -- Up-to-date: /home/sakshi/ClutterBot/install/task/share/task/package.dsv
[17.496s] -- Up-to-date: /home/sakshi/ClutterBot/install/task/share/ament_index/resource_index/packages/task
[17.496s] -- Up-to-date: /home/sakshi/ClutterBot/install/task/share/task/cmake/taskConfig.cmake
[17.496s] -- Up-to-date: /home/sakshi/ClutterBot/install/task/share/task/cmake/taskConfig-version.cmake
[17.496s] -- Up-to-date: /home/sakshi/ClutterBot/install/task/share/task/package.xml
[17.499s] Invoked command in '/home/sakshi/ClutterBot/build/task' returned '0': CMAKE_PREFIX_PATH=${CMAKE_PREFIX_PATH}:/home/sakshi/ClutterBot/install/turtlebot3_teleop:/home/sakshi/ClutterBot/install/turtlebot3_example:/opt/ros/foxy /usr/bin/cmake --install /home/sakshi/ClutterBot/build/task
