[1.779s] Invoking command in '/home/sakshi/ClutterBot/build/dynamixel_sdk_custom_interfaces': CMAKE_PREFIX_PATH=${CMAKE_PREFIX_PATH}:/home/sakshi/ClutterBot/install/turtlebot3_teleop:/home/sakshi/ClutterBot/install/turtlebot3_example:/opt/ros/foxy CONDA_PROMPT_MODIFIER=(base) /usr/bin/cmake --build /home/sakshi/ClutterBot/build/dynamixel_sdk_custom_interfaces -- -j8 -l8
[3.947s] [  2%] Built target dynamixel_sdk_custom_interfaces__cpp
[4.508s] [ 23%] Built target dynamixel_sdk_custom_interfaces__rosidl_typesupport_cpp
[4.508s] [ 23%] Built target dynamixel_sdk_custom_interfaces__rosidl_generator_c
[4.514s] [ 33%] Built target dynamixel_sdk_custom_interfaces__rosidl_typesupport_introspection_cpp
[4.601s] [ 43%] Built target dynamixel_sdk_custom_interfaces__rosidl_typesupport_c
[4.625s] [ 53%] Built target dynamixel_sdk_custom_interfaces__rosidl_typesupport_introspection_c
[5.174s] [ 64%] Built target dynamixel_sdk_custom_interfaces__rosidl_typesupport_fastrtps_cpp
[6.154s] [ 74%] Built target dynamixel_sdk_custom_interfaces__rosidl_typesupport_fastrtps_c
[6.206s] [ 74%] Built target dynamixel_sdk_custom_interfaces
[6.277s] [ 76%] Built target dynamixel_sdk_custom_interfaces__py
[7.982s] [ 84%] Built target dynamixel_sdk_custom_interfaces__python
[8.440s] [ 89%] Built target dynamixel_sdk_custom_interfaces__rosidl_typesupport_c__pyext
[8.442s] [ 94%] Built target dynamixel_sdk_custom_interfaces__rosidl_typesupport_introspection_c__pyext
[8.447s] [100%] Built target dynamixel_sdk_custom_interfaces__rosidl_typesupport_fastrtps_c__pyext
[8.464s] Invoked command in '/home/sakshi/ClutterBot/build/dynamixel_sdk_custom_interfaces' returned '0': CMAKE_PREFIX_PATH=${CMAKE_PREFIX_PATH}:/home/sakshi/ClutterBot/install/turtlebot3_teleop:/home/sakshi/ClutterBot/install/turtlebot3_example:/opt/ros/foxy CONDA_PROMPT_MODIFIER=(base) /usr/bin/cmake --build /home/sakshi/ClutterBot/build/dynamixel_sdk_custom_interfaces -- -j8 -l8
[8.526s] Invoking command in '/home/sakshi/ClutterBot/build/dynamixel_sdk_custom_interfaces': CMAKE_PREFIX_PATH=${CMAKE_PREFIX_PATH}:/home/sakshi/ClutterBot/install/turtlebot3_teleop:/home/sakshi/ClutterBot/install/turtlebot3_example:/opt/ros/foxy CONDA_PROMPT_MODIFIER=(base) /usr/bin/cmake --install /home/sakshi/ClutterBot/build/dynamixel_sdk_custom_interfaces
[8.759s] -- Install configuration: ""
[8.759s] -- Up-to-date: /home/sakshi/ClutterBot/install/dynamixel_sdk_custom_interfaces/share/ament_index/resource_index/rosidl_interfaces/dynamixel_sdk_custom_interfaces
[8.940s] -- Up-to-date: /home/sakshi/ClutterBot/install/dynamixel_sdk_custom_interfaces/include/dynamixel_sdk_custom_interfaces
[8.942s] -- Up-to-date: /home/sakshi/ClutterBot/install/dynamixel_sdk_custom_interfaces/include/dynamixel_sdk_custom_interfaces/msg
[8.943s] -- Up-to-date: /home/sakshi/ClutterBot/install/dynamixel_sdk_custom_interfaces/include/dynamixel_sdk_custom_interfaces/msg/rosidl_generator_c__visibility_control.h
[8.943s] -- Up-to-date: /home/sakshi/ClutterBot/install/dynamixel_sdk_custom_interfaces/include/dynamixel_sdk_custom_interfaces/msg/detail
[8.944s] -- Up-to-date: /home/sakshi/ClutterBot/install/dynamixel_sdk_custom_interfaces/include/dynamixel_sdk_custom_interfaces/msg/detail/set_position__type_support.h
[8.944s] -- Up-to-date: /home/sakshi/ClutterBot/install/dynamixel_sdk_custom_interfaces/include/dynamixel_sdk_custom_interfaces/msg/detail/set_position__functions.h
[8.944s] -- Up-to-date: /home/sakshi/ClutterBot/install/dynamixel_sdk_custom_interfaces/include/dynamixel_sdk_custom_interfaces/msg/detail/set_position__functions.c
[8.945s] -- Up-to-date: /home/sakshi/ClutterBot/install/dynamixel_sdk_custom_interfaces/include/dynamixel_sdk_custom_interfaces/msg/detail/set_position__struct.h
[8.945s] -- Up-to-date: /home/sakshi/ClutterBot/install/dynamixel_sdk_custom_interfaces/include/dynamixel_sdk_custom_interfaces/msg/set_position.h
[8.946s] -- Up-to-date: /home/sakshi/ClutterBot/install/dynamixel_sdk_custom_interfaces/include/dynamixel_sdk_custom_interfaces/srv
[8.946s] -- Up-to-date: /home/sakshi/ClutterBot/install/dynamixel_sdk_custom_interfaces/include/dynamixel_sdk_custom_interfaces/srv/get_position.h
[8.946s] -- Up-to-date: /home/sakshi/ClutterBot/install/dynamixel_sdk_custom_interfaces/include/dynamixel_sdk_custom_interfaces/srv/detail
[8.949s] -- Up-to-date: /home/sakshi/ClutterBot/install/dynamixel_sdk_custom_interfaces/include/dynamixel_sdk_custom_interfaces/srv/detail/get_position__functions.c
[8.949s] -- Up-to-date: /home/sakshi/ClutterBot/install/dynamixel_sdk_custom_interfaces/include/dynamixel_sdk_custom_interfaces/srv/detail/get_position__functions.h
[8.949s] -- Up-to-date: /home/sakshi/ClutterBot/install/dynamixel_sdk_custom_interfaces/include/dynamixel_sdk_custom_interfaces/srv/detail/get_position__struct.h
[8.950s] -- Up-to-date: /home/sakshi/ClutterBot/install/dynamixel_sdk_custom_interfaces/include/dynamixel_sdk_custom_interfaces/srv/detail/get_position__type_support.h
[8.950s] -- Up-to-date: /home/sakshi/ClutterBot/install/dynamixel_sdk_custom_interfaces/share/dynamixel_sdk_custom_interfaces/environment/library_path.sh
[8.950s] -- Up-to-date: /home/sakshi/ClutterBot/install/dynamixel_sdk_custom_interfaces/share/dynamixel_sdk_custom_interfaces/environment/library_path.dsv
[9.209s] -- Up-to-date: /home/sakshi/ClutterBot/install/dynamixel_sdk_custom_interfaces/lib/libdynamixel_sdk_custom_interfaces__rosidl_generator_c.so
[9.210s] -- Up-to-date: /home/sakshi/ClutterBot/install/dynamixel_sdk_custom_interfaces/include/dynamixel_sdk_custom_interfaces
[9.210s] -- Up-to-date: /home/sakshi/ClutterBot/install/dynamixel_sdk_custom_interfaces/include/dynamixel_sdk_custom_interfaces/msg
[9.210s] -- Up-to-date: /home/sakshi/ClutterBot/install/dynamixel_sdk_custom_interfaces/include/dynamixel_sdk_custom_interfaces/msg/rosidl_typesupport_fastrtps_c__visibility_control.h
[9.210s] -- Up-to-date: /home/sakshi/ClutterBot/install/dynamixel_sdk_custom_interfaces/include/dynamixel_sdk_custom_interfaces/msg/detail
[9.210s] -- Up-to-date: /home/sakshi/ClutterBot/install/dynamixel_sdk_custom_interfaces/include/dynamixel_sdk_custom_interfaces/msg/detail/set_position__rosidl_typesupport_fastrtps_c.h
[9.210s] -- Up-to-date: /home/sakshi/ClutterBot/install/dynamixel_sdk_custom_interfaces/include/dynamixel_sdk_custom_interfaces/srv
[9.210s] -- Up-to-date: /home/sakshi/ClutterBot/install/dynamixel_sdk_custom_interfaces/include/dynamixel_sdk_custom_interfaces/srv/detail
[9.210s] -- Up-to-date: /home/sakshi/ClutterBot/install/dynamixel_sdk_custom_interfaces/include/dynamixel_sdk_custom_interfaces/srv/detail/get_position__rosidl_typesupport_fastrtps_c.h
[9.260s] -- Up-to-date: /home/sakshi/ClutterBot/install/dynamixel_sdk_custom_interfaces/lib/libdynamixel_sdk_custom_interfaces__rosidl_typesupport_fastrtps_c.so
[9.260s] -- Up-to-date: /home/sakshi/ClutterBot/install/dynamixel_sdk_custom_interfaces/include/dynamixel_sdk_custom_interfaces
[9.261s] -- Up-to-date: /home/sakshi/ClutterBot/install/dynamixel_sdk_custom_interfaces/include/dynamixel_sdk_custom_interfaces/msg
[9.261s] -- Up-to-date: /home/sakshi/ClutterBot/install/dynamixel_sdk_custom_interfaces/include/dynamixel_sdk_custom_interfaces/msg/detail
[9.261s] -- Up-to-date: /home/sakshi/ClutterBot/install/dynamixel_sdk_custom_interfaces/include/dynamixel_sdk_custom_interfaces/msg/detail/set_position__rosidl_typesupport_fastrtps_cpp.hpp
[9.261s] -- Up-to-date: /home/sakshi/ClutterBot/install/dynamixel_sdk_custom_interfaces/include/dynamixel_sdk_custom_interfaces/msg/detail/dds_fastrtps
[9.261s] -- Up-to-date: /home/sakshi/ClutterBot/install/dynamixel_sdk_custom_interfaces/include/dynamixel_sdk_custom_interfaces/msg/rosidl_typesupport_fastrtps_cpp__visibility_control.h
[9.261s] -- Up-to-date: /home/sakshi/ClutterBot/install/dynamixel_sdk_custom_interfaces/include/dynamixel_sdk_custom_interfaces/srv
[9.261s] -- Up-to-date: /home/sakshi/ClutterBot/install/dynamixel_sdk_custom_interfaces/include/dynamixel_sdk_custom_interfaces/srv/detail
[9.261s] -- Up-to-date: /home/sakshi/ClutterBot/install/dynamixel_sdk_custom_interfaces/include/dynamixel_sdk_custom_interfaces/srv/detail/get_position__rosidl_typesupport_fastrtps_cpp.hpp
[9.262s] -- Up-to-date: /home/sakshi/ClutterBot/install/dynamixel_sdk_custom_interfaces/include/dynamixel_sdk_custom_interfaces/srv/detail/dds_fastrtps
[9.266s] -- Up-to-date: /home/sakshi/ClutterBot/install/dynamixel_sdk_custom_interfaces/lib/libdynamixel_sdk_custom_interfaces__rosidl_typesupport_fastrtps_cpp.so
[9.267s] -- Up-to-date: /home/sakshi/ClutterBot/install/dynamixel_sdk_custom_interfaces/include/dynamixel_sdk_custom_interfaces
[9.267s] -- Up-to-date: /home/sakshi/ClutterBot/install/dynamixel_sdk_custom_interfaces/include/dynamixel_sdk_custom_interfaces/msg
[9.267s] -- Up-to-date: /home/sakshi/ClutterBot/install/dynamixel_sdk_custom_interfaces/include/dynamixel_sdk_custom_interfaces/msg/rosidl_typesupport_introspection_c__visibility_control.h
[9.267s] -- Up-to-date: /home/sakshi/ClutterBot/install/dynamixel_sdk_custom_interfaces/include/dynamixel_sdk_custom_interfaces/msg/detail
[9.267s] -- Up-to-date: /home/sakshi/ClutterBot/install/dynamixel_sdk_custom_interfaces/include/dynamixel_sdk_custom_interfaces/msg/detail/set_position__rosidl_typesupport_introspection_c.h
[9.268s] -- Up-to-date: /home/sakshi/ClutterBot/install/dynamixel_sdk_custom_interfaces/include/dynamixel_sdk_custom_interfaces/msg/detail/set_position__type_support.c
[9.268s] -- Up-to-date: /home/sakshi/ClutterBot/install/dynamixel_sdk_custom_interfaces/include/dynamixel_sdk_custom_interfaces/srv
[9.268s] -- Up-to-date: /home/sakshi/ClutterBot/install/dynamixel_sdk_custom_interfaces/include/dynamixel_sdk_custom_interfaces/srv/detail
[9.268s] -- Up-to-date: /home/sakshi/ClutterBot/install/dynamixel_sdk_custom_interfaces/include/dynamixel_sdk_custom_interfaces/srv/detail/get_position__rosidl_typesupport_introspection_c.h
[9.268s] -- Up-to-date: /home/sakshi/ClutterBot/install/dynamixel_sdk_custom_interfaces/include/dynamixel_sdk_custom_interfaces/srv/detail/get_position__type_support.c
[9.296s] -- Up-to-date: /home/sakshi/ClutterBot/install/dynamixel_sdk_custom_interfaces/lib/libdynamixel_sdk_custom_interfaces__rosidl_typesupport_introspection_c.so
[9.298s] -- Up-to-date: /home/sakshi/ClutterBot/install/dynamixel_sdk_custom_interfaces/lib/libdynamixel_sdk_custom_interfaces__rosidl_typesupport_c.so
[9.299s] -- Up-to-date: /home/sakshi/ClutterBot/install/dynamixel_sdk_custom_interfaces/include/dynamixel_sdk_custom_interfaces
[9.299s] -- Up-to-date: /home/sakshi/ClutterBot/install/dynamixel_sdk_custom_interfaces/include/dynamixel_sdk_custom_interfaces/msg
[9.299s] -- Up-to-date: /home/sakshi/ClutterBot/install/dynamixel_sdk_custom_interfaces/include/dynamixel_sdk_custom_interfaces/msg/set_position.hpp
[9.299s] -- Up-to-date: /home/sakshi/ClutterBot/install/dynamixel_sdk_custom_interfaces/include/dynamixel_sdk_custom_interfaces/msg/detail
[9.299s] -- Up-to-date: /home/sakshi/ClutterBot/install/dynamixel_sdk_custom_interfaces/include/dynamixel_sdk_custom_interfaces/msg/detail/set_position__traits.hpp
[9.299s] -- Up-to-date: /home/sakshi/ClutterBot/install/dynamixel_sdk_custom_interfaces/include/dynamixel_sdk_custom_interfaces/msg/detail/set_position__type_support.hpp
[9.299s] -- Up-to-date: /home/sakshi/ClutterBot/install/dynamixel_sdk_custom_interfaces/include/dynamixel_sdk_custom_interfaces/msg/detail/set_position__builder.hpp
[9.300s] -- Up-to-date: /home/sakshi/ClutterBot/install/dynamixel_sdk_custom_interfaces/include/dynamixel_sdk_custom_interfaces/msg/detail/set_position__struct.hpp
[9.300s] -- Up-to-date: /home/sakshi/ClutterBot/install/dynamixel_sdk_custom_interfaces/include/dynamixel_sdk_custom_interfaces/msg/rosidl_generator_cpp__visibility_control.hpp
[9.300s] -- Up-to-date: /home/sakshi/ClutterBot/install/dynamixel_sdk_custom_interfaces/include/dynamixel_sdk_custom_interfaces/srv
[9.300s] -- Up-to-date: /home/sakshi/ClutterBot/install/dynamixel_sdk_custom_interfaces/include/dynamixel_sdk_custom_interfaces/srv/detail
[9.300s] -- Up-to-date: /home/sakshi/ClutterBot/install/dynamixel_sdk_custom_interfaces/include/dynamixel_sdk_custom_interfaces/srv/detail/get_position__builder.hpp
[9.300s] -- Up-to-date: /home/sakshi/ClutterBot/install/dynamixel_sdk_custom_interfaces/include/dynamixel_sdk_custom_interfaces/srv/detail/get_position__type_support.hpp
[9.300s] -- Up-to-date: /home/sakshi/ClutterBot/install/dynamixel_sdk_custom_interfaces/include/dynamixel_sdk_custom_interfaces/srv/detail/get_position__traits.hpp
[9.300s] -- Up-to-date: /home/sakshi/ClutterBot/install/dynamixel_sdk_custom_interfaces/include/dynamixel_sdk_custom_interfaces/srv/detail/get_position__struct.hpp
[9.300s] -- Up-to-date: /home/sakshi/ClutterBot/install/dynamixel_sdk_custom_interfaces/include/dynamixel_sdk_custom_interfaces/srv/get_position.hpp
[9.300s] -- Up-to-date: /home/sakshi/ClutterBot/install/dynamixel_sdk_custom_interfaces/include/dynamixel_sdk_custom_interfaces
[9.300s] -- Up-to-date: /home/sakshi/ClutterBot/install/dynamixel_sdk_custom_interfaces/include/dynamixel_sdk_custom_interfaces/msg
[9.300s] -- Up-to-date: /home/sakshi/ClutterBot/install/dynamixel_sdk_custom_interfaces/include/dynamixel_sdk_custom_interfaces/msg/detail
[9.300s] -- Up-to-date: /home/sakshi/ClutterBot/install/dynamixel_sdk_custom_interfaces/include/dynamixel_sdk_custom_interfaces/msg/detail/set_position__rosidl_typesupport_introspection_cpp.hpp
[9.301s] -- Up-to-date: /home/sakshi/ClutterBot/install/dynamixel_sdk_custom_interfaces/include/dynamixel_sdk_custom_interfaces/msg/detail/set_position__type_support.cpp
[9.301s] -- Up-to-date: /home/sakshi/ClutterBot/install/dynamixel_sdk_custom_interfaces/include/dynamixel_sdk_custom_interfaces/srv
[9.301s] -- Up-to-date: /home/sakshi/ClutterBot/install/dynamixel_sdk_custom_interfaces/include/dynamixel_sdk_custom_interfaces/srv/detail
[9.301s] -- Up-to-date: /home/sakshi/ClutterBot/install/dynamixel_sdk_custom_interfaces/include/dynamixel_sdk_custom_interfaces/srv/detail/get_position__rosidl_typesupport_introspection_cpp.hpp
[9.301s] -- Up-to-date: /home/sakshi/ClutterBot/install/dynamixel_sdk_custom_interfaces/include/dynamixel_sdk_custom_interfaces/srv/detail/get_position__type_support.cpp
[9.466s] -- Up-to-date: /home/sakshi/ClutterBot/install/dynamixel_sdk_custom_interfaces/lib/libdynamixel_sdk_custom_interfaces__rosidl_typesupport_introspection_cpp.so
[9.487s] -- Up-to-date: /home/sakshi/ClutterBot/install/dynamixel_sdk_custom_interfaces/lib/libdynamixel_sdk_custom_interfaces__rosidl_typesupport_cpp.so
[9.488s] -- Up-to-date: /home/sakshi/ClutterBot/install/dynamixel_sdk_custom_interfaces/share/dynamixel_sdk_custom_interfaces/environment/pythonpath.sh
[9.488s] -- Up-to-date: /home/sakshi/ClutterBot/install/dynamixel_sdk_custom_interfaces/share/dynamixel_sdk_custom_interfaces/environment/pythonpath.dsv
[9.488s] -- Up-to-date: /home/sakshi/ClutterBot/install/dynamixel_sdk_custom_interfaces/lib/python3.8/site-packages/dynamixel_sdk_custom_interfaces/__init__.py
[9.817s] -- Up-to-date: /home/sakshi/ClutterBot/install/dynamixel_sdk_custom_interfaces/lib/python3.8/site-packages/dynamixel_sdk_custom_interfaces/msg
[9.817s] -- Up-to-date: /home/sakshi/ClutterBot/install/dynamixel_sdk_custom_interfaces/lib/python3.8/site-packages/dynamixel_sdk_custom_interfaces/msg/_set_position.py
[9.818s] -- Up-to-date: /home/sakshi/ClutterBot/install/dynamixel_sdk_custom_interfaces/lib/python3.8/site-packages/dynamixel_sdk_custom_interfaces/msg/_set_position_s.c
[9.818s] -- Up-to-date: /home/sakshi/ClutterBot/install/dynamixel_sdk_custom_interfaces/lib/python3.8/site-packages/dynamixel_sdk_custom_interfaces/msg/__init__.py
[9.818s] -- Up-to-date: /home/sakshi/ClutterBot/install/dynamixel_sdk_custom_interfaces/lib/python3.8/site-packages/dynamixel_sdk_custom_interfaces/srv
[9.818s] -- Up-to-date: /home/sakshi/ClutterBot/install/dynamixel_sdk_custom_interfaces/lib/python3.8/site-packages/dynamixel_sdk_custom_interfaces/srv/_get_position_s.c
[9.819s] -- Up-to-date: /home/sakshi/ClutterBot/install/dynamixel_sdk_custom_interfaces/lib/python3.8/site-packages/dynamixel_sdk_custom_interfaces/srv/_get_position.py
[9.819s] -- Up-to-date: /home/sakshi/ClutterBot/install/dynamixel_sdk_custom_interfaces/lib/python3.8/site-packages/dynamixel_sdk_custom_interfaces/srv/__init__.py
[9.847s] -- Up-to-date: /home/sakshi/ClutterBot/install/dynamixel_sdk_custom_interfaces/lib/python3.8/site-packages/dynamixel_sdk_custom_interfaces/dynamixel_sdk_custom_interfaces_s__rosidl_typesupport_fastrtps_c.cpython-38-x86_64-linux-gnu.so
[9.872s] -- Up-to-date: /home/sakshi/ClutterBot/install/dynamixel_sdk_custom_interfaces/lib/python3.8/site-packages/dynamixel_sdk_custom_interfaces/dynamixel_sdk_custom_interfaces_s__rosidl_typesupport_introspection_c.cpython-38-x86_64-linux-gnu.so
[9.877s] -- Up-to-date: /home/sakshi/ClutterBot/install/dynamixel_sdk_custom_interfaces/lib/python3.8/site-packages/dynamixel_sdk_custom_interfaces/dynamixel_sdk_custom_interfaces_s__rosidl_typesupport_c.cpython-38-x86_64-linux-gnu.so
[9.880s] -- Up-to-date: /home/sakshi/ClutterBot/install/dynamixel_sdk_custom_interfaces/lib/libdynamixel_sdk_custom_interfaces__python.so
[9.881s] -- Up-to-date: /home/sakshi/ClutterBot/install/dynamixel_sdk_custom_interfaces/share/dynamixel_sdk_custom_interfaces/msg/SetPosition.idl
[9.881s] -- Up-to-date: /home/sakshi/ClutterBot/install/dynamixel_sdk_custom_interfaces/share/dynamixel_sdk_custom_interfaces/srv/GetPosition.idl
[9.882s] -- Up-to-date: /home/sakshi/ClutterBot/install/dynamixel_sdk_custom_interfaces/share/dynamixel_sdk_custom_interfaces/msg/SetPosition.msg
[9.883s] -- Up-to-date: /home/sakshi/ClutterBot/install/dynamixel_sdk_custom_interfaces/share/dynamixel_sdk_custom_interfaces/srv/GetPosition.srv
[9.883s] -- Up-to-date: /home/sakshi/ClutterBot/install/dynamixel_sdk_custom_interfaces/share/dynamixel_sdk_custom_interfaces/srv/GetPosition_Request.msg
[9.884s] -- Up-to-date: /home/sakshi/ClutterBot/install/dynamixel_sdk_custom_interfaces/share/dynamixel_sdk_custom_interfaces/srv/GetPosition_Response.msg
[9.884s] -- Up-to-date: /home/sakshi/ClutterBot/install/dynamixel_sdk_custom_interfaces/share/ament_index/resource_index/package_run_dependencies/dynamixel_sdk_custom_interfaces
[9.885s] -- Up-to-date: /home/sakshi/ClutterBot/install/dynamixel_sdk_custom_interfaces/share/ament_index/resource_index/parent_prefix_path/dynamixel_sdk_custom_interfaces
[9.885s] -- Up-to-date: /home/sakshi/ClutterBot/install/dynamixel_sdk_custom_interfaces/share/dynamixel_sdk_custom_interfaces/environment/ament_prefix_path.sh
[9.886s] -- Up-to-date: /home/sakshi/ClutterBot/install/dynamixel_sdk_custom_interfaces/share/dynamixel_sdk_custom_interfaces/environment/ament_prefix_path.dsv
[9.886s] -- Up-to-date: /home/sakshi/ClutterBot/install/dynamixel_sdk_custom_interfaces/share/dynamixel_sdk_custom_interfaces/environment/path.sh
[9.886s] -- Up-to-date: /home/sakshi/ClutterBot/install/dynamixel_sdk_custom_interfaces/share/dynamixel_sdk_custom_interfaces/environment/path.dsv
[9.886s] -- Up-to-date: /home/sakshi/ClutterBot/install/dynamixel_sdk_custom_interfaces/share/dynamixel_sdk_custom_interfaces/local_setup.bash
[9.887s] -- Up-to-date: /home/sakshi/ClutterBot/install/dynamixel_sdk_custom_interfaces/share/dynamixel_sdk_custom_interfaces/local_setup.sh
[9.887s] -- Up-to-date: /home/sakshi/ClutterBot/install/dynamixel_sdk_custom_interfaces/share/dynamixel_sdk_custom_interfaces/local_setup.zsh
[9.887s] -- Up-to-date: /home/sakshi/ClutterBot/install/dynamixel_sdk_custom_interfaces/share/dynamixel_sdk_custom_interfaces/local_setup.dsv
[9.887s] -- Installing: /home/sakshi/ClutterBot/install/dynamixel_sdk_custom_interfaces/share/dynamixel_sdk_custom_interfaces/package.dsv
[10.129s] -- Up-to-date: /home/sakshi/ClutterBot/install/dynamixel_sdk_custom_interfaces/share/ament_index/resource_index/packages/dynamixel_sdk_custom_interfaces
[10.150s] -- Up-to-date: /home/sakshi/ClutterBot/install/dynamixel_sdk_custom_interfaces/share/dynamixel_sdk_custom_interfaces/cmake/dynamixel_sdk_custom_interfaces__rosidl_generator_cExport.cmake
[10.150s] -- Up-to-date: /home/sakshi/ClutterBot/install/dynamixel_sdk_custom_interfaces/share/dynamixel_sdk_custom_interfaces/cmake/dynamixel_sdk_custom_interfaces__rosidl_generator_cExport-noconfig.cmake
[10.178s] -- Up-to-date: /home/sakshi/ClutterBot/install/dynamixel_sdk_custom_interfaces/share/dynamixel_sdk_custom_interfaces/cmake/dynamixel_sdk_custom_interfaces__rosidl_typesupport_introspection_cExport.cmake
[10.178s] -- Up-to-date: /home/sakshi/ClutterBot/install/dynamixel_sdk_custom_interfaces/share/dynamixel_sdk_custom_interfaces/cmake/dynamixel_sdk_custom_interfaces__rosidl_typesupport_introspection_cExport-noconfig.cmake
[10.191s] -- Up-to-date: /home/sakshi/ClutterBot/install/dynamixel_sdk_custom_interfaces/share/dynamixel_sdk_custom_interfaces/cmake/dynamixel_sdk_custom_interfaces__rosidl_typesupport_cExport.cmake
[10.191s] -- Up-to-date: /home/sakshi/ClutterBot/install/dynamixel_sdk_custom_interfaces/share/dynamixel_sdk_custom_interfaces/cmake/dynamixel_sdk_custom_interfaces__rosidl_typesupport_cExport-noconfig.cmake
[10.201s] -- Up-to-date: /home/sakshi/ClutterBot/install/dynamixel_sdk_custom_interfaces/share/dynamixel_sdk_custom_interfaces/cmake/dynamixel_sdk_custom_interfaces__rosidl_generator_cppExport.cmake
[10.260s] -- Up-to-date: /home/sakshi/ClutterBot/install/dynamixel_sdk_custom_interfaces/share/dynamixel_sdk_custom_interfaces/cmake/dynamixel_sdk_custom_interfaces__rosidl_typesupport_introspection_cppExport.cmake
[10.260s] -- Up-to-date: /home/sakshi/ClutterBot/install/dynamixel_sdk_custom_interfaces/share/dynamixel_sdk_custom_interfaces/cmake/dynamixel_sdk_custom_interfaces__rosidl_typesupport_introspection_cppExport-noconfig.cmake
[10.387s] -- Up-to-date: /home/sakshi/ClutterBot/install/dynamixel_sdk_custom_interfaces/share/dynamixel_sdk_custom_interfaces/cmake/dynamixel_sdk_custom_interfaces__rosidl_typesupport_cppExport.cmake
[10.388s] -- Up-to-date: /home/sakshi/ClutterBot/install/dynamixel_sdk_custom_interfaces/share/dynamixel_sdk_custom_interfaces/cmake/dynamixel_sdk_custom_interfaces__rosidl_typesupport_cppExport-noconfig.cmake
[10.388s] -- Up-to-date: /home/sakshi/ClutterBot/install/dynamixel_sdk_custom_interfaces/share/dynamixel_sdk_custom_interfaces/cmake/rosidl_cmake-extras.cmake
[10.388s] -- Up-to-date: /home/sakshi/ClutterBot/install/dynamixel_sdk_custom_interfaces/share/dynamixel_sdk_custom_interfaces/cmake/ament_cmake_export_dependencies-extras.cmake
[10.388s] -- Up-to-date: /home/sakshi/ClutterBot/install/dynamixel_sdk_custom_interfaces/share/dynamixel_sdk_custom_interfaces/cmake/ament_cmake_export_libraries-extras.cmake
[10.388s] -- Up-to-date: /home/sakshi/ClutterBot/install/dynamixel_sdk_custom_interfaces/share/dynamixel_sdk_custom_interfaces/cmake/ament_cmake_export_targets-extras.cmake
[10.388s] -- Up-to-date: /home/sakshi/ClutterBot/install/dynamixel_sdk_custom_interfaces/share/dynamixel_sdk_custom_interfaces/cmake/ament_cmake_export_include_directories-extras.cmake
[10.388s] -- Up-to-date: /home/sakshi/ClutterBot/install/dynamixel_sdk_custom_interfaces/share/dynamixel_sdk_custom_interfaces/cmake/rosidl_cmake_export_typesupport_libraries-extras.cmake
[10.388s] -- Up-to-date: /home/sakshi/ClutterBot/install/dynamixel_sdk_custom_interfaces/share/dynamixel_sdk_custom_interfaces/cmake/rosidl_cmake_export_typesupport_targets-extras.cmake
[10.388s] -- Up-to-date: /home/sakshi/ClutterBot/install/dynamixel_sdk_custom_interfaces/share/dynamixel_sdk_custom_interfaces/cmake/dynamixel_sdk_custom_interfacesConfig.cmake
[10.389s] -- Up-to-date: /home/sakshi/ClutterBot/install/dynamixel_sdk_custom_interfaces/share/dynamixel_sdk_custom_interfaces/cmake/dynamixel_sdk_custom_interfacesConfig-version.cmake
[10.389s] -- Up-to-date: /home/sakshi/ClutterBot/install/dynamixel_sdk_custom_interfaces/share/dynamixel_sdk_custom_interfaces/package.xml
[10.394s] Invoked command in '/home/sakshi/ClutterBot/build/dynamixel_sdk_custom_interfaces' returned '0': CMAKE_PREFIX_PATH=${CMAKE_PREFIX_PATH}:/home/sakshi/ClutterBot/install/turtlebot3_teleop:/home/sakshi/ClutterBot/install/turtlebot3_example:/opt/ros/foxy CONDA_PROMPT_MODIFIER=(base) /usr/bin/cmake --install /home/sakshi/ClutterBot/build/dynamixel_sdk_custom_interfaces
