[0.434s] Invoking command in '/home/sakshi/ClutterBot/build/turtlebot3_description': CMAKE_PREFIX_PATH=${CMAKE_PREFIX_PATH}:/home/sakshi/ClutterBot/install/turtlebot3_teleop:/home/sakshi/ClutterBot/install/turtlebot3_example:/opt/ros/foxy /usr/bin/cmake --build /home/sakshi/ClutterBot/build/turtlebot3_description -- -j8 -l8
[1.657s] Invoked command in '/home/sakshi/ClutterBot/build/turtlebot3_description' returned '0': CMAKE_PREFIX_PATH=${CMAKE_PREFIX_PATH}:/home/sakshi/ClutterBot/install/turtlebot3_teleop:/home/sakshi/ClutterBot/install/turtlebot3_example:/opt/ros/foxy /usr/bin/cmake --build /home/sakshi/ClutterBot/build/turtlebot3_description -- -j8 -l8
[1.731s] Invoking command in '/home/sakshi/ClutterBot/build/turtlebot3_description': CMAKE_PREFIX_PATH=${CMAKE_PREFIX_PATH}:/home/sakshi/ClutterBot/install/turtlebot3_teleop:/home/sakshi/ClutterBot/install/turtlebot3_example:/opt/ros/foxy /usr/bin/cmake --install /home/sakshi/ClutterBot/build/turtlebot3_description
[1.849s] -- Install configuration: ""
[1.849s] -- Up-to-date: /home/sakshi/ClutterBot/install/turtlebot3_description/share/turtlebot3_description/meshes
[1.849s] -- Up-to-date: /home/sakshi/ClutterBot/install/turtlebot3_description/share/turtlebot3_description/meshes/wheels
[1.849s] -- Up-to-date: /home/sakshi/ClutterBot/install/turtlebot3_description/share/turtlebot3_description/meshes/wheels/left_tire.stl
[1.849s] -- Up-to-date: /home/sakshi/ClutterBot/install/turtlebot3_description/share/turtlebot3_description/meshes/wheels/right_tire.stl
[1.849s] -- Up-to-date: /home/sakshi/ClutterBot/install/turtlebot3_description/share/turtlebot3_description/meshes/bases
[1.849s] -- Up-to-date: /home/sakshi/ClutterBot/install/turtlebot3_description/share/turtlebot3_description/meshes/bases/waffle_pi_base.stl
[1.850s] -- Up-to-date: /home/sakshi/ClutterBot/install/turtlebot3_description/share/turtlebot3_description/meshes/bases/burger_base.stl
[1.850s] -- Up-to-date: /home/sakshi/ClutterBot/install/turtlebot3_description/share/turtlebot3_description/meshes/bases/waffle_base.stl
[1.850s] -- Up-to-date: /home/sakshi/ClutterBot/install/turtlebot3_description/share/turtlebot3_description/meshes/sensors
[1.850s] -- Up-to-date: /home/sakshi/ClutterBot/install/turtlebot3_description/share/turtlebot3_description/meshes/sensors/astra.jpg
[1.850s] -- Up-to-date: /home/sakshi/ClutterBot/install/turtlebot3_description/share/turtlebot3_description/meshes/sensors/astra.dae
[1.850s] -- Up-to-date: /home/sakshi/ClutterBot/install/turtlebot3_description/share/turtlebot3_description/meshes/sensors/lds.stl
[1.851s] -- Up-to-date: /home/sakshi/ClutterBot/install/turtlebot3_description/share/turtlebot3_description/meshes/sensors/r200.dae
[1.851s] -- Up-to-date: /home/sakshi/ClutterBot/install/turtlebot3_description/share/turtlebot3_description/meshes/sensors/r200.jpg
[1.851s] -- Up-to-date: /home/sakshi/ClutterBot/install/turtlebot3_description/share/turtlebot3_description/rviz
[1.852s] -- Up-to-date: /home/sakshi/ClutterBot/install/turtlebot3_description/share/turtlebot3_description/rviz/model.rviz
[1.853s] -- Up-to-date: /home/sakshi/ClutterBot/install/turtlebot3_description/share/turtlebot3_description/urdf
[1.853s] -- Up-to-date: /home/sakshi/ClutterBot/install/turtlebot3_description/share/turtlebot3_description/urdf/turtlebot3_burger.urdf
[1.853s] -- Up-to-date: /home/sakshi/ClutterBot/install/turtlebot3_description/share/turtlebot3_description/urdf/turtlebot3_waffle.urdf
[1.854s] -- Up-to-date: /home/sakshi/ClutterBot/install/turtlebot3_description/share/turtlebot3_description/urdf/common_properties.urdf
[1.854s] -- Up-to-date: /home/sakshi/ClutterBot/install/turtlebot3_description/share/turtlebot3_description/urdf/turtlebot3_waffle_pi.urdf
[1.854s] -- Up-to-date: /home/sakshi/ClutterBot/install/turtlebot3_description/share/ament_index/resource_index/package_run_dependencies/turtlebot3_description
[1.854s] -- Up-to-date: /home/sakshi/ClutterBot/install/turtlebot3_description/share/ament_index/resource_index/parent_prefix_path/turtlebot3_description
[1.854s] -- Up-to-date: /home/sakshi/ClutterBot/install/turtlebot3_description/share/turtlebot3_description/environment/ament_prefix_path.sh
[1.854s] -- Up-to-date: /home/sakshi/ClutterBot/install/turtlebot3_description/share/turtlebot3_description/environment/ament_prefix_path.dsv
[1.854s] -- Up-to-date: /home/sakshi/ClutterBot/install/turtlebot3_description/share/turtlebot3_description/environment/path.sh
[1.854s] -- Up-to-date: /home/sakshi/ClutterBot/install/turtlebot3_description/share/turtlebot3_description/environment/path.dsv
[1.854s] -- Up-to-date: /home/sakshi/ClutterBot/install/turtlebot3_description/share/turtlebot3_description/local_setup.bash
[1.854s] -- Up-to-date: /home/sakshi/ClutterBot/install/turtlebot3_description/share/turtlebot3_description/local_setup.sh
[1.857s] -- Up-to-date: /home/sakshi/ClutterBot/install/turtlebot3_description/share/turtlebot3_description/local_setup.zsh
[1.857s] -- Up-to-date: /home/sakshi/ClutterBot/install/turtlebot3_description/share/turtlebot3_description/local_setup.dsv
[1.857s] -- Installing: /home/sakshi/ClutterBot/install/turtlebot3_description/share/turtlebot3_description/package.dsv
[1.857s] -- Up-to-date: /home/sakshi/ClutterBot/install/turtlebot3_description/share/ament_index/resource_index/packages/turtlebot3_description
[1.857s] -- Up-to-date: /home/sakshi/ClutterBot/install/turtlebot3_description/share/turtlebot3_description/cmake/turtlebot3_descriptionConfig.cmake
[1.857s] -- Up-to-date: /home/sakshi/ClutterBot/install/turtlebot3_description/share/turtlebot3_description/cmake/turtlebot3_descriptionConfig-version.cmake
[1.859s] -- Up-to-date: /home/sakshi/ClutterBot/install/turtlebot3_description/share/turtlebot3_description/package.xml
[1.860s] Invoked command in '/home/sakshi/ClutterBot/build/turtlebot3_description' returned '0': CMAKE_PREFIX_PATH=${CMAKE_PREFIX_PATH}:/home/sakshi/ClutterBot/install/turtlebot3_teleop:/home/sakshi/ClutterBot/install/turtlebot3_example:/opt/ros/foxy /usr/bin/cmake --install /home/sakshi/ClutterBot/build/turtlebot3_description
