[0.797s] Invoking command in '/home/sakshi/ClutterBot/build/turtlebot3_fake_node': CMAKE_PREFIX_PATH=/home/sakshi/ClutterBot/install/turtlebot3_msgs:/home/sakshi/ClutterBot/install/turtlebot3:/home/sakshi/ClutterBot/install/turtlebot3_simulations:/home/sakshi/ClutterBot/install/turtlebot3_bringup:/home/sakshi/ClutterBot/install/turtlebot3_node:/home/sakshi/ClutterBot/install/turtlebot3_navigation2:/home/sakshi/ClutterBot/install/turtlebot3_fake_node:/home/sakshi/ClutterBot/install/turtlebot3_gazebo:/home/sakshi/ClutterBot/install/turtlebot3_description:/home/sakshi/ClutterBot/install/turtlebot3_cartographer:/home/sakshi/ClutterBot/install/hls_lfcd_lds_driver:/home/sakshi/ClutterBot/install/dynamixel_sdk_examples:/home/sakshi/ClutterBot/install/dynamixel_sdk_custom_interfaces:/home/sakshi/ClutterBot/install/dynamixel_sdk:/home/sakshi/ClutterBot/install/turtlebot3_teleop:/home/sakshi/ClutterBot/install/turtlebot3_example:/opt/ros/foxy PYTHONPATH=/home/sakshi/ClutterBot/install/turtlebot3_msgs/lib/python3.8/site-packages:/home/sakshi/ClutterBot/install/turtlebot3_teleop/lib/python3.8/site-packages:/home/sakshi/ClutterBot/install/turtlebot3_example/lib/python3.8/site-packages:/home/sakshi/ClutterBot/install/dynamixel_sdk_custom_interfaces/lib/python3.8/site-packages:/opt/ros/foxy/lib/python3.8/site-packages /usr/bin/cmake /home/sakshi/ClutterBot/src/turtlebot3/turtlebot3_simulations/turtlebot3_fake_node -DCMAKE_INSTALL_PREFIX=/home/sakshi/ClutterBot/install/turtlebot3_fake_node
[1.022s] -- The C compiler identification is GNU 9.4.0
[1.277s] -- The CXX compiler identification is GNU 9.4.0
[1.303s] -- Check for working C compiler: /usr/lib/ccache/cc
[1.634s] -- Check for working C compiler: /usr/lib/ccache/cc -- works
[1.635s] -- Detecting C compiler ABI info
[1.782s] -- Detecting C compiler ABI info - done
[1.811s] -- Detecting C compile features
[1.812s] -- Detecting C compile features - done
[1.820s] -- Check for working CXX compiler: /usr/lib/ccache/c++
[2.078s] -- Check for working CXX compiler: /usr/lib/ccache/c++ -- works
[2.080s] -- Detecting CXX compiler ABI info
[2.210s] -- Detecting CXX compiler ABI info - done
[2.232s] -- Detecting CXX compile features
[2.234s] -- Detecting CXX compile features - done
[2.238s] -- Found ament_cmake: 0.9.12 (/opt/ros/foxy/share/ament_cmake/cmake)
[2.296s] -- Found PythonInterp: /usr/bin/python3 (found suitable version "3.8.10", minimum required is "3") 
[2.296s] -- Using PYTHON_EXECUTABLE: /usr/bin/python3
[2.917s] -- Found geometry_msgs: 2.0.5 (/opt/ros/foxy/share/geometry_msgs/cmake)
[3.005s] -- Using all available rosidl_typesupport_c: rosidl_typesupport_fastrtps_c;rosidl_typesupport_introspection_c
[3.026s] -- Found rosidl_adapter: 1.3.1 (/opt/ros/foxy/share/rosidl_adapter/cmake)
[3.187s] -- Found OpenSSL: /usr/lib/x86_64-linux-gnu/libcrypto.so (found version "1.1.1f")  
[3.219s] -- Found FastRTPS: /opt/ros/foxy/include  
[3.338s] -- Using all available rosidl_typesupport_cpp: rosidl_typesupport_fastrtps_cpp;rosidl_typesupport_introspection_cpp
[3.501s] -- Found nav_msgs: 2.0.5 (/opt/ros/foxy/share/nav_msgs/cmake)
[3.634s] -- Found rclcpp: 2.4.3 (/opt/ros/foxy/share/rclcpp/cmake)
[3.718s] -- Found rmw_implementation_cmake: 1.0.4 (/opt/ros/foxy/share/rmw_implementation_cmake/cmake)
[3.722s] -- Using RMW implementation 'rmw_fastrtps_cpp' as default
[3.723s] -- Looking for pthread.h
[3.968s] -- Looking for pthread.h - found
[3.969s] -- Performing Test CMAKE_HAVE_LIBC_PTHREAD
[4.133s] -- Performing Test CMAKE_HAVE_LIBC_PTHREAD - Failed
[4.134s] -- Looking for pthread_create in pthreads
[4.225s] -- Looking for pthread_create in pthreads - not found
[4.226s] -- Looking for pthread_create in pthread
[4.355s] -- Looking for pthread_create in pthread - found
[4.356s] -- Found Threads: TRUE  
[4.606s] -- Found sensor_msgs: 2.0.5 (/opt/ros/foxy/share/sensor_msgs/cmake)
[4.709s] -- Found tf2: 0.13.14 (/opt/ros/foxy/share/tf2/cmake)
[4.725s] -- Found tf2_msgs: 0.13.14 (/opt/ros/foxy/share/tf2_msgs/cmake)
[5.001s] -- Found turtlebot3_msgs: 2.2.1 (/home/sakshi/ClutterBot/install/turtlebot3_msgs/share/turtlebot3_msgs/cmake)
[5.251s] -- Configuring done
[5.271s] -- Generating done
[5.274s] -- Build files have been written to: /home/sakshi/ClutterBot/build/turtlebot3_fake_node
[5.303s] Invoked command in '/home/sakshi/ClutterBot/build/turtlebot3_fake_node' returned '0': CMAKE_PREFIX_PATH=/home/sakshi/ClutterBot/install/turtlebot3_msgs:/home/sakshi/ClutterBot/install/turtlebot3:/home/sakshi/ClutterBot/install/turtlebot3_simulations:/home/sakshi/ClutterBot/install/turtlebot3_bringup:/home/sakshi/ClutterBot/install/turtlebot3_node:/home/sakshi/ClutterBot/install/turtlebot3_navigation2:/home/sakshi/ClutterBot/install/turtlebot3_fake_node:/home/sakshi/ClutterBot/install/turtlebot3_gazebo:/home/sakshi/ClutterBot/install/turtlebot3_description:/home/sakshi/ClutterBot/install/turtlebot3_cartographer:/home/sakshi/ClutterBot/install/hls_lfcd_lds_driver:/home/sakshi/ClutterBot/install/dynamixel_sdk_examples:/home/sakshi/ClutterBot/install/dynamixel_sdk_custom_interfaces:/home/sakshi/ClutterBot/install/dynamixel_sdk:/home/sakshi/ClutterBot/install/turtlebot3_teleop:/home/sakshi/ClutterBot/install/turtlebot3_example:/opt/ros/foxy PYTHONPATH=/home/sakshi/ClutterBot/install/turtlebot3_msgs/lib/python3.8/site-packages:/home/sakshi/ClutterBot/install/turtlebot3_teleop/lib/python3.8/site-packages:/home/sakshi/ClutterBot/install/turtlebot3_example/lib/python3.8/site-packages:/home/sakshi/ClutterBot/install/dynamixel_sdk_custom_interfaces/lib/python3.8/site-packages:/opt/ros/foxy/lib/python3.8/site-packages /usr/bin/cmake /home/sakshi/ClutterBot/src/turtlebot3/turtlebot3_simulations/turtlebot3_fake_node -DCMAKE_INSTALL_PREFIX=/home/sakshi/ClutterBot/install/turtlebot3_fake_node
[5.307s] Invoking command in '/home/sakshi/ClutterBot/build/turtlebot3_fake_node': CMAKE_PREFIX_PATH=/home/sakshi/ClutterBot/install/turtlebot3_msgs:/home/sakshi/ClutterBot/install/turtlebot3:/home/sakshi/ClutterBot/install/turtlebot3_simulations:/home/sakshi/ClutterBot/install/turtlebot3_bringup:/home/sakshi/ClutterBot/install/turtlebot3_node:/home/sakshi/ClutterBot/install/turtlebot3_navigation2:/home/sakshi/ClutterBot/install/turtlebot3_fake_node:/home/sakshi/ClutterBot/install/turtlebot3_gazebo:/home/sakshi/ClutterBot/install/turtlebot3_description:/home/sakshi/ClutterBot/install/turtlebot3_cartographer:/home/sakshi/ClutterBot/install/hls_lfcd_lds_driver:/home/sakshi/ClutterBot/install/dynamixel_sdk_examples:/home/sakshi/ClutterBot/install/dynamixel_sdk_custom_interfaces:/home/sakshi/ClutterBot/install/dynamixel_sdk:/home/sakshi/ClutterBot/install/turtlebot3_teleop:/home/sakshi/ClutterBot/install/turtlebot3_example:/opt/ros/foxy PYTHONPATH=/home/sakshi/ClutterBot/install/turtlebot3_msgs/lib/python3.8/site-packages:/home/sakshi/ClutterBot/install/turtlebot3_teleop/lib/python3.8/site-packages:/home/sakshi/ClutterBot/install/turtlebot3_example/lib/python3.8/site-packages:/home/sakshi/ClutterBot/install/dynamixel_sdk_custom_interfaces/lib/python3.8/site-packages:/opt/ros/foxy/lib/python3.8/site-packages /usr/bin/cmake --build /home/sakshi/ClutterBot/build/turtlebot3_fake_node -- -j8 -l8
[5.373s] [35m[1mScanning dependencies of target turtlebot3_fake_node[0m
[5.560s] [ 50%] [32mBuilding CXX object CMakeFiles/turtlebot3_fake_node.dir/src/turtlebot3_fake_node.cpp.o[0m
[6.439s] [100%] [32m[1mLinking CXX executable turtlebot3_fake_node[0m
[8.958s] [100%] Built target turtlebot3_fake_node
[9.008s] Invoked command in '/home/sakshi/ClutterBot/build/turtlebot3_fake_node' returned '0': CMAKE_PREFIX_PATH=/home/sakshi/ClutterBot/install/turtlebot3_msgs:/home/sakshi/ClutterBot/install/turtlebot3:/home/sakshi/ClutterBot/install/turtlebot3_simulations:/home/sakshi/ClutterBot/install/turtlebot3_bringup:/home/sakshi/ClutterBot/install/turtlebot3_node:/home/sakshi/ClutterBot/install/turtlebot3_navigation2:/home/sakshi/ClutterBot/install/turtlebot3_fake_node:/home/sakshi/ClutterBot/install/turtlebot3_gazebo:/home/sakshi/ClutterBot/install/turtlebot3_description:/home/sakshi/ClutterBot/install/turtlebot3_cartographer:/home/sakshi/ClutterBot/install/hls_lfcd_lds_driver:/home/sakshi/ClutterBot/install/dynamixel_sdk_examples:/home/sakshi/ClutterBot/install/dynamixel_sdk_custom_interfaces:/home/sakshi/ClutterBot/install/dynamixel_sdk:/home/sakshi/ClutterBot/install/turtlebot3_teleop:/home/sakshi/ClutterBot/install/turtlebot3_example:/opt/ros/foxy PYTHONPATH=/home/sakshi/ClutterBot/install/turtlebot3_msgs/lib/python3.8/site-packages:/home/sakshi/ClutterBot/install/turtlebot3_teleop/lib/python3.8/site-packages:/home/sakshi/ClutterBot/install/turtlebot3_example/lib/python3.8/site-packages:/home/sakshi/ClutterBot/install/dynamixel_sdk_custom_interfaces/lib/python3.8/site-packages:/opt/ros/foxy/lib/python3.8/site-packages /usr/bin/cmake --build /home/sakshi/ClutterBot/build/turtlebot3_fake_node -- -j8 -l8
[9.039s] Invoking command in '/home/sakshi/ClutterBot/build/turtlebot3_fake_node': CMAKE_PREFIX_PATH=/home/sakshi/ClutterBot/install/turtlebot3_msgs:/home/sakshi/ClutterBot/install/turtlebot3:/home/sakshi/ClutterBot/install/turtlebot3_simulations:/home/sakshi/ClutterBot/install/turtlebot3_bringup:/home/sakshi/ClutterBot/install/turtlebot3_node:/home/sakshi/ClutterBot/install/turtlebot3_navigation2:/home/sakshi/ClutterBot/install/turtlebot3_fake_node:/home/sakshi/ClutterBot/install/turtlebot3_gazebo:/home/sakshi/ClutterBot/install/turtlebot3_description:/home/sakshi/ClutterBot/install/turtlebot3_cartographer:/home/sakshi/ClutterBot/install/hls_lfcd_lds_driver:/home/sakshi/ClutterBot/install/dynamixel_sdk_examples:/home/sakshi/ClutterBot/install/dynamixel_sdk_custom_interfaces:/home/sakshi/ClutterBot/install/dynamixel_sdk:/home/sakshi/ClutterBot/install/turtlebot3_teleop:/home/sakshi/ClutterBot/install/turtlebot3_example:/opt/ros/foxy PYTHONPATH=/home/sakshi/ClutterBot/install/turtlebot3_msgs/lib/python3.8/site-packages:/home/sakshi/ClutterBot/install/turtlebot3_teleop/lib/python3.8/site-packages:/home/sakshi/ClutterBot/install/turtlebot3_example/lib/python3.8/site-packages:/home/sakshi/ClutterBot/install/dynamixel_sdk_custom_interfaces/lib/python3.8/site-packages:/opt/ros/foxy/lib/python3.8/site-packages /usr/bin/cmake --install /home/sakshi/ClutterBot/build/turtlebot3_fake_node
[9.058s] -- Install configuration: ""
[9.058s] -- Installing: /home/sakshi/ClutterBot/install/turtlebot3_fake_node/lib/turtlebot3_fake_node/turtlebot3_fake_node
[9.064s] -- Set runtime path of "/home/sakshi/ClutterBot/install/turtlebot3_fake_node/lib/turtlebot3_fake_node/turtlebot3_fake_node" to ""
[9.064s] -- Installing: /home/sakshi/ClutterBot/install/turtlebot3_fake_node/share/turtlebot3_fake_node/launch
[9.064s] -- Installing: /home/sakshi/ClutterBot/install/turtlebot3_fake_node/share/turtlebot3_fake_node/launch/rviz2.launch.py
[9.258s] -- Installing: /home/sakshi/ClutterBot/install/turtlebot3_fake_node/share/turtlebot3_fake_node/launch/turtlebot3_fake_node.launch.py
[9.413s] -- Installing: /home/sakshi/ClutterBot/install/turtlebot3_fake_node/share/turtlebot3_fake_node/param
[9.413s] -- Installing: /home/sakshi/ClutterBot/install/turtlebot3_fake_node/share/turtlebot3_fake_node/param/waffle_pi.yaml
[9.591s] -- Installing: /home/sakshi/ClutterBot/install/turtlebot3_fake_node/share/turtlebot3_fake_node/param/waffle.yaml
[9.643s] -- Installing: /home/sakshi/ClutterBot/install/turtlebot3_fake_node/share/turtlebot3_fake_node/param/burger.yaml
[9.714s] -- Installing: /home/sakshi/ClutterBot/install/turtlebot3_fake_node/share/turtlebot3_fake_node/rviz
[9.714s] -- Installing: /home/sakshi/ClutterBot/install/turtlebot3_fake_node/share/turtlebot3_fake_node/rviz/model.rviz
[9.825s] -- Installing: /home/sakshi/ClutterBot/install/turtlebot3_fake_node/include/
[9.826s] -- Installing: /home/sakshi/ClutterBot/install/turtlebot3_fake_node/include//turtlebot3_fake_node
[9.826s] -- Installing: /home/sakshi/ClutterBot/install/turtlebot3_fake_node/include//turtlebot3_fake_node/turtlebot3_fake_node.hpp
[9.826s] -- Installing: /home/sakshi/ClutterBot/install/turtlebot3_fake_node/share/ament_index/resource_index/package_run_dependencies/turtlebot3_fake_node
[9.826s] -- Installing: /home/sakshi/ClutterBot/install/turtlebot3_fake_node/share/ament_index/resource_index/parent_prefix_path/turtlebot3_fake_node
[9.827s] -- Installing: /home/sakshi/ClutterBot/install/turtlebot3_fake_node/share/turtlebot3_fake_node/environment/ament_prefix_path.sh
[9.827s] -- Installing: /home/sakshi/ClutterBot/install/turtlebot3_fake_node/share/turtlebot3_fake_node/environment/ament_prefix_path.dsv
[9.827s] -- Installing: /home/sakshi/ClutterBot/install/turtlebot3_fake_node/share/turtlebot3_fake_node/environment/path.sh
[9.827s] -- Installing: /home/sakshi/ClutterBot/install/turtlebot3_fake_node/share/turtlebot3_fake_node/environment/path.dsv
[9.828s] -- Installing: /home/sakshi/ClutterBot/install/turtlebot3_fake_node/share/turtlebot3_fake_node/local_setup.bash
[9.828s] -- Installing: /home/sakshi/ClutterBot/install/turtlebot3_fake_node/share/turtlebot3_fake_node/local_setup.sh
[9.828s] -- Installing: /home/sakshi/ClutterBot/install/turtlebot3_fake_node/share/turtlebot3_fake_node/local_setup.zsh
[9.828s] -- Installing: /home/sakshi/ClutterBot/install/turtlebot3_fake_node/share/turtlebot3_fake_node/local_setup.dsv
[9.829s] -- Installing: /home/sakshi/ClutterBot/install/turtlebot3_fake_node/share/turtlebot3_fake_node/package.dsv
[9.829s] -- Installing: /home/sakshi/ClutterBot/install/turtlebot3_fake_node/share/ament_index/resource_index/packages/turtlebot3_fake_node
[9.829s] -- Installing: /home/sakshi/ClutterBot/install/turtlebot3_fake_node/share/turtlebot3_fake_node/cmake/ament_cmake_export_include_directories-extras.cmake
[9.829s] -- Installing: /home/sakshi/ClutterBot/install/turtlebot3_fake_node/share/turtlebot3_fake_node/cmake/ament_cmake_export_dependencies-extras.cmake
[9.829s] -- Installing: /home/sakshi/ClutterBot/install/turtlebot3_fake_node/share/turtlebot3_fake_node/cmake/turtlebot3_fake_nodeConfig.cmake
[9.829s] -- Installing: /home/sakshi/ClutterBot/install/turtlebot3_fake_node/share/turtlebot3_fake_node/cmake/turtlebot3_fake_nodeConfig-version.cmake
[9.829s] -- Installing: /home/sakshi/ClutterBot/install/turtlebot3_fake_node/share/turtlebot3_fake_node/package.xml
[9.838s] Invoked command in '/home/sakshi/ClutterBot/build/turtlebot3_fake_node' returned '0': CMAKE_PREFIX_PATH=/home/sakshi/ClutterBot/install/turtlebot3_msgs:/home/sakshi/ClutterBot/install/turtlebot3:/home/sakshi/ClutterBot/install/turtlebot3_simulations:/home/sakshi/ClutterBot/install/turtlebot3_bringup:/home/sakshi/ClutterBot/install/turtlebot3_node:/home/sakshi/ClutterBot/install/turtlebot3_navigation2:/home/sakshi/ClutterBot/install/turtlebot3_fake_node:/home/sakshi/ClutterBot/install/turtlebot3_gazebo:/home/sakshi/ClutterBot/install/turtlebot3_description:/home/sakshi/ClutterBot/install/turtlebot3_cartographer:/home/sakshi/ClutterBot/install/hls_lfcd_lds_driver:/home/sakshi/ClutterBot/install/dynamixel_sdk_examples:/home/sakshi/ClutterBot/install/dynamixel_sdk_custom_interfaces:/home/sakshi/ClutterBot/install/dynamixel_sdk:/home/sakshi/ClutterBot/install/turtlebot3_teleop:/home/sakshi/ClutterBot/install/turtlebot3_example:/opt/ros/foxy PYTHONPATH=/home/sakshi/ClutterBot/install/turtlebot3_msgs/lib/python3.8/site-packages:/home/sakshi/ClutterBot/install/turtlebot3_teleop/lib/python3.8/site-packages:/home/sakshi/ClutterBot/install/turtlebot3_example/lib/python3.8/site-packages:/home/sakshi/ClutterBot/install/dynamixel_sdk_custom_interfaces/lib/python3.8/site-packages:/opt/ros/foxy/lib/python3.8/site-packages /usr/bin/cmake --install /home/sakshi/ClutterBot/build/turtlebot3_fake_node
