[0.100s] Invoking command in '/home/sakshi/ClutterBot/build/dynamixel_sdk': CMAKE_PREFIX_PATH=${CMAKE_PREFIX_PATH}:/home/sakshi/ClutterBot/install/turtlebot3_teleop:/home/sakshi/ClutterBot/install/turtlebot3_example:/opt/ros/foxy CONDA_PROMPT_MODIFIER=(base) /usr/bin/cmake --build /home/sakshi/ClutterBot/build/dynamixel_sdk -- -j8 -l8
[0.593s] [100%] Built target dynamixel_sdk
[0.616s] Invoked command in '/home/sakshi/ClutterBot/build/dynamixel_sdk' returned '0': CMAKE_PREFIX_PATH=${CMAKE_PREFIX_PATH}:/home/sakshi/ClutterBot/install/turtlebot3_teleop:/home/sakshi/ClutterBot/install/turtlebot3_example:/opt/ros/foxy CONDA_PROMPT_MODIFIER=(base) /usr/bin/cmake --build /home/sakshi/ClutterBot/build/dynamixel_sdk -- -j8 -l8
[0.720s] Invoking command in '/home/sakshi/ClutterBot/build/dynamixel_sdk': CMAKE_PREFIX_PATH=${CMAKE_PREFIX_PATH}:/home/sakshi/ClutterBot/install/turtlebot3_teleop:/home/sakshi/ClutterBot/install/turtlebot3_example:/opt/ros/foxy CONDA_PROMPT_MODIFIER=(base) /usr/bin/cmake --install /home/sakshi/ClutterBot/build/dynamixel_sdk
[0.802s] -- Install configuration: ""
[0.803s] -- Up-to-date: /home/sakshi/ClutterBot/install/dynamixel_sdk/include/
[0.808s] -- Up-to-date: /home/sakshi/ClutterBot/install/dynamixel_sdk/include//dynamixel_sdk
[0.809s] -- Up-to-date: /home/sakshi/ClutterBot/install/dynamixel_sdk/include//dynamixel_sdk/port_handler_mac.h
[0.809s] -- Up-to-date: /home/sakshi/ClutterBot/install/dynamixel_sdk/include//dynamixel_sdk/port_handler.h
[0.809s] -- Up-to-date: /home/sakshi/ClutterBot/install/dynamixel_sdk/include//dynamixel_sdk/port_handler_windows.h
[0.809s] -- Up-to-date: /home/sakshi/ClutterBot/install/dynamixel_sdk/include//dynamixel_sdk/group_sync_write.h
[0.810s] -- Up-to-date: /home/sakshi/ClutterBot/install/dynamixel_sdk/include//dynamixel_sdk/port_handler_linux.h
[0.810s] -- Up-to-date: /home/sakshi/ClutterBot/install/dynamixel_sdk/include//dynamixel_sdk/dynamixel_sdk.h
[0.810s] -- Up-to-date: /home/sakshi/ClutterBot/install/dynamixel_sdk/include//dynamixel_sdk/protocol2_packet_handler.h
[0.810s] -- Up-to-date: /home/sakshi/ClutterBot/install/dynamixel_sdk/include//dynamixel_sdk/protocol1_packet_handler.h
[0.810s] -- Up-to-date: /home/sakshi/ClutterBot/install/dynamixel_sdk/include//dynamixel_sdk/group_sync_read.h
[0.811s] -- Up-to-date: /home/sakshi/ClutterBot/install/dynamixel_sdk/include//dynamixel_sdk/packet_handler.h
[0.811s] -- Up-to-date: /home/sakshi/ClutterBot/install/dynamixel_sdk/include//dynamixel_sdk/port_handler_arduino.h
[0.811s] -- Up-to-date: /home/sakshi/ClutterBot/install/dynamixel_sdk/include//dynamixel_sdk/group_bulk_read.h
[0.811s] -- Up-to-date: /home/sakshi/ClutterBot/install/dynamixel_sdk/include//dynamixel_sdk/group_bulk_write.h
[0.811s] -- Up-to-date: /home/sakshi/ClutterBot/install/dynamixel_sdk/lib/libdynamixel_sdk.so
[0.811s] -- Up-to-date: /home/sakshi/ClutterBot/install/dynamixel_sdk/share/dynamixel_sdk/environment/library_path.sh
[0.811s] -- Up-to-date: /home/sakshi/ClutterBot/install/dynamixel_sdk/share/dynamixel_sdk/environment/library_path.dsv
[0.811s] -- Up-to-date: /home/sakshi/ClutterBot/install/dynamixel_sdk/share/ament_index/resource_index/package_run_dependencies/dynamixel_sdk
[0.812s] -- Up-to-date: /home/sakshi/ClutterBot/install/dynamixel_sdk/share/ament_index/resource_index/parent_prefix_path/dynamixel_sdk
[0.812s] -- Up-to-date: /home/sakshi/ClutterBot/install/dynamixel_sdk/share/dynamixel_sdk/environment/ament_prefix_path.sh
[0.812s] -- Up-to-date: /home/sakshi/ClutterBot/install/dynamixel_sdk/share/dynamixel_sdk/environment/ament_prefix_path.dsv
[0.812s] -- Up-to-date: /home/sakshi/ClutterBot/install/dynamixel_sdk/share/dynamixel_sdk/environment/path.sh
[0.812s] -- Up-to-date: /home/sakshi/ClutterBot/install/dynamixel_sdk/share/dynamixel_sdk/environment/path.dsv
[0.812s] -- Up-to-date: /home/sakshi/ClutterBot/install/dynamixel_sdk/share/dynamixel_sdk/local_setup.bash
[0.812s] -- Up-to-date: /home/sakshi/ClutterBot/install/dynamixel_sdk/share/dynamixel_sdk/local_setup.sh
[0.815s] -- Up-to-date: /home/sakshi/ClutterBot/install/dynamixel_sdk/share/dynamixel_sdk/local_setup.zsh
[0.815s] -- Up-to-date: /home/sakshi/ClutterBot/install/dynamixel_sdk/share/dynamixel_sdk/local_setup.dsv
[0.816s] -- Installing: /home/sakshi/ClutterBot/install/dynamixel_sdk/share/dynamixel_sdk/package.dsv
[0.816s] -- Up-to-date: /home/sakshi/ClutterBot/install/dynamixel_sdk/share/ament_index/resource_index/packages/dynamixel_sdk
[0.816s] -- Up-to-date: /home/sakshi/ClutterBot/install/dynamixel_sdk/share/dynamixel_sdk/cmake/ament_cmake_export_include_directories-extras.cmake
[0.817s] -- Up-to-date: /home/sakshi/ClutterBot/install/dynamixel_sdk/share/dynamixel_sdk/cmake/ament_cmake_export_libraries-extras.cmake
[0.817s] -- Up-to-date: /home/sakshi/ClutterBot/install/dynamixel_sdk/share/dynamixel_sdk/cmake/dynamixel_sdkConfig.cmake
[0.817s] -- Up-to-date: /home/sakshi/ClutterBot/install/dynamixel_sdk/share/dynamixel_sdk/cmake/dynamixel_sdkConfig-version.cmake
[0.817s] -- Up-to-date: /home/sakshi/ClutterBot/install/dynamixel_sdk/share/dynamixel_sdk/package.xml
[0.832s] Invoked command in '/home/sakshi/ClutterBot/build/dynamixel_sdk' returned '0': CMAKE_PREFIX_PATH=${CMAKE_PREFIX_PATH}:/home/sakshi/ClutterBot/install/turtlebot3_teleop:/home/sakshi/ClutterBot/install/turtlebot3_example:/opt/ros/foxy CONDA_PROMPT_MODIFIER=(base) /usr/bin/cmake --install /home/sakshi/ClutterBot/build/dynamixel_sdk
