[0.548s] Invoking command in '/home/sakshi/ClutterBot/src/build/turtlebot3_fake_node': AMENT_PREFIX_PATH=/home/sakshi/ClutterBot/src/install/turtlebot3_msgs:${AMENT_PREFIX_PATH} CMAKE_PREFIX_PATH=/home/sakshi/ClutterBot/src/install/turtlebot3_msgs:/home/sakshi/ClutterBot/install/turtlebot3:/home/sakshi/ClutterBot/install/turtlebot3_simulations:/home/sakshi/ClutterBot/install/turtlebot3_bringup:/home/sakshi/ClutterBot/install/turtlebot3_node:/home/sakshi/ClutterBot/install/turtlebot3_navigation2:/home/sakshi/ClutterBot/install/turtlebot3_fake_node:/home/sakshi/ClutterBot/install/turtlebot3_msgs:/home/sakshi/ClutterBot/install/turtlebot3_gazebo:/home/sakshi/ClutterBot/install/turtlebot3_description:/home/sakshi/ClutterBot/install/turtlebot3_cartographer:/home/sakshi/ClutterBot/install/hls_lfcd_lds_driver:/home/sakshi/ClutterBot/install/dynamixel_sdk_examples:/home/sakshi/ClutterBot/install/dynamixel_sdk_custom_interfaces:/home/sakshi/ClutterBot/install/dynamixel_sdk:/home/sakshi/ClutterBot/install/turtlebot3_teleop:/home/sakshi/ClutterBot/install/turtlebot3_example:/opt/ros/foxy LD_LIBRARY_PATH=/home/sakshi/ClutterBot/src/install/turtlebot3_msgs/lib:${LD_LIBRARY_PATH} PYTHONPATH=/home/sakshi/ClutterBot/src/install/turtlebot3_msgs/lib/python3.8/site-packages:${PYTHONPATH} /usr/bin/cmake --build /home/sakshi/ClutterBot/src/build/turtlebot3_fake_node -- -j8 -l8
[0.707s] [100%] Built target turtlebot3_fake_node
[0.728s] Invoked command in '/home/sakshi/ClutterBot/src/build/turtlebot3_fake_node' returned '0': AMENT_PREFIX_PATH=/home/sakshi/ClutterBot/src/install/turtlebot3_msgs:${AMENT_PREFIX_PATH} CMAKE_PREFIX_PATH=/home/sakshi/ClutterBot/src/install/turtlebot3_msgs:/home/sakshi/ClutterBot/install/turtlebot3:/home/sakshi/ClutterBot/install/turtlebot3_simulations:/home/sakshi/ClutterBot/install/turtlebot3_bringup:/home/sakshi/ClutterBot/install/turtlebot3_node:/home/sakshi/ClutterBot/install/turtlebot3_navigation2:/home/sakshi/ClutterBot/install/turtlebot3_fake_node:/home/sakshi/ClutterBot/install/turtlebot3_msgs:/home/sakshi/ClutterBot/install/turtlebot3_gazebo:/home/sakshi/ClutterBot/install/turtlebot3_description:/home/sakshi/ClutterBot/install/turtlebot3_cartographer:/home/sakshi/ClutterBot/install/hls_lfcd_lds_driver:/home/sakshi/ClutterBot/install/dynamixel_sdk_examples:/home/sakshi/ClutterBot/install/dynamixel_sdk_custom_interfaces:/home/sakshi/ClutterBot/install/dynamixel_sdk:/home/sakshi/ClutterBot/install/turtlebot3_teleop:/home/sakshi/ClutterBot/install/turtlebot3_example:/opt/ros/foxy LD_LIBRARY_PATH=/home/sakshi/ClutterBot/src/install/turtlebot3_msgs/lib:${LD_LIBRARY_PATH} PYTHONPATH=/home/sakshi/ClutterBot/src/install/turtlebot3_msgs/lib/python3.8/site-packages:${PYTHONPATH} /usr/bin/cmake --build /home/sakshi/ClutterBot/src/build/turtlebot3_fake_node -- -j8 -l8
[0.796s] Invoking command in '/home/sakshi/ClutterBot/src/build/turtlebot3_fake_node': AMENT_PREFIX_PATH=/home/sakshi/ClutterBot/src/install/turtlebot3_msgs:${AMENT_PREFIX_PATH} CMAKE_PREFIX_PATH=/home/sakshi/ClutterBot/src/install/turtlebot3_msgs:/home/sakshi/ClutterBot/install/turtlebot3:/home/sakshi/ClutterBot/install/turtlebot3_simulations:/home/sakshi/ClutterBot/install/turtlebot3_bringup:/home/sakshi/ClutterBot/install/turtlebot3_node:/home/sakshi/ClutterBot/install/turtlebot3_navigation2:/home/sakshi/ClutterBot/install/turtlebot3_fake_node:/home/sakshi/ClutterBot/install/turtlebot3_msgs:/home/sakshi/ClutterBot/install/turtlebot3_gazebo:/home/sakshi/ClutterBot/install/turtlebot3_description:/home/sakshi/ClutterBot/install/turtlebot3_cartographer:/home/sakshi/ClutterBot/install/hls_lfcd_lds_driver:/home/sakshi/ClutterBot/install/dynamixel_sdk_examples:/home/sakshi/ClutterBot/install/dynamixel_sdk_custom_interfaces:/home/sakshi/ClutterBot/install/dynamixel_sdk:/home/sakshi/ClutterBot/install/turtlebot3_teleop:/home/sakshi/ClutterBot/install/turtlebot3_example:/opt/ros/foxy LD_LIBRARY_PATH=/home/sakshi/ClutterBot/src/install/turtlebot3_msgs/lib:${LD_LIBRARY_PATH} PYTHONPATH=/home/sakshi/ClutterBot/src/install/turtlebot3_msgs/lib/python3.8/site-packages:${PYTHONPATH} /usr/bin/cmake --install /home/sakshi/ClutterBot/src/build/turtlebot3_fake_node
[0.818s] -- Install configuration: ""
[0.819s] -- Up-to-date: /home/sakshi/ClutterBot/src/install/turtlebot3_fake_node/lib/turtlebot3_fake_node/turtlebot3_fake_node
[0.819s] -- Up-to-date: /home/sakshi/ClutterBot/src/install/turtlebot3_fake_node/share/turtlebot3_fake_node/launch
[0.819s] -- Up-to-date: /home/sakshi/ClutterBot/src/install/turtlebot3_fake_node/share/turtlebot3_fake_node/launch/rviz2.launch.py
[0.819s] -- Up-to-date: /home/sakshi/ClutterBot/src/install/turtlebot3_fake_node/share/turtlebot3_fake_node/launch/turtlebot3_fake_node.launch.py
[0.819s] -- Up-to-date: /home/sakshi/ClutterBot/src/install/turtlebot3_fake_node/share/turtlebot3_fake_node/param
[0.819s] -- Up-to-date: /home/sakshi/ClutterBot/src/install/turtlebot3_fake_node/share/turtlebot3_fake_node/param/waffle_pi.yaml
[0.820s] -- Up-to-date: /home/sakshi/ClutterBot/src/install/turtlebot3_fake_node/share/turtlebot3_fake_node/param/waffle.yaml
[0.821s] -- Up-to-date: /home/sakshi/ClutterBot/src/install/turtlebot3_fake_node/share/turtlebot3_fake_node/param/burger.yaml
[0.825s] -- Up-to-date: /home/sakshi/ClutterBot/src/install/turtlebot3_fake_node/share/turtlebot3_fake_node/rviz
[0.825s] -- Up-to-date: /home/sakshi/ClutterBot/src/install/turtlebot3_fake_node/share/turtlebot3_fake_node/rviz/model.rviz
[0.825s] -- Up-to-date: /home/sakshi/ClutterBot/src/install/turtlebot3_fake_node/include/
[0.825s] -- Up-to-date: /home/sakshi/ClutterBot/src/install/turtlebot3_fake_node/include//turtlebot3_fake_node
[0.825s] -- Up-to-date: /home/sakshi/ClutterBot/src/install/turtlebot3_fake_node/include//turtlebot3_fake_node/turtlebot3_fake_node.hpp
[0.825s] -- Up-to-date: /home/sakshi/ClutterBot/src/install/turtlebot3_fake_node/share/ament_index/resource_index/package_run_dependencies/turtlebot3_fake_node
[0.826s] -- Up-to-date: /home/sakshi/ClutterBot/src/install/turtlebot3_fake_node/share/ament_index/resource_index/parent_prefix_path/turtlebot3_fake_node
[0.826s] -- Up-to-date: /home/sakshi/ClutterBot/src/install/turtlebot3_fake_node/share/turtlebot3_fake_node/environment/ament_prefix_path.sh
[0.826s] -- Up-to-date: /home/sakshi/ClutterBot/src/install/turtlebot3_fake_node/share/turtlebot3_fake_node/environment/ament_prefix_path.dsv
[0.826s] -- Up-to-date: /home/sakshi/ClutterBot/src/install/turtlebot3_fake_node/share/turtlebot3_fake_node/environment/path.sh
[0.826s] -- Up-to-date: /home/sakshi/ClutterBot/src/install/turtlebot3_fake_node/share/turtlebot3_fake_node/environment/path.dsv
[0.826s] -- Up-to-date: /home/sakshi/ClutterBot/src/install/turtlebot3_fake_node/share/turtlebot3_fake_node/local_setup.bash
[0.826s] -- Up-to-date: /home/sakshi/ClutterBot/src/install/turtlebot3_fake_node/share/turtlebot3_fake_node/local_setup.sh
[0.826s] -- Up-to-date: /home/sakshi/ClutterBot/src/install/turtlebot3_fake_node/share/turtlebot3_fake_node/local_setup.zsh
[0.826s] -- Up-to-date: /home/sakshi/ClutterBot/src/install/turtlebot3_fake_node/share/turtlebot3_fake_node/local_setup.dsv
[0.826s] -- Installing: /home/sakshi/ClutterBot/src/install/turtlebot3_fake_node/share/turtlebot3_fake_node/package.dsv
[0.826s] -- Up-to-date: /home/sakshi/ClutterBot/src/install/turtlebot3_fake_node/share/ament_index/resource_index/packages/turtlebot3_fake_node
[0.827s] -- Up-to-date: /home/sakshi/ClutterBot/src/install/turtlebot3_fake_node/share/turtlebot3_fake_node/cmake/ament_cmake_export_include_directories-extras.cmake
[0.827s] -- Up-to-date: /home/sakshi/ClutterBot/src/install/turtlebot3_fake_node/share/turtlebot3_fake_node/cmake/ament_cmake_export_dependencies-extras.cmake
[0.827s] -- Up-to-date: /home/sakshi/ClutterBot/src/install/turtlebot3_fake_node/share/turtlebot3_fake_node/cmake/turtlebot3_fake_nodeConfig.cmake
[0.827s] -- Up-to-date: /home/sakshi/ClutterBot/src/install/turtlebot3_fake_node/share/turtlebot3_fake_node/cmake/turtlebot3_fake_nodeConfig-version.cmake
[0.827s] -- Up-to-date: /home/sakshi/ClutterBot/src/install/turtlebot3_fake_node/share/turtlebot3_fake_node/package.xml
[0.839s] Invoked command in '/home/sakshi/ClutterBot/src/build/turtlebot3_fake_node' returned '0': AMENT_PREFIX_PATH=/home/sakshi/ClutterBot/src/install/turtlebot3_msgs:${AMENT_PREFIX_PATH} CMAKE_PREFIX_PATH=/home/sakshi/ClutterBot/src/install/turtlebot3_msgs:/home/sakshi/ClutterBot/install/turtlebot3:/home/sakshi/ClutterBot/install/turtlebot3_simulations:/home/sakshi/ClutterBot/install/turtlebot3_bringup:/home/sakshi/ClutterBot/install/turtlebot3_node:/home/sakshi/ClutterBot/install/turtlebot3_navigation2:/home/sakshi/ClutterBot/install/turtlebot3_fake_node:/home/sakshi/ClutterBot/install/turtlebot3_msgs:/home/sakshi/ClutterBot/install/turtlebot3_gazebo:/home/sakshi/ClutterBot/install/turtlebot3_description:/home/sakshi/ClutterBot/install/turtlebot3_cartographer:/home/sakshi/ClutterBot/install/hls_lfcd_lds_driver:/home/sakshi/ClutterBot/install/dynamixel_sdk_examples:/home/sakshi/ClutterBot/install/dynamixel_sdk_custom_interfaces:/home/sakshi/ClutterBot/install/dynamixel_sdk:/home/sakshi/ClutterBot/install/turtlebot3_teleop:/home/sakshi/ClutterBot/install/turtlebot3_example:/opt/ros/foxy LD_LIBRARY_PATH=/home/sakshi/ClutterBot/src/install/turtlebot3_msgs/lib:${LD_LIBRARY_PATH} PYTHONPATH=/home/sakshi/ClutterBot/src/install/turtlebot3_msgs/lib/python3.8/site-packages:${PYTHONPATH} /usr/bin/cmake --install /home/sakshi/ClutterBot/src/build/turtlebot3_fake_node
