[0.093s] Invoking command in '/home/sakshi/ClutterBot/build/hls_lfcd_lds_driver': CMAKE_PREFIX_PATH=${CMAKE_PREFIX_PATH}:/home/sakshi/ClutterBot/install/turtlebot3_teleop:/home/sakshi/ClutterBot/install/turtlebot3_example:/opt/ros/foxy /usr/bin/cmake --build /home/sakshi/ClutterBot/build/hls_lfcd_lds_driver -- -j8 -l8
[0.605s] [100%] Built target hlds_laser_publisher
[0.616s] Invoked command in '/home/sakshi/ClutterBot/build/hls_lfcd_lds_driver' returned '0': CMAKE_PREFIX_PATH=${CMAKE_PREFIX_PATH}:/home/sakshi/ClutterBot/install/turtlebot3_teleop:/home/sakshi/ClutterBot/install/turtlebot3_example:/opt/ros/foxy /usr/bin/cmake --build /home/sakshi/ClutterBot/build/hls_lfcd_lds_driver -- -j8 -l8
[0.669s] Invoking command in '/home/sakshi/ClutterBot/build/hls_lfcd_lds_driver': CMAKE_PREFIX_PATH=${CMAKE_PREFIX_PATH}:/home/sakshi/ClutterBot/install/turtlebot3_teleop:/home/sakshi/ClutterBot/install/turtlebot3_example:/opt/ros/foxy /usr/bin/cmake --install /home/sakshi/ClutterBot/build/hls_lfcd_lds_driver
[0.687s] -- Install configuration: ""
[0.688s] -- Up-to-date: /home/sakshi/ClutterBot/install/hls_lfcd_lds_driver/share/hls_lfcd_lds_driver/launch
[0.691s] -- Up-to-date: /home/sakshi/ClutterBot/install/hls_lfcd_lds_driver/share/hls_lfcd_lds_driver/launch/hlds_laser.launch.py
[0.691s] -- Up-to-date: /home/sakshi/ClutterBot/install/hls_lfcd_lds_driver/share/hls_lfcd_lds_driver/launch/view_hlds_laser.launch.py
[0.692s] -- Up-to-date: /home/sakshi/ClutterBot/install/hls_lfcd_lds_driver/share/hls_lfcd_lds_driver/rviz
[0.692s] -- Up-to-date: /home/sakshi/ClutterBot/install/hls_lfcd_lds_driver/share/hls_lfcd_lds_driver/rviz/hlds_laser.rviz
[0.692s] -- Up-to-date: /home/sakshi/ClutterBot/install/hls_lfcd_lds_driver/lib/hls_lfcd_lds_driver/hlds_laser_publisher
[0.692s] -- Up-to-date: /home/sakshi/ClutterBot/install/hls_lfcd_lds_driver/share/ament_index/resource_index/package_run_dependencies/hls_lfcd_lds_driver
[0.693s] -- Up-to-date: /home/sakshi/ClutterBot/install/hls_lfcd_lds_driver/share/ament_index/resource_index/parent_prefix_path/hls_lfcd_lds_driver
[0.693s] -- Up-to-date: /home/sakshi/ClutterBot/install/hls_lfcd_lds_driver/share/hls_lfcd_lds_driver/environment/ament_prefix_path.sh
[0.693s] -- Up-to-date: /home/sakshi/ClutterBot/install/hls_lfcd_lds_driver/share/hls_lfcd_lds_driver/environment/ament_prefix_path.dsv
[0.694s] -- Up-to-date: /home/sakshi/ClutterBot/install/hls_lfcd_lds_driver/share/hls_lfcd_lds_driver/environment/path.sh
[0.694s] -- Up-to-date: /home/sakshi/ClutterBot/install/hls_lfcd_lds_driver/share/hls_lfcd_lds_driver/environment/path.dsv
[0.694s] -- Up-to-date: /home/sakshi/ClutterBot/install/hls_lfcd_lds_driver/share/hls_lfcd_lds_driver/local_setup.bash
[0.695s] -- Up-to-date: /home/sakshi/ClutterBot/install/hls_lfcd_lds_driver/share/hls_lfcd_lds_driver/local_setup.sh
[0.695s] -- Up-to-date: /home/sakshi/ClutterBot/install/hls_lfcd_lds_driver/share/hls_lfcd_lds_driver/local_setup.zsh
[0.695s] -- Up-to-date: /home/sakshi/ClutterBot/install/hls_lfcd_lds_driver/share/hls_lfcd_lds_driver/local_setup.dsv
[0.695s] -- Installing: /home/sakshi/ClutterBot/install/hls_lfcd_lds_driver/share/hls_lfcd_lds_driver/package.dsv
[0.695s] -- Up-to-date: /home/sakshi/ClutterBot/install/hls_lfcd_lds_driver/share/ament_index/resource_index/packages/hls_lfcd_lds_driver
[0.696s] -- Up-to-date: /home/sakshi/ClutterBot/install/hls_lfcd_lds_driver/share/hls_lfcd_lds_driver/cmake/ament_cmake_export_dependencies-extras.cmake
[0.696s] -- Up-to-date: /home/sakshi/ClutterBot/install/hls_lfcd_lds_driver/share/hls_lfcd_lds_driver/cmake/ament_cmake_export_include_directories-extras.cmake
[0.697s] -- Up-to-date: /home/sakshi/ClutterBot/install/hls_lfcd_lds_driver/share/hls_lfcd_lds_driver/cmake/hls_lfcd_lds_driverConfig.cmake
[0.697s] -- Up-to-date: /home/sakshi/ClutterBot/install/hls_lfcd_lds_driver/share/hls_lfcd_lds_driver/cmake/hls_lfcd_lds_driverConfig-version.cmake
[0.698s] -- Up-to-date: /home/sakshi/ClutterBot/install/hls_lfcd_lds_driver/share/hls_lfcd_lds_driver/package.xml
[0.723s] Invoked command in '/home/sakshi/ClutterBot/build/hls_lfcd_lds_driver' returned '0': CMAKE_PREFIX_PATH=${CMAKE_PREFIX_PATH}:/home/sakshi/ClutterBot/install/turtlebot3_teleop:/home/sakshi/ClutterBot/install/turtlebot3_example:/opt/ros/foxy /usr/bin/cmake --install /home/sakshi/ClutterBot/build/hls_lfcd_lds_driver
