[0.266s] Invoking command in '/home/sakshi/ClutterBot/src/build/turtlebot3_description': CMAKE_PREFIX_PATH=${CMAKE_PREFIX_PATH}:/home/sakshi/ClutterBot/install/turtlebot3_teleop:/home/sakshi/ClutterBot/install/turtlebot3_example:/opt/ros/foxy /usr/bin/cmake --build /home/sakshi/ClutterBot/src/build/turtlebot3_description -- -j8 -l8
[1.162s] Invoked command in '/home/sakshi/ClutterBot/src/build/turtlebot3_description' returned '0': CMAKE_PREFIX_PATH=${CMAKE_PREFIX_PATH}:/home/sakshi/ClutterBot/install/turtlebot3_teleop:/home/sakshi/ClutterBot/install/turtlebot3_example:/opt/ros/foxy /usr/bin/cmake --build /home/sakshi/ClutterBot/src/build/turtlebot3_description -- -j8 -l8
[1.237s] Invoking command in '/home/sakshi/ClutterBot/src/build/turtlebot3_description': CMAKE_PREFIX_PATH=${CMAKE_PREFIX_PATH}:/home/sakshi/ClutterBot/install/turtlebot3_teleop:/home/sakshi/ClutterBot/install/turtlebot3_example:/opt/ros/foxy /usr/bin/cmake --install /home/sakshi/ClutterBot/src/build/turtlebot3_description
[1.332s] -- Install configuration: ""
[1.333s] -- Up-to-date: /home/sakshi/ClutterBot/src/install/turtlebot3_description/share/turtlebot3_description/meshes
[1.333s] -- Up-to-date: /home/sakshi/ClutterBot/src/install/turtlebot3_description/share/turtlebot3_description/meshes/wheels
[1.338s] -- Up-to-date: /home/sakshi/ClutterBot/src/install/turtlebot3_description/share/turtlebot3_description/meshes/wheels/left_tire.stl
[1.338s] -- Up-to-date: /home/sakshi/ClutterBot/src/install/turtlebot3_description/share/turtlebot3_description/meshes/wheels/right_tire.stl
[1.355s] -- Up-to-date: /home/sakshi/ClutterBot/src/install/turtlebot3_description/share/turtlebot3_description/meshes/bases
[1.355s] -- Up-to-date: /home/sakshi/ClutterBot/src/install/turtlebot3_description/share/turtlebot3_description/meshes/bases/waffle_pi_base.stl
[1.355s] -- Up-to-date: /home/sakshi/ClutterBot/src/install/turtlebot3_description/share/turtlebot3_description/meshes/bases/burger_base.stl
[1.355s] -- Up-to-date: /home/sakshi/ClutterBot/src/install/turtlebot3_description/share/turtlebot3_description/meshes/bases/waffle_base.stl
[1.356s] -- Up-to-date: /home/sakshi/ClutterBot/src/install/turtlebot3_description/share/turtlebot3_description/meshes/sensors
[1.356s] -- Up-to-date: /home/sakshi/ClutterBot/src/install/turtlebot3_description/share/turtlebot3_description/meshes/sensors/astra.jpg
[1.356s] -- Up-to-date: /home/sakshi/ClutterBot/src/install/turtlebot3_description/share/turtlebot3_description/meshes/sensors/astra.dae
[1.357s] -- Up-to-date: /home/sakshi/ClutterBot/src/install/turtlebot3_description/share/turtlebot3_description/meshes/sensors/lds.stl
[1.357s] -- Up-to-date: /home/sakshi/ClutterBot/src/install/turtlebot3_description/share/turtlebot3_description/meshes/sensors/r200.dae
[1.357s] -- Up-to-date: /home/sakshi/ClutterBot/src/install/turtlebot3_description/share/turtlebot3_description/meshes/sensors/r200.jpg
[1.360s] -- Up-to-date: /home/sakshi/ClutterBot/src/install/turtlebot3_description/share/turtlebot3_description/rviz
[1.360s] -- Up-to-date: /home/sakshi/ClutterBot/src/install/turtlebot3_description/share/turtlebot3_description/rviz/model.rviz
[1.361s] -- Up-to-date: /home/sakshi/ClutterBot/src/install/turtlebot3_description/share/turtlebot3_description/urdf
[1.361s] -- Up-to-date: /home/sakshi/ClutterBot/src/install/turtlebot3_description/share/turtlebot3_description/urdf/turtlebot3_burger.urdf
[1.362s] -- Up-to-date: /home/sakshi/ClutterBot/src/install/turtlebot3_description/share/turtlebot3_description/urdf/turtlebot3_waffle.urdf
[1.362s] -- Up-to-date: /home/sakshi/ClutterBot/src/install/turtlebot3_description/share/turtlebot3_description/urdf/common_properties.urdf
[1.362s] -- Up-to-date: /home/sakshi/ClutterBot/src/install/turtlebot3_description/share/turtlebot3_description/urdf/turtlebot3_waffle_pi.urdf
[1.362s] -- Up-to-date: /home/sakshi/ClutterBot/src/install/turtlebot3_description/share/ament_index/resource_index/package_run_dependencies/turtlebot3_description
[1.362s] -- Up-to-date: /home/sakshi/ClutterBot/src/install/turtlebot3_description/share/ament_index/resource_index/parent_prefix_path/turtlebot3_description
[1.363s] -- Up-to-date: /home/sakshi/ClutterBot/src/install/turtlebot3_description/share/turtlebot3_description/environment/ament_prefix_path.sh
[1.366s] -- Up-to-date: /home/sakshi/ClutterBot/src/install/turtlebot3_description/share/turtlebot3_description/environment/ament_prefix_path.dsv
[1.367s] -- Up-to-date: /home/sakshi/ClutterBot/src/install/turtlebot3_description/share/turtlebot3_description/environment/path.sh
[1.383s] -- Up-to-date: /home/sakshi/ClutterBot/src/install/turtlebot3_description/share/turtlebot3_description/environment/path.dsv
[1.398s] -- Up-to-date: /home/sakshi/ClutterBot/src/install/turtlebot3_description/share/turtlebot3_description/local_setup.bash
[1.398s] -- Up-to-date: /home/sakshi/ClutterBot/src/install/turtlebot3_description/share/turtlebot3_description/local_setup.sh
[1.398s] -- Up-to-date: /home/sakshi/ClutterBot/src/install/turtlebot3_description/share/turtlebot3_description/local_setup.zsh
[1.398s] -- Up-to-date: /home/sakshi/ClutterBot/src/install/turtlebot3_description/share/turtlebot3_description/local_setup.dsv
[1.398s] -- Installing: /home/sakshi/ClutterBot/src/install/turtlebot3_description/share/turtlebot3_description/package.dsv
[1.398s] -- Up-to-date: /home/sakshi/ClutterBot/src/install/turtlebot3_description/share/ament_index/resource_index/packages/turtlebot3_description
[1.398s] -- Up-to-date: /home/sakshi/ClutterBot/src/install/turtlebot3_description/share/turtlebot3_description/cmake/turtlebot3_descriptionConfig.cmake
[1.398s] -- Up-to-date: /home/sakshi/ClutterBot/src/install/turtlebot3_description/share/turtlebot3_description/cmake/turtlebot3_descriptionConfig-version.cmake
[1.399s] -- Up-to-date: /home/sakshi/ClutterBot/src/install/turtlebot3_description/share/turtlebot3_description/package.xml
[1.463s] Invoked command in '/home/sakshi/ClutterBot/src/build/turtlebot3_description' returned '0': CMAKE_PREFIX_PATH=${CMAKE_PREFIX_PATH}:/home/sakshi/ClutterBot/install/turtlebot3_teleop:/home/sakshi/ClutterBot/install/turtlebot3_example:/opt/ros/foxy /usr/bin/cmake --install /home/sakshi/ClutterBot/src/build/turtlebot3_description
