[0.271s] Invoking command in '/home/sakshi/ClutterBot/src/build/turtlebot3_msgs': CMAKE_PREFIX_PATH=${CMAKE_PREFIX_PATH}:/home/sakshi/ClutterBot/install/turtlebot3_teleop:/home/sakshi/ClutterBot/install/turtlebot3_example:/opt/ros/foxy /usr/bin/cmake /home/sakshi/ClutterBot/src/turtlebot3/turtlebot3_msgs -DCMAKE_INSTALL_PREFIX=/home/sakshi/ClutterBot/src/install/turtlebot3_msgs
[3.475s] -- The C compiler identification is GNU 9.4.0
[6.657s] -- The CXX compiler identification is GNU 9.4.0
[6.835s] -- Check for working C compiler: /usr/lib/ccache/cc
[7.250s] -- Check for working C compiler: /usr/lib/ccache/cc -- works
[7.251s] -- Detecting C compiler ABI info
[7.672s] -- Detecting C compiler ABI info - done
[7.695s] -- Detecting C compile features
[7.745s] -- Detecting C compile features - done
[7.751s] -- Check for working CXX compiler: /usr/lib/ccache/c++
[8.125s] -- Check for working CXX compiler: /usr/lib/ccache/c++ -- works
[8.126s] -- Detecting CXX compiler ABI info
[8.276s] -- Detecting CXX compiler ABI info - done
[8.295s] -- Detecting CXX compile features
[8.296s] -- Detecting CXX compile features - done
[8.330s] -- Found action_msgs: 1.0.0 (/opt/ros/foxy/share/action_msgs/cmake)
[8.410s] -- Found PythonInterp: /usr/bin/python3 (found suitable version "3.8.10", minimum required is "3") 
[8.415s] -- Using PYTHON_EXECUTABLE: /usr/bin/python3
[9.560s] -- Using all available rosidl_typesupport_c: rosidl_typesupport_fastrtps_c;rosidl_typesupport_introspection_c
[9.827s] -- Found rosidl_adapter: 1.3.1 (/opt/ros/foxy/share/rosidl_adapter/cmake)
[13.073s] -- Found OpenSSL: /usr/lib/x86_64-linux-gnu/libcrypto.so (found version "1.1.1f")  
[13.525s] -- Found FastRTPS: /opt/ros/foxy/include  
[14.699s] -- Using all available rosidl_typesupport_cpp: rosidl_typesupport_fastrtps_cpp;rosidl_typesupport_introspection_cpp
[15.989s] -- Found rosidl_default_generators: 1.0.1 (/opt/ros/foxy/share/rosidl_default_generators/cmake)
[16.046s] -- Found std_msgs: 2.0.5 (/opt/ros/foxy/share/std_msgs/cmake)
[16.341s] -- Found PythonInterp: /usr/bin/python3 (found version "3.8.10") 
[16.689s] -- Found ament_cmake_cppcheck: 0.9.8 (/opt/ros/foxy/share/ament_cmake_cppcheck/cmake)
[16.740s] -- Found ament_cmake_cpplint: 0.9.8 (/opt/ros/foxy/share/ament_cmake_cpplint/cmake)
[16.871s] -- Found ament_cmake_uncrustify: 0.9.8 (/opt/ros/foxy/share/ament_cmake_uncrustify/cmake)
[16.877s] -- Found ament_cmake_ros: 0.9.2 (/opt/ros/foxy/share/ament_cmake_ros/cmake)
[17.157s] -- Using all available rosidl_typesupport_c: rosidl_typesupport_fastrtps_c;rosidl_typesupport_introspection_c
[17.313s] -- Using all available rosidl_typesupport_cpp: rosidl_typesupport_fastrtps_cpp;rosidl_typesupport_introspection_cpp
[17.363s] -- Found PythonInterp: /usr/bin/python3 (found suitable version "3.8.10", minimum required is "3.5") 
[17.437s] -- Found python_cmake_module: 0.8.1 (/opt/ros/foxy/share/python_cmake_module/cmake)
[17.826s] -- Found PythonLibs: /usr/lib/x86_64-linux-gnu/libpython3.8.so (found suitable version "3.8.10", minimum required is "3.5") 
[17.826s] -- Using PYTHON_EXECUTABLE: /usr/bin/python3
[17.826s] -- Using PYTHON_INCLUDE_DIRS: /usr/include/python3.8
[17.826s] -- Using PYTHON_LIBRARIES: /usr/lib/x86_64-linux-gnu/libpython3.8.so
[17.860s] -- Found PythonExtra: .so  
[18.287s] -- Found ament_cmake_flake8: 0.9.8 (/opt/ros/foxy/share/ament_cmake_flake8/cmake)
[18.380s] -- Found ament_cmake_pep257: 0.9.8 (/opt/ros/foxy/share/ament_cmake_pep257/cmake)
[18.410s] -- Configuring done
[18.873s] -- Generating done
[18.879s] -- Build files have been written to: /home/sakshi/ClutterBot/src/build/turtlebot3_msgs
[18.907s] Invoked command in '/home/sakshi/ClutterBot/src/build/turtlebot3_msgs' returned '0': CMAKE_PREFIX_PATH=${CMAKE_PREFIX_PATH}:/home/sakshi/ClutterBot/install/turtlebot3_teleop:/home/sakshi/ClutterBot/install/turtlebot3_example:/opt/ros/foxy /usr/bin/cmake /home/sakshi/ClutterBot/src/turtlebot3/turtlebot3_msgs -DCMAKE_INSTALL_PREFIX=/home/sakshi/ClutterBot/src/install/turtlebot3_msgs
[18.909s] Invoking command in '/home/sakshi/ClutterBot/src/build/turtlebot3_msgs': CMAKE_PREFIX_PATH=${CMAKE_PREFIX_PATH}:/home/sakshi/ClutterBot/install/turtlebot3_teleop:/home/sakshi/ClutterBot/install/turtlebot3_example:/opt/ros/foxy /usr/bin/cmake --build /home/sakshi/ClutterBot/src/build/turtlebot3_msgs -- -j8 -l8
[19.057s] [35m[1mScanning dependencies of target turtlebot3_msgs__cpp[0m
[19.087s] [  1%] [34m[1mGenerating C code for ROS interfaces[0m
[19.098s] [  2%] [34m[1mGenerating C++ code for ROS interfaces[0m
[21.275s] [35m[1mScanning dependencies of target turtlebot3_msgs__rosidl_generator_c[0m
[21.412s] [  2%] Built target turtlebot3_msgs__cpp
[21.431s] [  4%] [34m[1mGenerating C++ type support dispatch for ROS interfaces[0m
[21.432s] [  5%] [34m[1mGenerating C++ type support for eProsima Fast-RTPS[0m
[21.444s] [  7%] [34m[1mGenerating C++ introspection for ROS interfaces[0m
[21.695s] [  8%] [32mBuilding C object CMakeFiles/turtlebot3_msgs__rosidl_generator_c.dir/rosidl_generator_c/turtlebot3_msgs/msg/detail/sensor_state__functions.c.o[0m
[21.704s] [  9%] [32mBuilding C object CMakeFiles/turtlebot3_msgs__rosidl_generator_c.dir/rosidl_generator_c/turtlebot3_msgs/msg/detail/sound__functions.c.o[0m
[21.775s] [ 11%] [32mBuilding C object CMakeFiles/turtlebot3_msgs__rosidl_generator_c.dir/rosidl_generator_c/turtlebot3_msgs/msg/detail/version_info__functions.c.o[0m
[21.775s] [ 12%] [32mBuilding C object CMakeFiles/turtlebot3_msgs__rosidl_generator_c.dir/rosidl_generator_c/turtlebot3_msgs/srv/detail/sound__functions.c.o[0m
[21.818s] [ 14%] [32mBuilding C object CMakeFiles/turtlebot3_msgs__rosidl_generator_c.dir/rosidl_generator_c/turtlebot3_msgs/srv/detail/dqn__functions.c.o[0m
[21.998s] [ 15%] [32mBuilding C object CMakeFiles/turtlebot3_msgs__rosidl_generator_c.dir/rosidl_generator_c/turtlebot3_msgs/action/detail/patrol__functions.c.o[0m
[23.008s] [ 16%] [32m[1mLinking C shared library libturtlebot3_msgs__rosidl_generator_c.so[0m
[23.308s] [35m[1mScanning dependencies of target turtlebot3_msgs__rosidl_typesupport_cpp[0m
[23.449s] [35m[1mScanning dependencies of target turtlebot3_msgs__rosidl_typesupport_introspection_cpp[0m
[23.465s] [ 16%] Built target turtlebot3_msgs__rosidl_generator_c
[23.483s] [ 19%] [34m[1mGenerating C introspection for ROS interfaces[0m
[23.483s] [ 19%] [34m[1mGenerating C type support dispatch for ROS interfaces[0m
[23.711s] [35m[1mScanning dependencies of target turtlebot3_msgs__rosidl_typesupport_fastrtps_cpp[0m
[24.023s] [ 21%] [32mBuilding CXX object CMakeFiles/turtlebot3_msgs__rosidl_typesupport_fastrtps_cpp.dir/rosidl_typesupport_fastrtps_cpp/turtlebot3_msgs/msg/detail/dds_fastrtps/sensor_state__type_support.cpp.o[0m
[24.035s] [ 22%] [32mBuilding CXX object CMakeFiles/turtlebot3_msgs__rosidl_typesupport_fastrtps_cpp.dir/rosidl_typesupport_fastrtps_cpp/turtlebot3_msgs/msg/detail/dds_fastrtps/sound__type_support.cpp.o[0m
[24.053s] [ 23%] [32mBuilding CXX object CMakeFiles/turtlebot3_msgs__rosidl_typesupport_introspection_cpp.dir/rosidl_typesupport_introspection_cpp/turtlebot3_msgs/msg/detail/sound__type_support.cpp.o[0m
[24.064s] [ 25%] [32mBuilding CXX object CMakeFiles/turtlebot3_msgs__rosidl_typesupport_introspection_cpp.dir/rosidl_typesupport_introspection_cpp/turtlebot3_msgs/msg/detail/sensor_state__type_support.cpp.o[0m
[24.073s] [ 26%] [32mBuilding CXX object CMakeFiles/turtlebot3_msgs__rosidl_typesupport_cpp.dir/rosidl_typesupport_cpp/turtlebot3_msgs/msg/sensor_state__type_support.cpp.o[0m
[24.078s] [ 28%] [32mBuilding CXX object CMakeFiles/turtlebot3_msgs__rosidl_typesupport_fastrtps_cpp.dir/rosidl_typesupport_fastrtps_cpp/turtlebot3_msgs/msg/detail/dds_fastrtps/version_info__type_support.cpp.o[0m
[24.561s] [35m[1mScanning dependencies of target turtlebot3_msgs__rosidl_typesupport_c[0m
[24.665s] [ 29%] [32mBuilding CXX object CMakeFiles/turtlebot3_msgs__rosidl_typesupport_c.dir/rosidl_typesupport_c/turtlebot3_msgs/msg/sensor_state__type_support.cpp.o[0m
[24.867s] [ 30%] [32mBuilding CXX object CMakeFiles/turtlebot3_msgs__rosidl_typesupport_c.dir/rosidl_typesupport_c/turtlebot3_msgs/msg/sound__type_support.cpp.o[0m
[24.958s] [ 32%] [32mBuilding CXX object CMakeFiles/turtlebot3_msgs__rosidl_typesupport_cpp.dir/rosidl_typesupport_cpp/turtlebot3_msgs/msg/sound__type_support.cpp.o[0m
[25.029s] [ 33%] [32mBuilding CXX object CMakeFiles/turtlebot3_msgs__rosidl_typesupport_introspection_cpp.dir/rosidl_typesupport_introspection_cpp/turtlebot3_msgs/msg/detail/version_info__type_support.cpp.o[0m
[25.118s] [ 35%] [32mBuilding CXX object CMakeFiles/turtlebot3_msgs__rosidl_typesupport_introspection_cpp.dir/rosidl_typesupport_introspection_cpp/turtlebot3_msgs/srv/detail/sound__type_support.cpp.o[0m
[25.139s] [35m[1mScanning dependencies of target turtlebot3_msgs__rosidl_typesupport_introspection_c[0m
[25.191s] [ 36%] [32mBuilding CXX object CMakeFiles/turtlebot3_msgs__rosidl_typesupport_c.dir/rosidl_typesupport_c/turtlebot3_msgs/msg/version_info__type_support.cpp.o[0m
[25.288s] [ 38%] [32mBuilding CXX object CMakeFiles/turtlebot3_msgs__rosidl_typesupport_fastrtps_cpp.dir/rosidl_typesupport_fastrtps_cpp/turtlebot3_msgs/srv/detail/dds_fastrtps/sound__type_support.cpp.o[0m
[25.357s] [ 39%] [32mBuilding C object CMakeFiles/turtlebot3_msgs__rosidl_typesupport_introspection_c.dir/rosidl_typesupport_introspection_c/turtlebot3_msgs/msg/detail/sensor_state__type_support.c.o[0m
[25.456s] [ 40%] [32mBuilding CXX object CMakeFiles/turtlebot3_msgs__rosidl_typesupport_c.dir/rosidl_typesupport_c/turtlebot3_msgs/srv/sound__type_support.cpp.o[0m
[25.477s] [ 42%] [32mBuilding CXX object CMakeFiles/turtlebot3_msgs__rosidl_typesupport_introspection_cpp.dir/rosidl_typesupport_introspection_cpp/turtlebot3_msgs/srv/detail/dqn__type_support.cpp.o[0m
[25.580s] [ 43%] [32mBuilding CXX object CMakeFiles/turtlebot3_msgs__rosidl_typesupport_fastrtps_cpp.dir/rosidl_typesupport_fastrtps_cpp/turtlebot3_msgs/srv/detail/dds_fastrtps/dqn__type_support.cpp.o[0m
[25.693s] [ 45%] [32mBuilding C object CMakeFiles/turtlebot3_msgs__rosidl_typesupport_introspection_c.dir/rosidl_typesupport_introspection_c/turtlebot3_msgs/msg/detail/sound__type_support.c.o[0m
[25.758s] [ 46%] [32mBuilding CXX object CMakeFiles/turtlebot3_msgs__rosidl_typesupport_c.dir/rosidl_typesupport_c/turtlebot3_msgs/srv/dqn__type_support.cpp.o[0m
[25.790s] [ 47%] [32mBuilding CXX object CMakeFiles/turtlebot3_msgs__rosidl_typesupport_cpp.dir/rosidl_typesupport_cpp/turtlebot3_msgs/msg/version_info__type_support.cpp.o[0m
[25.923s] [ 49%] [32mBuilding C object CMakeFiles/turtlebot3_msgs__rosidl_typesupport_introspection_c.dir/rosidl_typesupport_introspection_c/turtlebot3_msgs/msg/detail/version_info__type_support.c.o[0m
[25.952s] [ 50%] [32mBuilding CXX object CMakeFiles/turtlebot3_msgs__rosidl_typesupport_c.dir/rosidl_typesupport_c/turtlebot3_msgs/action/patrol__type_support.cpp.o[0m
[26.084s] [ 52%] [32mBuilding CXX object CMakeFiles/turtlebot3_msgs__rosidl_typesupport_cpp.dir/rosidl_typesupport_cpp/turtlebot3_msgs/srv/sound__type_support.cpp.o[0m
[26.133s] [ 53%] [32mBuilding CXX object CMakeFiles/turtlebot3_msgs__rosidl_typesupport_introspection_cpp.dir/rosidl_typesupport_introspection_cpp/turtlebot3_msgs/action/detail/patrol__type_support.cpp.o[0m
[26.182s] [ 54%] [32mBuilding C object CMakeFiles/turtlebot3_msgs__rosidl_typesupport_introspection_c.dir/rosidl_typesupport_introspection_c/turtlebot3_msgs/srv/detail/sound__type_support.c.o[0m
[26.329s] [ 56%] [32m[1mLinking CXX shared library libturtlebot3_msgs__rosidl_typesupport_c.so[0m
[26.375s] [ 57%] [32mBuilding C object CMakeFiles/turtlebot3_msgs__rosidl_typesupport_introspection_c.dir/rosidl_typesupport_introspection_c/turtlebot3_msgs/srv/detail/dqn__type_support.c.o[0m
[26.446s] [ 57%] Built target turtlebot3_msgs__rosidl_typesupport_c
[26.490s] [ 59%] [32mBuilding CXX object CMakeFiles/turtlebot3_msgs__rosidl_typesupport_cpp.dir/rosidl_typesupport_cpp/turtlebot3_msgs/srv/dqn__type_support.cpp.o[0m
[26.492s] [ 60%] [32mBuilding C object CMakeFiles/turtlebot3_msgs__rosidl_typesupport_introspection_c.dir/rosidl_typesupport_introspection_c/turtlebot3_msgs/action/detail/patrol__type_support.c.o[0m
[26.606s] [ 61%] [32mBuilding CXX object CMakeFiles/turtlebot3_msgs__rosidl_typesupport_fastrtps_cpp.dir/rosidl_typesupport_fastrtps_cpp/turtlebot3_msgs/action/detail/dds_fastrtps/patrol__type_support.cpp.o[0m
[26.649s] [ 63%] [32mBuilding CXX object CMakeFiles/turtlebot3_msgs__rosidl_typesupport_cpp.dir/rosidl_typesupport_cpp/turtlebot3_msgs/action/patrol__type_support.cpp.o[0m
[26.739s] [ 64%] [32m[1mLinking C shared library libturtlebot3_msgs__rosidl_typesupport_introspection_c.so[0m
[26.882s] [ 64%] Built target turtlebot3_msgs__rosidl_typesupport_introspection_c
[27.017s] [ 66%] [32m[1mLinking CXX shared library libturtlebot3_msgs__rosidl_typesupport_introspection_cpp.so[0m
[27.147s] [ 66%] Built target turtlebot3_msgs__rosidl_typesupport_introspection_cpp
[27.368s] [ 67%] [32m[1mLinking CXX shared library libturtlebot3_msgs__rosidl_typesupport_cpp.so[0m
[27.429s] [ 67%] Built target turtlebot3_msgs__rosidl_typesupport_cpp
[27.773s] [ 69%] [32m[1mLinking CXX shared library libturtlebot3_msgs__rosidl_typesupport_fastrtps_cpp.so[0m
[27.905s] [ 69%] Built target turtlebot3_msgs__rosidl_typesupport_fastrtps_cpp
[27.920s] [ 70%] [34m[1mGenerating C type support for eProsima Fast-RTPS[0m
[28.884s] [35m[1mScanning dependencies of target turtlebot3_msgs__rosidl_typesupport_fastrtps_c[0m
[28.924s] [ 71%] [32mBuilding CXX object CMakeFiles/turtlebot3_msgs__rosidl_typesupport_fastrtps_c.dir/rosidl_typesupport_fastrtps_c/turtlebot3_msgs/msg/detail/sensor_state__type_support_c.cpp.o[0m
[28.927s] [ 73%] [32mBuilding CXX object CMakeFiles/turtlebot3_msgs__rosidl_typesupport_fastrtps_c.dir/rosidl_typesupport_fastrtps_c/turtlebot3_msgs/msg/detail/sound__type_support_c.cpp.o[0m
[28.927s] [ 76%] [32mBuilding CXX object CMakeFiles/turtlebot3_msgs__rosidl_typesupport_fastrtps_c.dir/rosidl_typesupport_fastrtps_c/turtlebot3_msgs/srv/detail/sound__type_support_c.cpp.o[0m
[28.927s] [ 76%] [32mBuilding CXX object CMakeFiles/turtlebot3_msgs__rosidl_typesupport_fastrtps_c.dir/rosidl_typesupport_fastrtps_c/turtlebot3_msgs/msg/detail/version_info__type_support_c.cpp.o[0m
[28.927s] [ 77%] [32mBuilding CXX object CMakeFiles/turtlebot3_msgs__rosidl_typesupport_fastrtps_c.dir/rosidl_typesupport_fastrtps_c/turtlebot3_msgs/srv/detail/dqn__type_support_c.cpp.o[0m
[28.938s] [ 78%] [32mBuilding CXX object CMakeFiles/turtlebot3_msgs__rosidl_typesupport_fastrtps_c.dir/rosidl_typesupport_fastrtps_c/turtlebot3_msgs/action/detail/patrol__type_support_c.cpp.o[0m
[29.884s] [ 80%] [32m[1mLinking CXX shared library libturtlebot3_msgs__rosidl_typesupport_fastrtps_c.so[0m
[30.006s] [ 80%] Built target turtlebot3_msgs__rosidl_typesupport_fastrtps_c
[30.021s] [35m[1mScanning dependencies of target turtlebot3_msgs[0m
[30.033s] [ 80%] Built target turtlebot3_msgs
[30.051s] [35m[1mScanning dependencies of target turtlebot3_msgs__py[0m
[30.063s] [ 81%] [34m[1mGenerating Python code for ROS interfaces[0m
[32.548s] [ 81%] Built target turtlebot3_msgs__py
[32.572s] [35m[1mScanning dependencies of target turtlebot3_msgs__python[0m
[32.611s] [ 83%] [32mBuilding C object CMakeFiles/turtlebot3_msgs__python.dir/rosidl_generator_py/turtlebot3_msgs/msg/_sound_s.c.o[0m
[32.616s] [ 84%] [32mBuilding C object CMakeFiles/turtlebot3_msgs__python.dir/rosidl_generator_py/turtlebot3_msgs/msg/_sensor_state_s.c.o[0m
[32.628s] [ 85%] [32mBuilding C object CMakeFiles/turtlebot3_msgs__python.dir/rosidl_generator_py/turtlebot3_msgs/srv/_sound_s.c.o[0m
[32.630s] [ 87%] [32mBuilding C object CMakeFiles/turtlebot3_msgs__python.dir/rosidl_generator_py/turtlebot3_msgs/msg/_version_info_s.c.o[0m
[32.642s] [ 88%] [32mBuilding C object CMakeFiles/turtlebot3_msgs__python.dir/rosidl_generator_py/turtlebot3_msgs/srv/_dqn_s.c.o[0m
[32.663s] [ 90%] [32mBuilding C object CMakeFiles/turtlebot3_msgs__python.dir/rosidl_generator_py/turtlebot3_msgs/action/_patrol_s.c.o[0m
[33.090s] [ 91%] [32m[1mLinking C shared library rosidl_generator_py/turtlebot3_msgs/libturtlebot3_msgs__python.so[0m
[33.168s] [ 91%] Built target turtlebot3_msgs__python
[33.183s] [35m[1mScanning dependencies of target turtlebot3_msgs__rosidl_typesupport_introspection_c__pyext[0m
[33.185s] [35m[1mScanning dependencies of target turtlebot3_msgs__rosidl_typesupport_c__pyext[0m
[33.185s] [35m[1mScanning dependencies of target turtlebot3_msgs__rosidl_typesupport_fastrtps_c__pyext[0m
[33.218s] [ 92%] [32mBuilding C object CMakeFiles/turtlebot3_msgs__rosidl_typesupport_introspection_c__pyext.dir/rosidl_generator_py/turtlebot3_msgs/_turtlebot3_msgs_s.ep.rosidl_typesupport_introspection_c.c.o[0m
[33.243s] [ 94%] [32mBuilding C object CMakeFiles/turtlebot3_msgs__rosidl_typesupport_fastrtps_c__pyext.dir/rosidl_generator_py/turtlebot3_msgs/_turtlebot3_msgs_s.ep.rosidl_typesupport_fastrtps_c.c.o[0m
[33.243s] [ 95%] [32mBuilding C object CMakeFiles/turtlebot3_msgs__rosidl_typesupport_c__pyext.dir/rosidl_generator_py/turtlebot3_msgs/_turtlebot3_msgs_s.ep.rosidl_typesupport_c.c.o[0m
[33.534s] [ 97%] [32m[1mLinking CXX shared library rosidl_generator_py/turtlebot3_msgs/turtlebot3_msgs_s__rosidl_typesupport_fastrtps_c.cpython-38-x86_64-linux-gnu.so[0m
[33.568s] [ 98%] [32m[1mLinking C shared library rosidl_generator_py/turtlebot3_msgs/turtlebot3_msgs_s__rosidl_typesupport_c.cpython-38-x86_64-linux-gnu.so[0m
[33.572s] [100%] [32m[1mLinking C shared library rosidl_generator_py/turtlebot3_msgs/turtlebot3_msgs_s__rosidl_typesupport_introspection_c.cpython-38-x86_64-linux-gnu.so[0m
[33.654s] [100%] Built target turtlebot3_msgs__rosidl_typesupport_c__pyext
[33.657s] [100%] Built target turtlebot3_msgs__rosidl_typesupport_introspection_c__pyext
[33.666s] [100%] Built target turtlebot3_msgs__rosidl_typesupport_fastrtps_c__pyext
[33.686s] Invoked command in '/home/sakshi/ClutterBot/src/build/turtlebot3_msgs' returned '0': CMAKE_PREFIX_PATH=${CMAKE_PREFIX_PATH}:/home/sakshi/ClutterBot/install/turtlebot3_teleop:/home/sakshi/ClutterBot/install/turtlebot3_example:/opt/ros/foxy /usr/bin/cmake --build /home/sakshi/ClutterBot/src/build/turtlebot3_msgs -- -j8 -l8
[33.842s] Invoking command in '/home/sakshi/ClutterBot/src/build/turtlebot3_msgs': CMAKE_PREFIX_PATH=${CMAKE_PREFIX_PATH}:/home/sakshi/ClutterBot/install/turtlebot3_teleop:/home/sakshi/ClutterBot/install/turtlebot3_example:/opt/ros/foxy /usr/bin/cmake --install /home/sakshi/ClutterBot/src/build/turtlebot3_msgs
[33.856s] -- Install configuration: ""
[33.857s] -- Installing: /home/sakshi/ClutterBot/src/install/turtlebot3_msgs/share/ament_index/resource_index/rosidl_interfaces/turtlebot3_msgs
[33.857s] -- Installing: /home/sakshi/ClutterBot/src/install/turtlebot3_msgs/include/turtlebot3_msgs
[33.857s] -- Installing: /home/sakshi/ClutterBot/src/install/turtlebot3_msgs/include/turtlebot3_msgs/msg
[33.857s] -- Installing: /home/sakshi/ClutterBot/src/install/turtlebot3_msgs/include/turtlebot3_msgs/msg/sensor_state.h
[33.858s] -- Installing: /home/sakshi/ClutterBot/src/install/turtlebot3_msgs/include/turtlebot3_msgs/msg/rosidl_generator_c__visibility_control.h
[33.858s] -- Installing: /home/sakshi/ClutterBot/src/install/turtlebot3_msgs/include/turtlebot3_msgs/msg/detail
[33.858s] -- Installing: /home/sakshi/ClutterBot/src/install/turtlebot3_msgs/include/turtlebot3_msgs/msg/detail/sensor_state__type_support.h
[33.858s] -- Installing: /home/sakshi/ClutterBot/src/install/turtlebot3_msgs/include/turtlebot3_msgs/msg/detail/version_info__functions.h
[33.858s] -- Installing: /home/sakshi/ClutterBot/src/install/turtlebot3_msgs/include/turtlebot3_msgs/msg/detail/sensor_state__functions.c
[33.859s] -- Installing: /home/sakshi/ClutterBot/src/install/turtlebot3_msgs/include/turtlebot3_msgs/msg/detail/version_info__functions.c
[33.859s] -- Installing: /home/sakshi/ClutterBot/src/install/turtlebot3_msgs/include/turtlebot3_msgs/msg/detail/sound__struct.h
[33.859s] -- Installing: /home/sakshi/ClutterBot/src/install/turtlebot3_msgs/include/turtlebot3_msgs/msg/detail/sound__functions.h
[33.859s] -- Installing: /home/sakshi/ClutterBot/src/install/turtlebot3_msgs/include/turtlebot3_msgs/msg/detail/version_info__struct.h
[33.859s] -- Installing: /home/sakshi/ClutterBot/src/install/turtlebot3_msgs/include/turtlebot3_msgs/msg/detail/sensor_state__struct.h
[33.859s] -- Installing: /home/sakshi/ClutterBot/src/install/turtlebot3_msgs/include/turtlebot3_msgs/msg/detail/sound__type_support.h
[33.860s] -- Installing: /home/sakshi/ClutterBot/src/install/turtlebot3_msgs/include/turtlebot3_msgs/msg/detail/version_info__type_support.h
[33.860s] -- Installing: /home/sakshi/ClutterBot/src/install/turtlebot3_msgs/include/turtlebot3_msgs/msg/detail/sound__functions.c
[33.860s] -- Installing: /home/sakshi/ClutterBot/src/install/turtlebot3_msgs/include/turtlebot3_msgs/msg/detail/sensor_state__functions.h
[33.860s] -- Installing: /home/sakshi/ClutterBot/src/install/turtlebot3_msgs/include/turtlebot3_msgs/msg/version_info.h
[33.860s] -- Installing: /home/sakshi/ClutterBot/src/install/turtlebot3_msgs/include/turtlebot3_msgs/msg/sound.h
[33.860s] -- Installing: /home/sakshi/ClutterBot/src/install/turtlebot3_msgs/include/turtlebot3_msgs/action
[33.861s] -- Installing: /home/sakshi/ClutterBot/src/install/turtlebot3_msgs/include/turtlebot3_msgs/action/patrol.h
[33.861s] -- Installing: /home/sakshi/ClutterBot/src/install/turtlebot3_msgs/include/turtlebot3_msgs/action/detail
[33.861s] -- Installing: /home/sakshi/ClutterBot/src/install/turtlebot3_msgs/include/turtlebot3_msgs/action/detail/patrol__struct.h
[33.861s] -- Installing: /home/sakshi/ClutterBot/src/install/turtlebot3_msgs/include/turtlebot3_msgs/action/detail/patrol__functions.h
[33.861s] -- Installing: /home/sakshi/ClutterBot/src/install/turtlebot3_msgs/include/turtlebot3_msgs/action/detail/patrol__functions.c
[33.861s] -- Installing: /home/sakshi/ClutterBot/src/install/turtlebot3_msgs/include/turtlebot3_msgs/action/detail/patrol__type_support.h
[33.862s] -- Installing: /home/sakshi/ClutterBot/src/install/turtlebot3_msgs/include/turtlebot3_msgs/srv
[33.862s] -- Installing: /home/sakshi/ClutterBot/src/install/turtlebot3_msgs/include/turtlebot3_msgs/srv/dqn.h
[33.862s] -- Installing: /home/sakshi/ClutterBot/src/install/turtlebot3_msgs/include/turtlebot3_msgs/srv/detail
[33.862s] -- Installing: /home/sakshi/ClutterBot/src/install/turtlebot3_msgs/include/turtlebot3_msgs/srv/detail/dqn__functions.h
[33.862s] -- Installing: /home/sakshi/ClutterBot/src/install/turtlebot3_msgs/include/turtlebot3_msgs/srv/detail/dqn__type_support.h
[33.862s] -- Installing: /home/sakshi/ClutterBot/src/install/turtlebot3_msgs/include/turtlebot3_msgs/srv/detail/sound__struct.h
[33.863s] -- Installing: /home/sakshi/ClutterBot/src/install/turtlebot3_msgs/include/turtlebot3_msgs/srv/detail/sound__functions.h
[33.863s] -- Installing: /home/sakshi/ClutterBot/src/install/turtlebot3_msgs/include/turtlebot3_msgs/srv/detail/dqn__functions.c
[33.863s] -- Installing: /home/sakshi/ClutterBot/src/install/turtlebot3_msgs/include/turtlebot3_msgs/srv/detail/sound__type_support.h
[33.863s] -- Installing: /home/sakshi/ClutterBot/src/install/turtlebot3_msgs/include/turtlebot3_msgs/srv/detail/sound__functions.c
[33.863s] -- Installing: /home/sakshi/ClutterBot/src/install/turtlebot3_msgs/include/turtlebot3_msgs/srv/detail/dqn__struct.h
[33.864s] -- Installing: /home/sakshi/ClutterBot/src/install/turtlebot3_msgs/include/turtlebot3_msgs/srv/sound.h
[33.864s] -- Installing: /home/sakshi/ClutterBot/src/install/turtlebot3_msgs/share/turtlebot3_msgs/environment/library_path.sh
[33.864s] -- Installing: /home/sakshi/ClutterBot/src/install/turtlebot3_msgs/share/turtlebot3_msgs/environment/library_path.dsv
[33.864s] -- Installing: /home/sakshi/ClutterBot/src/install/turtlebot3_msgs/lib/libturtlebot3_msgs__rosidl_generator_c.so
[33.865s] -- Set runtime path of "/home/sakshi/ClutterBot/src/install/turtlebot3_msgs/lib/libturtlebot3_msgs__rosidl_generator_c.so" to ""
[33.866s] -- Up-to-date: /home/sakshi/ClutterBot/src/install/turtlebot3_msgs/include/turtlebot3_msgs
[33.866s] -- Up-to-date: /home/sakshi/ClutterBot/src/install/turtlebot3_msgs/include/turtlebot3_msgs/msg
[33.866s] -- Installing: /home/sakshi/ClutterBot/src/install/turtlebot3_msgs/include/turtlebot3_msgs/msg/rosidl_typesupport_fastrtps_c__visibility_control.h
[33.866s] -- Up-to-date: /home/sakshi/ClutterBot/src/install/turtlebot3_msgs/include/turtlebot3_msgs/msg/detail
[33.866s] -- Installing: /home/sakshi/ClutterBot/src/install/turtlebot3_msgs/include/turtlebot3_msgs/msg/detail/version_info__rosidl_typesupport_fastrtps_c.h
[33.866s] -- Installing: /home/sakshi/ClutterBot/src/install/turtlebot3_msgs/include/turtlebot3_msgs/msg/detail/sensor_state__rosidl_typesupport_fastrtps_c.h
[33.867s] -- Installing: /home/sakshi/ClutterBot/src/install/turtlebot3_msgs/include/turtlebot3_msgs/msg/detail/sound__rosidl_typesupport_fastrtps_c.h
[33.867s] -- Up-to-date: /home/sakshi/ClutterBot/src/install/turtlebot3_msgs/include/turtlebot3_msgs/action
[33.867s] -- Up-to-date: /home/sakshi/ClutterBot/src/install/turtlebot3_msgs/include/turtlebot3_msgs/action/detail
[33.868s] -- Installing: /home/sakshi/ClutterBot/src/install/turtlebot3_msgs/include/turtlebot3_msgs/action/detail/patrol__rosidl_typesupport_fastrtps_c.h
[33.868s] -- Up-to-date: /home/sakshi/ClutterBot/src/install/turtlebot3_msgs/include/turtlebot3_msgs/srv
[33.868s] -- Up-to-date: /home/sakshi/ClutterBot/src/install/turtlebot3_msgs/include/turtlebot3_msgs/srv/detail
[33.868s] -- Installing: /home/sakshi/ClutterBot/src/install/turtlebot3_msgs/include/turtlebot3_msgs/srv/detail/sound__rosidl_typesupport_fastrtps_c.h
[33.869s] -- Installing: /home/sakshi/ClutterBot/src/install/turtlebot3_msgs/include/turtlebot3_msgs/srv/detail/dqn__rosidl_typesupport_fastrtps_c.h
[33.869s] -- Installing: /home/sakshi/ClutterBot/src/install/turtlebot3_msgs/lib/libturtlebot3_msgs__rosidl_typesupport_fastrtps_c.so
[33.869s] -- Set runtime path of "/home/sakshi/ClutterBot/src/install/turtlebot3_msgs/lib/libturtlebot3_msgs__rosidl_typesupport_fastrtps_c.so" to ""
[33.869s] -- Up-to-date: /home/sakshi/ClutterBot/src/install/turtlebot3_msgs/include/turtlebot3_msgs
[33.869s] -- Up-to-date: /home/sakshi/ClutterBot/src/install/turtlebot3_msgs/include/turtlebot3_msgs/msg
[33.869s] -- Up-to-date: /home/sakshi/ClutterBot/src/install/turtlebot3_msgs/include/turtlebot3_msgs/msg/detail
[33.869s] -- Installing: /home/sakshi/ClutterBot/src/install/turtlebot3_msgs/include/turtlebot3_msgs/msg/detail/sensor_state__rosidl_typesupport_fastrtps_cpp.hpp
[33.869s] -- Installing: /home/sakshi/ClutterBot/src/install/turtlebot3_msgs/include/turtlebot3_msgs/msg/detail/sound__rosidl_typesupport_fastrtps_cpp.hpp
[33.869s] -- Installing: /home/sakshi/ClutterBot/src/install/turtlebot3_msgs/include/turtlebot3_msgs/msg/detail/version_info__rosidl_typesupport_fastrtps_cpp.hpp
[33.869s] -- Installing: /home/sakshi/ClutterBot/src/install/turtlebot3_msgs/include/turtlebot3_msgs/msg/detail/dds_fastrtps
[33.869s] -- Installing: /home/sakshi/ClutterBot/src/install/turtlebot3_msgs/include/turtlebot3_msgs/msg/rosidl_typesupport_fastrtps_cpp__visibility_control.h
[33.869s] -- Up-to-date: /home/sakshi/ClutterBot/src/install/turtlebot3_msgs/include/turtlebot3_msgs/action
[33.870s] -- Up-to-date: /home/sakshi/ClutterBot/src/install/turtlebot3_msgs/include/turtlebot3_msgs/action/detail
[33.870s] -- Installing: /home/sakshi/ClutterBot/src/install/turtlebot3_msgs/include/turtlebot3_msgs/action/detail/patrol__rosidl_typesupport_fastrtps_cpp.hpp
[33.870s] -- Installing: /home/sakshi/ClutterBot/src/install/turtlebot3_msgs/include/turtlebot3_msgs/action/detail/dds_fastrtps
[33.870s] -- Up-to-date: /home/sakshi/ClutterBot/src/install/turtlebot3_msgs/include/turtlebot3_msgs/srv
[33.870s] -- Up-to-date: /home/sakshi/ClutterBot/src/install/turtlebot3_msgs/include/turtlebot3_msgs/srv/detail
[33.870s] -- Installing: /home/sakshi/ClutterBot/src/install/turtlebot3_msgs/include/turtlebot3_msgs/srv/detail/dqn__rosidl_typesupport_fastrtps_cpp.hpp
[33.870s] -- Installing: /home/sakshi/ClutterBot/src/install/turtlebot3_msgs/include/turtlebot3_msgs/srv/detail/sound__rosidl_typesupport_fastrtps_cpp.hpp
[33.870s] -- Installing: /home/sakshi/ClutterBot/src/install/turtlebot3_msgs/include/turtlebot3_msgs/srv/detail/dds_fastrtps
[33.870s] -- Installing: /home/sakshi/ClutterBot/src/install/turtlebot3_msgs/lib/libturtlebot3_msgs__rosidl_typesupport_fastrtps_cpp.so
[33.870s] -- Set runtime path of "/home/sakshi/ClutterBot/src/install/turtlebot3_msgs/lib/libturtlebot3_msgs__rosidl_typesupport_fastrtps_cpp.so" to ""
[33.870s] -- Up-to-date: /home/sakshi/ClutterBot/src/install/turtlebot3_msgs/include/turtlebot3_msgs
[33.870s] -- Up-to-date: /home/sakshi/ClutterBot/src/install/turtlebot3_msgs/include/turtlebot3_msgs/msg
[33.870s] -- Installing: /home/sakshi/ClutterBot/src/install/turtlebot3_msgs/include/turtlebot3_msgs/msg/rosidl_typesupport_introspection_c__visibility_control.h
[33.870s] -- Up-to-date: /home/sakshi/ClutterBot/src/install/turtlebot3_msgs/include/turtlebot3_msgs/msg/detail
[33.871s] -- Installing: /home/sakshi/ClutterBot/src/install/turtlebot3_msgs/include/turtlebot3_msgs/msg/detail/sound__rosidl_typesupport_introspection_c.h
[33.871s] -- Installing: /home/sakshi/ClutterBot/src/install/turtlebot3_msgs/include/turtlebot3_msgs/msg/detail/sensor_state__type_support.c
[33.871s] -- Installing: /home/sakshi/ClutterBot/src/install/turtlebot3_msgs/include/turtlebot3_msgs/msg/detail/version_info__type_support.c
[33.871s] -- Installing: /home/sakshi/ClutterBot/src/install/turtlebot3_msgs/include/turtlebot3_msgs/msg/detail/version_info__rosidl_typesupport_introspection_c.h
[33.871s] -- Installing: /home/sakshi/ClutterBot/src/install/turtlebot3_msgs/include/turtlebot3_msgs/msg/detail/sound__type_support.c
[33.871s] -- Installing: /home/sakshi/ClutterBot/src/install/turtlebot3_msgs/include/turtlebot3_msgs/msg/detail/sensor_state__rosidl_typesupport_introspection_c.h
[33.871s] -- Up-to-date: /home/sakshi/ClutterBot/src/install/turtlebot3_msgs/include/turtlebot3_msgs/action
[33.871s] -- Up-to-date: /home/sakshi/ClutterBot/src/install/turtlebot3_msgs/include/turtlebot3_msgs/action/detail
[33.871s] -- Installing: /home/sakshi/ClutterBot/src/install/turtlebot3_msgs/include/turtlebot3_msgs/action/detail/patrol__rosidl_typesupport_introspection_c.h
[33.872s] -- Installing: /home/sakshi/ClutterBot/src/install/turtlebot3_msgs/include/turtlebot3_msgs/action/detail/patrol__type_support.c
[33.872s] -- Up-to-date: /home/sakshi/ClutterBot/src/install/turtlebot3_msgs/include/turtlebot3_msgs/srv
[33.872s] -- Up-to-date: /home/sakshi/ClutterBot/src/install/turtlebot3_msgs/include/turtlebot3_msgs/srv/detail
[33.872s] -- Installing: /home/sakshi/ClutterBot/src/install/turtlebot3_msgs/include/turtlebot3_msgs/srv/detail/sound__rosidl_typesupport_introspection_c.h
[33.872s] -- Installing: /home/sakshi/ClutterBot/src/install/turtlebot3_msgs/include/turtlebot3_msgs/srv/detail/dqn__type_support.c
[33.872s] -- Installing: /home/sakshi/ClutterBot/src/install/turtlebot3_msgs/include/turtlebot3_msgs/srv/detail/sound__type_support.c
[33.872s] -- Installing: /home/sakshi/ClutterBot/src/install/turtlebot3_msgs/include/turtlebot3_msgs/srv/detail/dqn__rosidl_typesupport_introspection_c.h
[33.872s] -- Installing: /home/sakshi/ClutterBot/src/install/turtlebot3_msgs/lib/libturtlebot3_msgs__rosidl_typesupport_introspection_c.so
[33.872s] -- Set runtime path of "/home/sakshi/ClutterBot/src/install/turtlebot3_msgs/lib/libturtlebot3_msgs__rosidl_typesupport_introspection_c.so" to ""
[33.872s] -- Installing: /home/sakshi/ClutterBot/src/install/turtlebot3_msgs/lib/libturtlebot3_msgs__rosidl_typesupport_c.so
[33.873s] -- Set runtime path of "/home/sakshi/ClutterBot/src/install/turtlebot3_msgs/lib/libturtlebot3_msgs__rosidl_typesupport_c.so" to ""
[33.873s] -- Up-to-date: /home/sakshi/ClutterBot/src/install/turtlebot3_msgs/include/turtlebot3_msgs
[33.873s] -- Up-to-date: /home/sakshi/ClutterBot/src/install/turtlebot3_msgs/include/turtlebot3_msgs/msg
[33.873s] -- Installing: /home/sakshi/ClutterBot/src/install/turtlebot3_msgs/include/turtlebot3_msgs/msg/sensor_state.hpp
[33.873s] -- Up-to-date: /home/sakshi/ClutterBot/src/install/turtlebot3_msgs/include/turtlebot3_msgs/msg/detail
[33.873s] -- Installing: /home/sakshi/ClutterBot/src/install/turtlebot3_msgs/include/turtlebot3_msgs/msg/detail/sensor_state__traits.hpp
[33.873s] -- Installing: /home/sakshi/ClutterBot/src/install/turtlebot3_msgs/include/turtlebot3_msgs/msg/detail/sound__traits.hpp
[33.873s] -- Installing: /home/sakshi/ClutterBot/src/install/turtlebot3_msgs/include/turtlebot3_msgs/msg/detail/sensor_state__struct.hpp
[33.873s] -- Installing: /home/sakshi/ClutterBot/src/install/turtlebot3_msgs/include/turtlebot3_msgs/msg/detail/sensor_state__type_support.hpp
[33.873s] -- Installing: /home/sakshi/ClutterBot/src/install/turtlebot3_msgs/include/turtlebot3_msgs/msg/detail/sensor_state__builder.hpp
[33.873s] -- Installing: /home/sakshi/ClutterBot/src/install/turtlebot3_msgs/include/turtlebot3_msgs/msg/detail/sound__type_support.hpp
[33.874s] -- Installing: /home/sakshi/ClutterBot/src/install/turtlebot3_msgs/include/turtlebot3_msgs/msg/detail/sound__builder.hpp
[33.874s] -- Installing: /home/sakshi/ClutterBot/src/install/turtlebot3_msgs/include/turtlebot3_msgs/msg/detail/version_info__type_support.hpp
[33.874s] -- Installing: /home/sakshi/ClutterBot/src/install/turtlebot3_msgs/include/turtlebot3_msgs/msg/detail/sound__struct.hpp
[33.874s] -- Installing: /home/sakshi/ClutterBot/src/install/turtlebot3_msgs/include/turtlebot3_msgs/msg/detail/version_info__struct.hpp
[33.874s] -- Installing: /home/sakshi/ClutterBot/src/install/turtlebot3_msgs/include/turtlebot3_msgs/msg/detail/version_info__traits.hpp
[33.874s] -- Installing: /home/sakshi/ClutterBot/src/install/turtlebot3_msgs/include/turtlebot3_msgs/msg/detail/version_info__builder.hpp
[33.874s] -- Installing: /home/sakshi/ClutterBot/src/install/turtlebot3_msgs/include/turtlebot3_msgs/msg/rosidl_generator_cpp__visibility_control.hpp
[33.874s] -- Installing: /home/sakshi/ClutterBot/src/install/turtlebot3_msgs/include/turtlebot3_msgs/msg/sound.hpp
[33.874s] -- Installing: /home/sakshi/ClutterBot/src/install/turtlebot3_msgs/include/turtlebot3_msgs/msg/version_info.hpp
[33.874s] -- Up-to-date: /home/sakshi/ClutterBot/src/install/turtlebot3_msgs/include/turtlebot3_msgs/action
[33.874s] -- Up-to-date: /home/sakshi/ClutterBot/src/install/turtlebot3_msgs/include/turtlebot3_msgs/action/detail
[33.874s] -- Installing: /home/sakshi/ClutterBot/src/install/turtlebot3_msgs/include/turtlebot3_msgs/action/detail/patrol__struct.hpp
[33.874s] -- Installing: /home/sakshi/ClutterBot/src/install/turtlebot3_msgs/include/turtlebot3_msgs/action/detail/patrol__type_support.hpp
[33.874s] -- Installing: /home/sakshi/ClutterBot/src/install/turtlebot3_msgs/include/turtlebot3_msgs/action/detail/patrol__builder.hpp
[33.875s] -- Installing: /home/sakshi/ClutterBot/src/install/turtlebot3_msgs/include/turtlebot3_msgs/action/detail/patrol__traits.hpp
[33.875s] -- Installing: /home/sakshi/ClutterBot/src/install/turtlebot3_msgs/include/turtlebot3_msgs/action/patrol.hpp
[33.875s] -- Up-to-date: /home/sakshi/ClutterBot/src/install/turtlebot3_msgs/include/turtlebot3_msgs/srv
[33.875s] -- Installing: /home/sakshi/ClutterBot/src/install/turtlebot3_msgs/include/turtlebot3_msgs/srv/dqn.hpp
[33.875s] -- Up-to-date: /home/sakshi/ClutterBot/src/install/turtlebot3_msgs/include/turtlebot3_msgs/srv/detail
[33.875s] -- Installing: /home/sakshi/ClutterBot/src/install/turtlebot3_msgs/include/turtlebot3_msgs/srv/detail/dqn__type_support.hpp
[33.875s] -- Installing: /home/sakshi/ClutterBot/src/install/turtlebot3_msgs/include/turtlebot3_msgs/srv/detail/dqn__struct.hpp
[33.875s] -- Installing: /home/sakshi/ClutterBot/src/install/turtlebot3_msgs/include/turtlebot3_msgs/srv/detail/sound__traits.hpp
[33.875s] -- Installing: /home/sakshi/ClutterBot/src/install/turtlebot3_msgs/include/turtlebot3_msgs/srv/detail/sound__type_support.hpp
[33.875s] -- Installing: /home/sakshi/ClutterBot/src/install/turtlebot3_msgs/include/turtlebot3_msgs/srv/detail/sound__builder.hpp
[33.875s] -- Installing: /home/sakshi/ClutterBot/src/install/turtlebot3_msgs/include/turtlebot3_msgs/srv/detail/dqn__traits.hpp
[33.875s] -- Installing: /home/sakshi/ClutterBot/src/install/turtlebot3_msgs/include/turtlebot3_msgs/srv/detail/sound__struct.hpp
[33.875s] -- Installing: /home/sakshi/ClutterBot/src/install/turtlebot3_msgs/include/turtlebot3_msgs/srv/detail/dqn__builder.hpp
[33.875s] -- Installing: /home/sakshi/ClutterBot/src/install/turtlebot3_msgs/include/turtlebot3_msgs/srv/sound.hpp
[33.876s] -- Up-to-date: /home/sakshi/ClutterBot/src/install/turtlebot3_msgs/include/turtlebot3_msgs
[33.876s] -- Up-to-date: /home/sakshi/ClutterBot/src/install/turtlebot3_msgs/include/turtlebot3_msgs/msg
[33.876s] -- Up-to-date: /home/sakshi/ClutterBot/src/install/turtlebot3_msgs/include/turtlebot3_msgs/msg/detail
[33.876s] -- Installing: /home/sakshi/ClutterBot/src/install/turtlebot3_msgs/include/turtlebot3_msgs/msg/detail/version_info__type_support.cpp
[33.876s] -- Installing: /home/sakshi/ClutterBot/src/install/turtlebot3_msgs/include/turtlebot3_msgs/msg/detail/sound__rosidl_typesupport_introspection_cpp.hpp
[33.876s] -- Installing: /home/sakshi/ClutterBot/src/install/turtlebot3_msgs/include/turtlebot3_msgs/msg/detail/sound__type_support.cpp
[33.876s] -- Installing: /home/sakshi/ClutterBot/src/install/turtlebot3_msgs/include/turtlebot3_msgs/msg/detail/version_info__rosidl_typesupport_introspection_cpp.hpp
[33.876s] -- Installing: /home/sakshi/ClutterBot/src/install/turtlebot3_msgs/include/turtlebot3_msgs/msg/detail/sensor_state__rosidl_typesupport_introspection_cpp.hpp
[33.876s] -- Installing: /home/sakshi/ClutterBot/src/install/turtlebot3_msgs/include/turtlebot3_msgs/msg/detail/sensor_state__type_support.cpp
[33.876s] -- Up-to-date: /home/sakshi/ClutterBot/src/install/turtlebot3_msgs/include/turtlebot3_msgs/action
[33.876s] -- Up-to-date: /home/sakshi/ClutterBot/src/install/turtlebot3_msgs/include/turtlebot3_msgs/action/detail
[33.876s] -- Installing: /home/sakshi/ClutterBot/src/install/turtlebot3_msgs/include/turtlebot3_msgs/action/detail/patrol__type_support.cpp
[33.876s] -- Installing: /home/sakshi/ClutterBot/src/install/turtlebot3_msgs/include/turtlebot3_msgs/action/detail/patrol__rosidl_typesupport_introspection_cpp.hpp
[33.876s] -- Up-to-date: /home/sakshi/ClutterBot/src/install/turtlebot3_msgs/include/turtlebot3_msgs/srv
[33.876s] -- Up-to-date: /home/sakshi/ClutterBot/src/install/turtlebot3_msgs/include/turtlebot3_msgs/srv/detail
[33.877s] -- Installing: /home/sakshi/ClutterBot/src/install/turtlebot3_msgs/include/turtlebot3_msgs/srv/detail/sound__rosidl_typesupport_introspection_cpp.hpp
[33.877s] -- Installing: /home/sakshi/ClutterBot/src/install/turtlebot3_msgs/include/turtlebot3_msgs/srv/detail/dqn__type_support.cpp
[33.877s] -- Installing: /home/sakshi/ClutterBot/src/install/turtlebot3_msgs/include/turtlebot3_msgs/srv/detail/sound__type_support.cpp
[33.877s] -- Installing: /home/sakshi/ClutterBot/src/install/turtlebot3_msgs/include/turtlebot3_msgs/srv/detail/dqn__rosidl_typesupport_introspection_cpp.hpp
[33.877s] -- Installing: /home/sakshi/ClutterBot/src/install/turtlebot3_msgs/lib/libturtlebot3_msgs__rosidl_typesupport_introspection_cpp.so
[33.877s] -- Set runtime path of "/home/sakshi/ClutterBot/src/install/turtlebot3_msgs/lib/libturtlebot3_msgs__rosidl_typesupport_introspection_cpp.so" to ""
[33.877s] -- Installing: /home/sakshi/ClutterBot/src/install/turtlebot3_msgs/lib/libturtlebot3_msgs__rosidl_typesupport_cpp.so
[33.877s] -- Set runtime path of "/home/sakshi/ClutterBot/src/install/turtlebot3_msgs/lib/libturtlebot3_msgs__rosidl_typesupport_cpp.so" to ""
[33.877s] -- Installing: /home/sakshi/ClutterBot/src/install/turtlebot3_msgs/share/turtlebot3_msgs/environment/pythonpath.sh
[33.877s] -- Installing: /home/sakshi/ClutterBot/src/install/turtlebot3_msgs/share/turtlebot3_msgs/environment/pythonpath.dsv
[33.877s] -- Installing: /home/sakshi/ClutterBot/src/install/turtlebot3_msgs/lib/python3.8/site-packages/turtlebot3_msgs/__init__.py
[33.925s] Compiling '/home/sakshi/ClutterBot/src/install/turtlebot3_msgs/lib/python3.8/site-packages/turtlebot3_msgs/__init__.py'...
[33.936s] -- Installing: /home/sakshi/ClutterBot/src/install/turtlebot3_msgs/lib/python3.8/site-packages/turtlebot3_msgs/msg
[33.936s] -- Installing: /home/sakshi/ClutterBot/src/install/turtlebot3_msgs/lib/python3.8/site-packages/turtlebot3_msgs/msg/_version_info.py
[33.936s] -- Installing: /home/sakshi/ClutterBot/src/install/turtlebot3_msgs/lib/python3.8/site-packages/turtlebot3_msgs/msg/_sensor_state.py
[33.936s] -- Installing: /home/sakshi/ClutterBot/src/install/turtlebot3_msgs/lib/python3.8/site-packages/turtlebot3_msgs/msg/_sensor_state_s.c
[33.937s] -- Installing: /home/sakshi/ClutterBot/src/install/turtlebot3_msgs/lib/python3.8/site-packages/turtlebot3_msgs/msg/_sound.py
[33.937s] -- Installing: /home/sakshi/ClutterBot/src/install/turtlebot3_msgs/lib/python3.8/site-packages/turtlebot3_msgs/msg/_sound_s.c
[33.937s] -- Installing: /home/sakshi/ClutterBot/src/install/turtlebot3_msgs/lib/python3.8/site-packages/turtlebot3_msgs/msg/__init__.py
[33.937s] -- Installing: /home/sakshi/ClutterBot/src/install/turtlebot3_msgs/lib/python3.8/site-packages/turtlebot3_msgs/msg/_version_info_s.c
[33.938s] -- Installing: /home/sakshi/ClutterBot/src/install/turtlebot3_msgs/lib/python3.8/site-packages/turtlebot3_msgs/srv
[33.939s] -- Installing: /home/sakshi/ClutterBot/src/install/turtlebot3_msgs/lib/python3.8/site-packages/turtlebot3_msgs/srv/_dqn.py
[33.939s] -- Installing: /home/sakshi/ClutterBot/src/install/turtlebot3_msgs/lib/python3.8/site-packages/turtlebot3_msgs/srv/_sound.py
[33.939s] -- Installing: /home/sakshi/ClutterBot/src/install/turtlebot3_msgs/lib/python3.8/site-packages/turtlebot3_msgs/srv/_sound_s.c
[33.939s] -- Installing: /home/sakshi/ClutterBot/src/install/turtlebot3_msgs/lib/python3.8/site-packages/turtlebot3_msgs/srv/_dqn_s.c
[33.939s] -- Installing: /home/sakshi/ClutterBot/src/install/turtlebot3_msgs/lib/python3.8/site-packages/turtlebot3_msgs/srv/__init__.py
[33.939s] -- Installing: /home/sakshi/ClutterBot/src/install/turtlebot3_msgs/lib/python3.8/site-packages/turtlebot3_msgs/action
[33.939s] -- Installing: /home/sakshi/ClutterBot/src/install/turtlebot3_msgs/lib/python3.8/site-packages/turtlebot3_msgs/action/_patrol_s.c
[33.947s] -- Installing: /home/sakshi/ClutterBot/src/install/turtlebot3_msgs/lib/python3.8/site-packages/turtlebot3_msgs/action/_patrol.py
[33.948s] -- Installing: /home/sakshi/ClutterBot/src/install/turtlebot3_msgs/lib/python3.8/site-packages/turtlebot3_msgs/action/__init__.py
[33.948s] -- Installing: /home/sakshi/ClutterBot/src/install/turtlebot3_msgs/lib/python3.8/site-packages/turtlebot3_msgs/turtlebot3_msgs_s__rosidl_typesupport_fastrtps_c.cpython-38-x86_64-linux-gnu.so
[33.948s] -- Set runtime path of "/home/sakshi/ClutterBot/src/install/turtlebot3_msgs/lib/python3.8/site-packages/turtlebot3_msgs/turtlebot3_msgs_s__rosidl_typesupport_fastrtps_c.cpython-38-x86_64-linux-gnu.so" to ""
[33.948s] -- Installing: /home/sakshi/ClutterBot/src/install/turtlebot3_msgs/lib/python3.8/site-packages/turtlebot3_msgs/turtlebot3_msgs_s__rosidl_typesupport_introspection_c.cpython-38-x86_64-linux-gnu.so
[33.948s] -- Set runtime path of "/home/sakshi/ClutterBot/src/install/turtlebot3_msgs/lib/python3.8/site-packages/turtlebot3_msgs/turtlebot3_msgs_s__rosidl_typesupport_introspection_c.cpython-38-x86_64-linux-gnu.so" to ""
[33.948s] -- Installing: /home/sakshi/ClutterBot/src/install/turtlebot3_msgs/lib/python3.8/site-packages/turtlebot3_msgs/turtlebot3_msgs_s__rosidl_typesupport_c.cpython-38-x86_64-linux-gnu.so
[33.949s] -- Set runtime path of "/home/sakshi/ClutterBot/src/install/turtlebot3_msgs/lib/python3.8/site-packages/turtlebot3_msgs/turtlebot3_msgs_s__rosidl_typesupport_c.cpython-38-x86_64-linux-gnu.so" to ""
[33.949s] -- Installing: /home/sakshi/ClutterBot/src/install/turtlebot3_msgs/lib/libturtlebot3_msgs__python.so
[33.949s] -- Set runtime path of "/home/sakshi/ClutterBot/src/install/turtlebot3_msgs/lib/libturtlebot3_msgs__python.so" to ""
[33.949s] -- Installing: /home/sakshi/ClutterBot/src/install/turtlebot3_msgs/share/turtlebot3_msgs/msg/SensorState.idl
[33.949s] -- Installing: /home/sakshi/ClutterBot/src/install/turtlebot3_msgs/share/turtlebot3_msgs/msg/Sound.idl
[33.949s] -- Installing: /home/sakshi/ClutterBot/src/install/turtlebot3_msgs/share/turtlebot3_msgs/msg/VersionInfo.idl
[33.949s] -- Installing: /home/sakshi/ClutterBot/src/install/turtlebot3_msgs/share/turtlebot3_msgs/srv/Sound.idl
[33.949s] -- Installing: /home/sakshi/ClutterBot/src/install/turtlebot3_msgs/share/turtlebot3_msgs/srv/Dqn.idl
[33.950s] -- Installing: /home/sakshi/ClutterBot/src/install/turtlebot3_msgs/share/turtlebot3_msgs/action/Patrol.idl
[33.950s] -- Installing: /home/sakshi/ClutterBot/src/install/turtlebot3_msgs/share/turtlebot3_msgs/msg/SensorState.msg
[33.950s] -- Installing: /home/sakshi/ClutterBot/src/install/turtlebot3_msgs/share/turtlebot3_msgs/msg/Sound.msg
[33.950s] -- Installing: /home/sakshi/ClutterBot/src/install/turtlebot3_msgs/share/turtlebot3_msgs/msg/VersionInfo.msg
[33.950s] -- Installing: /home/sakshi/ClutterBot/src/install/turtlebot3_msgs/share/turtlebot3_msgs/srv/Sound.srv
[33.951s] -- Installing: /home/sakshi/ClutterBot/src/install/turtlebot3_msgs/share/turtlebot3_msgs/srv/Sound_Request.msg
[33.951s] -- Installing: /home/sakshi/ClutterBot/src/install/turtlebot3_msgs/share/turtlebot3_msgs/srv/Sound_Response.msg
[33.951s] -- Installing: /home/sakshi/ClutterBot/src/install/turtlebot3_msgs/share/turtlebot3_msgs/srv/Dqn.srv
[33.951s] -- Installing: /home/sakshi/ClutterBot/src/install/turtlebot3_msgs/share/turtlebot3_msgs/srv/Dqn_Request.msg
[33.951s] -- Installing: /home/sakshi/ClutterBot/src/install/turtlebot3_msgs/share/turtlebot3_msgs/srv/Dqn_Response.msg
[33.952s] -- Installing: /home/sakshi/ClutterBot/src/install/turtlebot3_msgs/share/turtlebot3_msgs/action/Patrol.action
[33.952s] -- Installing: /home/sakshi/ClutterBot/src/install/turtlebot3_msgs/share/ament_index/resource_index/package_run_dependencies/turtlebot3_msgs
[33.952s] -- Installing: /home/sakshi/ClutterBot/src/install/turtlebot3_msgs/share/ament_index/resource_index/parent_prefix_path/turtlebot3_msgs
[33.952s] -- Installing: /home/sakshi/ClutterBot/src/install/turtlebot3_msgs/share/turtlebot3_msgs/environment/ament_prefix_path.sh
[33.952s] -- Installing: /home/sakshi/ClutterBot/src/install/turtlebot3_msgs/share/turtlebot3_msgs/environment/ament_prefix_path.dsv
[33.952s] -- Installing: /home/sakshi/ClutterBot/src/install/turtlebot3_msgs/share/turtlebot3_msgs/environment/path.sh
[33.952s] -- Installing: /home/sakshi/ClutterBot/src/install/turtlebot3_msgs/share/turtlebot3_msgs/environment/path.dsv
[33.952s] -- Installing: /home/sakshi/ClutterBot/src/install/turtlebot3_msgs/share/turtlebot3_msgs/local_setup.bash
[33.953s] -- Installing: /home/sakshi/ClutterBot/src/install/turtlebot3_msgs/share/turtlebot3_msgs/local_setup.sh
[33.953s] -- Installing: /home/sakshi/ClutterBot/src/install/turtlebot3_msgs/share/turtlebot3_msgs/local_setup.zsh
[33.953s] -- Installing: /home/sakshi/ClutterBot/src/install/turtlebot3_msgs/share/turtlebot3_msgs/local_setup.dsv
[33.953s] -- Installing: /home/sakshi/ClutterBot/src/install/turtlebot3_msgs/share/turtlebot3_msgs/package.dsv
[33.953s] -- Installing: /home/sakshi/ClutterBot/src/install/turtlebot3_msgs/share/ament_index/resource_index/packages/turtlebot3_msgs
[33.953s] -- Installing: /home/sakshi/ClutterBot/src/install/turtlebot3_msgs/share/turtlebot3_msgs/cmake/turtlebot3_msgs__rosidl_generator_cExport.cmake
[33.953s] -- Installing: /home/sakshi/ClutterBot/src/install/turtlebot3_msgs/share/turtlebot3_msgs/cmake/turtlebot3_msgs__rosidl_generator_cExport-noconfig.cmake
[33.953s] -- Installing: /home/sakshi/ClutterBot/src/install/turtlebot3_msgs/share/turtlebot3_msgs/cmake/turtlebot3_msgs__rosidl_typesupport_introspection_cExport.cmake
[33.954s] -- Installing: /home/sakshi/ClutterBot/src/install/turtlebot3_msgs/share/turtlebot3_msgs/cmake/turtlebot3_msgs__rosidl_typesupport_introspection_cExport-noconfig.cmake
[33.954s] -- Installing: /home/sakshi/ClutterBot/src/install/turtlebot3_msgs/share/turtlebot3_msgs/cmake/turtlebot3_msgs__rosidl_typesupport_cExport.cmake
[33.954s] -- Installing: /home/sakshi/ClutterBot/src/install/turtlebot3_msgs/share/turtlebot3_msgs/cmake/turtlebot3_msgs__rosidl_typesupport_cExport-noconfig.cmake
[33.954s] -- Installing: /home/sakshi/ClutterBot/src/install/turtlebot3_msgs/share/turtlebot3_msgs/cmake/turtlebot3_msgs__rosidl_generator_cppExport.cmake
[33.954s] -- Installing: /home/sakshi/ClutterBot/src/install/turtlebot3_msgs/share/turtlebot3_msgs/cmake/turtlebot3_msgs__rosidl_typesupport_introspection_cppExport.cmake
[33.954s] -- Installing: /home/sakshi/ClutterBot/src/install/turtlebot3_msgs/share/turtlebot3_msgs/cmake/turtlebot3_msgs__rosidl_typesupport_introspection_cppExport-noconfig.cmake
[33.954s] -- Installing: /home/sakshi/ClutterBot/src/install/turtlebot3_msgs/share/turtlebot3_msgs/cmake/turtlebot3_msgs__rosidl_typesupport_cppExport.cmake
[33.954s] -- Installing: /home/sakshi/ClutterBot/src/install/turtlebot3_msgs/share/turtlebot3_msgs/cmake/turtlebot3_msgs__rosidl_typesupport_cppExport-noconfig.cmake
[33.954s] -- Installing: /home/sakshi/ClutterBot/src/install/turtlebot3_msgs/share/turtlebot3_msgs/cmake/rosidl_cmake-extras.cmake
[33.955s] -- Installing: /home/sakshi/ClutterBot/src/install/turtlebot3_msgs/share/turtlebot3_msgs/cmake/ament_cmake_export_dependencies-extras.cmake
[33.958s] -- Installing: /home/sakshi/ClutterBot/src/install/turtlebot3_msgs/share/turtlebot3_msgs/cmake/ament_cmake_export_libraries-extras.cmake
[33.966s] -- Installing: /home/sakshi/ClutterBot/src/install/turtlebot3_msgs/share/turtlebot3_msgs/cmake/ament_cmake_export_targets-extras.cmake
[33.967s] -- Installing: /home/sakshi/ClutterBot/src/install/turtlebot3_msgs/share/turtlebot3_msgs/cmake/ament_cmake_export_include_directories-extras.cmake
[33.967s] -- Installing: /home/sakshi/ClutterBot/src/install/turtlebot3_msgs/share/turtlebot3_msgs/cmake/rosidl_cmake_export_typesupport_libraries-extras.cmake
[33.968s] -- Installing: /home/sakshi/ClutterBot/src/install/turtlebot3_msgs/share/turtlebot3_msgs/cmake/rosidl_cmake_export_typesupport_targets-extras.cmake
[33.968s] -- Installing: /home/sakshi/ClutterBot/src/install/turtlebot3_msgs/share/turtlebot3_msgs/cmake/turtlebot3_msgsConfig.cmake
[33.968s] -- Installing: /home/sakshi/ClutterBot/src/install/turtlebot3_msgs/share/turtlebot3_msgs/cmake/turtlebot3_msgsConfig-version.cmake
[33.968s] -- Installing: /home/sakshi/ClutterBot/src/install/turtlebot3_msgs/share/turtlebot3_msgs/package.xml
[33.969s] Invoked command in '/home/sakshi/ClutterBot/src/build/turtlebot3_msgs' returned '0': CMAKE_PREFIX_PATH=${CMAKE_PREFIX_PATH}:/home/sakshi/ClutterBot/install/turtlebot3_teleop:/home/sakshi/ClutterBot/install/turtlebot3_example:/opt/ros/foxy /usr/bin/cmake --install /home/sakshi/ClutterBot/src/build/turtlebot3_msgs
