[3.122s] Invoking command in '/home/sakshi/ClutterBot/src/turtlebot3/turtlebot3/turtlebot3_teleop': CONDA_PROMPT_MODIFIER=(base) PYTHONPATH=/home/sakshi/ClutterBot/build/turtlebot3_teleop/prefix_override:/home/sakshi/ClutterBot/install/turtlebot3_teleop/lib/python3.8/site-packages:${PYTHONPATH} /usr/bin/python3 setup.py egg_info --egg-base ../../../../build/turtlebot3_teleop build --build-base /home/sakshi/ClutterBot/build/turtlebot3_teleop/build install --record /home/sakshi/ClutterBot/build/turtlebot3_teleop/install.log --single-version-externally-managed
[3.476s] running egg_info
[3.477s] writing ../../../../build/turtlebot3_teleop/turtlebot3_teleop.egg-info/PKG-INFO
[3.477s] writing dependency_links to ../../../../build/turtlebot3_teleop/turtlebot3_teleop.egg-info/dependency_links.txt
[3.477s] writing entry points to ../../../../build/turtlebot3_teleop/turtlebot3_teleop.egg-info/entry_points.txt
[3.477s] writing requirements to ../../../../build/turtlebot3_teleop/turtlebot3_teleop.egg-info/requires.txt
[3.478s] writing top-level names to ../../../../build/turtlebot3_teleop/turtlebot3_teleop.egg-info/top_level.txt
[3.661s] reading manifest file '../../../../build/turtlebot3_teleop/turtlebot3_teleop.egg-info/SOURCES.txt'
[3.697s] writing manifest file '../../../../build/turtlebot3_teleop/turtlebot3_teleop.egg-info/SOURCES.txt'
[3.697s] running build
[3.698s] running build_py
[3.699s] running install
[3.702s] running install_lib
[3.706s] running install_data
[3.708s] running install_egg_info
[3.714s] removing '/home/sakshi/ClutterBot/install/turtlebot3_teleop/lib/python3.8/site-packages/turtlebot3_teleop-2.1.4-py3.8.egg-info' (and everything under it)
[3.715s] Copying ../../../../build/turtlebot3_teleop/turtlebot3_teleop.egg-info to /home/sakshi/ClutterBot/install/turtlebot3_teleop/lib/python3.8/site-packages/turtlebot3_teleop-2.1.4-py3.8.egg-info
[3.718s] running install_scripts
[3.747s] Installing teleop_keyboard script to /home/sakshi/ClutterBot/install/turtlebot3_teleop/lib/turtlebot3_teleop
[3.747s] writing list of installed files to '/home/sakshi/ClutterBot/build/turtlebot3_teleop/install.log'
[3.776s] Invoked command in '/home/sakshi/ClutterBot/src/turtlebot3/turtlebot3/turtlebot3_teleop' returned '0': CONDA_PROMPT_MODIFIER=(base) PYTHONPATH=/home/sakshi/ClutterBot/build/turtlebot3_teleop/prefix_override:/home/sakshi/ClutterBot/install/turtlebot3_teleop/lib/python3.8/site-packages:${PYTHONPATH} /usr/bin/python3 setup.py egg_info --egg-base ../../../../build/turtlebot3_teleop build --build-base /home/sakshi/ClutterBot/build/turtlebot3_teleop/build install --record /home/sakshi/ClutterBot/build/turtlebot3_teleop/install.log --single-version-externally-managed
