[3.527s] Invoking command in '/home/sakshi/ClutterBot/build/turtlebot3_navigation2': CMAKE_PREFIX_PATH=${CMAKE_PREFIX_PATH}:/home/sakshi/ClutterBot/install/turtlebot3_teleop:/home/sakshi/ClutterBot/install/turtlebot3_example:/opt/ros/foxy /usr/bin/cmake --build /home/sakshi/ClutterBot/build/turtlebot3_navigation2 -- -j8 -l8
[18.066s] Invoked command in '/home/sakshi/ClutterBot/build/turtlebot3_navigation2' returned '0': CMAKE_PREFIX_PATH=${CMAKE_PREFIX_PATH}:/home/sakshi/ClutterBot/install/turtlebot3_teleop:/home/sakshi/ClutterBot/install/turtlebot3_example:/opt/ros/foxy /usr/bin/cmake --build /home/sakshi/ClutterBot/build/turtlebot3_navigation2 -- -j8 -l8
[18.099s] Invoking command in '/home/sakshi/ClutterBot/build/turtlebot3_navigation2': CMAKE_PREFIX_PATH=${CMAKE_PREFIX_PATH}:/home/sakshi/ClutterBot/install/turtlebot3_teleop:/home/sakshi/ClutterBot/install/turtlebot3_example:/opt/ros/foxy /usr/bin/cmake --install /home/sakshi/ClutterBot/build/turtlebot3_navigation2
[18.656s] -- Install configuration: ""
[18.657s] -- Up-to-date: /home/sakshi/ClutterBot/install/turtlebot3_navigation2/share/turtlebot3_navigation2/launch
[18.657s] -- Up-to-date: /home/sakshi/ClutterBot/install/turtlebot3_navigation2/share/turtlebot3_navigation2/launch/navigation2.launch.py
[18.657s] -- Up-to-date: /home/sakshi/ClutterBot/install/turtlebot3_navigation2/share/turtlebot3_navigation2/map
[18.657s] -- Up-to-date: /home/sakshi/ClutterBot/install/turtlebot3_navigation2/share/turtlebot3_navigation2/map/turtlebot3_world.yaml
[18.658s] -- Up-to-date: /home/sakshi/ClutterBot/install/turtlebot3_navigation2/share/turtlebot3_navigation2/map/turtlebot3_world.pgm
[18.658s] -- Up-to-date: /home/sakshi/ClutterBot/install/turtlebot3_navigation2/share/turtlebot3_navigation2/param
[18.658s] -- Up-to-date: /home/sakshi/ClutterBot/install/turtlebot3_navigation2/share/turtlebot3_navigation2/param/waffle_pi.yaml
[18.658s] -- Up-to-date: /home/sakshi/ClutterBot/install/turtlebot3_navigation2/share/turtlebot3_navigation2/param/waffle.yaml
[18.659s] -- Up-to-date: /home/sakshi/ClutterBot/install/turtlebot3_navigation2/share/turtlebot3_navigation2/param/burger.yaml
[18.659s] -- Up-to-date: /home/sakshi/ClutterBot/install/turtlebot3_navigation2/share/turtlebot3_navigation2/rviz
[18.659s] -- Up-to-date: /home/sakshi/ClutterBot/install/turtlebot3_navigation2/share/turtlebot3_navigation2/rviz/tb3_navigation2.rviz
[18.659s] -- Up-to-date: /home/sakshi/ClutterBot/install/turtlebot3_navigation2/share/ament_index/resource_index/package_run_dependencies/turtlebot3_navigation2
[18.660s] -- Up-to-date: /home/sakshi/ClutterBot/install/turtlebot3_navigation2/share/ament_index/resource_index/parent_prefix_path/turtlebot3_navigation2
[18.660s] -- Up-to-date: /home/sakshi/ClutterBot/install/turtlebot3_navigation2/share/turtlebot3_navigation2/environment/ament_prefix_path.sh
[18.660s] -- Up-to-date: /home/sakshi/ClutterBot/install/turtlebot3_navigation2/share/turtlebot3_navigation2/environment/ament_prefix_path.dsv
[18.660s] -- Up-to-date: /home/sakshi/ClutterBot/install/turtlebot3_navigation2/share/turtlebot3_navigation2/environment/path.sh
[18.660s] -- Up-to-date: /home/sakshi/ClutterBot/install/turtlebot3_navigation2/share/turtlebot3_navigation2/environment/path.dsv
[18.661s] -- Up-to-date: /home/sakshi/ClutterBot/install/turtlebot3_navigation2/share/turtlebot3_navigation2/local_setup.bash
[18.661s] -- Up-to-date: /home/sakshi/ClutterBot/install/turtlebot3_navigation2/share/turtlebot3_navigation2/local_setup.sh
[18.661s] -- Up-to-date: /home/sakshi/ClutterBot/install/turtlebot3_navigation2/share/turtlebot3_navigation2/local_setup.zsh
[18.662s] -- Up-to-date: /home/sakshi/ClutterBot/install/turtlebot3_navigation2/share/turtlebot3_navigation2/local_setup.dsv
[18.662s] -- Installing: /home/sakshi/ClutterBot/install/turtlebot3_navigation2/share/turtlebot3_navigation2/package.dsv
[18.985s] -- Up-to-date: /home/sakshi/ClutterBot/install/turtlebot3_navigation2/share/ament_index/resource_index/packages/turtlebot3_navigation2
[18.986s] -- Up-to-date: /home/sakshi/ClutterBot/install/turtlebot3_navigation2/share/turtlebot3_navigation2/cmake/turtlebot3_navigation2Config.cmake
[18.986s] -- Up-to-date: /home/sakshi/ClutterBot/install/turtlebot3_navigation2/share/turtlebot3_navigation2/cmake/turtlebot3_navigation2Config-version.cmake
[18.986s] -- Up-to-date: /home/sakshi/ClutterBot/install/turtlebot3_navigation2/share/turtlebot3_navigation2/package.xml
[21.209s] Invoked command in '/home/sakshi/ClutterBot/build/turtlebot3_navigation2' returned '0': CMAKE_PREFIX_PATH=${CMAKE_PREFIX_PATH}:/home/sakshi/ClutterBot/install/turtlebot3_teleop:/home/sakshi/ClutterBot/install/turtlebot3_example:/opt/ros/foxy /usr/bin/cmake --install /home/sakshi/ClutterBot/build/turtlebot3_navigation2
