[2.558s] DEBUG:colcon:Command line arguments: ['/usr/bin/colcon', 'list', '-p', '--base-paths', '/home/sakshi/ClutterBot']
[2.559s] DEBUG:colcon:Parsed command line arguments: Namespace(allow_overriding=[], base_paths=['/home/sakshi/ClutterBot'], build_base='build', ignore_user_meta=False, log_base=None, log_level=None, main=<bound method ListVerb.main of <colcon_package_information.verb.list.ListVerb object at 0x7faae383a3d0>>, metas=['./colcon.meta'], names_only=False, packages_above=None, packages_above_and_dependencies=None, packages_above_depth=None, packages_end=None, packages_ignore=None, packages_ignore_regex=None, packages_select=None, packages_select_build_failed=False, packages_select_by_dep=None, packages_select_regex=None, packages_select_test_failures=False, packages_skip=None, packages_skip_build_finished=False, packages_skip_by_dep=None, packages_skip_regex=None, packages_skip_test_passed=False, packages_skip_up_to=None, packages_start=None, packages_up_to=None, packages_up_to_regex=None, paths=None, paths_only=True, topological_graph=False, topological_graph_density=False, topological_graph_dot=False, topological_graph_dot_cluster=False, topological_graph_dot_include_skipped=False, topological_graph_legend=False, topological_order=False, verb_extension=<colcon_package_information.verb.list.ListVerb object at 0x7faae383a3d0>, verb_name='list', verb_parser=<colcon_defaults.argument_parser.defaults.DefaultArgumentsDecorator object at 0x7faae3798580>)
[2.983s] Level 1:colcon.colcon_core.package_discovery:discover_packages(colcon_meta) check parameters
[2.986s] Level 1:colcon.colcon_core.package_discovery:discover_packages(recursive) check parameters
[2.987s] Level 1:colcon.colcon_core.package_discovery:discover_packages(ignore) check parameters
[2.990s] Level 1:colcon.colcon_core.package_discovery:discover_packages(path) check parameters
[2.990s] Level 1:colcon.colcon_core.package_discovery:discover_packages(recursive) discover
[2.990s] INFO:colcon.colcon_core.package_discovery:Crawling recursively for packages in '/home/sakshi/ClutterBot'
[2.991s] Level 1:colcon.colcon_core.package_identification:_identify(/home/sakshi/ClutterBot) by extensions ['ignore', 'ignore_ament_install']
[2.991s] Level 1:colcon.colcon_core.package_identification:_identify(/home/sakshi/ClutterBot) by extension 'ignore'
[2.991s] Level 1:colcon.colcon_core.package_identification:_identify(/home/sakshi/ClutterBot) by extension 'ignore_ament_install'
[2.991s] Level 1:colcon.colcon_core.package_identification:_identify(/home/sakshi/ClutterBot) by extensions ['colcon_pkg']
[2.991s] Level 1:colcon.colcon_core.package_identification:_identify(/home/sakshi/ClutterBot) by extension 'colcon_pkg'
[2.992s] Level 1:colcon.colcon_core.package_identification:_identify(/home/sakshi/ClutterBot) by extensions ['colcon_meta']
[2.992s] Level 1:colcon.colcon_core.package_identification:_identify(/home/sakshi/ClutterBot) by extension 'colcon_meta'
[2.992s] Level 1:colcon.colcon_core.package_identification:_identify(/home/sakshi/ClutterBot) by extensions ['ros']
[2.992s] Level 1:colcon.colcon_core.package_identification:_identify(/home/sakshi/ClutterBot) by extension 'ros'
[3.080s] Level 1:colcon.colcon_core.package_identification:_identify(/home/sakshi/ClutterBot) by extensions ['cmake', 'python']
[3.082s] Level 1:colcon.colcon_core.package_identification:_identify(/home/sakshi/ClutterBot) by extension 'cmake'
[3.083s] Level 1:colcon.colcon_core.package_identification:_identify(/home/sakshi/ClutterBot) by extension 'python'
[3.083s] Level 1:colcon.colcon_core.package_identification:_identify(/home/sakshi/ClutterBot) by extensions ['python_setup_py']
[3.084s] Level 1:colcon.colcon_core.package_identification:_identify(/home/sakshi/ClutterBot) by extension 'python_setup_py'
[3.084s] Level 1:colcon.colcon_core.package_identification:_identify(/home/sakshi/ClutterBot/build) by extensions ['ignore', 'ignore_ament_install']
[3.084s] Level 1:colcon.colcon_core.package_identification:_identify(/home/sakshi/ClutterBot/build) by extension 'ignore'
[3.085s] Level 1:colcon.colcon_core.package_identification:_identify(/home/sakshi/ClutterBot/build) ignored
[3.085s] Level 1:colcon.colcon_core.package_identification:_identify(/home/sakshi/ClutterBot/install) by extensions ['ignore', 'ignore_ament_install']
[3.086s] Level 1:colcon.colcon_core.package_identification:_identify(/home/sakshi/ClutterBot/install) by extension 'ignore'
[3.087s] Level 1:colcon.colcon_core.package_identification:_identify(/home/sakshi/ClutterBot/install) ignored
[3.088s] Level 1:colcon.colcon_core.package_identification:_identify(/home/sakshi/ClutterBot/log) by extensions ['ignore', 'ignore_ament_install']
[3.093s] Level 1:colcon.colcon_core.package_identification:_identify(/home/sakshi/ClutterBot/log) by extension 'ignore'
[3.094s] Level 1:colcon.colcon_core.package_identification:_identify(/home/sakshi/ClutterBot/log) ignored
[3.094s] Level 1:colcon.colcon_core.package_identification:_identify(/home/sakshi/ClutterBot/src) by extensions ['ignore', 'ignore_ament_install']
[3.094s] Level 1:colcon.colcon_core.package_identification:_identify(/home/sakshi/ClutterBot/src) by extension 'ignore'
[3.096s] Level 1:colcon.colcon_core.package_identification:_identify(/home/sakshi/ClutterBot/src) by extension 'ignore_ament_install'
[3.100s] Level 1:colcon.colcon_core.package_identification:_identify(/home/sakshi/ClutterBot/src) by extensions ['colcon_pkg']
[3.101s] Level 1:colcon.colcon_core.package_identification:_identify(/home/sakshi/ClutterBot/src) by extension 'colcon_pkg'
[3.101s] Level 1:colcon.colcon_core.package_identification:_identify(/home/sakshi/ClutterBot/src) by extensions ['colcon_meta']
[3.111s] Level 1:colcon.colcon_core.package_identification:_identify(/home/sakshi/ClutterBot/src) by extension 'colcon_meta'
[3.113s] Level 1:colcon.colcon_core.package_identification:_identify(/home/sakshi/ClutterBot/src) by extensions ['ros']
[3.114s] Level 1:colcon.colcon_core.package_identification:_identify(/home/sakshi/ClutterBot/src) by extension 'ros'
[3.116s] Level 1:colcon.colcon_core.package_identification:_identify(/home/sakshi/ClutterBot/src) by extensions ['cmake', 'python']
[3.117s] Level 1:colcon.colcon_core.package_identification:_identify(/home/sakshi/ClutterBot/src) by extension 'cmake'
[3.118s] Level 1:colcon.colcon_core.package_identification:_identify(/home/sakshi/ClutterBot/src) by extension 'python'
[3.118s] Level 1:colcon.colcon_core.package_identification:_identify(/home/sakshi/ClutterBot/src) by extensions ['python_setup_py']
[3.120s] Level 1:colcon.colcon_core.package_identification:_identify(/home/sakshi/ClutterBot/src) by extension 'python_setup_py'
[3.122s] Level 1:colcon.colcon_core.package_identification:_identify(/home/sakshi/ClutterBot/src/build) by extensions ['ignore', 'ignore_ament_install']
[3.125s] Level 1:colcon.colcon_core.package_identification:_identify(/home/sakshi/ClutterBot/src/build) by extension 'ignore'
[3.126s] Level 1:colcon.colcon_core.package_identification:_identify(/home/sakshi/ClutterBot/src/build) ignored
[3.127s] Level 1:colcon.colcon_core.package_identification:_identify(/home/sakshi/ClutterBot/src/install) by extensions ['ignore', 'ignore_ament_install']
[3.127s] Level 1:colcon.colcon_core.package_identification:_identify(/home/sakshi/ClutterBot/src/install) by extension 'ignore'
[3.128s] Level 1:colcon.colcon_core.package_identification:_identify(/home/sakshi/ClutterBot/src/install) ignored
[3.128s] Level 1:colcon.colcon_core.package_identification:_identify(/home/sakshi/ClutterBot/src/log) by extensions ['ignore', 'ignore_ament_install']
[3.128s] Level 1:colcon.colcon_core.package_identification:_identify(/home/sakshi/ClutterBot/src/log) by extension 'ignore'
[3.128s] Level 1:colcon.colcon_core.package_identification:_identify(/home/sakshi/ClutterBot/src/log) ignored
[3.129s] Level 1:colcon.colcon_core.package_identification:_identify(/home/sakshi/ClutterBot/src/slam_toolbox-release) by extensions ['ignore', 'ignore_ament_install']
[3.129s] Level 1:colcon.colcon_core.package_identification:_identify(/home/sakshi/ClutterBot/src/slam_toolbox-release) by extension 'ignore'
[3.129s] Level 1:colcon.colcon_core.package_identification:_identify(/home/sakshi/ClutterBot/src/slam_toolbox-release) by extension 'ignore_ament_install'
[3.129s] Level 1:colcon.colcon_core.package_identification:_identify(/home/sakshi/ClutterBot/src/slam_toolbox-release) by extensions ['colcon_pkg']
[3.129s] Level 1:colcon.colcon_core.package_identification:_identify(/home/sakshi/ClutterBot/src/slam_toolbox-release) by extension 'colcon_pkg'
[3.130s] Level 1:colcon.colcon_core.package_identification:_identify(/home/sakshi/ClutterBot/src/slam_toolbox-release) by extensions ['colcon_meta']
[3.130s] Level 1:colcon.colcon_core.package_identification:_identify(/home/sakshi/ClutterBot/src/slam_toolbox-release) by extension 'colcon_meta'
[3.130s] Level 1:colcon.colcon_core.package_identification:_identify(/home/sakshi/ClutterBot/src/slam_toolbox-release) by extensions ['ros']
[3.130s] Level 1:colcon.colcon_core.package_identification:_identify(/home/sakshi/ClutterBot/src/slam_toolbox-release) by extension 'ros'
[3.130s] Level 1:colcon.colcon_core.package_identification:_identify(/home/sakshi/ClutterBot/src/slam_toolbox-release) by extensions ['cmake', 'python']
[3.130s] Level 1:colcon.colcon_core.package_identification:_identify(/home/sakshi/ClutterBot/src/slam_toolbox-release) by extension 'cmake'
[3.130s] Level 1:colcon.colcon_core.package_identification:_identify(/home/sakshi/ClutterBot/src/slam_toolbox-release) by extension 'python'
[3.130s] Level 1:colcon.colcon_core.package_identification:_identify(/home/sakshi/ClutterBot/src/slam_toolbox-release) by extensions ['python_setup_py']
[3.130s] Level 1:colcon.colcon_core.package_identification:_identify(/home/sakshi/ClutterBot/src/slam_toolbox-release) by extension 'python_setup_py'
[3.130s] Level 1:colcon.colcon_core.package_identification:_identify(/home/sakshi/ClutterBot/src/task) by extensions ['ignore', 'ignore_ament_install']
[3.131s] Level 1:colcon.colcon_core.package_identification:_identify(/home/sakshi/ClutterBot/src/task) by extension 'ignore'
[3.131s] Level 1:colcon.colcon_core.package_identification:_identify(/home/sakshi/ClutterBot/src/task) by extension 'ignore_ament_install'
[3.131s] Level 1:colcon.colcon_core.package_identification:_identify(/home/sakshi/ClutterBot/src/task) by extensions ['colcon_pkg']
[3.132s] Level 1:colcon.colcon_core.package_identification:_identify(/home/sakshi/ClutterBot/src/task) by extension 'colcon_pkg'
[3.132s] Level 1:colcon.colcon_core.package_identification:_identify(/home/sakshi/ClutterBot/src/task) by extensions ['colcon_meta']
[3.132s] Level 1:colcon.colcon_core.package_identification:_identify(/home/sakshi/ClutterBot/src/task) by extension 'colcon_meta'
[3.132s] Level 1:colcon.colcon_core.package_identification:_identify(/home/sakshi/ClutterBot/src/task) by extensions ['ros']
[3.132s] Level 1:colcon.colcon_core.package_identification:_identify(/home/sakshi/ClutterBot/src/task) by extension 'ros'
[3.147s] DEBUG:colcon.colcon_core.package_identification:Package '/home/sakshi/ClutterBot/src/task' with type 'ros.ament_cmake' and name 'task'
[3.147s] Level 1:colcon.colcon_core.package_identification:_identify(/home/sakshi/ClutterBot/src/turtlebot3) by extensions ['ignore', 'ignore_ament_install']
[3.148s] Level 1:colcon.colcon_core.package_identification:_identify(/home/sakshi/ClutterBot/src/turtlebot3) by extension 'ignore'
[3.148s] Level 1:colcon.colcon_core.package_identification:_identify(/home/sakshi/ClutterBot/src/turtlebot3) by extension 'ignore_ament_install'
[3.148s] Level 1:colcon.colcon_core.package_identification:_identify(/home/sakshi/ClutterBot/src/turtlebot3) by extensions ['colcon_pkg']
[3.148s] Level 1:colcon.colcon_core.package_identification:_identify(/home/sakshi/ClutterBot/src/turtlebot3) by extension 'colcon_pkg'
[3.148s] Level 1:colcon.colcon_core.package_identification:_identify(/home/sakshi/ClutterBot/src/turtlebot3) by extensions ['colcon_meta']
[3.148s] Level 1:colcon.colcon_core.package_identification:_identify(/home/sakshi/ClutterBot/src/turtlebot3) by extension 'colcon_meta'
[3.148s] Level 1:colcon.colcon_core.package_identification:_identify(/home/sakshi/ClutterBot/src/turtlebot3) by extensions ['ros']
[3.148s] Level 1:colcon.colcon_core.package_identification:_identify(/home/sakshi/ClutterBot/src/turtlebot3) by extension 'ros'
[3.149s] Level 1:colcon.colcon_core.package_identification:_identify(/home/sakshi/ClutterBot/src/turtlebot3) by extensions ['cmake', 'python']
[3.149s] Level 1:colcon.colcon_core.package_identification:_identify(/home/sakshi/ClutterBot/src/turtlebot3) by extension 'cmake'
[3.149s] Level 1:colcon.colcon_core.package_identification:_identify(/home/sakshi/ClutterBot/src/turtlebot3) by extension 'python'
[3.149s] Level 1:colcon.colcon_core.package_identification:_identify(/home/sakshi/ClutterBot/src/turtlebot3) by extensions ['python_setup_py']
[3.149s] Level 1:colcon.colcon_core.package_identification:_identify(/home/sakshi/ClutterBot/src/turtlebot3) by extension 'python_setup_py'
[3.149s] Level 1:colcon.colcon_core.package_identification:_identify(/home/sakshi/ClutterBot/src/turtlebot3/turtlebot3) by extensions ['ignore', 'ignore_ament_install']
[3.149s] Level 1:colcon.colcon_core.package_identification:_identify(/home/sakshi/ClutterBot/src/turtlebot3/turtlebot3) by extension 'ignore'
[3.150s] Level 1:colcon.colcon_core.package_identification:_identify(/home/sakshi/ClutterBot/src/turtlebot3/turtlebot3) by extension 'ignore_ament_install'
[3.150s] Level 1:colcon.colcon_core.package_identification:_identify(/home/sakshi/ClutterBot/src/turtlebot3/turtlebot3) by extensions ['colcon_pkg']
[3.150s] Level 1:colcon.colcon_core.package_identification:_identify(/home/sakshi/ClutterBot/src/turtlebot3/turtlebot3) by extension 'colcon_pkg'
[3.150s] Level 1:colcon.colcon_core.package_identification:_identify(/home/sakshi/ClutterBot/src/turtlebot3/turtlebot3) by extensions ['colcon_meta']
[3.150s] Level 1:colcon.colcon_core.package_identification:_identify(/home/sakshi/ClutterBot/src/turtlebot3/turtlebot3) by extension 'colcon_meta'
[3.150s] Level 1:colcon.colcon_core.package_identification:_identify(/home/sakshi/ClutterBot/src/turtlebot3/turtlebot3) by extensions ['ros']
[3.151s] Level 1:colcon.colcon_core.package_identification:_identify(/home/sakshi/ClutterBot/src/turtlebot3/turtlebot3) by extension 'ros'
[3.151s] Level 1:colcon.colcon_core.package_identification:_identify(/home/sakshi/ClutterBot/src/turtlebot3/turtlebot3) by extensions ['cmake', 'python']
[3.152s] Level 1:colcon.colcon_core.package_identification:_identify(/home/sakshi/ClutterBot/src/turtlebot3/turtlebot3) by extension 'cmake'
[3.152s] Level 1:colcon.colcon_core.package_identification:_identify(/home/sakshi/ClutterBot/src/turtlebot3/turtlebot3) by extension 'python'
[3.152s] Level 1:colcon.colcon_core.package_identification:_identify(/home/sakshi/ClutterBot/src/turtlebot3/turtlebot3) by extensions ['python_setup_py']
[3.152s] Level 1:colcon.colcon_core.package_identification:_identify(/home/sakshi/ClutterBot/src/turtlebot3/turtlebot3) by extension 'python_setup_py'
[3.153s] Level 1:colcon.colcon_core.package_identification:_identify(/home/sakshi/ClutterBot/src/turtlebot3/turtlebot3/turtlebot3) by extensions ['ignore', 'ignore_ament_install']
[3.155s] Level 1:colcon.colcon_core.package_identification:_identify(/home/sakshi/ClutterBot/src/turtlebot3/turtlebot3/turtlebot3) by extension 'ignore'
[3.157s] Level 1:colcon.colcon_core.package_identification:_identify(/home/sakshi/ClutterBot/src/turtlebot3/turtlebot3/turtlebot3) by extension 'ignore_ament_install'
[3.159s] Level 1:colcon.colcon_core.package_identification:_identify(/home/sakshi/ClutterBot/src/turtlebot3/turtlebot3/turtlebot3) by extensions ['colcon_pkg']
[3.159s] Level 1:colcon.colcon_core.package_identification:_identify(/home/sakshi/ClutterBot/src/turtlebot3/turtlebot3/turtlebot3) by extension 'colcon_pkg'
[3.160s] Level 1:colcon.colcon_core.package_identification:_identify(/home/sakshi/ClutterBot/src/turtlebot3/turtlebot3/turtlebot3) by extensions ['colcon_meta']
[3.160s] Level 1:colcon.colcon_core.package_identification:_identify(/home/sakshi/ClutterBot/src/turtlebot3/turtlebot3/turtlebot3) by extension 'colcon_meta'
[3.160s] Level 1:colcon.colcon_core.package_identification:_identify(/home/sakshi/ClutterBot/src/turtlebot3/turtlebot3/turtlebot3) by extensions ['ros']
[3.160s] Level 1:colcon.colcon_core.package_identification:_identify(/home/sakshi/ClutterBot/src/turtlebot3/turtlebot3/turtlebot3) by extension 'ros'
[3.163s] DEBUG:colcon.colcon_core.package_identification:Package '/home/sakshi/ClutterBot/src/turtlebot3/turtlebot3/turtlebot3' with type 'ros.ament_cmake' and name 'turtlebot3'
[3.164s] Level 1:colcon.colcon_core.package_identification:_identify(/home/sakshi/ClutterBot/src/turtlebot3/turtlebot3/turtlebot3_bringup) by extensions ['ignore', 'ignore_ament_install']
[3.165s] Level 1:colcon.colcon_core.package_identification:_identify(/home/sakshi/ClutterBot/src/turtlebot3/turtlebot3/turtlebot3_bringup) by extension 'ignore'
[3.166s] Level 1:colcon.colcon_core.package_identification:_identify(/home/sakshi/ClutterBot/src/turtlebot3/turtlebot3/turtlebot3_bringup) by extension 'ignore_ament_install'
[3.166s] Level 1:colcon.colcon_core.package_identification:_identify(/home/sakshi/ClutterBot/src/turtlebot3/turtlebot3/turtlebot3_bringup) by extensions ['colcon_pkg']
[3.167s] Level 1:colcon.colcon_core.package_identification:_identify(/home/sakshi/ClutterBot/src/turtlebot3/turtlebot3/turtlebot3_bringup) by extension 'colcon_pkg'
[3.167s] Level 1:colcon.colcon_core.package_identification:_identify(/home/sakshi/ClutterBot/src/turtlebot3/turtlebot3/turtlebot3_bringup) by extensions ['colcon_meta']
[3.167s] Level 1:colcon.colcon_core.package_identification:_identify(/home/sakshi/ClutterBot/src/turtlebot3/turtlebot3/turtlebot3_bringup) by extension 'colcon_meta'
[3.167s] Level 1:colcon.colcon_core.package_identification:_identify(/home/sakshi/ClutterBot/src/turtlebot3/turtlebot3/turtlebot3_bringup) by extensions ['ros']
[3.167s] Level 1:colcon.colcon_core.package_identification:_identify(/home/sakshi/ClutterBot/src/turtlebot3/turtlebot3/turtlebot3_bringup) by extension 'ros'
[3.171s] DEBUG:colcon.colcon_core.package_identification:Package '/home/sakshi/ClutterBot/src/turtlebot3/turtlebot3/turtlebot3_bringup' with type 'ros.ament_cmake' and name 'turtlebot3_bringup'
[3.175s] Level 1:colcon.colcon_core.package_identification:_identify(/home/sakshi/ClutterBot/src/turtlebot3/turtlebot3/turtlebot3_cartographer) by extensions ['ignore', 'ignore_ament_install']
[3.177s] Level 1:colcon.colcon_core.package_identification:_identify(/home/sakshi/ClutterBot/src/turtlebot3/turtlebot3/turtlebot3_cartographer) by extension 'ignore'
[3.177s] Level 1:colcon.colcon_core.package_identification:_identify(/home/sakshi/ClutterBot/src/turtlebot3/turtlebot3/turtlebot3_cartographer) by extension 'ignore_ament_install'
[3.178s] Level 1:colcon.colcon_core.package_identification:_identify(/home/sakshi/ClutterBot/src/turtlebot3/turtlebot3/turtlebot3_cartographer) by extensions ['colcon_pkg']
[3.178s] Level 1:colcon.colcon_core.package_identification:_identify(/home/sakshi/ClutterBot/src/turtlebot3/turtlebot3/turtlebot3_cartographer) by extension 'colcon_pkg'
[3.179s] Level 1:colcon.colcon_core.package_identification:_identify(/home/sakshi/ClutterBot/src/turtlebot3/turtlebot3/turtlebot3_cartographer) by extensions ['colcon_meta']
[3.179s] Level 1:colcon.colcon_core.package_identification:_identify(/home/sakshi/ClutterBot/src/turtlebot3/turtlebot3/turtlebot3_cartographer) by extension 'colcon_meta'
[3.179s] Level 1:colcon.colcon_core.package_identification:_identify(/home/sakshi/ClutterBot/src/turtlebot3/turtlebot3/turtlebot3_cartographer) by extensions ['ros']
[3.179s] Level 1:colcon.colcon_core.package_identification:_identify(/home/sakshi/ClutterBot/src/turtlebot3/turtlebot3/turtlebot3_cartographer) by extension 'ros'
[3.184s] DEBUG:colcon.colcon_core.package_identification:Package '/home/sakshi/ClutterBot/src/turtlebot3/turtlebot3/turtlebot3_cartographer' with type 'ros.ament_cmake' and name 'turtlebot3_cartographer'
[3.185s] Level 1:colcon.colcon_core.package_identification:_identify(/home/sakshi/ClutterBot/src/turtlebot3/turtlebot3/turtlebot3_description) by extensions ['ignore', 'ignore_ament_install']
[3.186s] Level 1:colcon.colcon_core.package_identification:_identify(/home/sakshi/ClutterBot/src/turtlebot3/turtlebot3/turtlebot3_description) by extension 'ignore'
[3.186s] Level 1:colcon.colcon_core.package_identification:_identify(/home/sakshi/ClutterBot/src/turtlebot3/turtlebot3/turtlebot3_description) by extension 'ignore_ament_install'
[3.186s] Level 1:colcon.colcon_core.package_identification:_identify(/home/sakshi/ClutterBot/src/turtlebot3/turtlebot3/turtlebot3_description) by extensions ['colcon_pkg']
[3.186s] Level 1:colcon.colcon_core.package_identification:_identify(/home/sakshi/ClutterBot/src/turtlebot3/turtlebot3/turtlebot3_description) by extension 'colcon_pkg'
[3.186s] Level 1:colcon.colcon_core.package_identification:_identify(/home/sakshi/ClutterBot/src/turtlebot3/turtlebot3/turtlebot3_description) by extensions ['colcon_meta']
[3.187s] Level 1:colcon.colcon_core.package_identification:_identify(/home/sakshi/ClutterBot/src/turtlebot3/turtlebot3/turtlebot3_description) by extension 'colcon_meta'
[3.187s] Level 1:colcon.colcon_core.package_identification:_identify(/home/sakshi/ClutterBot/src/turtlebot3/turtlebot3/turtlebot3_description) by extensions ['ros']
[3.187s] Level 1:colcon.colcon_core.package_identification:_identify(/home/sakshi/ClutterBot/src/turtlebot3/turtlebot3/turtlebot3_description) by extension 'ros'
[3.189s] DEBUG:colcon.colcon_core.package_identification:Package '/home/sakshi/ClutterBot/src/turtlebot3/turtlebot3/turtlebot3_description' with type 'ros.ament_cmake' and name 'turtlebot3_description'
[3.189s] Level 1:colcon.colcon_core.package_identification:_identify(/home/sakshi/ClutterBot/src/turtlebot3/turtlebot3/turtlebot3_example) by extensions ['ignore', 'ignore_ament_install']
[3.190s] Level 1:colcon.colcon_core.package_identification:_identify(/home/sakshi/ClutterBot/src/turtlebot3/turtlebot3/turtlebot3_example) by extension 'ignore'
[3.190s] Level 1:colcon.colcon_core.package_identification:_identify(/home/sakshi/ClutterBot/src/turtlebot3/turtlebot3/turtlebot3_example) by extension 'ignore_ament_install'
[3.191s] Level 1:colcon.colcon_core.package_identification:_identify(/home/sakshi/ClutterBot/src/turtlebot3/turtlebot3/turtlebot3_example) by extensions ['colcon_pkg']
[3.192s] Level 1:colcon.colcon_core.package_identification:_identify(/home/sakshi/ClutterBot/src/turtlebot3/turtlebot3/turtlebot3_example) by extension 'colcon_pkg'
[3.194s] Level 1:colcon.colcon_core.package_identification:_identify(/home/sakshi/ClutterBot/src/turtlebot3/turtlebot3/turtlebot3_example) by extensions ['colcon_meta']
[3.196s] Level 1:colcon.colcon_core.package_identification:_identify(/home/sakshi/ClutterBot/src/turtlebot3/turtlebot3/turtlebot3_example) by extension 'colcon_meta'
[3.197s] Level 1:colcon.colcon_core.package_identification:_identify(/home/sakshi/ClutterBot/src/turtlebot3/turtlebot3/turtlebot3_example) by extensions ['ros']
[3.197s] Level 1:colcon.colcon_core.package_identification:_identify(/home/sakshi/ClutterBot/src/turtlebot3/turtlebot3/turtlebot3_example) by extension 'ros'
[3.200s] DEBUG:colcon.colcon_core.package_identification:Package '/home/sakshi/ClutterBot/src/turtlebot3/turtlebot3/turtlebot3_example' with type 'ros.ament_python' and name 'turtlebot3_example'
[3.200s] Level 1:colcon.colcon_core.package_identification:_identify(/home/sakshi/ClutterBot/src/turtlebot3/turtlebot3/turtlebot3_navigation2) by extensions ['ignore', 'ignore_ament_install']
[3.201s] Level 1:colcon.colcon_core.package_identification:_identify(/home/sakshi/ClutterBot/src/turtlebot3/turtlebot3/turtlebot3_navigation2) by extension 'ignore'
[3.201s] Level 1:colcon.colcon_core.package_identification:_identify(/home/sakshi/ClutterBot/src/turtlebot3/turtlebot3/turtlebot3_navigation2) by extension 'ignore_ament_install'
[3.201s] Level 1:colcon.colcon_core.package_identification:_identify(/home/sakshi/ClutterBot/src/turtlebot3/turtlebot3/turtlebot3_navigation2) by extensions ['colcon_pkg']
[3.201s] Level 1:colcon.colcon_core.package_identification:_identify(/home/sakshi/ClutterBot/src/turtlebot3/turtlebot3/turtlebot3_navigation2) by extension 'colcon_pkg'
[3.201s] Level 1:colcon.colcon_core.package_identification:_identify(/home/sakshi/ClutterBot/src/turtlebot3/turtlebot3/turtlebot3_navigation2) by extensions ['colcon_meta']
[3.201s] Level 1:colcon.colcon_core.package_identification:_identify(/home/sakshi/ClutterBot/src/turtlebot3/turtlebot3/turtlebot3_navigation2) by extension 'colcon_meta'
[3.202s] Level 1:colcon.colcon_core.package_identification:_identify(/home/sakshi/ClutterBot/src/turtlebot3/turtlebot3/turtlebot3_navigation2) by extensions ['ros']
[3.202s] Level 1:colcon.colcon_core.package_identification:_identify(/home/sakshi/ClutterBot/src/turtlebot3/turtlebot3/turtlebot3_navigation2) by extension 'ros'
[3.204s] DEBUG:colcon.colcon_core.package_identification:Package '/home/sakshi/ClutterBot/src/turtlebot3/turtlebot3/turtlebot3_navigation2' with type 'ros.ament_cmake' and name 'turtlebot3_navigation2'
[3.205s] Level 1:colcon.colcon_core.package_identification:_identify(/home/sakshi/ClutterBot/src/turtlebot3/turtlebot3/turtlebot3_node) by extensions ['ignore', 'ignore_ament_install']
[3.206s] Level 1:colcon.colcon_core.package_identification:_identify(/home/sakshi/ClutterBot/src/turtlebot3/turtlebot3/turtlebot3_node) by extension 'ignore'
[3.207s] Level 1:colcon.colcon_core.package_identification:_identify(/home/sakshi/ClutterBot/src/turtlebot3/turtlebot3/turtlebot3_node) by extension 'ignore_ament_install'
[3.207s] Level 1:colcon.colcon_core.package_identification:_identify(/home/sakshi/ClutterBot/src/turtlebot3/turtlebot3/turtlebot3_node) by extensions ['colcon_pkg']
[3.207s] Level 1:colcon.colcon_core.package_identification:_identify(/home/sakshi/ClutterBot/src/turtlebot3/turtlebot3/turtlebot3_node) by extension 'colcon_pkg'
[3.207s] Level 1:colcon.colcon_core.package_identification:_identify(/home/sakshi/ClutterBot/src/turtlebot3/turtlebot3/turtlebot3_node) by extensions ['colcon_meta']
[3.207s] Level 1:colcon.colcon_core.package_identification:_identify(/home/sakshi/ClutterBot/src/turtlebot3/turtlebot3/turtlebot3_node) by extension 'colcon_meta'
[3.208s] Level 1:colcon.colcon_core.package_identification:_identify(/home/sakshi/ClutterBot/src/turtlebot3/turtlebot3/turtlebot3_node) by extensions ['ros']
[3.208s] Level 1:colcon.colcon_core.package_identification:_identify(/home/sakshi/ClutterBot/src/turtlebot3/turtlebot3/turtlebot3_node) by extension 'ros'
[3.219s] DEBUG:colcon.colcon_core.package_identification:Package '/home/sakshi/ClutterBot/src/turtlebot3/turtlebot3/turtlebot3_node' with type 'ros.ament_cmake' and name 'turtlebot3_node'
[3.220s] Level 1:colcon.colcon_core.package_identification:_identify(/home/sakshi/ClutterBot/src/turtlebot3/turtlebot3/turtlebot3_teleop) by extensions ['ignore', 'ignore_ament_install']
[3.220s] Level 1:colcon.colcon_core.package_identification:_identify(/home/sakshi/ClutterBot/src/turtlebot3/turtlebot3/turtlebot3_teleop) by extension 'ignore'
[3.221s] Level 1:colcon.colcon_core.package_identification:_identify(/home/sakshi/ClutterBot/src/turtlebot3/turtlebot3/turtlebot3_teleop) by extension 'ignore_ament_install'
[3.221s] Level 1:colcon.colcon_core.package_identification:_identify(/home/sakshi/ClutterBot/src/turtlebot3/turtlebot3/turtlebot3_teleop) by extensions ['colcon_pkg']
[3.221s] Level 1:colcon.colcon_core.package_identification:_identify(/home/sakshi/ClutterBot/src/turtlebot3/turtlebot3/turtlebot3_teleop) by extension 'colcon_pkg'
[3.221s] Level 1:colcon.colcon_core.package_identification:_identify(/home/sakshi/ClutterBot/src/turtlebot3/turtlebot3/turtlebot3_teleop) by extensions ['colcon_meta']
[3.221s] Level 1:colcon.colcon_core.package_identification:_identify(/home/sakshi/ClutterBot/src/turtlebot3/turtlebot3/turtlebot3_teleop) by extension 'colcon_meta'
[3.221s] Level 1:colcon.colcon_core.package_identification:_identify(/home/sakshi/ClutterBot/src/turtlebot3/turtlebot3/turtlebot3_teleop) by extensions ['ros']
[3.222s] Level 1:colcon.colcon_core.package_identification:_identify(/home/sakshi/ClutterBot/src/turtlebot3/turtlebot3/turtlebot3_teleop) by extension 'ros'
[3.224s] DEBUG:colcon.colcon_core.package_identification:Package '/home/sakshi/ClutterBot/src/turtlebot3/turtlebot3/turtlebot3_teleop' with type 'ros.ament_python' and name 'turtlebot3_teleop'
[3.225s] Level 1:colcon.colcon_core.package_identification:_identify(/home/sakshi/ClutterBot/src/turtlebot3/turtlebot3_msgs) by extensions ['ignore', 'ignore_ament_install']
[3.226s] Level 1:colcon.colcon_core.package_identification:_identify(/home/sakshi/ClutterBot/src/turtlebot3/turtlebot3_msgs) by extension 'ignore'
[3.227s] Level 1:colcon.colcon_core.package_identification:_identify(/home/sakshi/ClutterBot/src/turtlebot3/turtlebot3_msgs) by extension 'ignore_ament_install'
[3.228s] Level 1:colcon.colcon_core.package_identification:_identify(/home/sakshi/ClutterBot/src/turtlebot3/turtlebot3_msgs) by extensions ['colcon_pkg']
[3.229s] Level 1:colcon.colcon_core.package_identification:_identify(/home/sakshi/ClutterBot/src/turtlebot3/turtlebot3_msgs) by extension 'colcon_pkg'
[3.231s] Level 1:colcon.colcon_core.package_identification:_identify(/home/sakshi/ClutterBot/src/turtlebot3/turtlebot3_msgs) by extensions ['colcon_meta']
[3.232s] Level 1:colcon.colcon_core.package_identification:_identify(/home/sakshi/ClutterBot/src/turtlebot3/turtlebot3_msgs) by extension 'colcon_meta'
[3.233s] Level 1:colcon.colcon_core.package_identification:_identify(/home/sakshi/ClutterBot/src/turtlebot3/turtlebot3_msgs) by extensions ['ros']
[3.233s] Level 1:colcon.colcon_core.package_identification:_identify(/home/sakshi/ClutterBot/src/turtlebot3/turtlebot3_msgs) by extension 'ros'
[3.237s] DEBUG:colcon.colcon_core.package_identification:Package '/home/sakshi/ClutterBot/src/turtlebot3/turtlebot3_msgs' with type 'ros.ament_cmake' and name 'turtlebot3_msgs'
[3.238s] Level 1:colcon.colcon_core.package_identification:_identify(/home/sakshi/ClutterBot/src/turtlebot3/turtlebot3_simulations) by extensions ['ignore', 'ignore_ament_install']
[3.239s] Level 1:colcon.colcon_core.package_identification:_identify(/home/sakshi/ClutterBot/src/turtlebot3/turtlebot3_simulations) by extension 'ignore'
[3.240s] Level 1:colcon.colcon_core.package_identification:_identify(/home/sakshi/ClutterBot/src/turtlebot3/turtlebot3_simulations) by extension 'ignore_ament_install'
[3.240s] Level 1:colcon.colcon_core.package_identification:_identify(/home/sakshi/ClutterBot/src/turtlebot3/turtlebot3_simulations) by extensions ['colcon_pkg']
[3.240s] Level 1:colcon.colcon_core.package_identification:_identify(/home/sakshi/ClutterBot/src/turtlebot3/turtlebot3_simulations) by extension 'colcon_pkg'
[3.240s] Level 1:colcon.colcon_core.package_identification:_identify(/home/sakshi/ClutterBot/src/turtlebot3/turtlebot3_simulations) by extensions ['colcon_meta']
[3.240s] Level 1:colcon.colcon_core.package_identification:_identify(/home/sakshi/ClutterBot/src/turtlebot3/turtlebot3_simulations) by extension 'colcon_meta'
[3.241s] Level 1:colcon.colcon_core.package_identification:_identify(/home/sakshi/ClutterBot/src/turtlebot3/turtlebot3_simulations) by extensions ['ros']
[3.241s] Level 1:colcon.colcon_core.package_identification:_identify(/home/sakshi/ClutterBot/src/turtlebot3/turtlebot3_simulations) by extension 'ros'
[3.242s] Level 1:colcon.colcon_core.package_identification:_identify(/home/sakshi/ClutterBot/src/turtlebot3/turtlebot3_simulations) by extensions ['cmake', 'python']
[3.243s] Level 1:colcon.colcon_core.package_identification:_identify(/home/sakshi/ClutterBot/src/turtlebot3/turtlebot3_simulations) by extension 'cmake'
[3.244s] Level 1:colcon.colcon_core.package_identification:_identify(/home/sakshi/ClutterBot/src/turtlebot3/turtlebot3_simulations) by extension 'python'
[3.245s] Level 1:colcon.colcon_core.package_identification:_identify(/home/sakshi/ClutterBot/src/turtlebot3/turtlebot3_simulations) by extensions ['python_setup_py']
[3.246s] Level 1:colcon.colcon_core.package_identification:_identify(/home/sakshi/ClutterBot/src/turtlebot3/turtlebot3_simulations) by extension 'python_setup_py'
[3.247s] Level 1:colcon.colcon_core.package_identification:_identify(/home/sakshi/ClutterBot/src/turtlebot3/turtlebot3_simulations/turtlebot3_fake_node) by extensions ['ignore', 'ignore_ament_install']
[3.248s] Level 1:colcon.colcon_core.package_identification:_identify(/home/sakshi/ClutterBot/src/turtlebot3/turtlebot3_simulations/turtlebot3_fake_node) by extension 'ignore'
[3.249s] Level 1:colcon.colcon_core.package_identification:_identify(/home/sakshi/ClutterBot/src/turtlebot3/turtlebot3_simulations/turtlebot3_fake_node) by extension 'ignore_ament_install'
[3.250s] Level 1:colcon.colcon_core.package_identification:_identify(/home/sakshi/ClutterBot/src/turtlebot3/turtlebot3_simulations/turtlebot3_fake_node) by extensions ['colcon_pkg']
[3.252s] Level 1:colcon.colcon_core.package_identification:_identify(/home/sakshi/ClutterBot/src/turtlebot3/turtlebot3_simulations/turtlebot3_fake_node) by extension 'colcon_pkg'
[3.254s] Level 1:colcon.colcon_core.package_identification:_identify(/home/sakshi/ClutterBot/src/turtlebot3/turtlebot3_simulations/turtlebot3_fake_node) by extensions ['colcon_meta']
[3.255s] Level 1:colcon.colcon_core.package_identification:_identify(/home/sakshi/ClutterBot/src/turtlebot3/turtlebot3_simulations/turtlebot3_fake_node) by extension 'colcon_meta'
[3.256s] Level 1:colcon.colcon_core.package_identification:_identify(/home/sakshi/ClutterBot/src/turtlebot3/turtlebot3_simulations/turtlebot3_fake_node) by extensions ['ros']
[3.257s] Level 1:colcon.colcon_core.package_identification:_identify(/home/sakshi/ClutterBot/src/turtlebot3/turtlebot3_simulations/turtlebot3_fake_node) by extension 'ros'
[3.269s] DEBUG:colcon.colcon_core.package_identification:Package '/home/sakshi/ClutterBot/src/turtlebot3/turtlebot3_simulations/turtlebot3_fake_node' with type 'ros.ament_cmake' and name 'turtlebot3_fake_node'
[3.271s] Level 1:colcon.colcon_core.package_identification:_identify(/home/sakshi/ClutterBot/src/turtlebot3/turtlebot3_simulations/turtlebot3_gazebo) by extensions ['ignore', 'ignore_ament_install']
[3.273s] Level 1:colcon.colcon_core.package_identification:_identify(/home/sakshi/ClutterBot/src/turtlebot3/turtlebot3_simulations/turtlebot3_gazebo) by extension 'ignore'
[3.274s] Level 1:colcon.colcon_core.package_identification:_identify(/home/sakshi/ClutterBot/src/turtlebot3/turtlebot3_simulations/turtlebot3_gazebo) by extension 'ignore_ament_install'
[3.275s] Level 1:colcon.colcon_core.package_identification:_identify(/home/sakshi/ClutterBot/src/turtlebot3/turtlebot3_simulations/turtlebot3_gazebo) by extensions ['colcon_pkg']
[3.276s] Level 1:colcon.colcon_core.package_identification:_identify(/home/sakshi/ClutterBot/src/turtlebot3/turtlebot3_simulations/turtlebot3_gazebo) by extension 'colcon_pkg'
[3.277s] Level 1:colcon.colcon_core.package_identification:_identify(/home/sakshi/ClutterBot/src/turtlebot3/turtlebot3_simulations/turtlebot3_gazebo) by extensions ['colcon_meta']
[3.277s] Level 1:colcon.colcon_core.package_identification:_identify(/home/sakshi/ClutterBot/src/turtlebot3/turtlebot3_simulations/turtlebot3_gazebo) by extension 'colcon_meta'
[3.278s] Level 1:colcon.colcon_core.package_identification:_identify(/home/sakshi/ClutterBot/src/turtlebot3/turtlebot3_simulations/turtlebot3_gazebo) by extensions ['ros']
[3.278s] Level 1:colcon.colcon_core.package_identification:_identify(/home/sakshi/ClutterBot/src/turtlebot3/turtlebot3_simulations/turtlebot3_gazebo) by extension 'ros'
[3.281s] DEBUG:colcon.colcon_core.package_identification:Package '/home/sakshi/ClutterBot/src/turtlebot3/turtlebot3_simulations/turtlebot3_gazebo' with type 'ros.ament_cmake' and name 'turtlebot3_gazebo'
[3.281s] Level 1:colcon.colcon_core.package_identification:_identify(/home/sakshi/ClutterBot/src/turtlebot3/turtlebot3_simulations/turtlebot3_simulations) by extensions ['ignore', 'ignore_ament_install']
[3.281s] Level 1:colcon.colcon_core.package_identification:_identify(/home/sakshi/ClutterBot/src/turtlebot3/turtlebot3_simulations/turtlebot3_simulations) by extension 'ignore'
[3.282s] Level 1:colcon.colcon_core.package_identification:_identify(/home/sakshi/ClutterBot/src/turtlebot3/turtlebot3_simulations/turtlebot3_simulations) by extension 'ignore_ament_install'
[3.282s] Level 1:colcon.colcon_core.package_identification:_identify(/home/sakshi/ClutterBot/src/turtlebot3/turtlebot3_simulations/turtlebot3_simulations) by extensions ['colcon_pkg']
[3.282s] Level 1:colcon.colcon_core.package_identification:_identify(/home/sakshi/ClutterBot/src/turtlebot3/turtlebot3_simulations/turtlebot3_simulations) by extension 'colcon_pkg'
[3.282s] Level 1:colcon.colcon_core.package_identification:_identify(/home/sakshi/ClutterBot/src/turtlebot3/turtlebot3_simulations/turtlebot3_simulations) by extensions ['colcon_meta']
[3.282s] Level 1:colcon.colcon_core.package_identification:_identify(/home/sakshi/ClutterBot/src/turtlebot3/turtlebot3_simulations/turtlebot3_simulations) by extension 'colcon_meta'
[3.282s] Level 1:colcon.colcon_core.package_identification:_identify(/home/sakshi/ClutterBot/src/turtlebot3/turtlebot3_simulations/turtlebot3_simulations) by extensions ['ros']
[3.282s] Level 1:colcon.colcon_core.package_identification:_identify(/home/sakshi/ClutterBot/src/turtlebot3/turtlebot3_simulations/turtlebot3_simulations) by extension 'ros'
[3.289s] DEBUG:colcon.colcon_core.package_identification:Package '/home/sakshi/ClutterBot/src/turtlebot3/turtlebot3_simulations/turtlebot3_simulations' with type 'ros.ament_cmake' and name 'turtlebot3_simulations'
[3.291s] Level 1:colcon.colcon_core.package_identification:_identify(/home/sakshi/ClutterBot/src/utils) by extensions ['ignore', 'ignore_ament_install']
[3.292s] Level 1:colcon.colcon_core.package_identification:_identify(/home/sakshi/ClutterBot/src/utils) by extension 'ignore'
[3.292s] Level 1:colcon.colcon_core.package_identification:_identify(/home/sakshi/ClutterBot/src/utils) by extension 'ignore_ament_install'
[3.292s] Level 1:colcon.colcon_core.package_identification:_identify(/home/sakshi/ClutterBot/src/utils) by extensions ['colcon_pkg']
[3.293s] Level 1:colcon.colcon_core.package_identification:_identify(/home/sakshi/ClutterBot/src/utils) by extension 'colcon_pkg'
[3.293s] Level 1:colcon.colcon_core.package_identification:_identify(/home/sakshi/ClutterBot/src/utils) by extensions ['colcon_meta']
[3.293s] Level 1:colcon.colcon_core.package_identification:_identify(/home/sakshi/ClutterBot/src/utils) by extension 'colcon_meta'
[3.293s] Level 1:colcon.colcon_core.package_identification:_identify(/home/sakshi/ClutterBot/src/utils) by extensions ['ros']
[3.293s] Level 1:colcon.colcon_core.package_identification:_identify(/home/sakshi/ClutterBot/src/utils) by extension 'ros'
[3.293s] Level 1:colcon.colcon_core.package_identification:_identify(/home/sakshi/ClutterBot/src/utils) by extensions ['cmake', 'python']
[3.293s] Level 1:colcon.colcon_core.package_identification:_identify(/home/sakshi/ClutterBot/src/utils) by extension 'cmake'
[3.294s] Level 1:colcon.colcon_core.package_identification:_identify(/home/sakshi/ClutterBot/src/utils) by extension 'python'
[3.294s] Level 1:colcon.colcon_core.package_identification:_identify(/home/sakshi/ClutterBot/src/utils) by extensions ['python_setup_py']
[3.294s] Level 1:colcon.colcon_core.package_identification:_identify(/home/sakshi/ClutterBot/src/utils) by extension 'python_setup_py'
[3.294s] Level 1:colcon.colcon_core.package_identification:_identify(/home/sakshi/ClutterBot/src/utils/DynamixelSDK) by extensions ['ignore', 'ignore_ament_install']
[3.295s] Level 1:colcon.colcon_core.package_identification:_identify(/home/sakshi/ClutterBot/src/utils/DynamixelSDK) by extension 'ignore'
[3.295s] Level 1:colcon.colcon_core.package_identification:_identify(/home/sakshi/ClutterBot/src/utils/DynamixelSDK) by extension 'ignore_ament_install'
[3.295s] Level 1:colcon.colcon_core.package_identification:_identify(/home/sakshi/ClutterBot/src/utils/DynamixelSDK) by extensions ['colcon_pkg']
[3.295s] Level 1:colcon.colcon_core.package_identification:_identify(/home/sakshi/ClutterBot/src/utils/DynamixelSDK) by extension 'colcon_pkg'
[3.295s] Level 1:colcon.colcon_core.package_identification:_identify(/home/sakshi/ClutterBot/src/utils/DynamixelSDK) by extensions ['colcon_meta']
[3.295s] Level 1:colcon.colcon_core.package_identification:_identify(/home/sakshi/ClutterBot/src/utils/DynamixelSDK) by extension 'colcon_meta'
[3.296s] Level 1:colcon.colcon_core.package_identification:_identify(/home/sakshi/ClutterBot/src/utils/DynamixelSDK) by extensions ['ros']
[3.296s] Level 1:colcon.colcon_core.package_identification:_identify(/home/sakshi/ClutterBot/src/utils/DynamixelSDK) by extension 'ros'
[3.296s] Level 1:colcon.colcon_core.package_identification:_identify(/home/sakshi/ClutterBot/src/utils/DynamixelSDK) by extensions ['cmake', 'python']
[3.297s] Level 1:colcon.colcon_core.package_identification:_identify(/home/sakshi/ClutterBot/src/utils/DynamixelSDK) by extension 'cmake'
[3.298s] Level 1:colcon.colcon_core.package_identification:_identify(/home/sakshi/ClutterBot/src/utils/DynamixelSDK) by extension 'python'
[3.299s] Level 1:colcon.colcon_core.package_identification:_identify(/home/sakshi/ClutterBot/src/utils/DynamixelSDK) by extensions ['python_setup_py']
[3.299s] Level 1:colcon.colcon_core.package_identification:_identify(/home/sakshi/ClutterBot/src/utils/DynamixelSDK) by extension 'python_setup_py'
[3.300s] Level 1:colcon.colcon_core.package_identification:_identify(/home/sakshi/ClutterBot/src/utils/DynamixelSDK/dynamixel_sdk) by extensions ['ignore', 'ignore_ament_install']
[3.301s] Level 1:colcon.colcon_core.package_identification:_identify(/home/sakshi/ClutterBot/src/utils/DynamixelSDK/dynamixel_sdk) by extension 'ignore'
[3.302s] Level 1:colcon.colcon_core.package_identification:_identify(/home/sakshi/ClutterBot/src/utils/DynamixelSDK/dynamixel_sdk) by extension 'ignore_ament_install'
[3.305s] Level 1:colcon.colcon_core.package_identification:_identify(/home/sakshi/ClutterBot/src/utils/DynamixelSDK/dynamixel_sdk) by extensions ['colcon_pkg']
[3.307s] Level 1:colcon.colcon_core.package_identification:_identify(/home/sakshi/ClutterBot/src/utils/DynamixelSDK/dynamixel_sdk) by extension 'colcon_pkg'
[3.310s] Level 1:colcon.colcon_core.package_identification:_identify(/home/sakshi/ClutterBot/src/utils/DynamixelSDK/dynamixel_sdk) by extensions ['colcon_meta']
[3.311s] Level 1:colcon.colcon_core.package_identification:_identify(/home/sakshi/ClutterBot/src/utils/DynamixelSDK/dynamixel_sdk) by extension 'colcon_meta'
[3.312s] Level 1:colcon.colcon_core.package_identification:_identify(/home/sakshi/ClutterBot/src/utils/DynamixelSDK/dynamixel_sdk) by extensions ['ros']
[3.313s] Level 1:colcon.colcon_core.package_identification:_identify(/home/sakshi/ClutterBot/src/utils/DynamixelSDK/dynamixel_sdk) by extension 'ros'
[3.318s] DEBUG:colcon.colcon_core.package_identification:Package '/home/sakshi/ClutterBot/src/utils/DynamixelSDK/dynamixel_sdk' with type 'ros.ament_cmake' and name 'dynamixel_sdk'
[3.319s] Level 1:colcon.colcon_core.package_identification:_identify(/home/sakshi/ClutterBot/src/utils/DynamixelSDK/dynamixel_sdk_custom_interfaces) by extensions ['ignore', 'ignore_ament_install']
[3.319s] Level 1:colcon.colcon_core.package_identification:_identify(/home/sakshi/ClutterBot/src/utils/DynamixelSDK/dynamixel_sdk_custom_interfaces) by extension 'ignore'
[3.319s] Level 1:colcon.colcon_core.package_identification:_identify(/home/sakshi/ClutterBot/src/utils/DynamixelSDK/dynamixel_sdk_custom_interfaces) by extension 'ignore_ament_install'
[3.320s] Level 1:colcon.colcon_core.package_identification:_identify(/home/sakshi/ClutterBot/src/utils/DynamixelSDK/dynamixel_sdk_custom_interfaces) by extensions ['colcon_pkg']
[3.320s] Level 1:colcon.colcon_core.package_identification:_identify(/home/sakshi/ClutterBot/src/utils/DynamixelSDK/dynamixel_sdk_custom_interfaces) by extension 'colcon_pkg'
[3.320s] Level 1:colcon.colcon_core.package_identification:_identify(/home/sakshi/ClutterBot/src/utils/DynamixelSDK/dynamixel_sdk_custom_interfaces) by extensions ['colcon_meta']
[3.320s] Level 1:colcon.colcon_core.package_identification:_identify(/home/sakshi/ClutterBot/src/utils/DynamixelSDK/dynamixel_sdk_custom_interfaces) by extension 'colcon_meta'
[3.320s] Level 1:colcon.colcon_core.package_identification:_identify(/home/sakshi/ClutterBot/src/utils/DynamixelSDK/dynamixel_sdk_custom_interfaces) by extensions ['ros']
[3.320s] Level 1:colcon.colcon_core.package_identification:_identify(/home/sakshi/ClutterBot/src/utils/DynamixelSDK/dynamixel_sdk_custom_interfaces) by extension 'ros'
[3.323s] DEBUG:colcon.colcon_core.package_identification:Package '/home/sakshi/ClutterBot/src/utils/DynamixelSDK/dynamixel_sdk_custom_interfaces' with type 'ros.ament_cmake' and name 'dynamixel_sdk_custom_interfaces'
[3.323s] Level 1:colcon.colcon_core.package_identification:_identify(/home/sakshi/ClutterBot/src/utils/DynamixelSDK/dynamixel_sdk_examples) by extensions ['ignore', 'ignore_ament_install']
[3.324s] Level 1:colcon.colcon_core.package_identification:_identify(/home/sakshi/ClutterBot/src/utils/DynamixelSDK/dynamixel_sdk_examples) by extension 'ignore'
[3.324s] Level 1:colcon.colcon_core.package_identification:_identify(/home/sakshi/ClutterBot/src/utils/DynamixelSDK/dynamixel_sdk_examples) by extension 'ignore_ament_install'
[3.324s] Level 1:colcon.colcon_core.package_identification:_identify(/home/sakshi/ClutterBot/src/utils/DynamixelSDK/dynamixel_sdk_examples) by extensions ['colcon_pkg']
[3.324s] Level 1:colcon.colcon_core.package_identification:_identify(/home/sakshi/ClutterBot/src/utils/DynamixelSDK/dynamixel_sdk_examples) by extension 'colcon_pkg'
[3.324s] Level 1:colcon.colcon_core.package_identification:_identify(/home/sakshi/ClutterBot/src/utils/DynamixelSDK/dynamixel_sdk_examples) by extensions ['colcon_meta']
[3.324s] Level 1:colcon.colcon_core.package_identification:_identify(/home/sakshi/ClutterBot/src/utils/DynamixelSDK/dynamixel_sdk_examples) by extension 'colcon_meta'
[3.324s] Level 1:colcon.colcon_core.package_identification:_identify(/home/sakshi/ClutterBot/src/utils/DynamixelSDK/dynamixel_sdk_examples) by extensions ['ros']
[3.325s] Level 1:colcon.colcon_core.package_identification:_identify(/home/sakshi/ClutterBot/src/utils/DynamixelSDK/dynamixel_sdk_examples) by extension 'ros'
[3.332s] DEBUG:colcon.colcon_core.package_identification:Package '/home/sakshi/ClutterBot/src/utils/DynamixelSDK/dynamixel_sdk_examples' with type 'ros.ament_cmake' and name 'dynamixel_sdk_examples'
[3.333s] Level 1:colcon.colcon_core.package_identification:_identify(/home/sakshi/ClutterBot/src/utils/hls_lfcd_lds_driver) by extensions ['ignore', 'ignore_ament_install']
[3.334s] Level 1:colcon.colcon_core.package_identification:_identify(/home/sakshi/ClutterBot/src/utils/hls_lfcd_lds_driver) by extension 'ignore'
[3.334s] Level 1:colcon.colcon_core.package_identification:_identify(/home/sakshi/ClutterBot/src/utils/hls_lfcd_lds_driver) by extension 'ignore_ament_install'
[3.334s] Level 1:colcon.colcon_core.package_identification:_identify(/home/sakshi/ClutterBot/src/utils/hls_lfcd_lds_driver) by extensions ['colcon_pkg']
[3.334s] Level 1:colcon.colcon_core.package_identification:_identify(/home/sakshi/ClutterBot/src/utils/hls_lfcd_lds_driver) by extension 'colcon_pkg'
[3.335s] Level 1:colcon.colcon_core.package_identification:_identify(/home/sakshi/ClutterBot/src/utils/hls_lfcd_lds_driver) by extensions ['colcon_meta']
[3.335s] Level 1:colcon.colcon_core.package_identification:_identify(/home/sakshi/ClutterBot/src/utils/hls_lfcd_lds_driver) by extension 'colcon_meta'
[3.335s] Level 1:colcon.colcon_core.package_identification:_identify(/home/sakshi/ClutterBot/src/utils/hls_lfcd_lds_driver) by extensions ['ros']
[3.335s] Level 1:colcon.colcon_core.package_identification:_identify(/home/sakshi/ClutterBot/src/utils/hls_lfcd_lds_driver) by extension 'ros'
[3.337s] DEBUG:colcon.colcon_core.package_identification:Package '/home/sakshi/ClutterBot/src/utils/hls_lfcd_lds_driver' with type 'ros.ament_cmake' and name 'hls_lfcd_lds_driver'
[3.337s] Level 1:colcon.colcon_core.package_discovery:discover_packages(recursive) using defaults
