[9.885s] Invoking command in '/home/sakshi/ClutterBot/src/turtlebot3/turtlebot3/turtlebot3_teleop': PYTHONPATH=/home/sakshi/ClutterBot/build/turtlebot3_teleop/prefix_override:/home/sakshi/ClutterBot/install/turtlebot3_teleop/lib/python3.8/site-packages:${PYTHONPATH} /usr/bin/python3 setup.py egg_info --egg-base ../../../../build/turtlebot3_teleop build --build-base /home/sakshi/ClutterBot/build/turtlebot3_teleop/build install --record /home/sakshi/ClutterBot/build/turtlebot3_teleop/install.log --single-version-externally-managed
[10.217s] running egg_info
[10.217s] writing ../../../../build/turtlebot3_teleop/turtlebot3_teleop.egg-info/PKG-INFO
[10.217s] writing dependency_links to ../../../../build/turtlebot3_teleop/turtlebot3_teleop.egg-info/dependency_links.txt
[10.218s] writing entry points to ../../../../build/turtlebot3_teleop/turtlebot3_teleop.egg-info/entry_points.txt
[10.218s] writing requirements to ../../../../build/turtlebot3_teleop/turtlebot3_teleop.egg-info/requires.txt
[10.218s] writing top-level names to ../../../../build/turtlebot3_teleop/turtlebot3_teleop.egg-info/top_level.txt
[10.276s] reading manifest file '../../../../build/turtlebot3_teleop/turtlebot3_teleop.egg-info/SOURCES.txt'
[10.685s] writing manifest file '../../../../build/turtlebot3_teleop/turtlebot3_teleop.egg-info/SOURCES.txt'
[10.685s] running build
[10.686s] running build_py
[10.686s] running install
[10.689s] running install_lib
[10.694s] running install_data
[10.695s] running install_egg_info
[10.701s] removing '/home/sakshi/ClutterBot/install/turtlebot3_teleop/lib/python3.8/site-packages/turtlebot3_teleop-2.1.4-py3.8.egg-info' (and everything under it)
[10.702s] Copying ../../../../build/turtlebot3_teleop/turtlebot3_teleop.egg-info to /home/sakshi/ClutterBot/install/turtlebot3_teleop/lib/python3.8/site-packages/turtlebot3_teleop-2.1.4-py3.8.egg-info
[10.705s] running install_scripts
[10.735s] Installing teleop_keyboard script to /home/sakshi/ClutterBot/install/turtlebot3_teleop/lib/turtlebot3_teleop
[10.735s] writing list of installed files to '/home/sakshi/ClutterBot/build/turtlebot3_teleop/install.log'
[10.757s] Invoked command in '/home/sakshi/ClutterBot/src/turtlebot3/turtlebot3/turtlebot3_teleop' returned '0': PYTHONPATH=/home/sakshi/ClutterBot/build/turtlebot3_teleop/prefix_override:/home/sakshi/ClutterBot/install/turtlebot3_teleop/lib/python3.8/site-packages:${PYTHONPATH} /usr/bin/python3 setup.py egg_info --egg-base ../../../../build/turtlebot3_teleop build --build-base /home/sakshi/ClutterBot/build/turtlebot3_teleop/build install --record /home/sakshi/ClutterBot/build/turtlebot3_teleop/install.log --single-version-externally-managed
