[0.288s] Invoking command in '/home/sakshi/ClutterBot/build/dynamixel_sdk': CMAKE_PREFIX_PATH=${CMAKE_PREFIX_PATH}:/home/sakshi/ClutterBot/install/turtlebot3_teleop:/home/sakshi/ClutterBot/install/turtlebot3_example:/opt/ros/foxy CONDA_PROMPT_MODIFIER=(base) /usr/bin/cmake --build /home/sakshi/ClutterBot/build/dynamixel_sdk -- -j8 -l8
[1.199s] [100%] Built target dynamixel_sdk
[1.202s] Invoked command in '/home/sakshi/ClutterBot/build/dynamixel_sdk' returned '0': CMAKE_PREFIX_PATH=${CMAKE_PREFIX_PATH}:/home/sakshi/ClutterBot/install/turtlebot3_teleop:/home/sakshi/ClutterBot/install/turtlebot3_example:/opt/ros/foxy CONDA_PROMPT_MODIFIER=(base) /usr/bin/cmake --build /home/sakshi/ClutterBot/build/dynamixel_sdk -- -j8 -l8
[1.312s] Invoking command in '/home/sakshi/ClutterBot/build/dynamixel_sdk': CMAKE_PREFIX_PATH=${CMAKE_PREFIX_PATH}:/home/sakshi/ClutterBot/install/turtlebot3_teleop:/home/sakshi/ClutterBot/install/turtlebot3_example:/opt/ros/foxy CONDA_PROMPT_MODIFIER=(base) /usr/bin/cmake --install /home/sakshi/ClutterBot/build/dynamixel_sdk
[1.315s] -- Install configuration: ""
[1.315s] -- Up-to-date: /home/sakshi/ClutterBot/install/dynamixel_sdk/include/
[1.316s] -- Up-to-date: /home/sakshi/ClutterBot/install/dynamixel_sdk/include//dynamixel_sdk
[1.316s] -- Up-to-date: /home/sakshi/ClutterBot/install/dynamixel_sdk/include//dynamixel_sdk/port_handler_mac.h
[1.316s] -- Up-to-date: /home/sakshi/ClutterBot/install/dynamixel_sdk/include//dynamixel_sdk/port_handler.h
[1.316s] -- Up-to-date: /home/sakshi/ClutterBot/install/dynamixel_sdk/include//dynamixel_sdk/port_handler_windows.h
[1.316s] -- Up-to-date: /home/sakshi/ClutterBot/install/dynamixel_sdk/include//dynamixel_sdk/group_sync_write.h
[1.316s] -- Up-to-date: /home/sakshi/ClutterBot/install/dynamixel_sdk/include//dynamixel_sdk/port_handler_linux.h
[1.316s] -- Up-to-date: /home/sakshi/ClutterBot/install/dynamixel_sdk/include//dynamixel_sdk/dynamixel_sdk.h
[1.317s] -- Up-to-date: /home/sakshi/ClutterBot/install/dynamixel_sdk/include//dynamixel_sdk/protocol2_packet_handler.h
[1.317s] -- Up-to-date: /home/sakshi/ClutterBot/install/dynamixel_sdk/include//dynamixel_sdk/protocol1_packet_handler.h
[1.317s] -- Up-to-date: /home/sakshi/ClutterBot/install/dynamixel_sdk/include//dynamixel_sdk/group_sync_read.h
[1.317s] -- Up-to-date: /home/sakshi/ClutterBot/install/dynamixel_sdk/include//dynamixel_sdk/packet_handler.h
[1.317s] -- Up-to-date: /home/sakshi/ClutterBot/install/dynamixel_sdk/include//dynamixel_sdk/port_handler_arduino.h
[1.317s] -- Up-to-date: /home/sakshi/ClutterBot/install/dynamixel_sdk/include//dynamixel_sdk/group_bulk_read.h
[1.317s] -- Up-to-date: /home/sakshi/ClutterBot/install/dynamixel_sdk/include//dynamixel_sdk/group_bulk_write.h
[1.317s] -- Up-to-date: /home/sakshi/ClutterBot/install/dynamixel_sdk/lib/libdynamixel_sdk.so
[1.317s] -- Up-to-date: /home/sakshi/ClutterBot/install/dynamixel_sdk/share/dynamixel_sdk/environment/library_path.sh
[1.317s] -- Up-to-date: /home/sakshi/ClutterBot/install/dynamixel_sdk/share/dynamixel_sdk/environment/library_path.dsv
[1.317s] -- Up-to-date: /home/sakshi/ClutterBot/install/dynamixel_sdk/share/ament_index/resource_index/package_run_dependencies/dynamixel_sdk
[1.318s] -- Up-to-date: /home/sakshi/ClutterBot/install/dynamixel_sdk/share/ament_index/resource_index/parent_prefix_path/dynamixel_sdk
[1.318s] -- Up-to-date: /home/sakshi/ClutterBot/install/dynamixel_sdk/share/dynamixel_sdk/environment/ament_prefix_path.sh
[1.318s] -- Up-to-date: /home/sakshi/ClutterBot/install/dynamixel_sdk/share/dynamixel_sdk/environment/ament_prefix_path.dsv
[1.318s] -- Up-to-date: /home/sakshi/ClutterBot/install/dynamixel_sdk/share/dynamixel_sdk/environment/path.sh
[1.318s] -- Up-to-date: /home/sakshi/ClutterBot/install/dynamixel_sdk/share/dynamixel_sdk/environment/path.dsv
[1.318s] -- Up-to-date: /home/sakshi/ClutterBot/install/dynamixel_sdk/share/dynamixel_sdk/local_setup.bash
[1.318s] -- Up-to-date: /home/sakshi/ClutterBot/install/dynamixel_sdk/share/dynamixel_sdk/local_setup.sh
[1.318s] -- Up-to-date: /home/sakshi/ClutterBot/install/dynamixel_sdk/share/dynamixel_sdk/local_setup.zsh
[1.318s] -- Up-to-date: /home/sakshi/ClutterBot/install/dynamixel_sdk/share/dynamixel_sdk/local_setup.dsv
[1.318s] -- Installing: /home/sakshi/ClutterBot/install/dynamixel_sdk/share/dynamixel_sdk/package.dsv
[1.318s] -- Up-to-date: /home/sakshi/ClutterBot/install/dynamixel_sdk/share/ament_index/resource_index/packages/dynamixel_sdk
[1.319s] -- Up-to-date: /home/sakshi/ClutterBot/install/dynamixel_sdk/share/dynamixel_sdk/cmake/ament_cmake_export_include_directories-extras.cmake
[1.319s] -- Up-to-date: /home/sakshi/ClutterBot/install/dynamixel_sdk/share/dynamixel_sdk/cmake/ament_cmake_export_libraries-extras.cmake
[1.319s] -- Up-to-date: /home/sakshi/ClutterBot/install/dynamixel_sdk/share/dynamixel_sdk/cmake/dynamixel_sdkConfig.cmake
[1.319s] -- Up-to-date: /home/sakshi/ClutterBot/install/dynamixel_sdk/share/dynamixel_sdk/cmake/dynamixel_sdkConfig-version.cmake
[1.319s] -- Up-to-date: /home/sakshi/ClutterBot/install/dynamixel_sdk/share/dynamixel_sdk/package.xml
[1.506s] Invoked command in '/home/sakshi/ClutterBot/build/dynamixel_sdk' returned '0': CMAKE_PREFIX_PATH=${CMAKE_PREFIX_PATH}:/home/sakshi/ClutterBot/install/turtlebot3_teleop:/home/sakshi/ClutterBot/install/turtlebot3_example:/opt/ros/foxy CONDA_PROMPT_MODIFIER=(base) /usr/bin/cmake --install /home/sakshi/ClutterBot/build/dynamixel_sdk
