[0.155s] Invoking command in '/home/sakshi/ClutterBot/build/task': CMAKE_PREFIX_PATH=${CMAKE_PREFIX_PATH}:/home/sakshi/ClutterBot/install/turtlebot3_teleop:/home/sakshi/ClutterBot/install/turtlebot3_example:/opt/ros/foxy: /usr/bin/cmake --build /home/sakshi/ClutterBot/build/task -- -j8 -l8
[0.378s] [35m[1mScanning dependencies of target noisyodom[0m
[0.598s] [ 50%] [32mBuilding CXX object CMakeFiles/noisyodom.dir/src/noisyodom.cpp.o[0m
[12.555s] /home/sakshi/ClutterBot/src/task/src/noisyodom.cpp: In member function ‘void NoiseNode::odomCallback(nav_msgs::msg::Odometry_<std::allocator<void> >::SharedPtr)’:
[12.555s] /home/sakshi/ClutterBot/src/task/src/noisyodom.cpp:46:42: error: ‘using element_type = class tf2_ros::TransformListener’ {aka ‘class tf2_ros::TransformListener’} has no member named ‘lookupTransform’
[12.555s]    46 |       existing_transform = tf_listener_->lookupTransform("odom", "base_link", tf2::TimePointZero);
[12.555s]       |                                          ^~~~~~~~~~~~~~~
[12.555s] In file included from /usr/include/x86_64-linux-gnu/c++/9/bits/c++allocator.h:33,
[12.555s]                  from /usr/include/c++/9/bits/allocator.h:46,
[12.556s]                  from /usr/include/c++/9/memory:63,
[12.556s]                  from /opt/ros/foxy/include/rclcpp/rclcpp.hpp:144,
[12.556s]                  from /home/sakshi/ClutterBot/src/task/src/noisyodom.cpp:1:
[12.556s] /usr/include/c++/9/ext/new_allocator.h: In instantiation of ‘void __gnu_cxx::new_allocator<_Tp>::construct(_Up*, _Args&& ...) [with _Up = tf2_ros::TransformListener; _Args = {NoiseNode&}; _Tp = tf2_ros::TransformListener]’:
[12.556s] /usr/include/c++/9/bits/alloc_traits.h:483:4:   required from ‘static void std::allocator_traits<std::allocator<_Tp1> >::construct(std::allocator_traits<std::allocator<_Tp1> >::allocator_type&, _Up*, _Args&& ...) [with _Up = tf2_ros::TransformListener; _Args = {NoiseNode&}; _Tp = tf2_ros::TransformListener; std::allocator_traits<std::allocator<_Tp1> >::allocator_type = std::allocator<tf2_ros::TransformListener>]’
[12.556s] /usr/include/c++/9/bits/shared_ptr_base.h:548:39:   required from ‘std::_Sp_counted_ptr_inplace<_Tp, _Alloc, _Lp>::_Sp_counted_ptr_inplace(_Alloc, _Args&& ...) [with _Args = {NoiseNode&}; _Tp = tf2_ros::TransformListener; _Alloc = std::allocator<tf2_ros::TransformListener>; __gnu_cxx::_Lock_policy _Lp = __gnu_cxx::_S_atomic]’
[12.556s] /usr/include/c++/9/bits/shared_ptr_base.h:679:16:   required from ‘std::__shared_count<_Lp>::__shared_count(_Tp*&, std::_Sp_alloc_shared_tag<_Alloc>, _Args&& ...) [with _Tp = tf2_ros::TransformListener; _Alloc = std::allocator<tf2_ros::TransformListener>; _Args = {NoiseNode&}; __gnu_cxx::_Lock_policy _Lp = __gnu_cxx::_S_atomic]’
[12.556s] /usr/include/c++/9/bits/shared_ptr_base.h:1344:71:   required from ‘std::__shared_ptr<_Tp, _Lp>::__shared_ptr(std::_Sp_alloc_shared_tag<_Tp>, _Args&& ...) [with _Alloc = std::allocator<tf2_ros::TransformListener>; _Args = {NoiseNode&}; _Tp = tf2_ros::TransformListener; __gnu_cxx::_Lock_policy _Lp = __gnu_cxx::_S_atomic]’
[12.556s] /usr/include/c++/9/bits/shared_ptr.h:359:59:   required from ‘std::shared_ptr<_Tp>::shared_ptr(std::_Sp_alloc_shared_tag<_Tp>, _Args&& ...) [with _Alloc = std::allocator<tf2_ros::TransformListener>; _Args = {NoiseNode&}; _Tp = tf2_ros::TransformListener]’
[12.557s] /usr/include/c++/9/bits/shared_ptr.h:701:14:   required from ‘std::shared_ptr<_Tp> std::allocate_shared(const _Alloc&, _Args&& ...) [with _Tp = tf2_ros::TransformListener; _Alloc = std::allocator<tf2_ros::TransformListener>; _Args = {NoiseNode&}]’
[12.557s] /usr/include/c++/9/bits/shared_ptr.h:717:39:   required from ‘std::shared_ptr<_Tp> std::make_shared(_Args&& ...) [with _Tp = tf2_ros::TransformListener; _Args = {NoiseNode&}]’
[12.557s] /home/sakshi/ClutterBot/src/task/src/noisyodom.cpp:22:70:   required from here
[12.557s] /usr/include/c++/9/ext/new_allocator.h:146:4: error: no matching function for call to ‘tf2_ros::TransformListener::TransformListener(NoiseNode&)’
[12.557s]   146 |  { ::new((void *)__p) _Up(std::forward<_Args>(__args)...); }
[12.557s]       |    ^~~~~~~~~~~~~~~~~~~~~~~~~~~~~~~~~~~~~~~~~~~~~~~~~~~~~~
[12.557s] In file included from /home/sakshi/ClutterBot/src/task/src/noisyodom.cpp:4:
[12.557s] /opt/ros/foxy/include/tf2_ros/transform_listener.h:58:3: note: candidate: ‘template<class NodeT, class AllocatorT> tf2_ros::TransformListener::TransformListener(tf2::BufferCore&, NodeT&&, bool, const rclcpp::QoS&, const rclcpp::QoS&, const rclcpp::SubscriptionOptionsWithAllocator<AllocatorT>&)’
[12.557s]    58 |   TransformListener(
[12.557s]       |   ^~~~~~~~~~~~~~~~~
[12.558s] /opt/ros/foxy/include/tf2_ros/transform_listener.h:58:3: note:   template argument deduction/substitution failed:
[12.558s] In file included from /usr/include/x86_64-linux-gnu/c++/9/bits/c++allocator.h:33,
[12.558s]                  from /usr/include/c++/9/bits/allocator.h:46,
[12.558s]                  from /usr/include/c++/9/memory:63,
[12.558s]                  from /opt/ros/foxy/include/rclcpp/rclcpp.hpp:144,
[12.559s]                  from /home/sakshi/ClutterBot/src/task/src/noisyodom.cpp:1:
[12.561s] /usr/include/c++/9/ext/new_allocator.h:146:4: note:   candidate expects 6 arguments, 1 provided
[12.563s]   146 |  { ::new((void *)__p) _Up(std::forward<_Args>(__args)...); }
[12.564s]       |    ^~~~~~~~~~~~~~~~~~~~~~~~~~~~~~~~~~~~~~~~~~~~~~~~~~~~~~
[12.564s] In file included from /home/sakshi/ClutterBot/src/task/src/noisyodom.cpp:4:
[12.564s] /opt/ros/foxy/include/tf2_ros/transform_listener.h:55:12: note: candidate: ‘tf2_ros::TransformListener::TransformListener(tf2::BufferCore&, bool)’
[12.564s]    55 |   explicit TransformListener(tf2::BufferCore & buffer, bool spin_thread = true);
[12.565s]       |            ^~~~~~~~~~~~~~~~~
[12.565s] /opt/ros/foxy/include/tf2_ros/transform_listener.h:55:48: note:   no known conversion for argument 1 from ‘NoiseNode’ to ‘tf2::BufferCore&’
[12.565s]    55 |   explicit TransformListener(tf2::BufferCore & buffer, bool spin_thread = true);
[12.566s]       |                              ~~~~~~~~~~~~~~~~~~^~~~~~
[12.566s] make[2]: *** [CMakeFiles/noisyodom.dir/build.make:63: CMakeFiles/noisyodom.dir/src/noisyodom.cpp.o] Error 1
[12.567s] make[1]: *** [CMakeFiles/Makefile2:78: CMakeFiles/noisyodom.dir/all] Error 2
[12.569s] make: *** [Makefile:141: all] Error 2
[12.572s] Invoked command in '/home/sakshi/ClutterBot/build/task' returned '2': CMAKE_PREFIX_PATH=${CMAKE_PREFIX_PATH}:/home/sakshi/ClutterBot/install/turtlebot3_teleop:/home/sakshi/ClutterBot/install/turtlebot3_example:/opt/ros/foxy: /usr/bin/cmake --build /home/sakshi/ClutterBot/build/task -- -j8 -l8
