[0.079s] Invoking command in '/home/sakshi/ClutterBot/build/task': CMAKE_PREFIX_PATH=${CMAKE_PREFIX_PATH}:/home/sakshi/ClutterBot/install/turtlebot3_teleop:/home/sakshi/ClutterBot/install/turtlebot3_example:/opt/ros/foxy: /usr/bin/cmake --build /home/sakshi/ClutterBot/build/task -- -j8 -l8
[0.347s] [35m[1mScanning dependencies of target noisyodom[0m
[0.445s] [ 50%] [32mBuilding CXX object CMakeFiles/noisyodom.dir/src/noisyodom.cpp.o[0m
[24.536s] [100%] [32m[1mLinking CXX executable noisyodom[0m
[25.924s] [100%] Built target noisyodom
[25.979s] Invoked command in '/home/sakshi/ClutterBot/build/task' returned '0': CMAKE_PREFIX_PATH=${CMAKE_PREFIX_PATH}:/home/sakshi/ClutterBot/install/turtlebot3_teleop:/home/sakshi/ClutterBot/install/turtlebot3_example:/opt/ros/foxy: /usr/bin/cmake --build /home/sakshi/ClutterBot/build/task -- -j8 -l8
[26.115s] Invoking command in '/home/sakshi/ClutterBot/build/task': CMAKE_PREFIX_PATH=${CMAKE_PREFIX_PATH}:/home/sakshi/ClutterBot/install/turtlebot3_teleop:/home/sakshi/ClutterBot/install/turtlebot3_example:/opt/ros/foxy: /usr/bin/cmake --install /home/sakshi/ClutterBot/build/task
[26.156s] -- Install configuration: ""
[26.156s] -- Installing: /home/sakshi/ClutterBot/install/task/lib/task/noisyodom
[26.162s] -- Set runtime path of "/home/sakshi/ClutterBot/install/task/lib/task/noisyodom" to ""
[26.162s] -- Up-to-date: /home/sakshi/ClutterBot/install/task/share/ament_index/resource_index/package_run_dependencies/task
[26.162s] -- Up-to-date: /home/sakshi/ClutterBot/install/task/share/ament_index/resource_index/parent_prefix_path/task
[26.162s] -- Up-to-date: /home/sakshi/ClutterBot/install/task/share/task/environment/ament_prefix_path.sh
[26.163s] -- Up-to-date: /home/sakshi/ClutterBot/install/task/share/task/environment/ament_prefix_path.dsv
[26.163s] -- Up-to-date: /home/sakshi/ClutterBot/install/task/share/task/environment/path.sh
[26.163s] -- Up-to-date: /home/sakshi/ClutterBot/install/task/share/task/environment/path.dsv
[26.163s] -- Up-to-date: /home/sakshi/ClutterBot/install/task/share/task/local_setup.bash
[26.163s] -- Up-to-date: /home/sakshi/ClutterBot/install/task/share/task/local_setup.sh
[26.163s] -- Up-to-date: /home/sakshi/ClutterBot/install/task/share/task/local_setup.zsh
[26.163s] -- Up-to-date: /home/sakshi/ClutterBot/install/task/share/task/local_setup.dsv
[26.164s] -- Installing: /home/sakshi/ClutterBot/install/task/share/task/package.dsv
[26.164s] -- Up-to-date: /home/sakshi/ClutterBot/install/task/share/ament_index/resource_index/packages/task
[26.164s] -- Up-to-date: /home/sakshi/ClutterBot/install/task/share/task/cmake/taskConfig.cmake
[26.164s] -- Up-to-date: /home/sakshi/ClutterBot/install/task/share/task/cmake/taskConfig-version.cmake
[26.164s] -- Up-to-date: /home/sakshi/ClutterBot/install/task/share/task/package.xml
[26.168s] Invoked command in '/home/sakshi/ClutterBot/build/task' returned '0': CMAKE_PREFIX_PATH=${CMAKE_PREFIX_PATH}:/home/sakshi/ClutterBot/install/turtlebot3_teleop:/home/sakshi/ClutterBot/install/turtlebot3_example:/opt/ros/foxy: /usr/bin/cmake --install /home/sakshi/ClutterBot/build/task
