[0.360s] Invoking command in '/home/sakshi/ClutterBot/build/turtlebot3_gazebo': CMAKE_PREFIX_PATH=/home/sakshi/ClutterBot/install/turtlebot3_description:/home/sakshi/ClutterBot/install/turtlebot3:/home/sakshi/ClutterBot/install/turtlebot3_simulations:/home/sakshi/ClutterBot/install/turtlebot3_bringup:/home/sakshi/ClutterBot/install/turtlebot3_node:/home/sakshi/ClutterBot/install/turtlebot3_navigation2:/home/sakshi/ClutterBot/install/turtlebot3_fake_node:/home/sakshi/ClutterBot/install/turtlebot3_msgs:/home/sakshi/ClutterBot/install/turtlebot3_gazebo:/home/sakshi/ClutterBot/install/turtlebot3_cartographer:/home/sakshi/ClutterBot/install/task:/home/sakshi/ClutterBot/install/hls_lfcd_lds_driver:/home/sakshi/ClutterBot/install/dynamixel_sdk_examples:/home/sakshi/ClutterBot/install/dynamixel_sdk_custom_interfaces:/home/sakshi/ClutterBot/install/dynamixel_sdk:/home/sakshi/ClutterBot/install/turtlebot3_teleop:/home/sakshi/ClutterBot/install/turtlebot3_example:/opt/ros/foxy /usr/bin/cmake --build /home/sakshi/ClutterBot/build/turtlebot3_gazebo -- -j8 -l8
[1.198s] [ 25%] Built target obstacle1
[1.235s] [ 75%] Built target obstacle2
[1.235s] [ 75%] Built target obstacles
[1.241s] [100%] Built target turtlebot3_drive
[1.252s] Invoked command in '/home/sakshi/ClutterBot/build/turtlebot3_gazebo' returned '0': CMAKE_PREFIX_PATH=/home/sakshi/ClutterBot/install/turtlebot3_description:/home/sakshi/ClutterBot/install/turtlebot3:/home/sakshi/ClutterBot/install/turtlebot3_simulations:/home/sakshi/ClutterBot/install/turtlebot3_bringup:/home/sakshi/ClutterBot/install/turtlebot3_node:/home/sakshi/ClutterBot/install/turtlebot3_navigation2:/home/sakshi/ClutterBot/install/turtlebot3_fake_node:/home/sakshi/ClutterBot/install/turtlebot3_msgs:/home/sakshi/ClutterBot/install/turtlebot3_gazebo:/home/sakshi/ClutterBot/install/turtlebot3_cartographer:/home/sakshi/ClutterBot/install/task:/home/sakshi/ClutterBot/install/hls_lfcd_lds_driver:/home/sakshi/ClutterBot/install/dynamixel_sdk_examples:/home/sakshi/ClutterBot/install/dynamixel_sdk_custom_interfaces:/home/sakshi/ClutterBot/install/dynamixel_sdk:/home/sakshi/ClutterBot/install/turtlebot3_teleop:/home/sakshi/ClutterBot/install/turtlebot3_example:/opt/ros/foxy /usr/bin/cmake --build /home/sakshi/ClutterBot/build/turtlebot3_gazebo -- -j8 -l8
[1.279s] Invoking command in '/home/sakshi/ClutterBot/build/turtlebot3_gazebo': CMAKE_PREFIX_PATH=/home/sakshi/ClutterBot/install/turtlebot3_description:/home/sakshi/ClutterBot/install/turtlebot3:/home/sakshi/ClutterBot/install/turtlebot3_simulations:/home/sakshi/ClutterBot/install/turtlebot3_bringup:/home/sakshi/ClutterBot/install/turtlebot3_node:/home/sakshi/ClutterBot/install/turtlebot3_navigation2:/home/sakshi/ClutterBot/install/turtlebot3_fake_node:/home/sakshi/ClutterBot/install/turtlebot3_msgs:/home/sakshi/ClutterBot/install/turtlebot3_gazebo:/home/sakshi/ClutterBot/install/turtlebot3_cartographer:/home/sakshi/ClutterBot/install/task:/home/sakshi/ClutterBot/install/hls_lfcd_lds_driver:/home/sakshi/ClutterBot/install/dynamixel_sdk_examples:/home/sakshi/ClutterBot/install/dynamixel_sdk_custom_interfaces:/home/sakshi/ClutterBot/install/dynamixel_sdk:/home/sakshi/ClutterBot/install/turtlebot3_teleop:/home/sakshi/ClutterBot/install/turtlebot3_example:/opt/ros/foxy /usr/bin/cmake --install /home/sakshi/ClutterBot/build/turtlebot3_gazebo
[1.287s] -- Install configuration: ""
[1.287s] -- Up-to-date: /home/sakshi/ClutterBot/install/turtlebot3_gazebo/lib/turtlebot3_gazebo/turtlebot3_drive
[1.287s] -- Up-to-date: /home/sakshi/ClutterBot/install/turtlebot3_gazebo/share/turtlebot3_gazebo//launch
[1.288s] -- Up-to-date: /home/sakshi/ClutterBot/install/turtlebot3_gazebo/share/turtlebot3_gazebo//launch/turtlebot3_dqn_stage2.launch.py
[1.288s] -- Up-to-date: /home/sakshi/ClutterBot/install/turtlebot3_gazebo/share/turtlebot3_gazebo//launch/empty_world.launch.py
[1.288s] -- Up-to-date: /home/sakshi/ClutterBot/install/turtlebot3_gazebo/share/turtlebot3_gazebo//launch/turtlebot3_autorace.launch.py
[1.288s] -- Up-to-date: /home/sakshi/ClutterBot/install/turtlebot3_gazebo/share/turtlebot3_gazebo//launch/turtlebot3_house.launch.py
[1.288s] -- Up-to-date: /home/sakshi/ClutterBot/install/turtlebot3_gazebo/share/turtlebot3_gazebo//launch/turtlebot3_dqn_stage4.launch.py
[1.289s] -- Up-to-date: /home/sakshi/ClutterBot/install/turtlebot3_gazebo/share/turtlebot3_gazebo//launch/turtlebot3_world.launch.py
[1.289s] -- Up-to-date: /home/sakshi/ClutterBot/install/turtlebot3_gazebo/share/turtlebot3_gazebo//launch/turtlebot3_dqn_stage3.launch.py
[1.289s] -- Up-to-date: /home/sakshi/ClutterBot/install/turtlebot3_gazebo/share/turtlebot3_gazebo//launch/robot_state_publisher.launch.py
[1.289s] -- Up-to-date: /home/sakshi/ClutterBot/install/turtlebot3_gazebo/share/turtlebot3_gazebo//launch/turtlebot3_dqn_stage1.launch.py
[1.289s] -- Up-to-date: /home/sakshi/ClutterBot/install/turtlebot3_gazebo/share/turtlebot3_gazebo//models
[1.290s] -- Up-to-date: /home/sakshi/ClutterBot/install/turtlebot3_gazebo/share/turtlebot3_gazebo//models/turtlebot3_house
[1.290s] -- Up-to-date: /home/sakshi/ClutterBot/install/turtlebot3_gazebo/share/turtlebot3_gazebo//models/turtlebot3_house/model.config
[1.290s] -- Up-to-date: /home/sakshi/ClutterBot/install/turtlebot3_gazebo/share/turtlebot3_gazebo//models/turtlebot3_house/model.sdf
[1.290s] -- Up-to-date: /home/sakshi/ClutterBot/install/turtlebot3_gazebo/share/turtlebot3_gazebo//models/turtlebot3_autorace
[1.290s] -- Up-to-date: /home/sakshi/ClutterBot/install/turtlebot3_gazebo/share/turtlebot3_gazebo//models/turtlebot3_autorace/model.config
[1.291s] -- Up-to-date: /home/sakshi/ClutterBot/install/turtlebot3_gazebo/share/turtlebot3_gazebo//models/turtlebot3_autorace/course
[1.291s] -- Up-to-date: /home/sakshi/ClutterBot/install/turtlebot3_gazebo/share/turtlebot3_gazebo//models/turtlebot3_autorace/course/model.config
[1.291s] -- Up-to-date: /home/sakshi/ClutterBot/install/turtlebot3_gazebo/share/turtlebot3_gazebo//models/turtlebot3_autorace/course/materials
[1.291s] -- Up-to-date: /home/sakshi/ClutterBot/install/turtlebot3_gazebo/share/turtlebot3_gazebo//models/turtlebot3_autorace/course/materials/scripts
[1.291s] -- Up-to-date: /home/sakshi/ClutterBot/install/turtlebot3_gazebo/share/turtlebot3_gazebo//models/turtlebot3_autorace/course/materials/scripts/course.material
[1.291s] -- Up-to-date: /home/sakshi/ClutterBot/install/turtlebot3_gazebo/share/turtlebot3_gazebo//models/turtlebot3_autorace/course/materials/textures
[1.291s] -- Up-to-date: /home/sakshi/ClutterBot/install/turtlebot3_gazebo/share/turtlebot3_gazebo//models/turtlebot3_autorace/course/materials/textures/course.png
[1.291s] -- Up-to-date: /home/sakshi/ClutterBot/install/turtlebot3_gazebo/share/turtlebot3_gazebo//models/turtlebot3_autorace/course/model.sdf
[1.291s] -- Up-to-date: /home/sakshi/ClutterBot/install/turtlebot3_gazebo/share/turtlebot3_gazebo//models/turtlebot3_autorace/traffic_stop
[1.291s] -- Up-to-date: /home/sakshi/ClutterBot/install/turtlebot3_gazebo/share/turtlebot3_gazebo//models/turtlebot3_autorace/traffic_stop/model.config
[1.291s] -- Up-to-date: /home/sakshi/ClutterBot/install/turtlebot3_gazebo/share/turtlebot3_gazebo//models/turtlebot3_autorace/traffic_stop/materials
[1.291s] -- Up-to-date: /home/sakshi/ClutterBot/install/turtlebot3_gazebo/share/turtlebot3_gazebo//models/turtlebot3_autorace/traffic_stop/materials/scripts
[1.291s] -- Up-to-date: /home/sakshi/ClutterBot/install/turtlebot3_gazebo/share/turtlebot3_gazebo//models/turtlebot3_autorace/traffic_stop/materials/scripts/traffic_stop.material
[1.291s] -- Up-to-date: /home/sakshi/ClutterBot/install/turtlebot3_gazebo/share/turtlebot3_gazebo//models/turtlebot3_autorace/traffic_stop/materials/textures
[1.292s] -- Up-to-date: /home/sakshi/ClutterBot/install/turtlebot3_gazebo/share/turtlebot3_gazebo//models/turtlebot3_autorace/traffic_stop/materials/textures/traffic_stop.png
[1.292s] -- Up-to-date: /home/sakshi/ClutterBot/install/turtlebot3_gazebo/share/turtlebot3_gazebo//models/turtlebot3_autorace/traffic_stop/model.sdf
[1.292s] -- Up-to-date: /home/sakshi/ClutterBot/install/turtlebot3_gazebo/share/turtlebot3_gazebo//models/turtlebot3_autorace/traffic_light_red
[1.292s] -- Up-to-date: /home/sakshi/ClutterBot/install/turtlebot3_gazebo/share/turtlebot3_gazebo//models/turtlebot3_autorace/traffic_light_red/model.config
[1.292s] -- Up-to-date: /home/sakshi/ClutterBot/install/turtlebot3_gazebo/share/turtlebot3_gazebo//models/turtlebot3_autorace/traffic_light_red/model.sdf
[1.292s] -- Up-to-date: /home/sakshi/ClutterBot/install/turtlebot3_gazebo/share/turtlebot3_gazebo//models/turtlebot3_autorace/ground
[1.292s] -- Up-to-date: /home/sakshi/ClutterBot/install/turtlebot3_gazebo/share/turtlebot3_gazebo//models/turtlebot3_autorace/ground/model.config
[1.292s] -- Up-to-date: /home/sakshi/ClutterBot/install/turtlebot3_gazebo/share/turtlebot3_gazebo//models/turtlebot3_autorace/ground/model.sdf
[1.292s] -- Up-to-date: /home/sakshi/ClutterBot/install/turtlebot3_gazebo/share/turtlebot3_gazebo//models/turtlebot3_autorace/lights
[1.292s] -- Up-to-date: /home/sakshi/ClutterBot/install/turtlebot3_gazebo/share/turtlebot3_gazebo//models/turtlebot3_autorace/lights/model.config
[1.292s] -- Up-to-date: /home/sakshi/ClutterBot/install/turtlebot3_gazebo/share/turtlebot3_gazebo//models/turtlebot3_autorace/lights/model.sdf
[1.292s] -- Up-to-date: /home/sakshi/ClutterBot/install/turtlebot3_gazebo/share/turtlebot3_gazebo//models/turtlebot3_autorace/traffic_tunnel
[1.292s] -- Up-to-date: /home/sakshi/ClutterBot/install/turtlebot3_gazebo/share/turtlebot3_gazebo//models/turtlebot3_autorace/traffic_tunnel/model.config
[1.292s] -- Up-to-date: /home/sakshi/ClutterBot/install/turtlebot3_gazebo/share/turtlebot3_gazebo//models/turtlebot3_autorace/traffic_tunnel/materials
[1.292s] -- Up-to-date: /home/sakshi/ClutterBot/install/turtlebot3_gazebo/share/turtlebot3_gazebo//models/turtlebot3_autorace/traffic_tunnel/materials/scripts
[1.292s] -- Up-to-date: /home/sakshi/ClutterBot/install/turtlebot3_gazebo/share/turtlebot3_gazebo//models/turtlebot3_autorace/traffic_tunnel/materials/scripts/tunnel.material
[1.293s] -- Up-to-date: /home/sakshi/ClutterBot/install/turtlebot3_gazebo/share/turtlebot3_gazebo//models/turtlebot3_autorace/traffic_tunnel/materials/textures
[1.293s] -- Up-to-date: /home/sakshi/ClutterBot/install/turtlebot3_gazebo/share/turtlebot3_gazebo//models/turtlebot3_autorace/traffic_tunnel/materials/textures/tunnel.png
[1.293s] -- Up-to-date: /home/sakshi/ClutterBot/install/turtlebot3_gazebo/share/turtlebot3_gazebo//models/turtlebot3_autorace/traffic_tunnel/model.sdf
[1.293s] -- Up-to-date: /home/sakshi/ClutterBot/install/turtlebot3_gazebo/share/turtlebot3_gazebo//models/turtlebot3_autorace/tunnel_obstacles
[1.293s] -- Up-to-date: /home/sakshi/ClutterBot/install/turtlebot3_gazebo/share/turtlebot3_gazebo//models/turtlebot3_autorace/tunnel_obstacles/model.config
[1.293s] -- Up-to-date: /home/sakshi/ClutterBot/install/turtlebot3_gazebo/share/turtlebot3_gazebo//models/turtlebot3_autorace/tunnel_obstacles/model.sdf
[1.293s] -- Up-to-date: /home/sakshi/ClutterBot/install/turtlebot3_gazebo/share/turtlebot3_gazebo//models/turtlebot3_autorace/traffic_light_green
[1.293s] -- Up-to-date: /home/sakshi/ClutterBot/install/turtlebot3_gazebo/share/turtlebot3_gazebo//models/turtlebot3_autorace/traffic_light_green/model.config
[1.293s] -- Up-to-date: /home/sakshi/ClutterBot/install/turtlebot3_gazebo/share/turtlebot3_gazebo//models/turtlebot3_autorace/traffic_light_green/model.sdf
[1.293s] -- Up-to-date: /home/sakshi/ClutterBot/install/turtlebot3_gazebo/share/turtlebot3_gazebo//models/turtlebot3_autorace/tunnel_wall
[1.293s] -- Up-to-date: /home/sakshi/ClutterBot/install/turtlebot3_gazebo/share/turtlebot3_gazebo//models/turtlebot3_autorace/tunnel_wall/model.config
[1.294s] -- Up-to-date: /home/sakshi/ClutterBot/install/turtlebot3_gazebo/share/turtlebot3_gazebo//models/turtlebot3_autorace/tunnel_wall/model.sdf
[1.294s] -- Up-to-date: /home/sakshi/ClutterBot/install/turtlebot3_gazebo/share/turtlebot3_gazebo//models/turtlebot3_autorace/traffic_light_yellow
[1.294s] -- Up-to-date: /home/sakshi/ClutterBot/install/turtlebot3_gazebo/share/turtlebot3_gazebo//models/turtlebot3_autorace/traffic_light_yellow/model.config
[1.294s] -- Up-to-date: /home/sakshi/ClutterBot/install/turtlebot3_gazebo/share/turtlebot3_gazebo//models/turtlebot3_autorace/traffic_light_yellow/model.sdf
[1.294s] -- Up-to-date: /home/sakshi/ClutterBot/install/turtlebot3_gazebo/share/turtlebot3_gazebo//models/turtlebot3_autorace/traffic_parking
[1.294s] -- Up-to-date: /home/sakshi/ClutterBot/install/turtlebot3_gazebo/share/turtlebot3_gazebo//models/turtlebot3_autorace/traffic_parking/model.config
[1.294s] -- Up-to-date: /home/sakshi/ClutterBot/install/turtlebot3_gazebo/share/turtlebot3_gazebo//models/turtlebot3_autorace/traffic_parking/materials
[1.295s] -- Up-to-date: /home/sakshi/ClutterBot/install/turtlebot3_gazebo/share/turtlebot3_gazebo//models/turtlebot3_autorace/traffic_parking/materials/scripts
[1.295s] -- Up-to-date: /home/sakshi/ClutterBot/install/turtlebot3_gazebo/share/turtlebot3_gazebo//models/turtlebot3_autorace/traffic_parking/materials/scripts/traffic_parking.material
[1.295s] -- Up-to-date: /home/sakshi/ClutterBot/install/turtlebot3_gazebo/share/turtlebot3_gazebo//models/turtlebot3_autorace/traffic_parking/materials/textures
[1.295s] -- Up-to-date: /home/sakshi/ClutterBot/install/turtlebot3_gazebo/share/turtlebot3_gazebo//models/turtlebot3_autorace/traffic_parking/materials/textures/traffic_parking.png
[1.295s] -- Up-to-date: /home/sakshi/ClutterBot/install/turtlebot3_gazebo/share/turtlebot3_gazebo//models/turtlebot3_autorace/traffic_parking/model.sdf
[1.295s] -- Up-to-date: /home/sakshi/ClutterBot/install/turtlebot3_gazebo/share/turtlebot3_gazebo//models/turtlebot3_autorace/traffic_bar_up
[1.295s] -- Up-to-date: /home/sakshi/ClutterBot/install/turtlebot3_gazebo/share/turtlebot3_gazebo//models/turtlebot3_autorace/traffic_bar_up/model.config
[1.295s] -- Up-to-date: /home/sakshi/ClutterBot/install/turtlebot3_gazebo/share/turtlebot3_gazebo//models/turtlebot3_autorace/traffic_bar_up/materials
[1.295s] -- Up-to-date: /home/sakshi/ClutterBot/install/turtlebot3_gazebo/share/turtlebot3_gazebo//models/turtlebot3_autorace/traffic_bar_up/materials/scripts
[1.295s] -- Up-to-date: /home/sakshi/ClutterBot/install/turtlebot3_gazebo/share/turtlebot3_gazebo//models/turtlebot3_autorace/traffic_bar_up/materials/scripts/traffic_bar.material
[1.295s] -- Up-to-date: /home/sakshi/ClutterBot/install/turtlebot3_gazebo/share/turtlebot3_gazebo//models/turtlebot3_autorace/traffic_bar_up/materials/textures
[1.296s] -- Up-to-date: /home/sakshi/ClutterBot/install/turtlebot3_gazebo/share/turtlebot3_gazebo//models/turtlebot3_autorace/traffic_bar_up/materials/textures/traffic_bar.png
[1.296s] -- Up-to-date: /home/sakshi/ClutterBot/install/turtlebot3_gazebo/share/turtlebot3_gazebo//models/turtlebot3_autorace/traffic_bar_up/model.sdf
[1.299s] -- Up-to-date: /home/sakshi/ClutterBot/install/turtlebot3_gazebo/share/turtlebot3_gazebo//models/turtlebot3_autorace/traffic_bar_down
[1.299s] -- Up-to-date: /home/sakshi/ClutterBot/install/turtlebot3_gazebo/share/turtlebot3_gazebo//models/turtlebot3_autorace/traffic_bar_down/model.config
[1.300s] -- Up-to-date: /home/sakshi/ClutterBot/install/turtlebot3_gazebo/share/turtlebot3_gazebo//models/turtlebot3_autorace/traffic_bar_down/materials
[1.300s] -- Up-to-date: /home/sakshi/ClutterBot/install/turtlebot3_gazebo/share/turtlebot3_gazebo//models/turtlebot3_autorace/traffic_bar_down/materials/scripts
[1.300s] -- Up-to-date: /home/sakshi/ClutterBot/install/turtlebot3_gazebo/share/turtlebot3_gazebo//models/turtlebot3_autorace/traffic_bar_down/materials/scripts/traffic_bar.material
[1.300s] -- Up-to-date: /home/sakshi/ClutterBot/install/turtlebot3_gazebo/share/turtlebot3_gazebo//models/turtlebot3_autorace/traffic_bar_down/materials/textures
[1.300s] -- Up-to-date: /home/sakshi/ClutterBot/install/turtlebot3_gazebo/share/turtlebot3_gazebo//models/turtlebot3_autorace/traffic_bar_down/materials/textures/traffic_bar.png
[1.300s] -- Up-to-date: /home/sakshi/ClutterBot/install/turtlebot3_gazebo/share/turtlebot3_gazebo//models/turtlebot3_autorace/traffic_bar_down/model.sdf
[1.300s] -- Up-to-date: /home/sakshi/ClutterBot/install/turtlebot3_gazebo/share/turtlebot3_gazebo//models/turtlebot3_waffle_pi
[1.300s] -- Up-to-date: /home/sakshi/ClutterBot/install/turtlebot3_gazebo/share/turtlebot3_gazebo//models/turtlebot3_waffle_pi/model.config
[1.300s] -- Up-to-date: /home/sakshi/ClutterBot/install/turtlebot3_gazebo/share/turtlebot3_gazebo//models/turtlebot3_waffle_pi/model-1_4_.sdf
[1.301s] -- Up-to-date: /home/sakshi/ClutterBot/install/turtlebot3_gazebo/share/turtlebot3_gazebo//models/turtlebot3_waffle_pi/meshes
[1.301s] -- Up-to-date: /home/sakshi/ClutterBot/install/turtlebot3_gazebo/share/turtlebot3_gazebo//models/turtlebot3_waffle_pi/meshes/tire.dae
[1.301s] -- Up-to-date: /home/sakshi/ClutterBot/install/turtlebot3_gazebo/share/turtlebot3_gazebo//models/turtlebot3_waffle_pi/meshes/lds.dae
[1.301s] -- Up-to-date: /home/sakshi/ClutterBot/install/turtlebot3_gazebo/share/turtlebot3_gazebo//models/turtlebot3_waffle_pi/meshes/waffle_pi_base.dae
[1.301s] -- Up-to-date: /home/sakshi/ClutterBot/install/turtlebot3_gazebo/share/turtlebot3_gazebo//models/turtlebot3_waffle_pi/model.sdf
[1.301s] -- Up-to-date: /home/sakshi/ClutterBot/install/turtlebot3_gazebo/share/turtlebot3_gazebo//models/turtlebot3_burger
[1.301s] -- Up-to-date: /home/sakshi/ClutterBot/install/turtlebot3_gazebo/share/turtlebot3_gazebo//models/turtlebot3_burger/model.config
[1.301s] -- Up-to-date: /home/sakshi/ClutterBot/install/turtlebot3_gazebo/share/turtlebot3_gazebo//models/turtlebot3_burger/meshes
[1.302s] -- Up-to-date: /home/sakshi/ClutterBot/install/turtlebot3_gazebo/share/turtlebot3_gazebo//models/turtlebot3_burger/meshes/tire.dae
[1.302s] -- Up-to-date: /home/sakshi/ClutterBot/install/turtlebot3_gazebo/share/turtlebot3_gazebo//models/turtlebot3_burger/meshes/burger_base.dae
[1.302s] -- Up-to-date: /home/sakshi/ClutterBot/install/turtlebot3_gazebo/share/turtlebot3_gazebo//models/turtlebot3_burger/meshes/lds.dae
[1.302s] -- Up-to-date: /home/sakshi/ClutterBot/install/turtlebot3_gazebo/share/turtlebot3_gazebo//models/turtlebot3_burger/model-1_4.sdf
[1.302s] -- Up-to-date: /home/sakshi/ClutterBot/install/turtlebot3_gazebo/share/turtlebot3_gazebo//models/turtlebot3_burger/model.sdf
[1.302s] -- Up-to-date: /home/sakshi/ClutterBot/install/turtlebot3_gazebo/share/turtlebot3_gazebo//models/turtlebot3_waffle
[1.302s] -- Up-to-date: /home/sakshi/ClutterBot/install/turtlebot3_gazebo/share/turtlebot3_gazebo//models/turtlebot3_waffle/model.config
[1.302s] -- Up-to-date: /home/sakshi/ClutterBot/install/turtlebot3_gazebo/share/turtlebot3_gazebo//models/turtlebot3_waffle/meshes
[1.302s] -- Up-to-date: /home/sakshi/ClutterBot/install/turtlebot3_gazebo/share/turtlebot3_gazebo//models/turtlebot3_waffle/meshes/waffle_base.dae
[1.302s] -- Up-to-date: /home/sakshi/ClutterBot/install/turtlebot3_gazebo/share/turtlebot3_gazebo//models/turtlebot3_waffle/meshes/tire.dae
[1.305s] -- Up-to-date: /home/sakshi/ClutterBot/install/turtlebot3_gazebo/share/turtlebot3_gazebo//models/turtlebot3_waffle/meshes/r200.dae
[1.305s] -- Up-to-date: /home/sakshi/ClutterBot/install/turtlebot3_gazebo/share/turtlebot3_gazebo//models/turtlebot3_waffle/meshes/lds.dae
[1.305s] -- Up-to-date: /home/sakshi/ClutterBot/install/turtlebot3_gazebo/share/turtlebot3_gazebo//models/turtlebot3_waffle/model-1_4.sdf
[1.306s] -- Up-to-date: /home/sakshi/ClutterBot/install/turtlebot3_gazebo/share/turtlebot3_gazebo//models/turtlebot3_waffle/model.sdf
[1.306s] -- Up-to-date: /home/sakshi/ClutterBot/install/turtlebot3_gazebo/share/turtlebot3_gazebo//models/turtlebot3_dqn_world
[1.306s] -- Up-to-date: /home/sakshi/ClutterBot/install/turtlebot3_gazebo/share/turtlebot3_gazebo//models/turtlebot3_dqn_world/obstacle1
[1.306s] -- Up-to-date: /home/sakshi/ClutterBot/install/turtlebot3_gazebo/share/turtlebot3_gazebo//models/turtlebot3_dqn_world/obstacle1/model.config
[1.306s] -- Up-to-date: /home/sakshi/ClutterBot/install/turtlebot3_gazebo/share/turtlebot3_gazebo//models/turtlebot3_dqn_world/obstacle1/model.sdf
[1.306s] -- Up-to-date: /home/sakshi/ClutterBot/install/turtlebot3_gazebo/share/turtlebot3_gazebo//models/turtlebot3_dqn_world/model.config
[1.307s] -- Up-to-date: /home/sakshi/ClutterBot/install/turtlebot3_gazebo/share/turtlebot3_gazebo//models/turtlebot3_dqn_world/obstacle_plugin
[1.307s] -- Up-to-date: /home/sakshi/ClutterBot/install/turtlebot3_gazebo/share/turtlebot3_gazebo//models/turtlebot3_dqn_world/obstacle_plugin/obstacles.cc
[1.307s] -- Up-to-date: /home/sakshi/ClutterBot/install/turtlebot3_gazebo/share/turtlebot3_gazebo//models/turtlebot3_dqn_world/obstacle_plugin/obstacle1.cc
[1.309s] -- Up-to-date: /home/sakshi/ClutterBot/install/turtlebot3_gazebo/share/turtlebot3_gazebo//models/turtlebot3_dqn_world/obstacle_plugin/CMakeLists.txt
[1.309s] -- Up-to-date: /home/sakshi/ClutterBot/install/turtlebot3_gazebo/share/turtlebot3_gazebo//models/turtlebot3_dqn_world/obstacle_plugin/obstacle2.cc
[1.309s] -- Up-to-date: /home/sakshi/ClutterBot/install/turtlebot3_gazebo/share/turtlebot3_gazebo//models/turtlebot3_dqn_world/inner_walls
[1.310s] -- Up-to-date: /home/sakshi/ClutterBot/install/turtlebot3_gazebo/share/turtlebot3_gazebo//models/turtlebot3_dqn_world/inner_walls/model.config
[1.310s] -- Up-to-date: /home/sakshi/ClutterBot/install/turtlebot3_gazebo/share/turtlebot3_gazebo//models/turtlebot3_dqn_world/inner_walls/model.sdf
[1.310s] -- Up-to-date: /home/sakshi/ClutterBot/install/turtlebot3_gazebo/share/turtlebot3_gazebo//models/turtlebot3_dqn_world/obstacles
[1.313s] -- Up-to-date: /home/sakshi/ClutterBot/install/turtlebot3_gazebo/share/turtlebot3_gazebo//models/turtlebot3_dqn_world/obstacles/model.config
[1.313s] -- Up-to-date: /home/sakshi/ClutterBot/install/turtlebot3_gazebo/share/turtlebot3_gazebo//models/turtlebot3_dqn_world/obstacles/model.sdf
[1.313s] -- Up-to-date: /home/sakshi/ClutterBot/install/turtlebot3_gazebo/share/turtlebot3_gazebo//models/turtlebot3_dqn_world/goal_box
[1.313s] -- Up-to-date: /home/sakshi/ClutterBot/install/turtlebot3_gazebo/share/turtlebot3_gazebo//models/turtlebot3_dqn_world/goal_box/model.config
[1.313s] -- Up-to-date: /home/sakshi/ClutterBot/install/turtlebot3_gazebo/share/turtlebot3_gazebo//models/turtlebot3_dqn_world/goal_box/model.sdf
[1.314s] -- Up-to-date: /home/sakshi/ClutterBot/install/turtlebot3_gazebo/share/turtlebot3_gazebo//models/turtlebot3_dqn_world/model.sdf
[1.314s] -- Up-to-date: /home/sakshi/ClutterBot/install/turtlebot3_gazebo/share/turtlebot3_gazebo//models/turtlebot3_dqn_world/obstacle2
[1.314s] -- Up-to-date: /home/sakshi/ClutterBot/install/turtlebot3_gazebo/share/turtlebot3_gazebo//models/turtlebot3_dqn_world/obstacle2/model.config
[1.314s] -- Up-to-date: /home/sakshi/ClutterBot/install/turtlebot3_gazebo/share/turtlebot3_gazebo//models/turtlebot3_dqn_world/obstacle2/model.sdf
[1.316s] -- Up-to-date: /home/sakshi/ClutterBot/install/turtlebot3_gazebo/share/turtlebot3_gazebo//models/turtlebot3_world
[1.317s] -- Up-to-date: /home/sakshi/ClutterBot/install/turtlebot3_gazebo/share/turtlebot3_gazebo//models/turtlebot3_world/model.config
[1.317s] -- Up-to-date: /home/sakshi/ClutterBot/install/turtlebot3_gazebo/share/turtlebot3_gazebo//models/turtlebot3_world/meshes
[1.317s] -- Up-to-date: /home/sakshi/ClutterBot/install/turtlebot3_gazebo/share/turtlebot3_gazebo//models/turtlebot3_world/meshes/hexagon.dae
[1.317s] -- Up-to-date: /home/sakshi/ClutterBot/install/turtlebot3_gazebo/share/turtlebot3_gazebo//models/turtlebot3_world/meshes/wall.dae
[1.318s] -- Up-to-date: /home/sakshi/ClutterBot/install/turtlebot3_gazebo/share/turtlebot3_gazebo//models/turtlebot3_world/model-1_4.sdf
[1.318s] -- Up-to-date: /home/sakshi/ClutterBot/install/turtlebot3_gazebo/share/turtlebot3_gazebo//models/turtlebot3_world/model.sdf
[1.318s] -- Up-to-date: /home/sakshi/ClutterBot/install/turtlebot3_gazebo/share/turtlebot3_gazebo//rviz
[1.318s] -- Up-to-date: /home/sakshi/ClutterBot/install/turtlebot3_gazebo/share/turtlebot3_gazebo//rviz/tb3_gazebo.rviz
[1.318s] -- Up-to-date: /home/sakshi/ClutterBot/install/turtlebot3_gazebo/share/turtlebot3_gazebo//worlds
[1.319s] -- Up-to-date: /home/sakshi/ClutterBot/install/turtlebot3_gazebo/share/turtlebot3_gazebo//worlds/turtlebot3_dqn_stage2
[1.319s] -- Up-to-date: /home/sakshi/ClutterBot/install/turtlebot3_gazebo/share/turtlebot3_gazebo//worlds/turtlebot3_dqn_stage2/waffle_pi.model
[1.319s] -- Up-to-date: /home/sakshi/ClutterBot/install/turtlebot3_gazebo/share/turtlebot3_gazebo//worlds/turtlebot3_dqn_stage2/burger.model
[1.319s] -- Up-to-date: /home/sakshi/ClutterBot/install/turtlebot3_gazebo/share/turtlebot3_gazebo//worlds/turtlebot3_dqn_stage2/waffle.model
[1.319s] -- Up-to-date: /home/sakshi/ClutterBot/install/turtlebot3_gazebo/share/turtlebot3_gazebo//worlds/turtlebot3_houses
[1.319s] -- Up-to-date: /home/sakshi/ClutterBot/install/turtlebot3_gazebo/share/turtlebot3_gazebo//worlds/turtlebot3_houses/waffle_pi.model
[1.320s] -- Up-to-date: /home/sakshi/ClutterBot/install/turtlebot3_gazebo/share/turtlebot3_gazebo//worlds/turtlebot3_houses/burger.model
[1.320s] -- Up-to-date: /home/sakshi/ClutterBot/install/turtlebot3_gazebo/share/turtlebot3_gazebo//worlds/turtlebot3_houses/waffle.model
[1.320s] -- Up-to-date: /home/sakshi/ClutterBot/install/turtlebot3_gazebo/share/turtlebot3_gazebo//worlds/turtlebot3_dqn_stage3
[1.321s] -- Up-to-date: /home/sakshi/ClutterBot/install/turtlebot3_gazebo/share/turtlebot3_gazebo//worlds/turtlebot3_dqn_stage3/waffle_pi.model
[1.321s] -- Up-to-date: /home/sakshi/ClutterBot/install/turtlebot3_gazebo/share/turtlebot3_gazebo//worlds/turtlebot3_dqn_stage3/burger.model
[1.322s] -- Up-to-date: /home/sakshi/ClutterBot/install/turtlebot3_gazebo/share/turtlebot3_gazebo//worlds/turtlebot3_dqn_stage3/waffle.model
[1.322s] -- Up-to-date: /home/sakshi/ClutterBot/install/turtlebot3_gazebo/share/turtlebot3_gazebo//worlds/turtlebot3_dqn_stage4
[1.322s] -- Up-to-date: /home/sakshi/ClutterBot/install/turtlebot3_gazebo/share/turtlebot3_gazebo//worlds/turtlebot3_dqn_stage4/waffle_pi.model
[1.322s] -- Up-to-date: /home/sakshi/ClutterBot/install/turtlebot3_gazebo/share/turtlebot3_gazebo//worlds/turtlebot3_dqn_stage4/burger.model
[1.322s] -- Up-to-date: /home/sakshi/ClutterBot/install/turtlebot3_gazebo/share/turtlebot3_gazebo//worlds/turtlebot3_dqn_stage4/waffle.model
[1.322s] -- Up-to-date: /home/sakshi/ClutterBot/install/turtlebot3_gazebo/share/turtlebot3_gazebo//worlds/turtlebot3_worlds
[1.322s] -- Up-to-date: /home/sakshi/ClutterBot/install/turtlebot3_gazebo/share/turtlebot3_gazebo//worlds/turtlebot3_worlds/waffle_pi.model
[1.322s] -- Up-to-date: /home/sakshi/ClutterBot/install/turtlebot3_gazebo/share/turtlebot3_gazebo//worlds/turtlebot3_worlds/burger.model
[1.323s] -- Up-to-date: /home/sakshi/ClutterBot/install/turtlebot3_gazebo/share/turtlebot3_gazebo//worlds/turtlebot3_worlds/waffle.model
[1.327s] -- Up-to-date: /home/sakshi/ClutterBot/install/turtlebot3_gazebo/share/turtlebot3_gazebo//worlds/empty_worlds
[1.327s] -- Up-to-date: /home/sakshi/ClutterBot/install/turtlebot3_gazebo/share/turtlebot3_gazebo//worlds/empty_worlds/waffle_pi.model
[1.327s] -- Up-to-date: /home/sakshi/ClutterBot/install/turtlebot3_gazebo/share/turtlebot3_gazebo//worlds/empty_worlds/burger.model
[1.327s] -- Up-to-date: /home/sakshi/ClutterBot/install/turtlebot3_gazebo/share/turtlebot3_gazebo//worlds/empty_worlds/waffle.model
[1.327s] -- Up-to-date: /home/sakshi/ClutterBot/install/turtlebot3_gazebo/share/turtlebot3_gazebo//worlds/turtlebot3_dqn_stage1
[1.327s] -- Up-to-date: /home/sakshi/ClutterBot/install/turtlebot3_gazebo/share/turtlebot3_gazebo//worlds/turtlebot3_dqn_stage1/waffle_pi.model
[1.327s] -- Up-to-date: /home/sakshi/ClutterBot/install/turtlebot3_gazebo/share/turtlebot3_gazebo//worlds/turtlebot3_dqn_stage1/burger.model
[1.328s] -- Up-to-date: /home/sakshi/ClutterBot/install/turtlebot3_gazebo/share/turtlebot3_gazebo//worlds/turtlebot3_dqn_stage1/waffle.model
[1.328s] -- Up-to-date: /home/sakshi/ClutterBot/install/turtlebot3_gazebo/share/turtlebot3_gazebo//worlds/turtlebot3_autoraces
[1.328s] -- Up-to-date: /home/sakshi/ClutterBot/install/turtlebot3_gazebo/share/turtlebot3_gazebo//worlds/turtlebot3_autoraces/waffle_pi.model
[1.328s] -- Up-to-date: /home/sakshi/ClutterBot/install/turtlebot3_gazebo/share/turtlebot3_gazebo//worlds/turtlebot3_autoraces/burger.model
[1.328s] -- Up-to-date: /home/sakshi/ClutterBot/install/turtlebot3_gazebo/share/turtlebot3_gazebo//worlds/turtlebot3_autoraces/waffle.model
[1.328s] -- Up-to-date: /home/sakshi/ClutterBot/install/turtlebot3_gazebo/include/
[1.328s] -- Up-to-date: /home/sakshi/ClutterBot/install/turtlebot3_gazebo/include//turtlebot3_gazebo
[1.329s] -- Up-to-date: /home/sakshi/ClutterBot/install/turtlebot3_gazebo/include//turtlebot3_gazebo/turtlebot3_drive.hpp
[1.329s] -- Up-to-date: /home/sakshi/ClutterBot/install/turtlebot3_gazebo/share/ament_index/resource_index/package_run_dependencies/turtlebot3_gazebo
[1.329s] -- Up-to-date: /home/sakshi/ClutterBot/install/turtlebot3_gazebo/share/ament_index/resource_index/parent_prefix_path/turtlebot3_gazebo
[1.329s] -- Up-to-date: /home/sakshi/ClutterBot/install/turtlebot3_gazebo/share/turtlebot3_gazebo/environment/ament_prefix_path.sh
[1.329s] -- Up-to-date: /home/sakshi/ClutterBot/install/turtlebot3_gazebo/share/turtlebot3_gazebo/environment/ament_prefix_path.dsv
[1.329s] -- Up-to-date: /home/sakshi/ClutterBot/install/turtlebot3_gazebo/share/turtlebot3_gazebo/environment/path.sh
[1.329s] -- Up-to-date: /home/sakshi/ClutterBot/install/turtlebot3_gazebo/share/turtlebot3_gazebo/environment/path.dsv
[1.329s] -- Up-to-date: /home/sakshi/ClutterBot/install/turtlebot3_gazebo/share/turtlebot3_gazebo/local_setup.bash
[1.330s] -- Up-to-date: /home/sakshi/ClutterBot/install/turtlebot3_gazebo/share/turtlebot3_gazebo/local_setup.sh
[1.330s] -- Up-to-date: /home/sakshi/ClutterBot/install/turtlebot3_gazebo/share/turtlebot3_gazebo/local_setup.zsh
[1.330s] -- Up-to-date: /home/sakshi/ClutterBot/install/turtlebot3_gazebo/share/turtlebot3_gazebo/local_setup.dsv
[1.330s] -- Installing: /home/sakshi/ClutterBot/install/turtlebot3_gazebo/share/turtlebot3_gazebo/package.dsv
[1.332s] -- Up-to-date: /home/sakshi/ClutterBot/install/turtlebot3_gazebo/share/ament_index/resource_index/packages/turtlebot3_gazebo
[1.332s] -- Up-to-date: /home/sakshi/ClutterBot/install/turtlebot3_gazebo/share/turtlebot3_gazebo/cmake/ament_cmake_export_include_directories-extras.cmake
[1.332s] -- Up-to-date: /home/sakshi/ClutterBot/install/turtlebot3_gazebo/share/turtlebot3_gazebo/cmake/ament_cmake_export_dependencies-extras.cmake
[1.332s] -- Up-to-date: /home/sakshi/ClutterBot/install/turtlebot3_gazebo/share/turtlebot3_gazebo/cmake/turtlebot3_gazeboConfig.cmake
[1.333s] -- Up-to-date: /home/sakshi/ClutterBot/install/turtlebot3_gazebo/share/turtlebot3_gazebo/cmake/turtlebot3_gazeboConfig-version.cmake
[1.333s] -- Up-to-date: /home/sakshi/ClutterBot/install/turtlebot3_gazebo/share/turtlebot3_gazebo/package.xml
[1.333s] Invoked command in '/home/sakshi/ClutterBot/build/turtlebot3_gazebo' returned '0': CMAKE_PREFIX_PATH=/home/sakshi/ClutterBot/install/turtlebot3_description:/home/sakshi/ClutterBot/install/turtlebot3:/home/sakshi/ClutterBot/install/turtlebot3_simulations:/home/sakshi/ClutterBot/install/turtlebot3_bringup:/home/sakshi/ClutterBot/install/turtlebot3_node:/home/sakshi/ClutterBot/install/turtlebot3_navigation2:/home/sakshi/ClutterBot/install/turtlebot3_fake_node:/home/sakshi/ClutterBot/install/turtlebot3_msgs:/home/sakshi/ClutterBot/install/turtlebot3_gazebo:/home/sakshi/ClutterBot/install/turtlebot3_cartographer:/home/sakshi/ClutterBot/install/task:/home/sakshi/ClutterBot/install/hls_lfcd_lds_driver:/home/sakshi/ClutterBot/install/dynamixel_sdk_examples:/home/sakshi/ClutterBot/install/dynamixel_sdk_custom_interfaces:/home/sakshi/ClutterBot/install/dynamixel_sdk:/home/sakshi/ClutterBot/install/turtlebot3_teleop:/home/sakshi/ClutterBot/install/turtlebot3_example:/opt/ros/foxy /usr/bin/cmake --install /home/sakshi/ClutterBot/build/turtlebot3_gazebo
