[0.014s] Invoking command in '/home/sakshi/ClutterBot/build/task': CMAKE_PREFIX_PATH=${CMAKE_PREFIX_PATH}:/home/sakshi/ClutterBot/install/turtlebot3_teleop:/home/sakshi/ClutterBot/install/turtlebot3_example:/opt/ros/foxy CONDA_PROMPT_MODIFIER=(base) /usr/bin/cmake --build /home/sakshi/ClutterBot/build/task -- -j8 -l8
[0.057s] [35m[1mScanning dependencies of target noisyodom[0m
[0.089s] [ 50%] [32mBuilding CXX object CMakeFiles/noisyodom.dir/src/noisyodom.cpp.o[0m
[8.003s] [100%] [32m[1mLinking CXX executable noisyodom[0m
[11.803s] [100%] Built target noisyodom
[11.812s] Invoked command in '/home/sakshi/ClutterBot/build/task' returned '0': CMAKE_PREFIX_PATH=${CMAKE_PREFIX_PATH}:/home/sakshi/ClutterBot/install/turtlebot3_teleop:/home/sakshi/ClutterBot/install/turtlebot3_example:/opt/ros/foxy CONDA_PROMPT_MODIFIER=(base) /usr/bin/cmake --build /home/sakshi/ClutterBot/build/task -- -j8 -l8
[11.842s] Invoking command in '/home/sakshi/ClutterBot/build/task': CMAKE_PREFIX_PATH=${CMAKE_PREFIX_PATH}:/home/sakshi/ClutterBot/install/turtlebot3_teleop:/home/sakshi/ClutterBot/install/turtlebot3_example:/opt/ros/foxy CONDA_PROMPT_MODIFIER=(base) /usr/bin/cmake --install /home/sakshi/ClutterBot/build/task
[11.849s] -- Install configuration: ""
[11.849s] -- Installing: /home/sakshi/ClutterBot/install/task/lib/task/noisyodom
[11.874s] -- Set runtime path of "/home/sakshi/ClutterBot/install/task/lib/task/noisyodom" to ""
[11.875s] -- Up-to-date: /home/sakshi/ClutterBot/install/task/share/ament_index/resource_index/package_run_dependencies/task
[11.875s] -- Up-to-date: /home/sakshi/ClutterBot/install/task/share/ament_index/resource_index/parent_prefix_path/task
[11.876s] -- Up-to-date: /home/sakshi/ClutterBot/install/task/share/task/environment/ament_prefix_path.sh
[11.876s] -- Up-to-date: /home/sakshi/ClutterBot/install/task/share/task/environment/ament_prefix_path.dsv
[11.876s] -- Up-to-date: /home/sakshi/ClutterBot/install/task/share/task/environment/path.sh
[11.877s] -- Up-to-date: /home/sakshi/ClutterBot/install/task/share/task/environment/path.dsv
[11.877s] -- Up-to-date: /home/sakshi/ClutterBot/install/task/share/task/local_setup.bash
[11.877s] -- Up-to-date: /home/sakshi/ClutterBot/install/task/share/task/local_setup.sh
[11.878s] -- Up-to-date: /home/sakshi/ClutterBot/install/task/share/task/local_setup.zsh
[11.878s] -- Up-to-date: /home/sakshi/ClutterBot/install/task/share/task/local_setup.dsv
[11.878s] -- Installing: /home/sakshi/ClutterBot/install/task/share/task/package.dsv
[11.878s] -- Up-to-date: /home/sakshi/ClutterBot/install/task/share/ament_index/resource_index/packages/task
[11.879s] -- Up-to-date: /home/sakshi/ClutterBot/install/task/share/task/cmake/taskConfig.cmake
[11.879s] -- Up-to-date: /home/sakshi/ClutterBot/install/task/share/task/cmake/taskConfig-version.cmake
[11.880s] -- Up-to-date: /home/sakshi/ClutterBot/install/task/share/task/package.xml
[11.884s] Invoked command in '/home/sakshi/ClutterBot/build/task' returned '0': CMAKE_PREFIX_PATH=${CMAKE_PREFIX_PATH}:/home/sakshi/ClutterBot/install/turtlebot3_teleop:/home/sakshi/ClutterBot/install/turtlebot3_example:/opt/ros/foxy CONDA_PROMPT_MODIFIER=(base) /usr/bin/cmake --install /home/sakshi/ClutterBot/build/task
