[0.025s] Invoking command in '/home/sakshi/ClutterBot/build/task': CMAKE_PREFIX_PATH=${CMAKE_PREFIX_PATH}:/home/sakshi/ClutterBot/install/turtlebot3_teleop:/home/sakshi/ClutterBot/install/turtlebot3_example:/opt/ros/foxy: /usr/bin/cmake --build /home/sakshi/ClutterBot/build/task -- -j8 -l8
[0.094s] [35m[1mScanning dependencies of target noisyodom[0m
[0.134s] [ 50%] [32mBuilding CXX object CMakeFiles/noisyodom.dir/src/noisyodom.cpp.o[0m
[8.874s] [100%] [32m[1mLinking CXX executable noisyodom[0m
[9.392s] [100%] Built target noisyodom
[9.410s] Invoked command in '/home/sakshi/ClutterBot/build/task' returned '0': CMAKE_PREFIX_PATH=${CMAKE_PREFIX_PATH}:/home/sakshi/ClutterBot/install/turtlebot3_teleop:/home/sakshi/ClutterBot/install/turtlebot3_example:/opt/ros/foxy: /usr/bin/cmake --build /home/sakshi/ClutterBot/build/task -- -j8 -l8
[9.458s] Invoking command in '/home/sakshi/ClutterBot/build/task': CMAKE_PREFIX_PATH=${CMAKE_PREFIX_PATH}:/home/sakshi/ClutterBot/install/turtlebot3_teleop:/home/sakshi/ClutterBot/install/turtlebot3_example:/opt/ros/foxy: /usr/bin/cmake --install /home/sakshi/ClutterBot/build/task
[9.470s] -- Install configuration: ""
[9.470s] -- Installing: /home/sakshi/ClutterBot/install/task/lib/task/noisyodom
[9.475s] -- Set runtime path of "/home/sakshi/ClutterBot/install/task/lib/task/noisyodom" to ""
[9.475s] -- Up-to-date: /home/sakshi/ClutterBot/install/task/share/ament_index/resource_index/package_run_dependencies/task
[9.475s] -- Up-to-date: /home/sakshi/ClutterBot/install/task/share/ament_index/resource_index/parent_prefix_path/task
[9.475s] -- Up-to-date: /home/sakshi/ClutterBot/install/task/share/task/environment/ament_prefix_path.sh
[9.475s] -- Up-to-date: /home/sakshi/ClutterBot/install/task/share/task/environment/ament_prefix_path.dsv
[9.476s] -- Up-to-date: /home/sakshi/ClutterBot/install/task/share/task/environment/path.sh
[9.476s] -- Up-to-date: /home/sakshi/ClutterBot/install/task/share/task/environment/path.dsv
[9.476s] -- Up-to-date: /home/sakshi/ClutterBot/install/task/share/task/local_setup.bash
[9.476s] -- Up-to-date: /home/sakshi/ClutterBot/install/task/share/task/local_setup.sh
[9.476s] -- Up-to-date: /home/sakshi/ClutterBot/install/task/share/task/local_setup.zsh
[9.476s] -- Up-to-date: /home/sakshi/ClutterBot/install/task/share/task/local_setup.dsv
[9.476s] -- Installing: /home/sakshi/ClutterBot/install/task/share/task/package.dsv
[9.476s] -- Up-to-date: /home/sakshi/ClutterBot/install/task/share/ament_index/resource_index/packages/task
[9.476s] -- Up-to-date: /home/sakshi/ClutterBot/install/task/share/task/cmake/taskConfig.cmake
[9.476s] -- Up-to-date: /home/sakshi/ClutterBot/install/task/share/task/cmake/taskConfig-version.cmake
[9.477s] -- Up-to-date: /home/sakshi/ClutterBot/install/task/share/task/package.xml
[9.478s] Invoked command in '/home/sakshi/ClutterBot/build/task' returned '0': CMAKE_PREFIX_PATH=${CMAKE_PREFIX_PATH}:/home/sakshi/ClutterBot/install/turtlebot3_teleop:/home/sakshi/ClutterBot/install/turtlebot3_example:/opt/ros/foxy: /usr/bin/cmake --install /home/sakshi/ClutterBot/build/task
