[1.251s] Invoking command in '/home/sakshi/ClutterBot/build/turtlebot3_navigation2': CMAKE_PREFIX_PATH=${CMAKE_PREFIX_PATH}:/home/sakshi/ClutterBot/install/turtlebot3_teleop:/home/sakshi/ClutterBot/install/turtlebot3_example:/opt/ros/foxy /usr/bin/cmake --build /home/sakshi/ClutterBot/build/turtlebot3_navigation2 -- -j8 -l8
[3.248s] Invoked command in '/home/sakshi/ClutterBot/build/turtlebot3_navigation2' returned '0': CMAKE_PREFIX_PATH=${CMAKE_PREFIX_PATH}:/home/sakshi/ClutterBot/install/turtlebot3_teleop:/home/sakshi/ClutterBot/install/turtlebot3_example:/opt/ros/foxy /usr/bin/cmake --build /home/sakshi/ClutterBot/build/turtlebot3_navigation2 -- -j8 -l8
[3.480s] Invoking command in '/home/sakshi/ClutterBot/build/turtlebot3_navigation2': CMAKE_PREFIX_PATH=${CMAKE_PREFIX_PATH}:/home/sakshi/ClutterBot/install/turtlebot3_teleop:/home/sakshi/ClutterBot/install/turtlebot3_example:/opt/ros/foxy /usr/bin/cmake --install /home/sakshi/ClutterBot/build/turtlebot3_navigation2
[3.518s] -- Install configuration: ""
[3.518s] -- Up-to-date: /home/sakshi/ClutterBot/install/turtlebot3_navigation2/share/turtlebot3_navigation2/launch
[3.518s] -- Up-to-date: /home/sakshi/ClutterBot/install/turtlebot3_navigation2/share/turtlebot3_navigation2/launch/navigation2.launch.py
[3.519s] -- Up-to-date: /home/sakshi/ClutterBot/install/turtlebot3_navigation2/share/turtlebot3_navigation2/map
[3.519s] -- Up-to-date: /home/sakshi/ClutterBot/install/turtlebot3_navigation2/share/turtlebot3_navigation2/map/turtlebot3_world.yaml
[3.519s] -- Up-to-date: /home/sakshi/ClutterBot/install/turtlebot3_navigation2/share/turtlebot3_navigation2/map/turtlebot3_world.pgm
[3.519s] -- Up-to-date: /home/sakshi/ClutterBot/install/turtlebot3_navigation2/share/turtlebot3_navigation2/param
[3.520s] -- Up-to-date: /home/sakshi/ClutterBot/install/turtlebot3_navigation2/share/turtlebot3_navigation2/param/waffle_pi.yaml
[3.520s] -- Up-to-date: /home/sakshi/ClutterBot/install/turtlebot3_navigation2/share/turtlebot3_navigation2/param/waffle.yaml
[3.524s] -- Up-to-date: /home/sakshi/ClutterBot/install/turtlebot3_navigation2/share/turtlebot3_navigation2/param/burger.yaml
[3.530s] -- Up-to-date: /home/sakshi/ClutterBot/install/turtlebot3_navigation2/share/turtlebot3_navigation2/rviz
[3.531s] -- Up-to-date: /home/sakshi/ClutterBot/install/turtlebot3_navigation2/share/turtlebot3_navigation2/rviz/tb3_navigation2.rviz
[3.531s] -- Up-to-date: /home/sakshi/ClutterBot/install/turtlebot3_navigation2/share/ament_index/resource_index/package_run_dependencies/turtlebot3_navigation2
[3.531s] -- Up-to-date: /home/sakshi/ClutterBot/install/turtlebot3_navigation2/share/ament_index/resource_index/parent_prefix_path/turtlebot3_navigation2
[3.531s] -- Up-to-date: /home/sakshi/ClutterBot/install/turtlebot3_navigation2/share/turtlebot3_navigation2/environment/ament_prefix_path.sh
[3.532s] -- Up-to-date: /home/sakshi/ClutterBot/install/turtlebot3_navigation2/share/turtlebot3_navigation2/environment/ament_prefix_path.dsv
[3.533s] -- Up-to-date: /home/sakshi/ClutterBot/install/turtlebot3_navigation2/share/turtlebot3_navigation2/environment/path.sh
[3.533s] -- Up-to-date: /home/sakshi/ClutterBot/install/turtlebot3_navigation2/share/turtlebot3_navigation2/environment/path.dsv
[3.534s] -- Up-to-date: /home/sakshi/ClutterBot/install/turtlebot3_navigation2/share/turtlebot3_navigation2/local_setup.bash
[3.534s] -- Up-to-date: /home/sakshi/ClutterBot/install/turtlebot3_navigation2/share/turtlebot3_navigation2/local_setup.sh
[3.534s] -- Up-to-date: /home/sakshi/ClutterBot/install/turtlebot3_navigation2/share/turtlebot3_navigation2/local_setup.zsh
[3.534s] -- Up-to-date: /home/sakshi/ClutterBot/install/turtlebot3_navigation2/share/turtlebot3_navigation2/local_setup.dsv
[3.535s] -- Installing: /home/sakshi/ClutterBot/install/turtlebot3_navigation2/share/turtlebot3_navigation2/package.dsv
[3.545s] -- Up-to-date: /home/sakshi/ClutterBot/install/turtlebot3_navigation2/share/ament_index/resource_index/packages/turtlebot3_navigation2
[3.545s] -- Up-to-date: /home/sakshi/ClutterBot/install/turtlebot3_navigation2/share/turtlebot3_navigation2/cmake/turtlebot3_navigation2Config.cmake
[3.546s] -- Up-to-date: /home/sakshi/ClutterBot/install/turtlebot3_navigation2/share/turtlebot3_navigation2/cmake/turtlebot3_navigation2Config-version.cmake
[3.546s] -- Up-to-date: /home/sakshi/ClutterBot/install/turtlebot3_navigation2/share/turtlebot3_navigation2/package.xml
[4.612s] Invoked command in '/home/sakshi/ClutterBot/build/turtlebot3_navigation2' returned '0': CMAKE_PREFIX_PATH=${CMAKE_PREFIX_PATH}:/home/sakshi/ClutterBot/install/turtlebot3_teleop:/home/sakshi/ClutterBot/install/turtlebot3_example:/opt/ros/foxy /usr/bin/cmake --install /home/sakshi/ClutterBot/build/turtlebot3_navigation2
