[0.102s] Invoking command in '/home/sakshi/ClutterBot/build/task': CMAKE_PREFIX_PATH=${CMAKE_PREFIX_PATH}:/home/sakshi/ClutterBot/install/turtlebot3_teleop:/home/sakshi/ClutterBot/install/turtlebot3_example:/opt/ros/foxy CONDA_PROMPT_MODIFIER=(base) /usr/bin/cmake --build /home/sakshi/ClutterBot/build/task -- -j8 -l8
[0.322s] [35m[1mScanning dependencies of target noisyodom[0m
[0.434s] [ 50%] [32mBuilding CXX object CMakeFiles/noisyodom.dir/src/noisyodom.cpp.o[0m
[32.855s] [100%] [32m[1mLinking CXX executable noisyodom[0m
[34.785s] [100%] Built target noisyodom
[34.847s] Invoked command in '/home/sakshi/ClutterBot/build/task' returned '0': CMAKE_PREFIX_PATH=${CMAKE_PREFIX_PATH}:/home/sakshi/ClutterBot/install/turtlebot3_teleop:/home/sakshi/ClutterBot/install/turtlebot3_example:/opt/ros/foxy CONDA_PROMPT_MODIFIER=(base) /usr/bin/cmake --build /home/sakshi/ClutterBot/build/task -- -j8 -l8
[35.038s] Invoking command in '/home/sakshi/ClutterBot/build/task': CMAKE_PREFIX_PATH=${CMAKE_PREFIX_PATH}:/home/sakshi/ClutterBot/install/turtlebot3_teleop:/home/sakshi/ClutterBot/install/turtlebot3_example:/opt/ros/foxy CONDA_PROMPT_MODIFIER=(base) /usr/bin/cmake --install /home/sakshi/ClutterBot/build/task
[35.084s] -- Install configuration: ""
[35.085s] -- Installing: /home/sakshi/ClutterBot/install/task/lib/task/noisyodom
[35.100s] -- Set runtime path of "/home/sakshi/ClutterBot/install/task/lib/task/noisyodom" to ""
[35.102s] -- Up-to-date: /home/sakshi/ClutterBot/install/task/share/ament_index/resource_index/package_run_dependencies/task
[35.102s] -- Up-to-date: /home/sakshi/ClutterBot/install/task/share/ament_index/resource_index/parent_prefix_path/task
[35.103s] -- Up-to-date: /home/sakshi/ClutterBot/install/task/share/task/environment/ament_prefix_path.sh
[35.103s] -- Up-to-date: /home/sakshi/ClutterBot/install/task/share/task/environment/ament_prefix_path.dsv
[35.104s] -- Up-to-date: /home/sakshi/ClutterBot/install/task/share/task/environment/path.sh
[35.104s] -- Up-to-date: /home/sakshi/ClutterBot/install/task/share/task/environment/path.dsv
[35.105s] -- Up-to-date: /home/sakshi/ClutterBot/install/task/share/task/local_setup.bash
[35.105s] -- Up-to-date: /home/sakshi/ClutterBot/install/task/share/task/local_setup.sh
[35.105s] -- Up-to-date: /home/sakshi/ClutterBot/install/task/share/task/local_setup.zsh
[35.105s] -- Up-to-date: /home/sakshi/ClutterBot/install/task/share/task/local_setup.dsv
[35.106s] -- Installing: /home/sakshi/ClutterBot/install/task/share/task/package.dsv
[35.114s] -- Up-to-date: /home/sakshi/ClutterBot/install/task/share/ament_index/resource_index/packages/task
[35.121s] -- Up-to-date: /home/sakshi/ClutterBot/install/task/share/task/cmake/taskConfig.cmake
[35.122s] -- Up-to-date: /home/sakshi/ClutterBot/install/task/share/task/cmake/taskConfig-version.cmake
[35.123s] -- Up-to-date: /home/sakshi/ClutterBot/install/task/share/task/package.xml
[35.123s] Invoked command in '/home/sakshi/ClutterBot/build/task' returned '0': CMAKE_PREFIX_PATH=${CMAKE_PREFIX_PATH}:/home/sakshi/ClutterBot/install/turtlebot3_teleop:/home/sakshi/ClutterBot/install/turtlebot3_example:/opt/ros/foxy CONDA_PROMPT_MODIFIER=(base) /usr/bin/cmake --install /home/sakshi/ClutterBot/build/task
