[0.034s] Invoking command in '/home/sakshi/ClutterBot/build/task': CMAKE_PREFIX_PATH=${CMAKE_PREFIX_PATH}:/home/sakshi/ClutterBot/install/turtlebot3_teleop:/home/sakshi/ClutterBot/install/turtlebot3_example:/opt/ros/foxy CONDA_PROMPT_MODIFIER=(base) /usr/bin/cmake --build /home/sakshi/ClutterBot/build/task -- -j8 -l8
[0.125s] [35m[1mScanning dependencies of target noisyodom[0m
[0.181s] [ 50%] [32mBuilding CXX object CMakeFiles/noisyodom.dir/src/noisyodom.cpp.o[0m
[10.283s] [100%] [32m[1mLinking CXX executable noisyodom[0m
[10.959s] [100%] Built target noisyodom
[10.978s] Invoked command in '/home/sakshi/ClutterBot/build/task' returned '0': CMAKE_PREFIX_PATH=${CMAKE_PREFIX_PATH}:/home/sakshi/ClutterBot/install/turtlebot3_teleop:/home/sakshi/ClutterBot/install/turtlebot3_example:/opt/ros/foxy CONDA_PROMPT_MODIFIER=(base) /usr/bin/cmake --build /home/sakshi/ClutterBot/build/task -- -j8 -l8
[11.049s] Invoking command in '/home/sakshi/ClutterBot/build/task': CMAKE_PREFIX_PATH=${CMAKE_PREFIX_PATH}:/home/sakshi/ClutterBot/install/turtlebot3_teleop:/home/sakshi/ClutterBot/install/turtlebot3_example:/opt/ros/foxy CONDA_PROMPT_MODIFIER=(base) /usr/bin/cmake --install /home/sakshi/ClutterBot/build/task
[11.063s] -- Install configuration: ""
[11.064s] -- Installing: /home/sakshi/ClutterBot/install/task/lib/task/noisyodom
[11.067s] -- Set runtime path of "/home/sakshi/ClutterBot/install/task/lib/task/noisyodom" to ""
[11.067s] -- Up-to-date: /home/sakshi/ClutterBot/install/task/share/ament_index/resource_index/package_run_dependencies/task
[11.067s] -- Up-to-date: /home/sakshi/ClutterBot/install/task/share/ament_index/resource_index/parent_prefix_path/task
[11.068s] -- Up-to-date: /home/sakshi/ClutterBot/install/task/share/task/environment/ament_prefix_path.sh
[11.068s] -- Up-to-date: /home/sakshi/ClutterBot/install/task/share/task/environment/ament_prefix_path.dsv
[11.068s] -- Up-to-date: /home/sakshi/ClutterBot/install/task/share/task/environment/path.sh
[11.068s] -- Up-to-date: /home/sakshi/ClutterBot/install/task/share/task/environment/path.dsv
[11.068s] -- Up-to-date: /home/sakshi/ClutterBot/install/task/share/task/local_setup.bash
[11.068s] -- Up-to-date: /home/sakshi/ClutterBot/install/task/share/task/local_setup.sh
[11.068s] -- Up-to-date: /home/sakshi/ClutterBot/install/task/share/task/local_setup.zsh
[11.068s] -- Up-to-date: /home/sakshi/ClutterBot/install/task/share/task/local_setup.dsv
[11.069s] -- Installing: /home/sakshi/ClutterBot/install/task/share/task/package.dsv
[11.069s] -- Up-to-date: /home/sakshi/ClutterBot/install/task/share/ament_index/resource_index/packages/task
[11.069s] -- Up-to-date: /home/sakshi/ClutterBot/install/task/share/task/cmake/taskConfig.cmake
[11.069s] -- Up-to-date: /home/sakshi/ClutterBot/install/task/share/task/cmake/taskConfig-version.cmake
[11.069s] -- Up-to-date: /home/sakshi/ClutterBot/install/task/share/task/package.xml
[11.073s] Invoked command in '/home/sakshi/ClutterBot/build/task' returned '0': CMAKE_PREFIX_PATH=${CMAKE_PREFIX_PATH}:/home/sakshi/ClutterBot/install/turtlebot3_teleop:/home/sakshi/ClutterBot/install/turtlebot3_example:/opt/ros/foxy CONDA_PROMPT_MODIFIER=(base) /usr/bin/cmake --install /home/sakshi/ClutterBot/build/task
