[0.736s] Invoking command in '/home/sakshi/ClutterBot/build/turtlebot3_msgs': CMAKE_PREFIX_PATH=${CMAKE_PREFIX_PATH}:/home/sakshi/ClutterBot/install/turtlebot3_teleop:/home/sakshi/ClutterBot/install/turtlebot3_example:/opt/ros/foxy /usr/bin/cmake --build /home/sakshi/ClutterBot/build/turtlebot3_msgs -- -j8 -l8
[4.942s] [  1%] Built target turtlebot3_msgs__cpp
[5.732s] [ 12%] Built target turtlebot3_msgs__rosidl_typesupport_introspection_cpp
[5.738s] [ 23%] Built target turtlebot3_msgs__rosidl_typesupport_cpp
[5.748s] [ 35%] Built target turtlebot3_msgs__rosidl_typesupport_fastrtps_cpp
[5.914s] [ 46%] Built target turtlebot3_msgs__rosidl_generator_c
[5.982s] [ 57%] Built target turtlebot3_msgs__rosidl_typesupport_fastrtps_c
[5.993s] [ 69%] Built target turtlebot3_msgs__rosidl_typesupport_introspection_c
[6.380s] [ 80%] Built target turtlebot3_msgs__rosidl_typesupport_c
[6.411s] [ 80%] Built target turtlebot3_msgs
[6.436s] [ 81%] Built target turtlebot3_msgs__py
[8.447s] [ 91%] Built target turtlebot3_msgs__python
[8.644s] [ 94%] Built target turtlebot3_msgs__rosidl_typesupport_fastrtps_c__pyext
[8.661s] [ 97%] Built target turtlebot3_msgs__rosidl_typesupport_c__pyext
[8.678s] [100%] Built target turtlebot3_msgs__rosidl_typesupport_introspection_c__pyext
[8.701s] Invoked command in '/home/sakshi/ClutterBot/build/turtlebot3_msgs' returned '0': CMAKE_PREFIX_PATH=${CMAKE_PREFIX_PATH}:/home/sakshi/ClutterBot/install/turtlebot3_teleop:/home/sakshi/ClutterBot/install/turtlebot3_example:/opt/ros/foxy /usr/bin/cmake --build /home/sakshi/ClutterBot/build/turtlebot3_msgs -- -j8 -l8
[8.841s] Invoking command in '/home/sakshi/ClutterBot/build/turtlebot3_msgs': CMAKE_PREFIX_PATH=${CMAKE_PREFIX_PATH}:/home/sakshi/ClutterBot/install/turtlebot3_teleop:/home/sakshi/ClutterBot/install/turtlebot3_example:/opt/ros/foxy /usr/bin/cmake --install /home/sakshi/ClutterBot/build/turtlebot3_msgs
[8.853s] -- Install configuration: ""
[8.853s] -- Up-to-date: /home/sakshi/ClutterBot/install/turtlebot3_msgs/share/ament_index/resource_index/rosidl_interfaces/turtlebot3_msgs
[9.393s] -- Up-to-date: /home/sakshi/ClutterBot/install/turtlebot3_msgs/include/turtlebot3_msgs
[9.634s] -- Up-to-date: /home/sakshi/ClutterBot/install/turtlebot3_msgs/include/turtlebot3_msgs/msg
[9.634s] -- Up-to-date: /home/sakshi/ClutterBot/install/turtlebot3_msgs/include/turtlebot3_msgs/msg/sensor_state.h
[9.634s] -- Up-to-date: /home/sakshi/ClutterBot/install/turtlebot3_msgs/include/turtlebot3_msgs/msg/rosidl_generator_c__visibility_control.h
[9.634s] -- Up-to-date: /home/sakshi/ClutterBot/install/turtlebot3_msgs/include/turtlebot3_msgs/msg/detail
[9.635s] -- Up-to-date: /home/sakshi/ClutterBot/install/turtlebot3_msgs/include/turtlebot3_msgs/msg/detail/sensor_state__type_support.h
[9.635s] -- Up-to-date: /home/sakshi/ClutterBot/install/turtlebot3_msgs/include/turtlebot3_msgs/msg/detail/version_info__functions.h
[9.635s] -- Up-to-date: /home/sakshi/ClutterBot/install/turtlebot3_msgs/include/turtlebot3_msgs/msg/detail/sensor_state__functions.c
[9.635s] -- Up-to-date: /home/sakshi/ClutterBot/install/turtlebot3_msgs/include/turtlebot3_msgs/msg/detail/version_info__functions.c
[9.635s] -- Up-to-date: /home/sakshi/ClutterBot/install/turtlebot3_msgs/include/turtlebot3_msgs/msg/detail/sound__struct.h
[9.635s] -- Up-to-date: /home/sakshi/ClutterBot/install/turtlebot3_msgs/include/turtlebot3_msgs/msg/detail/sound__functions.h
[9.635s] -- Up-to-date: /home/sakshi/ClutterBot/install/turtlebot3_msgs/include/turtlebot3_msgs/msg/detail/version_info__struct.h
[9.635s] -- Up-to-date: /home/sakshi/ClutterBot/install/turtlebot3_msgs/include/turtlebot3_msgs/msg/detail/sensor_state__struct.h
[9.635s] -- Up-to-date: /home/sakshi/ClutterBot/install/turtlebot3_msgs/include/turtlebot3_msgs/msg/detail/sound__type_support.h
[9.635s] -- Up-to-date: /home/sakshi/ClutterBot/install/turtlebot3_msgs/include/turtlebot3_msgs/msg/detail/version_info__type_support.h
[9.635s] -- Up-to-date: /home/sakshi/ClutterBot/install/turtlebot3_msgs/include/turtlebot3_msgs/msg/detail/sound__functions.c
[9.635s] -- Up-to-date: /home/sakshi/ClutterBot/install/turtlebot3_msgs/include/turtlebot3_msgs/msg/detail/sensor_state__functions.h
[9.635s] -- Up-to-date: /home/sakshi/ClutterBot/install/turtlebot3_msgs/include/turtlebot3_msgs/msg/version_info.h
[9.635s] -- Up-to-date: /home/sakshi/ClutterBot/install/turtlebot3_msgs/include/turtlebot3_msgs/msg/sound.h
[9.636s] -- Up-to-date: /home/sakshi/ClutterBot/install/turtlebot3_msgs/include/turtlebot3_msgs/action
[9.636s] -- Up-to-date: /home/sakshi/ClutterBot/install/turtlebot3_msgs/include/turtlebot3_msgs/action/patrol.h
[9.636s] -- Up-to-date: /home/sakshi/ClutterBot/install/turtlebot3_msgs/include/turtlebot3_msgs/action/detail
[9.636s] -- Up-to-date: /home/sakshi/ClutterBot/install/turtlebot3_msgs/include/turtlebot3_msgs/action/detail/patrol__struct.h
[9.636s] -- Up-to-date: /home/sakshi/ClutterBot/install/turtlebot3_msgs/include/turtlebot3_msgs/action/detail/patrol__functions.h
[9.636s] -- Up-to-date: /home/sakshi/ClutterBot/install/turtlebot3_msgs/include/turtlebot3_msgs/action/detail/patrol__functions.c
[9.636s] -- Up-to-date: /home/sakshi/ClutterBot/install/turtlebot3_msgs/include/turtlebot3_msgs/action/detail/patrol__type_support.h
[9.636s] -- Up-to-date: /home/sakshi/ClutterBot/install/turtlebot3_msgs/include/turtlebot3_msgs/srv
[9.636s] -- Up-to-date: /home/sakshi/ClutterBot/install/turtlebot3_msgs/include/turtlebot3_msgs/srv/dqn.h
[9.636s] -- Up-to-date: /home/sakshi/ClutterBot/install/turtlebot3_msgs/include/turtlebot3_msgs/srv/detail
[9.636s] -- Up-to-date: /home/sakshi/ClutterBot/install/turtlebot3_msgs/include/turtlebot3_msgs/srv/detail/dqn__functions.h
[9.636s] -- Up-to-date: /home/sakshi/ClutterBot/install/turtlebot3_msgs/include/turtlebot3_msgs/srv/detail/dqn__type_support.h
[9.636s] -- Up-to-date: /home/sakshi/ClutterBot/install/turtlebot3_msgs/include/turtlebot3_msgs/srv/detail/sound__struct.h
[9.637s] -- Up-to-date: /home/sakshi/ClutterBot/install/turtlebot3_msgs/include/turtlebot3_msgs/srv/detail/sound__functions.h
[9.637s] -- Up-to-date: /home/sakshi/ClutterBot/install/turtlebot3_msgs/include/turtlebot3_msgs/srv/detail/dqn__functions.c
[9.637s] -- Up-to-date: /home/sakshi/ClutterBot/install/turtlebot3_msgs/include/turtlebot3_msgs/srv/detail/sound__type_support.h
[9.637s] -- Up-to-date: /home/sakshi/ClutterBot/install/turtlebot3_msgs/include/turtlebot3_msgs/srv/detail/sound__functions.c
[9.637s] -- Up-to-date: /home/sakshi/ClutterBot/install/turtlebot3_msgs/include/turtlebot3_msgs/srv/detail/dqn__struct.h
[9.637s] -- Up-to-date: /home/sakshi/ClutterBot/install/turtlebot3_msgs/include/turtlebot3_msgs/srv/sound.h
[9.637s] -- Up-to-date: /home/sakshi/ClutterBot/install/turtlebot3_msgs/share/turtlebot3_msgs/environment/library_path.sh
[9.637s] -- Up-to-date: /home/sakshi/ClutterBot/install/turtlebot3_msgs/share/turtlebot3_msgs/environment/library_path.dsv
[9.679s] -- Up-to-date: /home/sakshi/ClutterBot/install/turtlebot3_msgs/lib/libturtlebot3_msgs__rosidl_generator_c.so
[9.680s] -- Up-to-date: /home/sakshi/ClutterBot/install/turtlebot3_msgs/include/turtlebot3_msgs
[9.680s] -- Up-to-date: /home/sakshi/ClutterBot/install/turtlebot3_msgs/include/turtlebot3_msgs/msg
[9.680s] -- Up-to-date: /home/sakshi/ClutterBot/install/turtlebot3_msgs/include/turtlebot3_msgs/msg/rosidl_typesupport_fastrtps_c__visibility_control.h
[9.680s] -- Up-to-date: /home/sakshi/ClutterBot/install/turtlebot3_msgs/include/turtlebot3_msgs/msg/detail
[9.681s] -- Up-to-date: /home/sakshi/ClutterBot/install/turtlebot3_msgs/include/turtlebot3_msgs/msg/detail/version_info__rosidl_typesupport_fastrtps_c.h
[9.681s] -- Up-to-date: /home/sakshi/ClutterBot/install/turtlebot3_msgs/include/turtlebot3_msgs/msg/detail/sensor_state__rosidl_typesupport_fastrtps_c.h
[9.681s] -- Up-to-date: /home/sakshi/ClutterBot/install/turtlebot3_msgs/include/turtlebot3_msgs/msg/detail/sound__rosidl_typesupport_fastrtps_c.h
[9.681s] -- Up-to-date: /home/sakshi/ClutterBot/install/turtlebot3_msgs/include/turtlebot3_msgs/action
[9.682s] -- Up-to-date: /home/sakshi/ClutterBot/install/turtlebot3_msgs/include/turtlebot3_msgs/action/detail
[9.682s] -- Up-to-date: /home/sakshi/ClutterBot/install/turtlebot3_msgs/include/turtlebot3_msgs/action/detail/patrol__rosidl_typesupport_fastrtps_c.h
[9.682s] -- Up-to-date: /home/sakshi/ClutterBot/install/turtlebot3_msgs/include/turtlebot3_msgs/srv
[9.682s] -- Up-to-date: /home/sakshi/ClutterBot/install/turtlebot3_msgs/include/turtlebot3_msgs/srv/detail
[9.683s] -- Up-to-date: /home/sakshi/ClutterBot/install/turtlebot3_msgs/include/turtlebot3_msgs/srv/detail/sound__rosidl_typesupport_fastrtps_c.h
[9.683s] -- Up-to-date: /home/sakshi/ClutterBot/install/turtlebot3_msgs/include/turtlebot3_msgs/srv/detail/dqn__rosidl_typesupport_fastrtps_c.h
[9.687s] -- Up-to-date: /home/sakshi/ClutterBot/install/turtlebot3_msgs/lib/libturtlebot3_msgs__rosidl_typesupport_fastrtps_c.so
[9.688s] -- Up-to-date: /home/sakshi/ClutterBot/install/turtlebot3_msgs/include/turtlebot3_msgs
[9.688s] -- Up-to-date: /home/sakshi/ClutterBot/install/turtlebot3_msgs/include/turtlebot3_msgs/msg
[9.689s] -- Up-to-date: /home/sakshi/ClutterBot/install/turtlebot3_msgs/include/turtlebot3_msgs/msg/detail
[9.689s] -- Up-to-date: /home/sakshi/ClutterBot/install/turtlebot3_msgs/include/turtlebot3_msgs/msg/detail/sensor_state__rosidl_typesupport_fastrtps_cpp.hpp
[9.689s] -- Up-to-date: /home/sakshi/ClutterBot/install/turtlebot3_msgs/include/turtlebot3_msgs/msg/detail/sound__rosidl_typesupport_fastrtps_cpp.hpp
[9.690s] -- Up-to-date: /home/sakshi/ClutterBot/install/turtlebot3_msgs/include/turtlebot3_msgs/msg/detail/version_info__rosidl_typesupport_fastrtps_cpp.hpp
[9.690s] -- Up-to-date: /home/sakshi/ClutterBot/install/turtlebot3_msgs/include/turtlebot3_msgs/msg/detail/dds_fastrtps
[9.691s] -- Up-to-date: /home/sakshi/ClutterBot/install/turtlebot3_msgs/include/turtlebot3_msgs/msg/rosidl_typesupport_fastrtps_cpp__visibility_control.h
[9.691s] -- Up-to-date: /home/sakshi/ClutterBot/install/turtlebot3_msgs/include/turtlebot3_msgs/action
[9.692s] -- Up-to-date: /home/sakshi/ClutterBot/install/turtlebot3_msgs/include/turtlebot3_msgs/action/detail
[9.692s] -- Up-to-date: /home/sakshi/ClutterBot/install/turtlebot3_msgs/include/turtlebot3_msgs/action/detail/patrol__rosidl_typesupport_fastrtps_cpp.hpp
[9.692s] -- Up-to-date: /home/sakshi/ClutterBot/install/turtlebot3_msgs/include/turtlebot3_msgs/action/detail/dds_fastrtps
[9.692s] -- Up-to-date: /home/sakshi/ClutterBot/install/turtlebot3_msgs/include/turtlebot3_msgs/srv
[9.693s] -- Up-to-date: /home/sakshi/ClutterBot/install/turtlebot3_msgs/include/turtlebot3_msgs/srv/detail
[9.693s] -- Up-to-date: /home/sakshi/ClutterBot/install/turtlebot3_msgs/include/turtlebot3_msgs/srv/detail/dqn__rosidl_typesupport_fastrtps_cpp.hpp
[9.693s] -- Up-to-date: /home/sakshi/ClutterBot/install/turtlebot3_msgs/include/turtlebot3_msgs/srv/detail/sound__rosidl_typesupport_fastrtps_cpp.hpp
[9.693s] -- Up-to-date: /home/sakshi/ClutterBot/install/turtlebot3_msgs/include/turtlebot3_msgs/srv/detail/dds_fastrtps
[9.711s] -- Up-to-date: /home/sakshi/ClutterBot/install/turtlebot3_msgs/lib/libturtlebot3_msgs__rosidl_typesupport_fastrtps_cpp.so
[9.711s] -- Up-to-date: /home/sakshi/ClutterBot/install/turtlebot3_msgs/include/turtlebot3_msgs
[9.712s] -- Up-to-date: /home/sakshi/ClutterBot/install/turtlebot3_msgs/include/turtlebot3_msgs/msg
[9.712s] -- Up-to-date: /home/sakshi/ClutterBot/install/turtlebot3_msgs/include/turtlebot3_msgs/msg/rosidl_typesupport_introspection_c__visibility_control.h
[9.712s] -- Up-to-date: /home/sakshi/ClutterBot/install/turtlebot3_msgs/include/turtlebot3_msgs/msg/detail
[9.712s] -- Up-to-date: /home/sakshi/ClutterBot/install/turtlebot3_msgs/include/turtlebot3_msgs/msg/detail/sound__rosidl_typesupport_introspection_c.h
[9.712s] -- Up-to-date: /home/sakshi/ClutterBot/install/turtlebot3_msgs/include/turtlebot3_msgs/msg/detail/sensor_state__type_support.c
[9.712s] -- Up-to-date: /home/sakshi/ClutterBot/install/turtlebot3_msgs/include/turtlebot3_msgs/msg/detail/version_info__type_support.c
[9.712s] -- Up-to-date: /home/sakshi/ClutterBot/install/turtlebot3_msgs/include/turtlebot3_msgs/msg/detail/version_info__rosidl_typesupport_introspection_c.h
[9.712s] -- Up-to-date: /home/sakshi/ClutterBot/install/turtlebot3_msgs/include/turtlebot3_msgs/msg/detail/sound__type_support.c
[9.712s] -- Up-to-date: /home/sakshi/ClutterBot/install/turtlebot3_msgs/include/turtlebot3_msgs/msg/detail/sensor_state__rosidl_typesupport_introspection_c.h
[9.712s] -- Up-to-date: /home/sakshi/ClutterBot/install/turtlebot3_msgs/include/turtlebot3_msgs/action
[9.712s] -- Up-to-date: /home/sakshi/ClutterBot/install/turtlebot3_msgs/include/turtlebot3_msgs/action/detail
[9.712s] -- Up-to-date: /home/sakshi/ClutterBot/install/turtlebot3_msgs/include/turtlebot3_msgs/action/detail/patrol__rosidl_typesupport_introspection_c.h
[9.712s] -- Up-to-date: /home/sakshi/ClutterBot/install/turtlebot3_msgs/include/turtlebot3_msgs/action/detail/patrol__type_support.c
[9.712s] -- Up-to-date: /home/sakshi/ClutterBot/install/turtlebot3_msgs/include/turtlebot3_msgs/srv
[9.713s] -- Up-to-date: /home/sakshi/ClutterBot/install/turtlebot3_msgs/include/turtlebot3_msgs/srv/detail
[9.713s] -- Up-to-date: /home/sakshi/ClutterBot/install/turtlebot3_msgs/include/turtlebot3_msgs/srv/detail/sound__rosidl_typesupport_introspection_c.h
[9.713s] -- Up-to-date: /home/sakshi/ClutterBot/install/turtlebot3_msgs/include/turtlebot3_msgs/srv/detail/dqn__type_support.c
[9.713s] -- Up-to-date: /home/sakshi/ClutterBot/install/turtlebot3_msgs/include/turtlebot3_msgs/srv/detail/sound__type_support.c
[9.713s] -- Up-to-date: /home/sakshi/ClutterBot/install/turtlebot3_msgs/include/turtlebot3_msgs/srv/detail/dqn__rosidl_typesupport_introspection_c.h
[9.757s] -- Up-to-date: /home/sakshi/ClutterBot/install/turtlebot3_msgs/lib/libturtlebot3_msgs__rosidl_typesupport_introspection_c.so
[9.804s] -- Up-to-date: /home/sakshi/ClutterBot/install/turtlebot3_msgs/lib/libturtlebot3_msgs__rosidl_typesupport_c.so
[10.549s] -- Up-to-date: /home/sakshi/ClutterBot/install/turtlebot3_msgs/include/turtlebot3_msgs
[10.550s] -- Up-to-date: /home/sakshi/ClutterBot/install/turtlebot3_msgs/include/turtlebot3_msgs/msg
[10.550s] -- Up-to-date: /home/sakshi/ClutterBot/install/turtlebot3_msgs/include/turtlebot3_msgs/msg/sensor_state.hpp
[10.551s] -- Up-to-date: /home/sakshi/ClutterBot/install/turtlebot3_msgs/include/turtlebot3_msgs/msg/detail
[10.551s] -- Up-to-date: /home/sakshi/ClutterBot/install/turtlebot3_msgs/include/turtlebot3_msgs/msg/detail/sensor_state__traits.hpp
[10.551s] -- Up-to-date: /home/sakshi/ClutterBot/install/turtlebot3_msgs/include/turtlebot3_msgs/msg/detail/sound__traits.hpp
[10.551s] -- Up-to-date: /home/sakshi/ClutterBot/install/turtlebot3_msgs/include/turtlebot3_msgs/msg/detail/sensor_state__struct.hpp
[10.552s] -- Up-to-date: /home/sakshi/ClutterBot/install/turtlebot3_msgs/include/turtlebot3_msgs/msg/detail/sensor_state__type_support.hpp
[10.552s] -- Up-to-date: /home/sakshi/ClutterBot/install/turtlebot3_msgs/include/turtlebot3_msgs/msg/detail/sensor_state__builder.hpp
[10.552s] -- Up-to-date: /home/sakshi/ClutterBot/install/turtlebot3_msgs/include/turtlebot3_msgs/msg/detail/sound__type_support.hpp
[10.553s] -- Up-to-date: /home/sakshi/ClutterBot/install/turtlebot3_msgs/include/turtlebot3_msgs/msg/detail/sound__builder.hpp
[10.553s] -- Up-to-date: /home/sakshi/ClutterBot/install/turtlebot3_msgs/include/turtlebot3_msgs/msg/detail/version_info__type_support.hpp
[10.553s] -- Up-to-date: /home/sakshi/ClutterBot/install/turtlebot3_msgs/include/turtlebot3_msgs/msg/detail/sound__struct.hpp
[10.554s] -- Up-to-date: /home/sakshi/ClutterBot/install/turtlebot3_msgs/include/turtlebot3_msgs/msg/detail/version_info__struct.hpp
[10.554s] -- Up-to-date: /home/sakshi/ClutterBot/install/turtlebot3_msgs/include/turtlebot3_msgs/msg/detail/version_info__traits.hpp
[10.554s] -- Up-to-date: /home/sakshi/ClutterBot/install/turtlebot3_msgs/include/turtlebot3_msgs/msg/detail/version_info__builder.hpp
[10.554s] -- Up-to-date: /home/sakshi/ClutterBot/install/turtlebot3_msgs/include/turtlebot3_msgs/msg/rosidl_generator_cpp__visibility_control.hpp
[10.555s] -- Up-to-date: /home/sakshi/ClutterBot/install/turtlebot3_msgs/include/turtlebot3_msgs/msg/sound.hpp
[10.555s] -- Up-to-date: /home/sakshi/ClutterBot/install/turtlebot3_msgs/include/turtlebot3_msgs/msg/version_info.hpp
[10.616s] -- Up-to-date: /home/sakshi/ClutterBot/install/turtlebot3_msgs/include/turtlebot3_msgs/action
[10.617s] -- Up-to-date: /home/sakshi/ClutterBot/install/turtlebot3_msgs/include/turtlebot3_msgs/action/detail
[10.617s] -- Up-to-date: /home/sakshi/ClutterBot/install/turtlebot3_msgs/include/turtlebot3_msgs/action/detail/patrol__struct.hpp
[10.618s] -- Up-to-date: /home/sakshi/ClutterBot/install/turtlebot3_msgs/include/turtlebot3_msgs/action/detail/patrol__type_support.hpp
[10.619s] -- Up-to-date: /home/sakshi/ClutterBot/install/turtlebot3_msgs/include/turtlebot3_msgs/action/detail/patrol__builder.hpp
[10.619s] -- Up-to-date: /home/sakshi/ClutterBot/install/turtlebot3_msgs/include/turtlebot3_msgs/action/detail/patrol__traits.hpp
[10.619s] -- Up-to-date: /home/sakshi/ClutterBot/install/turtlebot3_msgs/include/turtlebot3_msgs/action/patrol.hpp
[10.620s] -- Up-to-date: /home/sakshi/ClutterBot/install/turtlebot3_msgs/include/turtlebot3_msgs/srv
[10.620s] -- Up-to-date: /home/sakshi/ClutterBot/install/turtlebot3_msgs/include/turtlebot3_msgs/srv/dqn.hpp
[10.620s] -- Up-to-date: /home/sakshi/ClutterBot/install/turtlebot3_msgs/include/turtlebot3_msgs/srv/detail
[10.620s] -- Up-to-date: /home/sakshi/ClutterBot/install/turtlebot3_msgs/include/turtlebot3_msgs/srv/detail/dqn__type_support.hpp
[10.620s] -- Up-to-date: /home/sakshi/ClutterBot/install/turtlebot3_msgs/include/turtlebot3_msgs/srv/detail/dqn__struct.hpp
[10.621s] -- Up-to-date: /home/sakshi/ClutterBot/install/turtlebot3_msgs/include/turtlebot3_msgs/srv/detail/sound__traits.hpp
[10.621s] -- Up-to-date: /home/sakshi/ClutterBot/install/turtlebot3_msgs/include/turtlebot3_msgs/srv/detail/sound__type_support.hpp
[10.622s] -- Up-to-date: /home/sakshi/ClutterBot/install/turtlebot3_msgs/include/turtlebot3_msgs/srv/detail/sound__builder.hpp
[10.622s] -- Up-to-date: /home/sakshi/ClutterBot/install/turtlebot3_msgs/include/turtlebot3_msgs/srv/detail/dqn__traits.hpp
[10.622s] -- Up-to-date: /home/sakshi/ClutterBot/install/turtlebot3_msgs/include/turtlebot3_msgs/srv/detail/sound__struct.hpp
[10.623s] -- Up-to-date: /home/sakshi/ClutterBot/install/turtlebot3_msgs/include/turtlebot3_msgs/srv/detail/dqn__builder.hpp
[10.623s] -- Up-to-date: /home/sakshi/ClutterBot/install/turtlebot3_msgs/include/turtlebot3_msgs/srv/sound.hpp
[10.624s] -- Up-to-date: /home/sakshi/ClutterBot/install/turtlebot3_msgs/include/turtlebot3_msgs
[10.624s] -- Up-to-date: /home/sakshi/ClutterBot/install/turtlebot3_msgs/include/turtlebot3_msgs/msg
[10.624s] -- Up-to-date: /home/sakshi/ClutterBot/install/turtlebot3_msgs/include/turtlebot3_msgs/msg/detail
[10.624s] -- Up-to-date: /home/sakshi/ClutterBot/install/turtlebot3_msgs/include/turtlebot3_msgs/msg/detail/version_info__type_support.cpp
[10.625s] -- Up-to-date: /home/sakshi/ClutterBot/install/turtlebot3_msgs/include/turtlebot3_msgs/msg/detail/sound__rosidl_typesupport_introspection_cpp.hpp
[10.625s] -- Up-to-date: /home/sakshi/ClutterBot/install/turtlebot3_msgs/include/turtlebot3_msgs/msg/detail/sound__type_support.cpp
[10.625s] -- Up-to-date: /home/sakshi/ClutterBot/install/turtlebot3_msgs/include/turtlebot3_msgs/msg/detail/version_info__rosidl_typesupport_introspection_cpp.hpp
[10.625s] -- Up-to-date: /home/sakshi/ClutterBot/install/turtlebot3_msgs/include/turtlebot3_msgs/msg/detail/sensor_state__rosidl_typesupport_introspection_cpp.hpp
[10.626s] -- Up-to-date: /home/sakshi/ClutterBot/install/turtlebot3_msgs/include/turtlebot3_msgs/msg/detail/sensor_state__type_support.cpp
[10.626s] -- Up-to-date: /home/sakshi/ClutterBot/install/turtlebot3_msgs/include/turtlebot3_msgs/action
[10.626s] -- Up-to-date: /home/sakshi/ClutterBot/install/turtlebot3_msgs/include/turtlebot3_msgs/action/detail
[10.626s] -- Up-to-date: /home/sakshi/ClutterBot/install/turtlebot3_msgs/include/turtlebot3_msgs/action/detail/patrol__type_support.cpp
[10.626s] -- Up-to-date: /home/sakshi/ClutterBot/install/turtlebot3_msgs/include/turtlebot3_msgs/action/detail/patrol__rosidl_typesupport_introspection_cpp.hpp
[10.626s] -- Up-to-date: /home/sakshi/ClutterBot/install/turtlebot3_msgs/include/turtlebot3_msgs/srv
[10.626s] -- Up-to-date: /home/sakshi/ClutterBot/install/turtlebot3_msgs/include/turtlebot3_msgs/srv/detail
[10.627s] -- Up-to-date: /home/sakshi/ClutterBot/install/turtlebot3_msgs/include/turtlebot3_msgs/srv/detail/sound__rosidl_typesupport_introspection_cpp.hpp
[10.627s] -- Up-to-date: /home/sakshi/ClutterBot/install/turtlebot3_msgs/include/turtlebot3_msgs/srv/detail/dqn__type_support.cpp
[10.627s] -- Up-to-date: /home/sakshi/ClutterBot/install/turtlebot3_msgs/include/turtlebot3_msgs/srv/detail/sound__type_support.cpp
[10.627s] -- Up-to-date: /home/sakshi/ClutterBot/install/turtlebot3_msgs/include/turtlebot3_msgs/srv/detail/dqn__rosidl_typesupport_introspection_cpp.hpp
[10.664s] -- Up-to-date: /home/sakshi/ClutterBot/install/turtlebot3_msgs/lib/libturtlebot3_msgs__rosidl_typesupport_introspection_cpp.so
[10.727s] -- Up-to-date: /home/sakshi/ClutterBot/install/turtlebot3_msgs/lib/libturtlebot3_msgs__rosidl_typesupport_cpp.so
[10.728s] -- Up-to-date: /home/sakshi/ClutterBot/install/turtlebot3_msgs/share/turtlebot3_msgs/environment/pythonpath.sh
[10.728s] -- Up-to-date: /home/sakshi/ClutterBot/install/turtlebot3_msgs/share/turtlebot3_msgs/environment/pythonpath.dsv
[10.728s] -- Up-to-date: /home/sakshi/ClutterBot/install/turtlebot3_msgs/lib/python3.8/site-packages/turtlebot3_msgs/__init__.py
[10.792s] -- Up-to-date: /home/sakshi/ClutterBot/install/turtlebot3_msgs/lib/python3.8/site-packages/turtlebot3_msgs/msg
[10.792s] -- Up-to-date: /home/sakshi/ClutterBot/install/turtlebot3_msgs/lib/python3.8/site-packages/turtlebot3_msgs/msg/_version_info.py
[10.792s] -- Up-to-date: /home/sakshi/ClutterBot/install/turtlebot3_msgs/lib/python3.8/site-packages/turtlebot3_msgs/msg/_sensor_state.py
[10.793s] -- Up-to-date: /home/sakshi/ClutterBot/install/turtlebot3_msgs/lib/python3.8/site-packages/turtlebot3_msgs/msg/_sensor_state_s.c
[10.793s] -- Up-to-date: /home/sakshi/ClutterBot/install/turtlebot3_msgs/lib/python3.8/site-packages/turtlebot3_msgs/msg/_sound.py
[10.793s] -- Up-to-date: /home/sakshi/ClutterBot/install/turtlebot3_msgs/lib/python3.8/site-packages/turtlebot3_msgs/msg/_sound_s.c
[10.793s] -- Up-to-date: /home/sakshi/ClutterBot/install/turtlebot3_msgs/lib/python3.8/site-packages/turtlebot3_msgs/msg/__init__.py
[10.793s] -- Up-to-date: /home/sakshi/ClutterBot/install/turtlebot3_msgs/lib/python3.8/site-packages/turtlebot3_msgs/msg/_version_info_s.c
[10.793s] -- Up-to-date: /home/sakshi/ClutterBot/install/turtlebot3_msgs/lib/python3.8/site-packages/turtlebot3_msgs/srv
[10.793s] -- Up-to-date: /home/sakshi/ClutterBot/install/turtlebot3_msgs/lib/python3.8/site-packages/turtlebot3_msgs/srv/_dqn.py
[10.793s] -- Up-to-date: /home/sakshi/ClutterBot/install/turtlebot3_msgs/lib/python3.8/site-packages/turtlebot3_msgs/srv/_sound.py
[10.793s] -- Up-to-date: /home/sakshi/ClutterBot/install/turtlebot3_msgs/lib/python3.8/site-packages/turtlebot3_msgs/srv/_sound_s.c
[10.794s] -- Up-to-date: /home/sakshi/ClutterBot/install/turtlebot3_msgs/lib/python3.8/site-packages/turtlebot3_msgs/srv/_dqn_s.c
[10.794s] -- Up-to-date: /home/sakshi/ClutterBot/install/turtlebot3_msgs/lib/python3.8/site-packages/turtlebot3_msgs/srv/__init__.py
[10.794s] -- Up-to-date: /home/sakshi/ClutterBot/install/turtlebot3_msgs/lib/python3.8/site-packages/turtlebot3_msgs/action
[10.794s] -- Up-to-date: /home/sakshi/ClutterBot/install/turtlebot3_msgs/lib/python3.8/site-packages/turtlebot3_msgs/action/_patrol_s.c
[10.794s] -- Up-to-date: /home/sakshi/ClutterBot/install/turtlebot3_msgs/lib/python3.8/site-packages/turtlebot3_msgs/action/_patrol.py
[10.794s] -- Up-to-date: /home/sakshi/ClutterBot/install/turtlebot3_msgs/lib/python3.8/site-packages/turtlebot3_msgs/action/__init__.py
[10.847s] -- Up-to-date: /home/sakshi/ClutterBot/install/turtlebot3_msgs/lib/python3.8/site-packages/turtlebot3_msgs/turtlebot3_msgs_s__rosidl_typesupport_fastrtps_c.cpython-38-x86_64-linux-gnu.so
[10.848s] -- Up-to-date: /home/sakshi/ClutterBot/install/turtlebot3_msgs/lib/python3.8/site-packages/turtlebot3_msgs/turtlebot3_msgs_s__rosidl_typesupport_introspection_c.cpython-38-x86_64-linux-gnu.so
[10.910s] -- Up-to-date: /home/sakshi/ClutterBot/install/turtlebot3_msgs/lib/python3.8/site-packages/turtlebot3_msgs/turtlebot3_msgs_s__rosidl_typesupport_c.cpython-38-x86_64-linux-gnu.so
[10.913s] -- Up-to-date: /home/sakshi/ClutterBot/install/turtlebot3_msgs/lib/libturtlebot3_msgs__python.so
[10.914s] -- Up-to-date: /home/sakshi/ClutterBot/install/turtlebot3_msgs/share/turtlebot3_msgs/msg/SensorState.idl
[10.915s] -- Up-to-date: /home/sakshi/ClutterBot/install/turtlebot3_msgs/share/turtlebot3_msgs/msg/Sound.idl
[10.916s] -- Up-to-date: /home/sakshi/ClutterBot/install/turtlebot3_msgs/share/turtlebot3_msgs/msg/VersionInfo.idl
[10.916s] -- Up-to-date: /home/sakshi/ClutterBot/install/turtlebot3_msgs/share/turtlebot3_msgs/srv/Sound.idl
[10.917s] -- Up-to-date: /home/sakshi/ClutterBot/install/turtlebot3_msgs/share/turtlebot3_msgs/srv/Dqn.idl
[10.917s] -- Up-to-date: /home/sakshi/ClutterBot/install/turtlebot3_msgs/share/turtlebot3_msgs/action/Patrol.idl
[10.917s] -- Up-to-date: /home/sakshi/ClutterBot/install/turtlebot3_msgs/share/turtlebot3_msgs/msg/SensorState.msg
[10.918s] -- Up-to-date: /home/sakshi/ClutterBot/install/turtlebot3_msgs/share/turtlebot3_msgs/msg/Sound.msg
[10.918s] -- Up-to-date: /home/sakshi/ClutterBot/install/turtlebot3_msgs/share/turtlebot3_msgs/msg/VersionInfo.msg
[10.919s] -- Up-to-date: /home/sakshi/ClutterBot/install/turtlebot3_msgs/share/turtlebot3_msgs/srv/Sound.srv
[10.919s] -- Up-to-date: /home/sakshi/ClutterBot/install/turtlebot3_msgs/share/turtlebot3_msgs/srv/Sound_Request.msg
[10.919s] -- Up-to-date: /home/sakshi/ClutterBot/install/turtlebot3_msgs/share/turtlebot3_msgs/srv/Sound_Response.msg
[10.920s] -- Up-to-date: /home/sakshi/ClutterBot/install/turtlebot3_msgs/share/turtlebot3_msgs/srv/Dqn.srv
[10.921s] -- Up-to-date: /home/sakshi/ClutterBot/install/turtlebot3_msgs/share/turtlebot3_msgs/srv/Dqn_Request.msg
[10.921s] -- Up-to-date: /home/sakshi/ClutterBot/install/turtlebot3_msgs/share/turtlebot3_msgs/srv/Dqn_Response.msg
[10.921s] -- Up-to-date: /home/sakshi/ClutterBot/install/turtlebot3_msgs/share/turtlebot3_msgs/action/Patrol.action
[10.922s] -- Up-to-date: /home/sakshi/ClutterBot/install/turtlebot3_msgs/share/ament_index/resource_index/package_run_dependencies/turtlebot3_msgs
[10.922s] -- Up-to-date: /home/sakshi/ClutterBot/install/turtlebot3_msgs/share/ament_index/resource_index/parent_prefix_path/turtlebot3_msgs
[10.923s] -- Up-to-date: /home/sakshi/ClutterBot/install/turtlebot3_msgs/share/turtlebot3_msgs/environment/ament_prefix_path.sh
[10.923s] -- Up-to-date: /home/sakshi/ClutterBot/install/turtlebot3_msgs/share/turtlebot3_msgs/environment/ament_prefix_path.dsv
[10.923s] -- Up-to-date: /home/sakshi/ClutterBot/install/turtlebot3_msgs/share/turtlebot3_msgs/environment/path.sh
[10.924s] -- Up-to-date: /home/sakshi/ClutterBot/install/turtlebot3_msgs/share/turtlebot3_msgs/environment/path.dsv
[10.924s] -- Up-to-date: /home/sakshi/ClutterBot/install/turtlebot3_msgs/share/turtlebot3_msgs/local_setup.bash
[10.924s] -- Up-to-date: /home/sakshi/ClutterBot/install/turtlebot3_msgs/share/turtlebot3_msgs/local_setup.sh
[10.924s] -- Up-to-date: /home/sakshi/ClutterBot/install/turtlebot3_msgs/share/turtlebot3_msgs/local_setup.zsh
[10.925s] -- Up-to-date: /home/sakshi/ClutterBot/install/turtlebot3_msgs/share/turtlebot3_msgs/local_setup.dsv
[10.925s] -- Installing: /home/sakshi/ClutterBot/install/turtlebot3_msgs/share/turtlebot3_msgs/package.dsv
[10.925s] -- Up-to-date: /home/sakshi/ClutterBot/install/turtlebot3_msgs/share/ament_index/resource_index/packages/turtlebot3_msgs
[10.928s] -- Up-to-date: /home/sakshi/ClutterBot/install/turtlebot3_msgs/share/turtlebot3_msgs/cmake/turtlebot3_msgs__rosidl_generator_cExport.cmake
[10.929s] -- Up-to-date: /home/sakshi/ClutterBot/install/turtlebot3_msgs/share/turtlebot3_msgs/cmake/turtlebot3_msgs__rosidl_generator_cExport-noconfig.cmake
[10.948s] -- Up-to-date: /home/sakshi/ClutterBot/install/turtlebot3_msgs/share/turtlebot3_msgs/cmake/turtlebot3_msgs__rosidl_typesupport_introspection_cExport.cmake
[10.948s] -- Up-to-date: /home/sakshi/ClutterBot/install/turtlebot3_msgs/share/turtlebot3_msgs/cmake/turtlebot3_msgs__rosidl_typesupport_introspection_cExport-noconfig.cmake
[11.134s] -- Up-to-date: /home/sakshi/ClutterBot/install/turtlebot3_msgs/share/turtlebot3_msgs/cmake/turtlebot3_msgs__rosidl_typesupport_cExport.cmake
[11.135s] -- Up-to-date: /home/sakshi/ClutterBot/install/turtlebot3_msgs/share/turtlebot3_msgs/cmake/turtlebot3_msgs__rosidl_typesupport_cExport-noconfig.cmake
[11.314s] -- Up-to-date: /home/sakshi/ClutterBot/install/turtlebot3_msgs/share/turtlebot3_msgs/cmake/turtlebot3_msgs__rosidl_generator_cppExport.cmake
[11.415s] -- Up-to-date: /home/sakshi/ClutterBot/install/turtlebot3_msgs/share/turtlebot3_msgs/cmake/turtlebot3_msgs__rosidl_typesupport_introspection_cppExport.cmake
[11.415s] -- Up-to-date: /home/sakshi/ClutterBot/install/turtlebot3_msgs/share/turtlebot3_msgs/cmake/turtlebot3_msgs__rosidl_typesupport_introspection_cppExport-noconfig.cmake
[11.417s] -- Up-to-date: /home/sakshi/ClutterBot/install/turtlebot3_msgs/share/turtlebot3_msgs/cmake/turtlebot3_msgs__rosidl_typesupport_cppExport.cmake
[11.418s] -- Up-to-date: /home/sakshi/ClutterBot/install/turtlebot3_msgs/share/turtlebot3_msgs/cmake/turtlebot3_msgs__rosidl_typesupport_cppExport-noconfig.cmake
[11.418s] -- Up-to-date: /home/sakshi/ClutterBot/install/turtlebot3_msgs/share/turtlebot3_msgs/cmake/rosidl_cmake-extras.cmake
[11.419s] -- Up-to-date: /home/sakshi/ClutterBot/install/turtlebot3_msgs/share/turtlebot3_msgs/cmake/ament_cmake_export_dependencies-extras.cmake
[11.420s] -- Up-to-date: /home/sakshi/ClutterBot/install/turtlebot3_msgs/share/turtlebot3_msgs/cmake/ament_cmake_export_libraries-extras.cmake
[11.420s] -- Up-to-date: /home/sakshi/ClutterBot/install/turtlebot3_msgs/share/turtlebot3_msgs/cmake/ament_cmake_export_targets-extras.cmake
[11.421s] -- Up-to-date: /home/sakshi/ClutterBot/install/turtlebot3_msgs/share/turtlebot3_msgs/cmake/ament_cmake_export_include_directories-extras.cmake
[11.421s] -- Up-to-date: /home/sakshi/ClutterBot/install/turtlebot3_msgs/share/turtlebot3_msgs/cmake/rosidl_cmake_export_typesupport_libraries-extras.cmake
[11.422s] -- Up-to-date: /home/sakshi/ClutterBot/install/turtlebot3_msgs/share/turtlebot3_msgs/cmake/rosidl_cmake_export_typesupport_targets-extras.cmake
[11.422s] -- Up-to-date: /home/sakshi/ClutterBot/install/turtlebot3_msgs/share/turtlebot3_msgs/cmake/turtlebot3_msgsConfig.cmake
[11.423s] -- Up-to-date: /home/sakshi/ClutterBot/install/turtlebot3_msgs/share/turtlebot3_msgs/cmake/turtlebot3_msgsConfig-version.cmake
[11.423s] -- Up-to-date: /home/sakshi/ClutterBot/install/turtlebot3_msgs/share/turtlebot3_msgs/package.xml
[12.175s] Invoked command in '/home/sakshi/ClutterBot/build/turtlebot3_msgs' returned '0': CMAKE_PREFIX_PATH=${CMAKE_PREFIX_PATH}:/home/sakshi/ClutterBot/install/turtlebot3_teleop:/home/sakshi/ClutterBot/install/turtlebot3_example:/opt/ros/foxy /usr/bin/cmake --install /home/sakshi/ClutterBot/build/turtlebot3_msgs
