[0.232s] Invoking command in '/home/sakshi/ClutterBot/build/turtlebot3_msgs': CMAKE_PREFIX_PATH=${CMAKE_PREFIX_PATH}:/home/sakshi/ClutterBot/install/turtlebot3_teleop:/home/sakshi/ClutterBot/install/turtlebot3_example:/opt/ros/foxy /usr/bin/cmake /home/sakshi/ClutterBot/src/turtlebot3/turtlebot3_msgs -DCMAKE_INSTALL_PREFIX=/home/sakshi/ClutterBot/install/turtlebot3_msgs
[4.078s] -- The C compiler identification is GNU 9.4.0
[5.444s] -- The CXX compiler identification is GNU 9.4.0
[5.484s] -- Check for working C compiler: /usr/lib/ccache/cc
[6.204s] -- Check for working C compiler: /usr/lib/ccache/cc -- works
[6.205s] -- Detecting C compiler ABI info
[6.667s] -- Detecting C compiler ABI info - done
[6.770s] -- Detecting C compile features
[7.192s] -- Detecting C compile features - done
[7.213s] -- Check for working CXX compiler: /usr/lib/ccache/c++
[7.799s] -- Check for working CXX compiler: /usr/lib/ccache/c++ -- works
[7.800s] -- Detecting CXX compiler ABI info
[8.031s] -- Detecting CXX compiler ABI info - done
[8.097s] -- Detecting CXX compile features
[8.099s] -- Detecting CXX compile features - done
[8.144s] -- Found action_msgs: 1.0.0 (/opt/ros/foxy/share/action_msgs/cmake)
[8.224s] -- Found PythonInterp: /usr/bin/python3 (found suitable version "3.8.10", minimum required is "3") 
[8.225s] -- Using PYTHON_EXECUTABLE: /usr/bin/python3
[10.212s] -- Using all available rosidl_typesupport_c: rosidl_typesupport_fastrtps_c;rosidl_typesupport_introspection_c
[10.706s] -- Found rosidl_adapter: 1.3.1 (/opt/ros/foxy/share/rosidl_adapter/cmake)
[13.408s] -- Found OpenSSL: /usr/lib/x86_64-linux-gnu/libcrypto.so (found version "1.1.1f")  
[13.517s] -- Found FastRTPS: /opt/ros/foxy/include  
[14.067s] -- Using all available rosidl_typesupport_cpp: rosidl_typesupport_fastrtps_cpp;rosidl_typesupport_introspection_cpp
[14.373s] -- Found rosidl_default_generators: 1.0.1 (/opt/ros/foxy/share/rosidl_default_generators/cmake)
[14.512s] -- Found std_msgs: 2.0.5 (/opt/ros/foxy/share/std_msgs/cmake)
[14.819s] -- Found PythonInterp: /usr/bin/python3 (found version "3.8.10") 
[15.300s] -- Found ament_cmake_cppcheck: 0.9.8 (/opt/ros/foxy/share/ament_cmake_cppcheck/cmake)
[15.398s] -- Found ament_cmake_cpplint: 0.9.8 (/opt/ros/foxy/share/ament_cmake_cpplint/cmake)
[15.427s] -- Found ament_cmake_uncrustify: 0.9.8 (/opt/ros/foxy/share/ament_cmake_uncrustify/cmake)
[15.431s] -- Found ament_cmake_ros: 0.9.2 (/opt/ros/foxy/share/ament_cmake_ros/cmake)
[15.719s] -- Using all available rosidl_typesupport_c: rosidl_typesupport_fastrtps_c;rosidl_typesupport_introspection_c
[15.838s] -- Using all available rosidl_typesupport_cpp: rosidl_typesupport_fastrtps_cpp;rosidl_typesupport_introspection_cpp
[15.890s] -- Found PythonInterp: /usr/bin/python3 (found suitable version "3.8.10", minimum required is "3.5") 
[15.892s] -- Found python_cmake_module: 0.8.1 (/opt/ros/foxy/share/python_cmake_module/cmake)
[15.942s] -- Found PythonLibs: /usr/lib/x86_64-linux-gnu/libpython3.8.so (found suitable version "3.8.10", minimum required is "3.5") 
[15.943s] -- Using PYTHON_EXECUTABLE: /usr/bin/python3
[15.943s] -- Using PYTHON_INCLUDE_DIRS: /usr/include/python3.8
[15.943s] -- Using PYTHON_LIBRARIES: /usr/lib/x86_64-linux-gnu/libpython3.8.so
[15.972s] -- Found PythonExtra: .so  
[16.143s] -- Found ament_cmake_flake8: 0.9.8 (/opt/ros/foxy/share/ament_cmake_flake8/cmake)
[16.168s] -- Found ament_cmake_pep257: 0.9.8 (/opt/ros/foxy/share/ament_cmake_pep257/cmake)
[16.188s] -- Configuring done
[16.577s] -- Generating done
[16.582s] -- Build files have been written to: /home/sakshi/ClutterBot/build/turtlebot3_msgs
[16.625s] Invoked command in '/home/sakshi/ClutterBot/build/turtlebot3_msgs' returned '0': CMAKE_PREFIX_PATH=${CMAKE_PREFIX_PATH}:/home/sakshi/ClutterBot/install/turtlebot3_teleop:/home/sakshi/ClutterBot/install/turtlebot3_example:/opt/ros/foxy /usr/bin/cmake /home/sakshi/ClutterBot/src/turtlebot3/turtlebot3_msgs -DCMAKE_INSTALL_PREFIX=/home/sakshi/ClutterBot/install/turtlebot3_msgs
[16.632s] Invoking command in '/home/sakshi/ClutterBot/build/turtlebot3_msgs': CMAKE_PREFIX_PATH=${CMAKE_PREFIX_PATH}:/home/sakshi/ClutterBot/install/turtlebot3_teleop:/home/sakshi/ClutterBot/install/turtlebot3_example:/opt/ros/foxy /usr/bin/cmake --build /home/sakshi/ClutterBot/build/turtlebot3_msgs -- -j8 -l8
[16.782s] [35m[1mScanning dependencies of target turtlebot3_msgs__cpp[0m
[16.783s] [  1%] [34m[1mGenerating C code for ROS interfaces[0m
[16.825s] [  2%] [34m[1mGenerating C++ code for ROS interfaces[0m
[19.364s] [  2%] Built target turtlebot3_msgs__cpp
[19.417s] [  4%] [34m[1mGenerating C++ type support dispatch for ROS interfaces[0m
[19.468s] [  5%] [34m[1mGenerating C++ introspection for ROS interfaces[0m
[19.491s] [  7%] [34m[1mGenerating C++ type support for eProsima Fast-RTPS[0m
[19.579s] [35m[1mScanning dependencies of target turtlebot3_msgs__rosidl_generator_c[0m
[19.861s] [  8%] [32mBuilding C object CMakeFiles/turtlebot3_msgs__rosidl_generator_c.dir/rosidl_generator_c/turtlebot3_msgs/msg/detail/sensor_state__functions.c.o[0m
[19.918s] [  9%] [32mBuilding C object CMakeFiles/turtlebot3_msgs__rosidl_generator_c.dir/rosidl_generator_c/turtlebot3_msgs/msg/detail/version_info__functions.c.o[0m
[19.927s] [ 11%] [32mBuilding C object CMakeFiles/turtlebot3_msgs__rosidl_generator_c.dir/rosidl_generator_c/turtlebot3_msgs/msg/detail/sound__functions.c.o[0m
[19.933s] [ 12%] [32mBuilding C object CMakeFiles/turtlebot3_msgs__rosidl_generator_c.dir/rosidl_generator_c/turtlebot3_msgs/srv/detail/dqn__functions.c.o[0m
[19.937s] [ 14%] [32mBuilding C object CMakeFiles/turtlebot3_msgs__rosidl_generator_c.dir/rosidl_generator_c/turtlebot3_msgs/srv/detail/sound__functions.c.o[0m
[19.981s] [ 15%] [32mBuilding C object CMakeFiles/turtlebot3_msgs__rosidl_generator_c.dir/rosidl_generator_c/turtlebot3_msgs/action/detail/patrol__functions.c.o[0m
[20.084s] [ 16%] [32m[1mLinking C shared library libturtlebot3_msgs__rosidl_generator_c.so[0m
[20.416s] [ 16%] Built target turtlebot3_msgs__rosidl_generator_c
[20.445s] [ 18%] [34m[1mGenerating C introspection for ROS interfaces[0m
[20.450s] [ 19%] [34m[1mGenerating C type support dispatch for ROS interfaces[0m
[20.890s] [35m[1mScanning dependencies of target turtlebot3_msgs__rosidl_typesupport_cpp[0m
[21.036s] [35m[1mScanning dependencies of target turtlebot3_msgs__rosidl_typesupport_introspection_cpp[0m
[21.070s] [ 21%] [32mBuilding CXX object CMakeFiles/turtlebot3_msgs__rosidl_typesupport_cpp.dir/rosidl_typesupport_cpp/turtlebot3_msgs/msg/sound__type_support.cpp.o[0m
[21.093s] [ 22%] [32mBuilding CXX object CMakeFiles/turtlebot3_msgs__rosidl_typesupport_cpp.dir/rosidl_typesupport_cpp/turtlebot3_msgs/srv/sound__type_support.cpp.o[0m
[21.094s] [ 23%] [32mBuilding CXX object CMakeFiles/turtlebot3_msgs__rosidl_typesupport_cpp.dir/rosidl_typesupport_cpp/turtlebot3_msgs/msg/version_info__type_support.cpp.o[0m
[21.109s] [ 25%] [32mBuilding CXX object CMakeFiles/turtlebot3_msgs__rosidl_typesupport_cpp.dir/rosidl_typesupport_cpp/turtlebot3_msgs/msg/sensor_state__type_support.cpp.o[0m
[21.130s] [ 26%] [32mBuilding CXX object CMakeFiles/turtlebot3_msgs__rosidl_typesupport_introspection_cpp.dir/rosidl_typesupport_introspection_cpp/turtlebot3_msgs/msg/detail/sensor_state__type_support.cpp.o[0m
[21.156s] [ 28%] [32mBuilding CXX object CMakeFiles/turtlebot3_msgs__rosidl_typesupport_cpp.dir/rosidl_typesupport_cpp/turtlebot3_msgs/srv/dqn__type_support.cpp.o[0m
[21.157s] [ 29%] [32mBuilding CXX object CMakeFiles/turtlebot3_msgs__rosidl_typesupport_introspection_cpp.dir/rosidl_typesupport_introspection_cpp/turtlebot3_msgs/msg/detail/sound__type_support.cpp.o[0m
[21.177s] [ 30%] [32mBuilding CXX object CMakeFiles/turtlebot3_msgs__rosidl_typesupport_cpp.dir/rosidl_typesupport_cpp/turtlebot3_msgs/action/patrol__type_support.cpp.o[0m
[21.217s] [ 33%] [32mBuilding CXX object CMakeFiles/turtlebot3_msgs__rosidl_typesupport_introspection_cpp.dir/rosidl_typesupport_introspection_cpp/turtlebot3_msgs/srv/detail/dqn__type_support.cpp.o[0m
[21.218s] [ 33%] [32mBuilding CXX object CMakeFiles/turtlebot3_msgs__rosidl_typesupport_introspection_cpp.dir/rosidl_typesupport_introspection_cpp/turtlebot3_msgs/srv/detail/sound__type_support.cpp.o[0m
[21.219s] [ 35%] [32mBuilding CXX object CMakeFiles/turtlebot3_msgs__rosidl_typesupport_introspection_cpp.dir/rosidl_typesupport_introspection_cpp/turtlebot3_msgs/msg/detail/version_info__type_support.cpp.o[0m
[21.291s] [ 36%] [32mBuilding CXX object CMakeFiles/turtlebot3_msgs__rosidl_typesupport_introspection_cpp.dir/rosidl_typesupport_introspection_cpp/turtlebot3_msgs/action/detail/patrol__type_support.cpp.o[0m
[21.483s] [35m[1mScanning dependencies of target turtlebot3_msgs__rosidl_typesupport_fastrtps_cpp[0m
[21.503s] [ 38%] [32m[1mLinking CXX shared library libturtlebot3_msgs__rosidl_typesupport_cpp.so[0m
[21.570s] [ 39%] [32m[1mLinking CXX shared library libturtlebot3_msgs__rosidl_typesupport_introspection_cpp.so[0m
[21.584s] [ 40%] [32mBuilding CXX object CMakeFiles/turtlebot3_msgs__rosidl_typesupport_fastrtps_cpp.dir/rosidl_typesupport_fastrtps_cpp/turtlebot3_msgs/msg/detail/dds_fastrtps/sensor_state__type_support.cpp.o[0m
[21.612s] [ 42%] [32mBuilding CXX object CMakeFiles/turtlebot3_msgs__rosidl_typesupport_fastrtps_cpp.dir/rosidl_typesupport_fastrtps_cpp/turtlebot3_msgs/msg/detail/dds_fastrtps/sound__type_support.cpp.o[0m
[21.620s] [ 43%] [32mBuilding CXX object CMakeFiles/turtlebot3_msgs__rosidl_typesupport_fastrtps_cpp.dir/rosidl_typesupport_fastrtps_cpp/turtlebot3_msgs/msg/detail/dds_fastrtps/version_info__type_support.cpp.o[0m
[21.626s] [ 45%] [32mBuilding CXX object CMakeFiles/turtlebot3_msgs__rosidl_typesupport_fastrtps_cpp.dir/rosidl_typesupport_fastrtps_cpp/turtlebot3_msgs/srv/detail/dds_fastrtps/sound__type_support.cpp.o[0m
[21.641s] [ 45%] Built target turtlebot3_msgs__rosidl_typesupport_cpp
[21.690s] [ 46%] [32mBuilding CXX object CMakeFiles/turtlebot3_msgs__rosidl_typesupport_fastrtps_cpp.dir/rosidl_typesupport_fastrtps_cpp/turtlebot3_msgs/srv/detail/dds_fastrtps/dqn__type_support.cpp.o[0m
[21.719s] [ 47%] [32mBuilding CXX object CMakeFiles/turtlebot3_msgs__rosidl_typesupport_fastrtps_cpp.dir/rosidl_typesupport_fastrtps_cpp/turtlebot3_msgs/action/detail/dds_fastrtps/patrol__type_support.cpp.o[0m
[21.849s] [ 49%] [32m[1mLinking CXX shared library libturtlebot3_msgs__rosidl_typesupport_fastrtps_cpp.so[0m
[21.934s] [35m[1mScanning dependencies of target turtlebot3_msgs__rosidl_typesupport_c[0m
[21.935s] [ 49%] Built target turtlebot3_msgs__rosidl_typesupport_introspection_cpp
[21.995s] [ 52%] [32mBuilding CXX object CMakeFiles/turtlebot3_msgs__rosidl_typesupport_c.dir/rosidl_typesupport_c/turtlebot3_msgs/msg/sensor_state__type_support.cpp.o[0m
[21.995s] [ 52%] [32mBuilding CXX object CMakeFiles/turtlebot3_msgs__rosidl_typesupport_c.dir/rosidl_typesupport_c/turtlebot3_msgs/msg/sound__type_support.cpp.o[0m
[22.008s] [ 53%] [32mBuilding CXX object CMakeFiles/turtlebot3_msgs__rosidl_typesupport_c.dir/rosidl_typesupport_c/turtlebot3_msgs/msg/version_info__type_support.cpp.o[0m
[22.031s] [ 54%] [32mBuilding CXX object CMakeFiles/turtlebot3_msgs__rosidl_typesupport_c.dir/rosidl_typesupport_c/turtlebot3_msgs/action/patrol__type_support.cpp.o[0m
[22.040s] [ 56%] [32mBuilding CXX object CMakeFiles/turtlebot3_msgs__rosidl_typesupport_c.dir/rosidl_typesupport_c/turtlebot3_msgs/srv/dqn__type_support.cpp.o[0m
[22.043s] [ 57%] [32mBuilding CXX object CMakeFiles/turtlebot3_msgs__rosidl_typesupport_c.dir/rosidl_typesupport_c/turtlebot3_msgs/srv/sound__type_support.cpp.o[0m
[22.184s] [ 59%] [32m[1mLinking CXX shared library libturtlebot3_msgs__rosidl_typesupport_c.so[0m
[22.315s] [ 59%] Built target turtlebot3_msgs__rosidl_typesupport_fastrtps_cpp
[22.349s] [35m[1mScanning dependencies of target turtlebot3_msgs__rosidl_typesupport_introspection_c[0m
[22.356s] [ 60%] [34m[1mGenerating C type support for eProsima Fast-RTPS[0m
[22.377s] [ 60%] Built target turtlebot3_msgs__rosidl_typesupport_c
[22.478s] [ 61%] [32mBuilding C object CMakeFiles/turtlebot3_msgs__rosidl_typesupport_introspection_c.dir/rosidl_typesupport_introspection_c/turtlebot3_msgs/msg/detail/sensor_state__type_support.c.o[0m
[22.494s] [ 63%] [32mBuilding C object CMakeFiles/turtlebot3_msgs__rosidl_typesupport_introspection_c.dir/rosidl_typesupport_introspection_c/turtlebot3_msgs/msg/detail/version_info__type_support.c.o[0m
[22.494s] [ 64%] [32mBuilding C object CMakeFiles/turtlebot3_msgs__rosidl_typesupport_introspection_c.dir/rosidl_typesupport_introspection_c/turtlebot3_msgs/srv/detail/sound__type_support.c.o[0m
[22.495s] [ 66%] [32mBuilding C object CMakeFiles/turtlebot3_msgs__rosidl_typesupport_introspection_c.dir/rosidl_typesupport_introspection_c/turtlebot3_msgs/msg/detail/sound__type_support.c.o[0m
[22.517s] [ 67%] [32mBuilding C object CMakeFiles/turtlebot3_msgs__rosidl_typesupport_introspection_c.dir/rosidl_typesupport_introspection_c/turtlebot3_msgs/srv/detail/dqn__type_support.c.o[0m
[22.529s] [ 69%] [32mBuilding C object CMakeFiles/turtlebot3_msgs__rosidl_typesupport_introspection_c.dir/rosidl_typesupport_introspection_c/turtlebot3_msgs/action/detail/patrol__type_support.c.o[0m
[22.659s] [ 70%] [32m[1mLinking C shared library libturtlebot3_msgs__rosidl_typesupport_introspection_c.so[0m
[22.751s] [ 70%] Built target turtlebot3_msgs__rosidl_typesupport_introspection_c
[23.730s] [35m[1mScanning dependencies of target turtlebot3_msgs__rosidl_typesupport_fastrtps_c[0m
[23.762s] [ 71%] [32mBuilding CXX object CMakeFiles/turtlebot3_msgs__rosidl_typesupport_fastrtps_c.dir/rosidl_typesupport_fastrtps_c/turtlebot3_msgs/msg/detail/version_info__type_support_c.cpp.o[0m
[23.764s] [ 73%] [32mBuilding CXX object CMakeFiles/turtlebot3_msgs__rosidl_typesupport_fastrtps_c.dir/rosidl_typesupport_fastrtps_c/turtlebot3_msgs/msg/detail/sound__type_support_c.cpp.o[0m
[23.766s] [ 74%] [32mBuilding CXX object CMakeFiles/turtlebot3_msgs__rosidl_typesupport_fastrtps_c.dir/rosidl_typesupport_fastrtps_c/turtlebot3_msgs/msg/detail/sensor_state__type_support_c.cpp.o[0m
[23.767s] [ 76%] [32mBuilding CXX object CMakeFiles/turtlebot3_msgs__rosidl_typesupport_fastrtps_c.dir/rosidl_typesupport_fastrtps_c/turtlebot3_msgs/srv/detail/dqn__type_support_c.cpp.o[0m
[23.767s] [ 77%] [32mBuilding CXX object CMakeFiles/turtlebot3_msgs__rosidl_typesupport_fastrtps_c.dir/rosidl_typesupport_fastrtps_c/turtlebot3_msgs/srv/detail/sound__type_support_c.cpp.o[0m
[23.772s] [ 78%] [32mBuilding CXX object CMakeFiles/turtlebot3_msgs__rosidl_typesupport_fastrtps_c.dir/rosidl_typesupport_fastrtps_c/turtlebot3_msgs/action/detail/patrol__type_support_c.cpp.o[0m
[23.971s] [ 80%] [32m[1mLinking CXX shared library libturtlebot3_msgs__rosidl_typesupport_fastrtps_c.so[0m
[24.149s] [ 80%] Built target turtlebot3_msgs__rosidl_typesupport_fastrtps_c
[24.160s] [35m[1mScanning dependencies of target turtlebot3_msgs[0m
[24.171s] [ 80%] Built target turtlebot3_msgs
[24.184s] [35m[1mScanning dependencies of target turtlebot3_msgs__py[0m
[24.199s] [ 81%] [34m[1mGenerating Python code for ROS interfaces[0m
[26.982s] [ 81%] Built target turtlebot3_msgs__py
[27.014s] [35m[1mScanning dependencies of target turtlebot3_msgs__python[0m
[27.067s] [ 83%] [32mBuilding C object CMakeFiles/turtlebot3_msgs__python.dir/rosidl_generator_py/turtlebot3_msgs/srv/_sound_s.c.o[0m
[27.069s] [ 84%] [32mBuilding C object CMakeFiles/turtlebot3_msgs__python.dir/rosidl_generator_py/turtlebot3_msgs/msg/_version_info_s.c.o[0m
[27.072s] [ 85%] [32mBuilding C object CMakeFiles/turtlebot3_msgs__python.dir/rosidl_generator_py/turtlebot3_msgs/msg/_sensor_state_s.c.o[0m
[27.074s] [ 87%] [32mBuilding C object CMakeFiles/turtlebot3_msgs__python.dir/rosidl_generator_py/turtlebot3_msgs/msg/_sound_s.c.o[0m
[27.078s] [ 88%] [32mBuilding C object CMakeFiles/turtlebot3_msgs__python.dir/rosidl_generator_py/turtlebot3_msgs/srv/_dqn_s.c.o[0m
[27.083s] [ 90%] [32mBuilding C object CMakeFiles/turtlebot3_msgs__python.dir/rosidl_generator_py/turtlebot3_msgs/action/_patrol_s.c.o[0m
[27.335s] [ 91%] [32m[1mLinking C shared library rosidl_generator_py/turtlebot3_msgs/libturtlebot3_msgs__python.so[0m
[27.457s] [ 91%] Built target turtlebot3_msgs__python
[27.477s] [35m[1mScanning dependencies of target turtlebot3_msgs__rosidl_typesupport_fastrtps_c__pyext[0m
[27.478s] [35m[1mScanning dependencies of target turtlebot3_msgs__rosidl_typesupport_introspection_c__pyext[0m
[27.478s] [35m[1mScanning dependencies of target turtlebot3_msgs__rosidl_typesupport_c__pyext[0m
[27.508s] [ 92%] [32mBuilding C object CMakeFiles/turtlebot3_msgs__rosidl_typesupport_fastrtps_c__pyext.dir/rosidl_generator_py/turtlebot3_msgs/_turtlebot3_msgs_s.ep.rosidl_typesupport_fastrtps_c.c.o[0m
[27.523s] [ 94%] [32mBuilding C object CMakeFiles/turtlebot3_msgs__rosidl_typesupport_introspection_c__pyext.dir/rosidl_generator_py/turtlebot3_msgs/_turtlebot3_msgs_s.ep.rosidl_typesupport_introspection_c.c.o[0m
[27.524s] [ 95%] [32mBuilding C object CMakeFiles/turtlebot3_msgs__rosidl_typesupport_c__pyext.dir/rosidl_generator_py/turtlebot3_msgs/_turtlebot3_msgs_s.ep.rosidl_typesupport_c.c.o[0m
[27.545s] [ 97%] [32m[1mLinking CXX shared library rosidl_generator_py/turtlebot3_msgs/turtlebot3_msgs_s__rosidl_typesupport_fastrtps_c.cpython-38-x86_64-linux-gnu.so[0m
[27.613s] [ 98%] [32m[1mLinking C shared library rosidl_generator_py/turtlebot3_msgs/turtlebot3_msgs_s__rosidl_typesupport_c.cpython-38-x86_64-linux-gnu.so[0m
[27.636s] [100%] [32m[1mLinking C shared library rosidl_generator_py/turtlebot3_msgs/turtlebot3_msgs_s__rosidl_typesupport_introspection_c.cpython-38-x86_64-linux-gnu.so[0m
[27.723s] [100%] Built target turtlebot3_msgs__rosidl_typesupport_fastrtps_c__pyext
[27.770s] [100%] Built target turtlebot3_msgs__rosidl_typesupport_c__pyext
[27.810s] [100%] Built target turtlebot3_msgs__rosidl_typesupport_introspection_c__pyext
[27.839s] Invoked command in '/home/sakshi/ClutterBot/build/turtlebot3_msgs' returned '0': CMAKE_PREFIX_PATH=${CMAKE_PREFIX_PATH}:/home/sakshi/ClutterBot/install/turtlebot3_teleop:/home/sakshi/ClutterBot/install/turtlebot3_example:/opt/ros/foxy /usr/bin/cmake --build /home/sakshi/ClutterBot/build/turtlebot3_msgs -- -j8 -l8
[28.162s] Invoking command in '/home/sakshi/ClutterBot/build/turtlebot3_msgs': CMAKE_PREFIX_PATH=${CMAKE_PREFIX_PATH}:/home/sakshi/ClutterBot/install/turtlebot3_teleop:/home/sakshi/ClutterBot/install/turtlebot3_example:/opt/ros/foxy /usr/bin/cmake --install /home/sakshi/ClutterBot/build/turtlebot3_msgs
[28.174s] -- Install configuration: ""
[28.174s] -- Installing: /home/sakshi/ClutterBot/install/turtlebot3_msgs/share/ament_index/resource_index/rosidl_interfaces/turtlebot3_msgs
[28.174s] -- Installing: /home/sakshi/ClutterBot/install/turtlebot3_msgs/include/turtlebot3_msgs
[28.176s] -- Installing: /home/sakshi/ClutterBot/install/turtlebot3_msgs/include/turtlebot3_msgs/msg
[28.176s] -- Installing: /home/sakshi/ClutterBot/install/turtlebot3_msgs/include/turtlebot3_msgs/msg/sensor_state.h
[28.177s] -- Installing: /home/sakshi/ClutterBot/install/turtlebot3_msgs/include/turtlebot3_msgs/msg/rosidl_generator_c__visibility_control.h
[28.177s] -- Installing: /home/sakshi/ClutterBot/install/turtlebot3_msgs/include/turtlebot3_msgs/msg/detail
[28.177s] -- Installing: /home/sakshi/ClutterBot/install/turtlebot3_msgs/include/turtlebot3_msgs/msg/detail/sensor_state__type_support.h
[28.177s] -- Installing: /home/sakshi/ClutterBot/install/turtlebot3_msgs/include/turtlebot3_msgs/msg/detail/version_info__functions.h
[28.177s] -- Installing: /home/sakshi/ClutterBot/install/turtlebot3_msgs/include/turtlebot3_msgs/msg/detail/sensor_state__functions.c
[28.177s] -- Installing: /home/sakshi/ClutterBot/install/turtlebot3_msgs/include/turtlebot3_msgs/msg/detail/version_info__functions.c
[28.177s] -- Installing: /home/sakshi/ClutterBot/install/turtlebot3_msgs/include/turtlebot3_msgs/msg/detail/sound__struct.h
[28.178s] -- Installing: /home/sakshi/ClutterBot/install/turtlebot3_msgs/include/turtlebot3_msgs/msg/detail/sound__functions.h
[28.178s] -- Installing: /home/sakshi/ClutterBot/install/turtlebot3_msgs/include/turtlebot3_msgs/msg/detail/version_info__struct.h
[28.178s] -- Installing: /home/sakshi/ClutterBot/install/turtlebot3_msgs/include/turtlebot3_msgs/msg/detail/sensor_state__struct.h
[28.178s] -- Installing: /home/sakshi/ClutterBot/install/turtlebot3_msgs/include/turtlebot3_msgs/msg/detail/sound__type_support.h
[28.178s] -- Installing: /home/sakshi/ClutterBot/install/turtlebot3_msgs/include/turtlebot3_msgs/msg/detail/version_info__type_support.h
[28.181s] -- Installing: /home/sakshi/ClutterBot/install/turtlebot3_msgs/include/turtlebot3_msgs/msg/detail/sound__functions.c
[28.181s] -- Installing: /home/sakshi/ClutterBot/install/turtlebot3_msgs/include/turtlebot3_msgs/msg/detail/sensor_state__functions.h
[28.181s] -- Installing: /home/sakshi/ClutterBot/install/turtlebot3_msgs/include/turtlebot3_msgs/msg/version_info.h
[28.181s] -- Installing: /home/sakshi/ClutterBot/install/turtlebot3_msgs/include/turtlebot3_msgs/msg/sound.h
[28.181s] -- Installing: /home/sakshi/ClutterBot/install/turtlebot3_msgs/include/turtlebot3_msgs/action
[28.181s] -- Installing: /home/sakshi/ClutterBot/install/turtlebot3_msgs/include/turtlebot3_msgs/action/patrol.h
[28.182s] -- Installing: /home/sakshi/ClutterBot/install/turtlebot3_msgs/include/turtlebot3_msgs/action/detail
[28.182s] -- Installing: /home/sakshi/ClutterBot/install/turtlebot3_msgs/include/turtlebot3_msgs/action/detail/patrol__struct.h
[28.182s] -- Installing: /home/sakshi/ClutterBot/install/turtlebot3_msgs/include/turtlebot3_msgs/action/detail/patrol__functions.h
[28.182s] -- Installing: /home/sakshi/ClutterBot/install/turtlebot3_msgs/include/turtlebot3_msgs/action/detail/patrol__functions.c
[28.182s] -- Installing: /home/sakshi/ClutterBot/install/turtlebot3_msgs/include/turtlebot3_msgs/action/detail/patrol__type_support.h
[28.182s] -- Installing: /home/sakshi/ClutterBot/install/turtlebot3_msgs/include/turtlebot3_msgs/srv
[28.182s] -- Installing: /home/sakshi/ClutterBot/install/turtlebot3_msgs/include/turtlebot3_msgs/srv/dqn.h
[28.182s] -- Installing: /home/sakshi/ClutterBot/install/turtlebot3_msgs/include/turtlebot3_msgs/srv/detail
[28.183s] -- Installing: /home/sakshi/ClutterBot/install/turtlebot3_msgs/include/turtlebot3_msgs/srv/detail/dqn__functions.h
[28.183s] -- Installing: /home/sakshi/ClutterBot/install/turtlebot3_msgs/include/turtlebot3_msgs/srv/detail/dqn__type_support.h
[28.183s] -- Installing: /home/sakshi/ClutterBot/install/turtlebot3_msgs/include/turtlebot3_msgs/srv/detail/sound__struct.h
[28.183s] -- Installing: /home/sakshi/ClutterBot/install/turtlebot3_msgs/include/turtlebot3_msgs/srv/detail/sound__functions.h
[28.183s] -- Installing: /home/sakshi/ClutterBot/install/turtlebot3_msgs/include/turtlebot3_msgs/srv/detail/dqn__functions.c
[28.183s] -- Installing: /home/sakshi/ClutterBot/install/turtlebot3_msgs/include/turtlebot3_msgs/srv/detail/sound__type_support.h
[28.183s] -- Installing: /home/sakshi/ClutterBot/install/turtlebot3_msgs/include/turtlebot3_msgs/srv/detail/sound__functions.c
[28.183s] -- Installing: /home/sakshi/ClutterBot/install/turtlebot3_msgs/include/turtlebot3_msgs/srv/detail/dqn__struct.h
[28.183s] -- Installing: /home/sakshi/ClutterBot/install/turtlebot3_msgs/include/turtlebot3_msgs/srv/sound.h
[28.184s] -- Installing: /home/sakshi/ClutterBot/install/turtlebot3_msgs/share/turtlebot3_msgs/environment/library_path.sh
[28.184s] -- Installing: /home/sakshi/ClutterBot/install/turtlebot3_msgs/share/turtlebot3_msgs/environment/library_path.dsv
[28.184s] -- Installing: /home/sakshi/ClutterBot/install/turtlebot3_msgs/lib/libturtlebot3_msgs__rosidl_generator_c.so
[28.184s] -- Set runtime path of "/home/sakshi/ClutterBot/install/turtlebot3_msgs/lib/libturtlebot3_msgs__rosidl_generator_c.so" to ""
[28.184s] -- Up-to-date: /home/sakshi/ClutterBot/install/turtlebot3_msgs/include/turtlebot3_msgs
[28.184s] -- Up-to-date: /home/sakshi/ClutterBot/install/turtlebot3_msgs/include/turtlebot3_msgs/msg
[28.185s] -- Installing: /home/sakshi/ClutterBot/install/turtlebot3_msgs/include/turtlebot3_msgs/msg/rosidl_typesupport_fastrtps_c__visibility_control.h
[28.185s] -- Up-to-date: /home/sakshi/ClutterBot/install/turtlebot3_msgs/include/turtlebot3_msgs/msg/detail
[28.185s] -- Installing: /home/sakshi/ClutterBot/install/turtlebot3_msgs/include/turtlebot3_msgs/msg/detail/version_info__rosidl_typesupport_fastrtps_c.h
[28.185s] -- Installing: /home/sakshi/ClutterBot/install/turtlebot3_msgs/include/turtlebot3_msgs/msg/detail/sensor_state__rosidl_typesupport_fastrtps_c.h
[28.185s] -- Installing: /home/sakshi/ClutterBot/install/turtlebot3_msgs/include/turtlebot3_msgs/msg/detail/sound__rosidl_typesupport_fastrtps_c.h
[28.185s] -- Up-to-date: /home/sakshi/ClutterBot/install/turtlebot3_msgs/include/turtlebot3_msgs/action
[28.186s] -- Up-to-date: /home/sakshi/ClutterBot/install/turtlebot3_msgs/include/turtlebot3_msgs/action/detail
[28.186s] -- Installing: /home/sakshi/ClutterBot/install/turtlebot3_msgs/include/turtlebot3_msgs/action/detail/patrol__rosidl_typesupport_fastrtps_c.h
[28.186s] -- Up-to-date: /home/sakshi/ClutterBot/install/turtlebot3_msgs/include/turtlebot3_msgs/srv
[28.186s] -- Up-to-date: /home/sakshi/ClutterBot/install/turtlebot3_msgs/include/turtlebot3_msgs/srv/detail
[28.186s] -- Installing: /home/sakshi/ClutterBot/install/turtlebot3_msgs/include/turtlebot3_msgs/srv/detail/sound__rosidl_typesupport_fastrtps_c.h
[28.187s] -- Installing: /home/sakshi/ClutterBot/install/turtlebot3_msgs/include/turtlebot3_msgs/srv/detail/dqn__rosidl_typesupport_fastrtps_c.h
[28.187s] -- Installing: /home/sakshi/ClutterBot/install/turtlebot3_msgs/lib/libturtlebot3_msgs__rosidl_typesupport_fastrtps_c.so
[28.187s] -- Set runtime path of "/home/sakshi/ClutterBot/install/turtlebot3_msgs/lib/libturtlebot3_msgs__rosidl_typesupport_fastrtps_c.so" to ""
[28.187s] -- Up-to-date: /home/sakshi/ClutterBot/install/turtlebot3_msgs/include/turtlebot3_msgs
[28.187s] -- Up-to-date: /home/sakshi/ClutterBot/install/turtlebot3_msgs/include/turtlebot3_msgs/msg
[28.187s] -- Up-to-date: /home/sakshi/ClutterBot/install/turtlebot3_msgs/include/turtlebot3_msgs/msg/detail
[28.187s] -- Installing: /home/sakshi/ClutterBot/install/turtlebot3_msgs/include/turtlebot3_msgs/msg/detail/sensor_state__rosidl_typesupport_fastrtps_cpp.hpp
[28.188s] -- Installing: /home/sakshi/ClutterBot/install/turtlebot3_msgs/include/turtlebot3_msgs/msg/detail/sound__rosidl_typesupport_fastrtps_cpp.hpp
[28.188s] -- Installing: /home/sakshi/ClutterBot/install/turtlebot3_msgs/include/turtlebot3_msgs/msg/detail/version_info__rosidl_typesupport_fastrtps_cpp.hpp
[28.188s] -- Installing: /home/sakshi/ClutterBot/install/turtlebot3_msgs/include/turtlebot3_msgs/msg/detail/dds_fastrtps
[28.188s] -- Installing: /home/sakshi/ClutterBot/install/turtlebot3_msgs/include/turtlebot3_msgs/msg/rosidl_typesupport_fastrtps_cpp__visibility_control.h
[28.188s] -- Up-to-date: /home/sakshi/ClutterBot/install/turtlebot3_msgs/include/turtlebot3_msgs/action
[28.188s] -- Up-to-date: /home/sakshi/ClutterBot/install/turtlebot3_msgs/include/turtlebot3_msgs/action/detail
[28.188s] -- Installing: /home/sakshi/ClutterBot/install/turtlebot3_msgs/include/turtlebot3_msgs/action/detail/patrol__rosidl_typesupport_fastrtps_cpp.hpp
[28.189s] -- Installing: /home/sakshi/ClutterBot/install/turtlebot3_msgs/include/turtlebot3_msgs/action/detail/dds_fastrtps
[28.189s] -- Up-to-date: /home/sakshi/ClutterBot/install/turtlebot3_msgs/include/turtlebot3_msgs/srv
[28.189s] -- Up-to-date: /home/sakshi/ClutterBot/install/turtlebot3_msgs/include/turtlebot3_msgs/srv/detail
[28.189s] -- Installing: /home/sakshi/ClutterBot/install/turtlebot3_msgs/include/turtlebot3_msgs/srv/detail/dqn__rosidl_typesupport_fastrtps_cpp.hpp
[28.189s] -- Installing: /home/sakshi/ClutterBot/install/turtlebot3_msgs/include/turtlebot3_msgs/srv/detail/sound__rosidl_typesupport_fastrtps_cpp.hpp
[28.189s] -- Installing: /home/sakshi/ClutterBot/install/turtlebot3_msgs/include/turtlebot3_msgs/srv/detail/dds_fastrtps
[28.190s] -- Installing: /home/sakshi/ClutterBot/install/turtlebot3_msgs/lib/libturtlebot3_msgs__rosidl_typesupport_fastrtps_cpp.so
[28.190s] -- Set runtime path of "/home/sakshi/ClutterBot/install/turtlebot3_msgs/lib/libturtlebot3_msgs__rosidl_typesupport_fastrtps_cpp.so" to ""
[28.190s] -- Up-to-date: /home/sakshi/ClutterBot/install/turtlebot3_msgs/include/turtlebot3_msgs
[28.190s] -- Up-to-date: /home/sakshi/ClutterBot/install/turtlebot3_msgs/include/turtlebot3_msgs/msg
[28.190s] -- Installing: /home/sakshi/ClutterBot/install/turtlebot3_msgs/include/turtlebot3_msgs/msg/rosidl_typesupport_introspection_c__visibility_control.h
[28.190s] -- Up-to-date: /home/sakshi/ClutterBot/install/turtlebot3_msgs/include/turtlebot3_msgs/msg/detail
[28.190s] -- Installing: /home/sakshi/ClutterBot/install/turtlebot3_msgs/include/turtlebot3_msgs/msg/detail/sound__rosidl_typesupport_introspection_c.h
[28.192s] -- Installing: /home/sakshi/ClutterBot/install/turtlebot3_msgs/include/turtlebot3_msgs/msg/detail/sensor_state__type_support.c
[28.192s] -- Installing: /home/sakshi/ClutterBot/install/turtlebot3_msgs/include/turtlebot3_msgs/msg/detail/version_info__type_support.c
[28.192s] -- Installing: /home/sakshi/ClutterBot/install/turtlebot3_msgs/include/turtlebot3_msgs/msg/detail/version_info__rosidl_typesupport_introspection_c.h
[28.192s] -- Installing: /home/sakshi/ClutterBot/install/turtlebot3_msgs/include/turtlebot3_msgs/msg/detail/sound__type_support.c
[28.192s] -- Installing: /home/sakshi/ClutterBot/install/turtlebot3_msgs/include/turtlebot3_msgs/msg/detail/sensor_state__rosidl_typesupport_introspection_c.h
[28.192s] -- Up-to-date: /home/sakshi/ClutterBot/install/turtlebot3_msgs/include/turtlebot3_msgs/action
[28.193s] -- Up-to-date: /home/sakshi/ClutterBot/install/turtlebot3_msgs/include/turtlebot3_msgs/action/detail
[28.193s] -- Installing: /home/sakshi/ClutterBot/install/turtlebot3_msgs/include/turtlebot3_msgs/action/detail/patrol__rosidl_typesupport_introspection_c.h
[28.193s] -- Installing: /home/sakshi/ClutterBot/install/turtlebot3_msgs/include/turtlebot3_msgs/action/detail/patrol__type_support.c
[28.193s] -- Up-to-date: /home/sakshi/ClutterBot/install/turtlebot3_msgs/include/turtlebot3_msgs/srv
[28.193s] -- Up-to-date: /home/sakshi/ClutterBot/install/turtlebot3_msgs/include/turtlebot3_msgs/srv/detail
[28.193s] -- Installing: /home/sakshi/ClutterBot/install/turtlebot3_msgs/include/turtlebot3_msgs/srv/detail/sound__rosidl_typesupport_introspection_c.h
[28.193s] -- Installing: /home/sakshi/ClutterBot/install/turtlebot3_msgs/include/turtlebot3_msgs/srv/detail/dqn__type_support.c
[28.193s] -- Installing: /home/sakshi/ClutterBot/install/turtlebot3_msgs/include/turtlebot3_msgs/srv/detail/sound__type_support.c
[28.193s] -- Installing: /home/sakshi/ClutterBot/install/turtlebot3_msgs/include/turtlebot3_msgs/srv/detail/dqn__rosidl_typesupport_introspection_c.h
[28.194s] -- Installing: /home/sakshi/ClutterBot/install/turtlebot3_msgs/lib/libturtlebot3_msgs__rosidl_typesupport_introspection_c.so
[28.194s] -- Set runtime path of "/home/sakshi/ClutterBot/install/turtlebot3_msgs/lib/libturtlebot3_msgs__rosidl_typesupport_introspection_c.so" to ""
[28.194s] -- Installing: /home/sakshi/ClutterBot/install/turtlebot3_msgs/lib/libturtlebot3_msgs__rosidl_typesupport_c.so
[28.194s] -- Set runtime path of "/home/sakshi/ClutterBot/install/turtlebot3_msgs/lib/libturtlebot3_msgs__rosidl_typesupport_c.so" to ""
[28.194s] -- Up-to-date: /home/sakshi/ClutterBot/install/turtlebot3_msgs/include/turtlebot3_msgs
[28.194s] -- Up-to-date: /home/sakshi/ClutterBot/install/turtlebot3_msgs/include/turtlebot3_msgs/msg
[28.194s] -- Installing: /home/sakshi/ClutterBot/install/turtlebot3_msgs/include/turtlebot3_msgs/msg/sensor_state.hpp
[28.194s] -- Up-to-date: /home/sakshi/ClutterBot/install/turtlebot3_msgs/include/turtlebot3_msgs/msg/detail
[28.195s] -- Installing: /home/sakshi/ClutterBot/install/turtlebot3_msgs/include/turtlebot3_msgs/msg/detail/sensor_state__traits.hpp
[28.195s] -- Installing: /home/sakshi/ClutterBot/install/turtlebot3_msgs/include/turtlebot3_msgs/msg/detail/sound__traits.hpp
[28.195s] -- Installing: /home/sakshi/ClutterBot/install/turtlebot3_msgs/include/turtlebot3_msgs/msg/detail/sensor_state__struct.hpp
[28.195s] -- Installing: /home/sakshi/ClutterBot/install/turtlebot3_msgs/include/turtlebot3_msgs/msg/detail/sensor_state__type_support.hpp
[28.195s] -- Installing: /home/sakshi/ClutterBot/install/turtlebot3_msgs/include/turtlebot3_msgs/msg/detail/sensor_state__builder.hpp
[28.196s] -- Installing: /home/sakshi/ClutterBot/install/turtlebot3_msgs/include/turtlebot3_msgs/msg/detail/sound__type_support.hpp
[28.196s] -- Installing: /home/sakshi/ClutterBot/install/turtlebot3_msgs/include/turtlebot3_msgs/msg/detail/sound__builder.hpp
[28.197s] -- Installing: /home/sakshi/ClutterBot/install/turtlebot3_msgs/include/turtlebot3_msgs/msg/detail/version_info__type_support.hpp
[28.197s] -- Installing: /home/sakshi/ClutterBot/install/turtlebot3_msgs/include/turtlebot3_msgs/msg/detail/sound__struct.hpp
[28.198s] -- Installing: /home/sakshi/ClutterBot/install/turtlebot3_msgs/include/turtlebot3_msgs/msg/detail/version_info__struct.hpp
[28.199s] -- Installing: /home/sakshi/ClutterBot/install/turtlebot3_msgs/include/turtlebot3_msgs/msg/detail/version_info__traits.hpp
[28.200s] -- Installing: /home/sakshi/ClutterBot/install/turtlebot3_msgs/include/turtlebot3_msgs/msg/detail/version_info__builder.hpp
[28.200s] -- Installing: /home/sakshi/ClutterBot/install/turtlebot3_msgs/include/turtlebot3_msgs/msg/rosidl_generator_cpp__visibility_control.hpp
[28.201s] -- Installing: /home/sakshi/ClutterBot/install/turtlebot3_msgs/include/turtlebot3_msgs/msg/sound.hpp
[28.201s] -- Installing: /home/sakshi/ClutterBot/install/turtlebot3_msgs/include/turtlebot3_msgs/msg/version_info.hpp
[28.201s] -- Up-to-date: /home/sakshi/ClutterBot/install/turtlebot3_msgs/include/turtlebot3_msgs/action
[28.201s] -- Up-to-date: /home/sakshi/ClutterBot/install/turtlebot3_msgs/include/turtlebot3_msgs/action/detail
[28.201s] -- Installing: /home/sakshi/ClutterBot/install/turtlebot3_msgs/include/turtlebot3_msgs/action/detail/patrol__struct.hpp
[28.201s] -- Installing: /home/sakshi/ClutterBot/install/turtlebot3_msgs/include/turtlebot3_msgs/action/detail/patrol__type_support.hpp
[28.202s] -- Installing: /home/sakshi/ClutterBot/install/turtlebot3_msgs/include/turtlebot3_msgs/action/detail/patrol__builder.hpp
[28.202s] -- Installing: /home/sakshi/ClutterBot/install/turtlebot3_msgs/include/turtlebot3_msgs/action/detail/patrol__traits.hpp
[28.202s] -- Installing: /home/sakshi/ClutterBot/install/turtlebot3_msgs/include/turtlebot3_msgs/action/patrol.hpp
[28.202s] -- Up-to-date: /home/sakshi/ClutterBot/install/turtlebot3_msgs/include/turtlebot3_msgs/srv
[28.203s] -- Installing: /home/sakshi/ClutterBot/install/turtlebot3_msgs/include/turtlebot3_msgs/srv/dqn.hpp
[28.203s] -- Up-to-date: /home/sakshi/ClutterBot/install/turtlebot3_msgs/include/turtlebot3_msgs/srv/detail
[28.204s] -- Installing: /home/sakshi/ClutterBot/install/turtlebot3_msgs/include/turtlebot3_msgs/srv/detail/dqn__type_support.hpp
[28.205s] -- Installing: /home/sakshi/ClutterBot/install/turtlebot3_msgs/include/turtlebot3_msgs/srv/detail/dqn__struct.hpp
[28.206s] -- Installing: /home/sakshi/ClutterBot/install/turtlebot3_msgs/include/turtlebot3_msgs/srv/detail/sound__traits.hpp
[28.206s] -- Installing: /home/sakshi/ClutterBot/install/turtlebot3_msgs/include/turtlebot3_msgs/srv/detail/sound__type_support.hpp
[28.206s] -- Installing: /home/sakshi/ClutterBot/install/turtlebot3_msgs/include/turtlebot3_msgs/srv/detail/sound__builder.hpp
[28.206s] -- Installing: /home/sakshi/ClutterBot/install/turtlebot3_msgs/include/turtlebot3_msgs/srv/detail/dqn__traits.hpp
[28.206s] -- Installing: /home/sakshi/ClutterBot/install/turtlebot3_msgs/include/turtlebot3_msgs/srv/detail/sound__struct.hpp
[28.206s] -- Installing: /home/sakshi/ClutterBot/install/turtlebot3_msgs/include/turtlebot3_msgs/srv/detail/dqn__builder.hpp
[28.206s] -- Installing: /home/sakshi/ClutterBot/install/turtlebot3_msgs/include/turtlebot3_msgs/srv/sound.hpp
[28.206s] -- Up-to-date: /home/sakshi/ClutterBot/install/turtlebot3_msgs/include/turtlebot3_msgs
[28.207s] -- Up-to-date: /home/sakshi/ClutterBot/install/turtlebot3_msgs/include/turtlebot3_msgs/msg
[28.207s] -- Up-to-date: /home/sakshi/ClutterBot/install/turtlebot3_msgs/include/turtlebot3_msgs/msg/detail
[28.207s] -- Installing: /home/sakshi/ClutterBot/install/turtlebot3_msgs/include/turtlebot3_msgs/msg/detail/version_info__type_support.cpp
[28.207s] -- Installing: /home/sakshi/ClutterBot/install/turtlebot3_msgs/include/turtlebot3_msgs/msg/detail/sound__rosidl_typesupport_introspection_cpp.hpp
[28.207s] -- Installing: /home/sakshi/ClutterBot/install/turtlebot3_msgs/include/turtlebot3_msgs/msg/detail/sound__type_support.cpp
[28.207s] -- Installing: /home/sakshi/ClutterBot/install/turtlebot3_msgs/include/turtlebot3_msgs/msg/detail/version_info__rosidl_typesupport_introspection_cpp.hpp
[28.207s] -- Installing: /home/sakshi/ClutterBot/install/turtlebot3_msgs/include/turtlebot3_msgs/msg/detail/sensor_state__rosidl_typesupport_introspection_cpp.hpp
[28.207s] -- Installing: /home/sakshi/ClutterBot/install/turtlebot3_msgs/include/turtlebot3_msgs/msg/detail/sensor_state__type_support.cpp
[28.208s] -- Up-to-date: /home/sakshi/ClutterBot/install/turtlebot3_msgs/include/turtlebot3_msgs/action
[28.208s] -- Up-to-date: /home/sakshi/ClutterBot/install/turtlebot3_msgs/include/turtlebot3_msgs/action/detail
[28.208s] -- Installing: /home/sakshi/ClutterBot/install/turtlebot3_msgs/include/turtlebot3_msgs/action/detail/patrol__type_support.cpp
[28.208s] -- Installing: /home/sakshi/ClutterBot/install/turtlebot3_msgs/include/turtlebot3_msgs/action/detail/patrol__rosidl_typesupport_introspection_cpp.hpp
[28.208s] -- Up-to-date: /home/sakshi/ClutterBot/install/turtlebot3_msgs/include/turtlebot3_msgs/srv
[28.208s] -- Up-to-date: /home/sakshi/ClutterBot/install/turtlebot3_msgs/include/turtlebot3_msgs/srv/detail
[28.208s] -- Installing: /home/sakshi/ClutterBot/install/turtlebot3_msgs/include/turtlebot3_msgs/srv/detail/sound__rosidl_typesupport_introspection_cpp.hpp
[28.209s] -- Installing: /home/sakshi/ClutterBot/install/turtlebot3_msgs/include/turtlebot3_msgs/srv/detail/dqn__type_support.cpp
[28.209s] -- Installing: /home/sakshi/ClutterBot/install/turtlebot3_msgs/include/turtlebot3_msgs/srv/detail/sound__type_support.cpp
[28.209s] -- Installing: /home/sakshi/ClutterBot/install/turtlebot3_msgs/include/turtlebot3_msgs/srv/detail/dqn__rosidl_typesupport_introspection_cpp.hpp
[28.209s] -- Installing: /home/sakshi/ClutterBot/install/turtlebot3_msgs/lib/libturtlebot3_msgs__rosidl_typesupport_introspection_cpp.so
[28.209s] -- Set runtime path of "/home/sakshi/ClutterBot/install/turtlebot3_msgs/lib/libturtlebot3_msgs__rosidl_typesupport_introspection_cpp.so" to ""
[28.209s] -- Installing: /home/sakshi/ClutterBot/install/turtlebot3_msgs/lib/libturtlebot3_msgs__rosidl_typesupport_cpp.so
[28.209s] -- Set runtime path of "/home/sakshi/ClutterBot/install/turtlebot3_msgs/lib/libturtlebot3_msgs__rosidl_typesupport_cpp.so" to ""
[28.209s] -- Installing: /home/sakshi/ClutterBot/install/turtlebot3_msgs/share/turtlebot3_msgs/environment/pythonpath.sh
[28.210s] -- Installing: /home/sakshi/ClutterBot/install/turtlebot3_msgs/share/turtlebot3_msgs/environment/pythonpath.dsv
[28.210s] -- Installing: /home/sakshi/ClutterBot/install/turtlebot3_msgs/lib/python3.8/site-packages/turtlebot3_msgs/__init__.py
[28.250s] Compiling '/home/sakshi/ClutterBot/install/turtlebot3_msgs/lib/python3.8/site-packages/turtlebot3_msgs/__init__.py'...
[28.262s] -- Installing: /home/sakshi/ClutterBot/install/turtlebot3_msgs/lib/python3.8/site-packages/turtlebot3_msgs/msg
[28.262s] -- Installing: /home/sakshi/ClutterBot/install/turtlebot3_msgs/lib/python3.8/site-packages/turtlebot3_msgs/msg/_version_info.py
[28.263s] -- Installing: /home/sakshi/ClutterBot/install/turtlebot3_msgs/lib/python3.8/site-packages/turtlebot3_msgs/msg/_sensor_state.py
[28.263s] -- Installing: /home/sakshi/ClutterBot/install/turtlebot3_msgs/lib/python3.8/site-packages/turtlebot3_msgs/msg/_sensor_state_s.c
[28.263s] -- Installing: /home/sakshi/ClutterBot/install/turtlebot3_msgs/lib/python3.8/site-packages/turtlebot3_msgs/msg/_sound.py
[28.263s] -- Installing: /home/sakshi/ClutterBot/install/turtlebot3_msgs/lib/python3.8/site-packages/turtlebot3_msgs/msg/_sound_s.c
[28.263s] -- Installing: /home/sakshi/ClutterBot/install/turtlebot3_msgs/lib/python3.8/site-packages/turtlebot3_msgs/msg/__init__.py
[28.263s] -- Installing: /home/sakshi/ClutterBot/install/turtlebot3_msgs/lib/python3.8/site-packages/turtlebot3_msgs/msg/_version_info_s.c
[28.263s] -- Installing: /home/sakshi/ClutterBot/install/turtlebot3_msgs/lib/python3.8/site-packages/turtlebot3_msgs/srv
[28.263s] -- Installing: /home/sakshi/ClutterBot/install/turtlebot3_msgs/lib/python3.8/site-packages/turtlebot3_msgs/srv/_dqn.py
[28.264s] -- Installing: /home/sakshi/ClutterBot/install/turtlebot3_msgs/lib/python3.8/site-packages/turtlebot3_msgs/srv/_sound.py
[28.264s] -- Installing: /home/sakshi/ClutterBot/install/turtlebot3_msgs/lib/python3.8/site-packages/turtlebot3_msgs/srv/_sound_s.c
[28.264s] -- Installing: /home/sakshi/ClutterBot/install/turtlebot3_msgs/lib/python3.8/site-packages/turtlebot3_msgs/srv/_dqn_s.c
[28.264s] -- Installing: /home/sakshi/ClutterBot/install/turtlebot3_msgs/lib/python3.8/site-packages/turtlebot3_msgs/srv/__init__.py
[28.264s] -- Installing: /home/sakshi/ClutterBot/install/turtlebot3_msgs/lib/python3.8/site-packages/turtlebot3_msgs/action
[28.264s] -- Installing: /home/sakshi/ClutterBot/install/turtlebot3_msgs/lib/python3.8/site-packages/turtlebot3_msgs/action/_patrol_s.c
[28.264s] -- Installing: /home/sakshi/ClutterBot/install/turtlebot3_msgs/lib/python3.8/site-packages/turtlebot3_msgs/action/_patrol.py
[28.265s] -- Installing: /home/sakshi/ClutterBot/install/turtlebot3_msgs/lib/python3.8/site-packages/turtlebot3_msgs/action/__init__.py
[28.265s] -- Installing: /home/sakshi/ClutterBot/install/turtlebot3_msgs/lib/python3.8/site-packages/turtlebot3_msgs/turtlebot3_msgs_s__rosidl_typesupport_fastrtps_c.cpython-38-x86_64-linux-gnu.so
[28.265s] -- Set runtime path of "/home/sakshi/ClutterBot/install/turtlebot3_msgs/lib/python3.8/site-packages/turtlebot3_msgs/turtlebot3_msgs_s__rosidl_typesupport_fastrtps_c.cpython-38-x86_64-linux-gnu.so" to ""
[28.265s] -- Installing: /home/sakshi/ClutterBot/install/turtlebot3_msgs/lib/python3.8/site-packages/turtlebot3_msgs/turtlebot3_msgs_s__rosidl_typesupport_introspection_c.cpython-38-x86_64-linux-gnu.so
[28.265s] -- Set runtime path of "/home/sakshi/ClutterBot/install/turtlebot3_msgs/lib/python3.8/site-packages/turtlebot3_msgs/turtlebot3_msgs_s__rosidl_typesupport_introspection_c.cpython-38-x86_64-linux-gnu.so" to ""
[28.265s] -- Installing: /home/sakshi/ClutterBot/install/turtlebot3_msgs/lib/python3.8/site-packages/turtlebot3_msgs/turtlebot3_msgs_s__rosidl_typesupport_c.cpython-38-x86_64-linux-gnu.so
[28.265s] -- Set runtime path of "/home/sakshi/ClutterBot/install/turtlebot3_msgs/lib/python3.8/site-packages/turtlebot3_msgs/turtlebot3_msgs_s__rosidl_typesupport_c.cpython-38-x86_64-linux-gnu.so" to ""
[28.265s] -- Installing: /home/sakshi/ClutterBot/install/turtlebot3_msgs/lib/libturtlebot3_msgs__python.so
[28.266s] -- Set runtime path of "/home/sakshi/ClutterBot/install/turtlebot3_msgs/lib/libturtlebot3_msgs__python.so" to ""
[28.266s] -- Installing: /home/sakshi/ClutterBot/install/turtlebot3_msgs/share/turtlebot3_msgs/msg/SensorState.idl
[28.266s] -- Installing: /home/sakshi/ClutterBot/install/turtlebot3_msgs/share/turtlebot3_msgs/msg/Sound.idl
[28.267s] -- Installing: /home/sakshi/ClutterBot/install/turtlebot3_msgs/share/turtlebot3_msgs/msg/VersionInfo.idl
[28.268s] -- Installing: /home/sakshi/ClutterBot/install/turtlebot3_msgs/share/turtlebot3_msgs/srv/Sound.idl
[28.268s] -- Installing: /home/sakshi/ClutterBot/install/turtlebot3_msgs/share/turtlebot3_msgs/srv/Dqn.idl
[28.269s] -- Installing: /home/sakshi/ClutterBot/install/turtlebot3_msgs/share/turtlebot3_msgs/action/Patrol.idl
[28.269s] -- Installing: /home/sakshi/ClutterBot/install/turtlebot3_msgs/share/turtlebot3_msgs/msg/SensorState.msg
[28.270s] -- Installing: /home/sakshi/ClutterBot/install/turtlebot3_msgs/share/turtlebot3_msgs/msg/Sound.msg
[28.270s] -- Installing: /home/sakshi/ClutterBot/install/turtlebot3_msgs/share/turtlebot3_msgs/msg/VersionInfo.msg
[28.271s] -- Installing: /home/sakshi/ClutterBot/install/turtlebot3_msgs/share/turtlebot3_msgs/srv/Sound.srv
[28.271s] -- Installing: /home/sakshi/ClutterBot/install/turtlebot3_msgs/share/turtlebot3_msgs/srv/Sound_Request.msg
[28.271s] -- Installing: /home/sakshi/ClutterBot/install/turtlebot3_msgs/share/turtlebot3_msgs/srv/Sound_Response.msg
[28.271s] -- Installing: /home/sakshi/ClutterBot/install/turtlebot3_msgs/share/turtlebot3_msgs/srv/Dqn.srv
[28.272s] -- Installing: /home/sakshi/ClutterBot/install/turtlebot3_msgs/share/turtlebot3_msgs/srv/Dqn_Request.msg
[28.272s] -- Installing: /home/sakshi/ClutterBot/install/turtlebot3_msgs/share/turtlebot3_msgs/srv/Dqn_Response.msg
[28.272s] -- Installing: /home/sakshi/ClutterBot/install/turtlebot3_msgs/share/turtlebot3_msgs/action/Patrol.action
[28.273s] -- Installing: /home/sakshi/ClutterBot/install/turtlebot3_msgs/share/ament_index/resource_index/package_run_dependencies/turtlebot3_msgs
[28.273s] -- Installing: /home/sakshi/ClutterBot/install/turtlebot3_msgs/share/ament_index/resource_index/parent_prefix_path/turtlebot3_msgs
[28.274s] -- Installing: /home/sakshi/ClutterBot/install/turtlebot3_msgs/share/turtlebot3_msgs/environment/ament_prefix_path.sh
[28.275s] -- Installing: /home/sakshi/ClutterBot/install/turtlebot3_msgs/share/turtlebot3_msgs/environment/ament_prefix_path.dsv
[28.275s] -- Installing: /home/sakshi/ClutterBot/install/turtlebot3_msgs/share/turtlebot3_msgs/environment/path.sh
[28.275s] -- Installing: /home/sakshi/ClutterBot/install/turtlebot3_msgs/share/turtlebot3_msgs/environment/path.dsv
[28.276s] -- Installing: /home/sakshi/ClutterBot/install/turtlebot3_msgs/share/turtlebot3_msgs/local_setup.bash
[28.276s] -- Installing: /home/sakshi/ClutterBot/install/turtlebot3_msgs/share/turtlebot3_msgs/local_setup.sh
[28.276s] -- Installing: /home/sakshi/ClutterBot/install/turtlebot3_msgs/share/turtlebot3_msgs/local_setup.zsh
[28.276s] -- Installing: /home/sakshi/ClutterBot/install/turtlebot3_msgs/share/turtlebot3_msgs/local_setup.dsv
[28.276s] -- Installing: /home/sakshi/ClutterBot/install/turtlebot3_msgs/share/turtlebot3_msgs/package.dsv
[28.276s] -- Installing: /home/sakshi/ClutterBot/install/turtlebot3_msgs/share/ament_index/resource_index/packages/turtlebot3_msgs
[28.277s] -- Installing: /home/sakshi/ClutterBot/install/turtlebot3_msgs/share/turtlebot3_msgs/cmake/turtlebot3_msgs__rosidl_generator_cExport.cmake
[28.277s] -- Installing: /home/sakshi/ClutterBot/install/turtlebot3_msgs/share/turtlebot3_msgs/cmake/turtlebot3_msgs__rosidl_generator_cExport-noconfig.cmake
[28.277s] -- Installing: /home/sakshi/ClutterBot/install/turtlebot3_msgs/share/turtlebot3_msgs/cmake/turtlebot3_msgs__rosidl_typesupport_introspection_cExport.cmake
[28.277s] -- Installing: /home/sakshi/ClutterBot/install/turtlebot3_msgs/share/turtlebot3_msgs/cmake/turtlebot3_msgs__rosidl_typesupport_introspection_cExport-noconfig.cmake
[28.277s] -- Installing: /home/sakshi/ClutterBot/install/turtlebot3_msgs/share/turtlebot3_msgs/cmake/turtlebot3_msgs__rosidl_typesupport_cExport.cmake
[28.278s] -- Installing: /home/sakshi/ClutterBot/install/turtlebot3_msgs/share/turtlebot3_msgs/cmake/turtlebot3_msgs__rosidl_typesupport_cExport-noconfig.cmake
[28.278s] -- Installing: /home/sakshi/ClutterBot/install/turtlebot3_msgs/share/turtlebot3_msgs/cmake/turtlebot3_msgs__rosidl_generator_cppExport.cmake
[28.278s] -- Installing: /home/sakshi/ClutterBot/install/turtlebot3_msgs/share/turtlebot3_msgs/cmake/turtlebot3_msgs__rosidl_typesupport_introspection_cppExport.cmake
[28.282s] -- Installing: /home/sakshi/ClutterBot/install/turtlebot3_msgs/share/turtlebot3_msgs/cmake/turtlebot3_msgs__rosidl_typesupport_introspection_cppExport-noconfig.cmake
[28.283s] -- Installing: /home/sakshi/ClutterBot/install/turtlebot3_msgs/share/turtlebot3_msgs/cmake/turtlebot3_msgs__rosidl_typesupport_cppExport.cmake
[28.283s] -- Installing: /home/sakshi/ClutterBot/install/turtlebot3_msgs/share/turtlebot3_msgs/cmake/turtlebot3_msgs__rosidl_typesupport_cppExport-noconfig.cmake
[28.293s] -- Installing: /home/sakshi/ClutterBot/install/turtlebot3_msgs/share/turtlebot3_msgs/cmake/rosidl_cmake-extras.cmake
[28.293s] -- Installing: /home/sakshi/ClutterBot/install/turtlebot3_msgs/share/turtlebot3_msgs/cmake/ament_cmake_export_dependencies-extras.cmake
[28.294s] -- Installing: /home/sakshi/ClutterBot/install/turtlebot3_msgs/share/turtlebot3_msgs/cmake/ament_cmake_export_libraries-extras.cmake
[28.294s] -- Installing: /home/sakshi/ClutterBot/install/turtlebot3_msgs/share/turtlebot3_msgs/cmake/ament_cmake_export_targets-extras.cmake
[28.296s] -- Installing: /home/sakshi/ClutterBot/install/turtlebot3_msgs/share/turtlebot3_msgs/cmake/ament_cmake_export_include_directories-extras.cmake
[28.296s] -- Installing: /home/sakshi/ClutterBot/install/turtlebot3_msgs/share/turtlebot3_msgs/cmake/rosidl_cmake_export_typesupport_libraries-extras.cmake
[28.298s] -- Installing: /home/sakshi/ClutterBot/install/turtlebot3_msgs/share/turtlebot3_msgs/cmake/rosidl_cmake_export_typesupport_targets-extras.cmake
[28.300s] -- Installing: /home/sakshi/ClutterBot/install/turtlebot3_msgs/share/turtlebot3_msgs/cmake/turtlebot3_msgsConfig.cmake
[28.301s] -- Installing: /home/sakshi/ClutterBot/install/turtlebot3_msgs/share/turtlebot3_msgs/cmake/turtlebot3_msgsConfig-version.cmake
[28.312s] -- Installing: /home/sakshi/ClutterBot/install/turtlebot3_msgs/share/turtlebot3_msgs/package.xml
[28.314s] Invoked command in '/home/sakshi/ClutterBot/build/turtlebot3_msgs' returned '0': CMAKE_PREFIX_PATH=${CMAKE_PREFIX_PATH}:/home/sakshi/ClutterBot/install/turtlebot3_teleop:/home/sakshi/ClutterBot/install/turtlebot3_example:/opt/ros/foxy /usr/bin/cmake --install /home/sakshi/ClutterBot/build/turtlebot3_msgs
