[0.083s] Invoking command in '/home/sakshi/ClutterBot/build/turtlebot3_node': CMAKE_PREFIX_PATH=/home/sakshi/ClutterBot/install/turtlebot3_msgs:/home/sakshi/ClutterBot/install/dynamixel_sdk:/home/sakshi/ClutterBot/install/turtlebot3:/home/sakshi/ClutterBot/install/turtlebot3_simulations:/home/sakshi/ClutterBot/install/turtlebot3_bringup:/home/sakshi/ClutterBot/install/turtlebot3_node:/home/sakshi/ClutterBot/install/turtlebot3_navigation2:/home/sakshi/ClutterBot/install/turtlebot3_fake_node:/home/sakshi/ClutterBot/install/turtlebot3_gazebo:/home/sakshi/ClutterBot/install/turtlebot3_description:/home/sakshi/ClutterBot/install/turtlebot3_cartographer:/home/sakshi/ClutterBot/install/hls_lfcd_lds_driver:/home/sakshi/ClutterBot/install/dynamixel_sdk_examples:/home/sakshi/ClutterBot/install/dynamixel_sdk_custom_interfaces:/home/sakshi/ClutterBot/install/turtlebot3_teleop:/home/sakshi/ClutterBot/install/turtlebot3_example:/opt/ros/foxy LD_LIBRARY_PATH=/home/sakshi/ClutterBot/install/turtlebot3_msgs/lib:/home/sakshi/ClutterBot/install/dynamixel_sdk/lib:/home/sakshi/ClutterBot/install/dynamixel_sdk_custom_interfaces/lib:/usr/lib/x86_64-linux-gnu/gazebo-11/plugins:/opt/ros/foxy/opt/yaml_cpp_vendor/lib:/opt/ros/foxy/opt/rviz_ogre_vendor/lib:/opt/ros/foxy/lib/x86_64-linux-gnu:/opt/ros/foxy/lib PYTHONPATH=/home/sakshi/ClutterBot/install/turtlebot3_msgs/lib/python3.8/site-packages:/home/sakshi/ClutterBot/install/turtlebot3_teleop/lib/python3.8/site-packages:/home/sakshi/ClutterBot/install/turtlebot3_example/lib/python3.8/site-packages:/home/sakshi/ClutterBot/install/dynamixel_sdk_custom_interfaces/lib/python3.8/site-packages:/opt/ros/foxy/lib/python3.8/site-packages /usr/bin/cmake /home/sakshi/ClutterBot/src/turtlebot3/turtlebot3/turtlebot3_node -DCMAKE_INSTALL_PREFIX=/home/sakshi/ClutterBot/install/turtlebot3_node
[0.848s] -- The C compiler identification is GNU 9.4.0
[0.848s] -- The CXX compiler identification is GNU 9.4.0
[0.848s] -- Check for working C compiler: /usr/lib/ccache/cc
[0.849s] -- Check for working C compiler: /usr/lib/ccache/cc -- works
[0.849s] -- Detecting C compiler ABI info
[0.849s] -- Detecting C compiler ABI info - done
[0.849s] -- Detecting C compile features
[0.849s] -- Detecting C compile features - done
[0.849s] -- Check for working CXX compiler: /usr/lib/ccache/c++
[1.063s] -- Check for working CXX compiler: /usr/lib/ccache/c++ -- works
[1.067s] -- Detecting CXX compiler ABI info
[1.388s] -- Detecting CXX compiler ABI info - done
[1.414s] -- Detecting CXX compile features
[1.415s] -- Detecting CXX compile features - done
[1.421s] -- Found ament_cmake: 0.9.12 (/opt/ros/foxy/share/ament_cmake/cmake)
[1.480s] -- Found PythonInterp: /usr/bin/python3 (found suitable version "3.8.10", minimum required is "3") 
[1.480s] -- Using PYTHON_EXECUTABLE: /usr/bin/python3
[2.093s] -- Found dynamixel_sdk: 3.7.40 (/home/sakshi/ClutterBot/install/dynamixel_sdk/share/dynamixel_sdk/cmake)
[2.107s] -- Found geometry_msgs: 2.0.5 (/opt/ros/foxy/share/geometry_msgs/cmake)
[2.168s] -- Using all available rosidl_typesupport_c: rosidl_typesupport_fastrtps_c;rosidl_typesupport_introspection_c
[2.185s] -- Found rosidl_adapter: 1.3.1 (/opt/ros/foxy/share/rosidl_adapter/cmake)
[2.343s] -- Found OpenSSL: /usr/lib/x86_64-linux-gnu/libcrypto.so (found version "1.1.1f")  
[2.388s] -- Found FastRTPS: /opt/ros/foxy/include  
[2.528s] -- Using all available rosidl_typesupport_cpp: rosidl_typesupport_fastrtps_cpp;rosidl_typesupport_introspection_cpp
[2.719s] -- Found message_filters: 3.2.7 (/opt/ros/foxy/share/message_filters/cmake)
[2.726s] -- Found nav_msgs: 2.0.5 (/opt/ros/foxy/share/nav_msgs/cmake)
[2.859s] -- Found rclcpp: 2.4.3 (/opt/ros/foxy/share/rclcpp/cmake)
[2.958s] -- Found rmw_implementation_cmake: 1.0.4 (/opt/ros/foxy/share/rmw_implementation_cmake/cmake)
[2.958s] -- Using RMW implementation 'rmw_fastrtps_cpp' as default
[2.958s] -- Looking for pthread.h
[3.126s] -- Looking for pthread.h - found
[3.126s] -- Performing Test CMAKE_HAVE_LIBC_PTHREAD
[3.321s] -- Performing Test CMAKE_HAVE_LIBC_PTHREAD - Failed
[3.321s] -- Looking for pthread_create in pthreads
[3.397s] -- Looking for pthread_create in pthreads - not found
[3.397s] -- Looking for pthread_create in pthread
[3.521s] -- Looking for pthread_create in pthread - found
[3.527s] -- Found Threads: TRUE  
[3.801s] -- Found sensor_msgs: 2.0.5 (/opt/ros/foxy/share/sensor_msgs/cmake)
[4.033s] -- Found std_srvs: 2.0.5 (/opt/ros/foxy/share/std_srvs/cmake)
[4.076s] -- Found tf2: 0.13.14 (/opt/ros/foxy/share/tf2/cmake)
[4.126s] -- Found tf2_ros: 0.13.14 (/opt/ros/foxy/share/tf2_ros/cmake)
[5.456s] -- Found turtlebot3_msgs: 2.2.1 (/home/sakshi/ClutterBot/install/turtlebot3_msgs/share/turtlebot3_msgs/cmake)
[5.726s] -- Configuring done
[5.770s] -- Generating done
[5.773s] -- Build files have been written to: /home/sakshi/ClutterBot/build/turtlebot3_node
[5.786s] Invoked command in '/home/sakshi/ClutterBot/build/turtlebot3_node' returned '0': CMAKE_PREFIX_PATH=/home/sakshi/ClutterBot/install/turtlebot3_msgs:/home/sakshi/ClutterBot/install/dynamixel_sdk:/home/sakshi/ClutterBot/install/turtlebot3:/home/sakshi/ClutterBot/install/turtlebot3_simulations:/home/sakshi/ClutterBot/install/turtlebot3_bringup:/home/sakshi/ClutterBot/install/turtlebot3_node:/home/sakshi/ClutterBot/install/turtlebot3_navigation2:/home/sakshi/ClutterBot/install/turtlebot3_fake_node:/home/sakshi/ClutterBot/install/turtlebot3_gazebo:/home/sakshi/ClutterBot/install/turtlebot3_description:/home/sakshi/ClutterBot/install/turtlebot3_cartographer:/home/sakshi/ClutterBot/install/hls_lfcd_lds_driver:/home/sakshi/ClutterBot/install/dynamixel_sdk_examples:/home/sakshi/ClutterBot/install/dynamixel_sdk_custom_interfaces:/home/sakshi/ClutterBot/install/turtlebot3_teleop:/home/sakshi/ClutterBot/install/turtlebot3_example:/opt/ros/foxy LD_LIBRARY_PATH=/home/sakshi/ClutterBot/install/turtlebot3_msgs/lib:/home/sakshi/ClutterBot/install/dynamixel_sdk/lib:/home/sakshi/ClutterBot/install/dynamixel_sdk_custom_interfaces/lib:/usr/lib/x86_64-linux-gnu/gazebo-11/plugins:/opt/ros/foxy/opt/yaml_cpp_vendor/lib:/opt/ros/foxy/opt/rviz_ogre_vendor/lib:/opt/ros/foxy/lib/x86_64-linux-gnu:/opt/ros/foxy/lib PYTHONPATH=/home/sakshi/ClutterBot/install/turtlebot3_msgs/lib/python3.8/site-packages:/home/sakshi/ClutterBot/install/turtlebot3_teleop/lib/python3.8/site-packages:/home/sakshi/ClutterBot/install/turtlebot3_example/lib/python3.8/site-packages:/home/sakshi/ClutterBot/install/dynamixel_sdk_custom_interfaces/lib/python3.8/site-packages:/opt/ros/foxy/lib/python3.8/site-packages /usr/bin/cmake /home/sakshi/ClutterBot/src/turtlebot3/turtlebot3/turtlebot3_node -DCMAKE_INSTALL_PREFIX=/home/sakshi/ClutterBot/install/turtlebot3_node
[5.791s] Invoking command in '/home/sakshi/ClutterBot/build/turtlebot3_node': CMAKE_PREFIX_PATH=/home/sakshi/ClutterBot/install/turtlebot3_msgs:/home/sakshi/ClutterBot/install/dynamixel_sdk:/home/sakshi/ClutterBot/install/turtlebot3:/home/sakshi/ClutterBot/install/turtlebot3_simulations:/home/sakshi/ClutterBot/install/turtlebot3_bringup:/home/sakshi/ClutterBot/install/turtlebot3_node:/home/sakshi/ClutterBot/install/turtlebot3_navigation2:/home/sakshi/ClutterBot/install/turtlebot3_fake_node:/home/sakshi/ClutterBot/install/turtlebot3_gazebo:/home/sakshi/ClutterBot/install/turtlebot3_description:/home/sakshi/ClutterBot/install/turtlebot3_cartographer:/home/sakshi/ClutterBot/install/hls_lfcd_lds_driver:/home/sakshi/ClutterBot/install/dynamixel_sdk_examples:/home/sakshi/ClutterBot/install/dynamixel_sdk_custom_interfaces:/home/sakshi/ClutterBot/install/turtlebot3_teleop:/home/sakshi/ClutterBot/install/turtlebot3_example:/opt/ros/foxy LD_LIBRARY_PATH=/home/sakshi/ClutterBot/install/turtlebot3_msgs/lib:/home/sakshi/ClutterBot/install/dynamixel_sdk/lib:/home/sakshi/ClutterBot/install/dynamixel_sdk_custom_interfaces/lib:/usr/lib/x86_64-linux-gnu/gazebo-11/plugins:/opt/ros/foxy/opt/yaml_cpp_vendor/lib:/opt/ros/foxy/opt/rviz_ogre_vendor/lib:/opt/ros/foxy/lib/x86_64-linux-gnu:/opt/ros/foxy/lib PYTHONPATH=/home/sakshi/ClutterBot/install/turtlebot3_msgs/lib/python3.8/site-packages:/home/sakshi/ClutterBot/install/turtlebot3_teleop/lib/python3.8/site-packages:/home/sakshi/ClutterBot/install/turtlebot3_example/lib/python3.8/site-packages:/home/sakshi/ClutterBot/install/dynamixel_sdk_custom_interfaces/lib/python3.8/site-packages:/opt/ros/foxy/lib/python3.8/site-packages /usr/bin/cmake --build /home/sakshi/ClutterBot/build/turtlebot3_node -- -j8 -l8
[5.869s] [35m[1mScanning dependencies of target turtlebot3_node_lib[0m
[8.021s] [  7%] [32mBuilding CXX object CMakeFiles/turtlebot3_node_lib.dir/src/devices/motor_power.cpp.o[0m
[8.024s] [ 14%] [32mBuilding CXX object CMakeFiles/turtlebot3_node_lib.dir/src/devices/sound.cpp.o[0m
[8.028s] [ 21%] [32mBuilding CXX object CMakeFiles/turtlebot3_node_lib.dir/src/diff_drive_controller.cpp.o[0m
[8.046s] [ 28%] [32mBuilding CXX object CMakeFiles/turtlebot3_node_lib.dir/src/devices/reset.cpp.o[0m
[8.057s] [ 42%] [32mBuilding CXX object CMakeFiles/turtlebot3_node_lib.dir/src/odometry.cpp.o[0m
[8.058s] [ 42%] [32mBuilding CXX object CMakeFiles/turtlebot3_node_lib.dir/src/turtlebot3.cpp.o[0m
[8.058s] [ 50%] [32mBuilding CXX object CMakeFiles/turtlebot3_node_lib.dir/src/dynamixel_sdk_wrapper.cpp.o[0m
[8.074s] [ 57%] [32mBuilding CXX object CMakeFiles/turtlebot3_node_lib.dir/src/sensors/battery_state.cpp.o[0m
[8.377s] [ 64%] [32mBuilding CXX object CMakeFiles/turtlebot3_node_lib.dir/src/sensors/imu.cpp.o[0m
[9.004s] [ 71%] [32mBuilding CXX object CMakeFiles/turtlebot3_node_lib.dir/src/sensors/sensor_state.cpp.o[0m
[9.007s] [ 78%] [32mBuilding CXX object CMakeFiles/turtlebot3_node_lib.dir/src/sensors/joint_state.cpp.o[0m
[13.009s] [ 85%] [32m[1mLinking CXX static library libturtlebot3_node_lib.a[0m
[18.692s] [ 85%] Built target turtlebot3_node_lib
[18.713s] [35m[1mScanning dependencies of target turtlebot3_ros[0m
[18.790s] [ 92%] [32mBuilding CXX object CMakeFiles/turtlebot3_ros.dir/src/node_main.cpp.o[0m
[19.434s] [100%] [32m[1mLinking CXX executable turtlebot3_ros[0m
[23.635s] [100%] Built target turtlebot3_ros
[23.668s] Invoked command in '/home/sakshi/ClutterBot/build/turtlebot3_node' returned '0': CMAKE_PREFIX_PATH=/home/sakshi/ClutterBot/install/turtlebot3_msgs:/home/sakshi/ClutterBot/install/dynamixel_sdk:/home/sakshi/ClutterBot/install/turtlebot3:/home/sakshi/ClutterBot/install/turtlebot3_simulations:/home/sakshi/ClutterBot/install/turtlebot3_bringup:/home/sakshi/ClutterBot/install/turtlebot3_node:/home/sakshi/ClutterBot/install/turtlebot3_navigation2:/home/sakshi/ClutterBot/install/turtlebot3_fake_node:/home/sakshi/ClutterBot/install/turtlebot3_gazebo:/home/sakshi/ClutterBot/install/turtlebot3_description:/home/sakshi/ClutterBot/install/turtlebot3_cartographer:/home/sakshi/ClutterBot/install/hls_lfcd_lds_driver:/home/sakshi/ClutterBot/install/dynamixel_sdk_examples:/home/sakshi/ClutterBot/install/dynamixel_sdk_custom_interfaces:/home/sakshi/ClutterBot/install/turtlebot3_teleop:/home/sakshi/ClutterBot/install/turtlebot3_example:/opt/ros/foxy LD_LIBRARY_PATH=/home/sakshi/ClutterBot/install/turtlebot3_msgs/lib:/home/sakshi/ClutterBot/install/dynamixel_sdk/lib:/home/sakshi/ClutterBot/install/dynamixel_sdk_custom_interfaces/lib:/usr/lib/x86_64-linux-gnu/gazebo-11/plugins:/opt/ros/foxy/opt/yaml_cpp_vendor/lib:/opt/ros/foxy/opt/rviz_ogre_vendor/lib:/opt/ros/foxy/lib/x86_64-linux-gnu:/opt/ros/foxy/lib PYTHONPATH=/home/sakshi/ClutterBot/install/turtlebot3_msgs/lib/python3.8/site-packages:/home/sakshi/ClutterBot/install/turtlebot3_teleop/lib/python3.8/site-packages:/home/sakshi/ClutterBot/install/turtlebot3_example/lib/python3.8/site-packages:/home/sakshi/ClutterBot/install/dynamixel_sdk_custom_interfaces/lib/python3.8/site-packages:/opt/ros/foxy/lib/python3.8/site-packages /usr/bin/cmake --build /home/sakshi/ClutterBot/build/turtlebot3_node -- -j8 -l8
[23.723s] Invoking command in '/home/sakshi/ClutterBot/build/turtlebot3_node': CMAKE_PREFIX_PATH=/home/sakshi/ClutterBot/install/turtlebot3_msgs:/home/sakshi/ClutterBot/install/dynamixel_sdk:/home/sakshi/ClutterBot/install/turtlebot3:/home/sakshi/ClutterBot/install/turtlebot3_simulations:/home/sakshi/ClutterBot/install/turtlebot3_bringup:/home/sakshi/ClutterBot/install/turtlebot3_node:/home/sakshi/ClutterBot/install/turtlebot3_navigation2:/home/sakshi/ClutterBot/install/turtlebot3_fake_node:/home/sakshi/ClutterBot/install/turtlebot3_gazebo:/home/sakshi/ClutterBot/install/turtlebot3_description:/home/sakshi/ClutterBot/install/turtlebot3_cartographer:/home/sakshi/ClutterBot/install/hls_lfcd_lds_driver:/home/sakshi/ClutterBot/install/dynamixel_sdk_examples:/home/sakshi/ClutterBot/install/dynamixel_sdk_custom_interfaces:/home/sakshi/ClutterBot/install/turtlebot3_teleop:/home/sakshi/ClutterBot/install/turtlebot3_example:/opt/ros/foxy LD_LIBRARY_PATH=/home/sakshi/ClutterBot/install/turtlebot3_msgs/lib:/home/sakshi/ClutterBot/install/dynamixel_sdk/lib:/home/sakshi/ClutterBot/install/dynamixel_sdk_custom_interfaces/lib:/usr/lib/x86_64-linux-gnu/gazebo-11/plugins:/opt/ros/foxy/opt/yaml_cpp_vendor/lib:/opt/ros/foxy/opt/rviz_ogre_vendor/lib:/opt/ros/foxy/lib/x86_64-linux-gnu:/opt/ros/foxy/lib PYTHONPATH=/home/sakshi/ClutterBot/install/turtlebot3_msgs/lib/python3.8/site-packages:/home/sakshi/ClutterBot/install/turtlebot3_teleop/lib/python3.8/site-packages:/home/sakshi/ClutterBot/install/turtlebot3_example/lib/python3.8/site-packages:/home/sakshi/ClutterBot/install/dynamixel_sdk_custom_interfaces/lib/python3.8/site-packages:/opt/ros/foxy/lib/python3.8/site-packages /usr/bin/cmake --install /home/sakshi/ClutterBot/build/turtlebot3_node
[23.736s] -- Install configuration: ""
[23.736s] -- Installing: /home/sakshi/ClutterBot/install/turtlebot3_node/share/turtlebot3_node/param
[23.736s] -- Installing: /home/sakshi/ClutterBot/install/turtlebot3_node/share/turtlebot3_node/param/waffle_pi.yaml
[23.765s] -- Installing: /home/sakshi/ClutterBot/install/turtlebot3_node/share/turtlebot3_node/param/waffle.yaml
[23.766s] -- Installing: /home/sakshi/ClutterBot/install/turtlebot3_node/share/turtlebot3_node/param/burger.yaml
[23.768s] -- Installing: /home/sakshi/ClutterBot/install/turtlebot3_node/lib/turtlebot3_node/turtlebot3_ros
[23.780s] -- Set runtime path of "/home/sakshi/ClutterBot/install/turtlebot3_node/lib/turtlebot3_node/turtlebot3_ros" to ""
[23.781s] -- Installing: /home/sakshi/ClutterBot/install/turtlebot3_node/share/ament_index/resource_index/package_run_dependencies/turtlebot3_node
[23.781s] -- Installing: /home/sakshi/ClutterBot/install/turtlebot3_node/share/ament_index/resource_index/parent_prefix_path/turtlebot3_node
[23.781s] -- Installing: /home/sakshi/ClutterBot/install/turtlebot3_node/share/turtlebot3_node/environment/ament_prefix_path.sh
[23.781s] -- Installing: /home/sakshi/ClutterBot/install/turtlebot3_node/share/turtlebot3_node/environment/ament_prefix_path.dsv
[23.781s] -- Installing: /home/sakshi/ClutterBot/install/turtlebot3_node/share/turtlebot3_node/environment/path.sh
[23.781s] -- Installing: /home/sakshi/ClutterBot/install/turtlebot3_node/share/turtlebot3_node/environment/path.dsv
[23.781s] -- Installing: /home/sakshi/ClutterBot/install/turtlebot3_node/share/turtlebot3_node/local_setup.bash
[23.782s] -- Installing: /home/sakshi/ClutterBot/install/turtlebot3_node/share/turtlebot3_node/local_setup.sh
[23.782s] -- Installing: /home/sakshi/ClutterBot/install/turtlebot3_node/share/turtlebot3_node/local_setup.zsh
[23.782s] -- Installing: /home/sakshi/ClutterBot/install/turtlebot3_node/share/turtlebot3_node/local_setup.dsv
[23.782s] -- Installing: /home/sakshi/ClutterBot/install/turtlebot3_node/share/turtlebot3_node/package.dsv
[23.782s] -- Installing: /home/sakshi/ClutterBot/install/turtlebot3_node/share/ament_index/resource_index/packages/turtlebot3_node
[23.782s] -- Installing: /home/sakshi/ClutterBot/install/turtlebot3_node/share/turtlebot3_node/cmake/ament_cmake_export_include_directories-extras.cmake
[23.783s] -- Installing: /home/sakshi/ClutterBot/install/turtlebot3_node/share/turtlebot3_node/cmake/turtlebot3_nodeConfig.cmake
[23.783s] -- Installing: /home/sakshi/ClutterBot/install/turtlebot3_node/share/turtlebot3_node/cmake/turtlebot3_nodeConfig-version.cmake
[23.783s] -- Installing: /home/sakshi/ClutterBot/install/turtlebot3_node/share/turtlebot3_node/package.xml
[23.791s] Invoked command in '/home/sakshi/ClutterBot/build/turtlebot3_node' returned '0': CMAKE_PREFIX_PATH=/home/sakshi/ClutterBot/install/turtlebot3_msgs:/home/sakshi/ClutterBot/install/dynamixel_sdk:/home/sakshi/ClutterBot/install/turtlebot3:/home/sakshi/ClutterBot/install/turtlebot3_simulations:/home/sakshi/ClutterBot/install/turtlebot3_bringup:/home/sakshi/ClutterBot/install/turtlebot3_node:/home/sakshi/ClutterBot/install/turtlebot3_navigation2:/home/sakshi/ClutterBot/install/turtlebot3_fake_node:/home/sakshi/ClutterBot/install/turtlebot3_gazebo:/home/sakshi/ClutterBot/install/turtlebot3_description:/home/sakshi/ClutterBot/install/turtlebot3_cartographer:/home/sakshi/ClutterBot/install/hls_lfcd_lds_driver:/home/sakshi/ClutterBot/install/dynamixel_sdk_examples:/home/sakshi/ClutterBot/install/dynamixel_sdk_custom_interfaces:/home/sakshi/ClutterBot/install/turtlebot3_teleop:/home/sakshi/ClutterBot/install/turtlebot3_example:/opt/ros/foxy LD_LIBRARY_PATH=/home/sakshi/ClutterBot/install/turtlebot3_msgs/lib:/home/sakshi/ClutterBot/install/dynamixel_sdk/lib:/home/sakshi/ClutterBot/install/dynamixel_sdk_custom_interfaces/lib:/usr/lib/x86_64-linux-gnu/gazebo-11/plugins:/opt/ros/foxy/opt/yaml_cpp_vendor/lib:/opt/ros/foxy/opt/rviz_ogre_vendor/lib:/opt/ros/foxy/lib/x86_64-linux-gnu:/opt/ros/foxy/lib PYTHONPATH=/home/sakshi/ClutterBot/install/turtlebot3_msgs/lib/python3.8/site-packages:/home/sakshi/ClutterBot/install/turtlebot3_teleop/lib/python3.8/site-packages:/home/sakshi/ClutterBot/install/turtlebot3_example/lib/python3.8/site-packages:/home/sakshi/ClutterBot/install/dynamixel_sdk_custom_interfaces/lib/python3.8/site-packages:/opt/ros/foxy/lib/python3.8/site-packages /usr/bin/cmake --install /home/sakshi/ClutterBot/build/turtlebot3_node
