[1.279s] Invoking command in '/home/sakshi/ClutterBot/src/turtlebot3/turtlebot3/turtlebot3_teleop': CONDA_PROMPT_MODIFIER=(base) PYTHONPATH=/home/sakshi/ClutterBot/build/turtlebot3_teleop/prefix_override:/home/sakshi/ClutterBot/install/turtlebot3_teleop/lib/python3.8/site-packages:${PYTHONPATH} /usr/bin/python3 setup.py egg_info --egg-base ../../../../build/turtlebot3_teleop build --build-base /home/sakshi/ClutterBot/build/turtlebot3_teleop/build install --record /home/sakshi/ClutterBot/build/turtlebot3_teleop/install.log --single-version-externally-managed
[1.622s] running egg_info
[1.622s] writing ../../../../build/turtlebot3_teleop/turtlebot3_teleop.egg-info/PKG-INFO
[1.623s] writing dependency_links to ../../../../build/turtlebot3_teleop/turtlebot3_teleop.egg-info/dependency_links.txt
[1.623s] writing entry points to ../../../../build/turtlebot3_teleop/turtlebot3_teleop.egg-info/entry_points.txt
[1.623s] writing requirements to ../../../../build/turtlebot3_teleop/turtlebot3_teleop.egg-info/requires.txt
[1.623s] writing top-level names to ../../../../build/turtlebot3_teleop/turtlebot3_teleop.egg-info/top_level.txt
[1.626s] reading manifest file '../../../../build/turtlebot3_teleop/turtlebot3_teleop.egg-info/SOURCES.txt'
[1.627s] writing manifest file '../../../../build/turtlebot3_teleop/turtlebot3_teleop.egg-info/SOURCES.txt'
[1.628s] running build
[1.628s] running build_py
[1.628s] running install
[1.629s] running install_lib
[1.631s] running install_data
[1.632s] running install_egg_info
[1.634s] removing '/home/sakshi/ClutterBot/install/turtlebot3_teleop/lib/python3.8/site-packages/turtlebot3_teleop-2.1.4-py3.8.egg-info' (and everything under it)
[1.634s] Copying ../../../../build/turtlebot3_teleop/turtlebot3_teleop.egg-info to /home/sakshi/ClutterBot/install/turtlebot3_teleop/lib/python3.8/site-packages/turtlebot3_teleop-2.1.4-py3.8.egg-info
[1.635s] running install_scripts
[1.661s] Installing teleop_keyboard script to /home/sakshi/ClutterBot/install/turtlebot3_teleop/lib/turtlebot3_teleop
[1.661s] writing list of installed files to '/home/sakshi/ClutterBot/build/turtlebot3_teleop/install.log'
[1.800s] Invoked command in '/home/sakshi/ClutterBot/src/turtlebot3/turtlebot3/turtlebot3_teleop' returned '0': CONDA_PROMPT_MODIFIER=(base) PYTHONPATH=/home/sakshi/ClutterBot/build/turtlebot3_teleop/prefix_override:/home/sakshi/ClutterBot/install/turtlebot3_teleop/lib/python3.8/site-packages:${PYTHONPATH} /usr/bin/python3 setup.py egg_info --egg-base ../../../../build/turtlebot3_teleop build --build-base /home/sakshi/ClutterBot/build/turtlebot3_teleop/build install --record /home/sakshi/ClutterBot/build/turtlebot3_teleop/install.log --single-version-externally-managed
