[2.004s] DEBUG:colcon:Command line arguments: ['/usr/bin/colcon', 'build', '--packages-select', 'task']
[2.004s] DEBUG:colcon:Parsed command line arguments: Namespace(allow_overriding=[], ament_cmake_args=None, base_paths=['.'], build_base='build', catkin_cmake_args=None, catkin_skip_building_tests=False, cmake_args=None, cmake_clean_cache=False, cmake_clean_first=False, cmake_force_configure=False, cmake_target=None, cmake_target_skip_unavailable=False, continue_on_error=False, event_handlers=None, executor='parallel', ignore_user_meta=False, install_base='install', log_base=None, log_level=None, main=<bound method BuildVerb.main of <colcon_core.verb.build.BuildVerb object at 0x7fb5d31d96d0>>, merge_install=False, metas=['./colcon.meta'], packages_above=None, packages_above_and_dependencies=None, packages_above_depth=None, packages_end=None, packages_ignore=None, packages_ignore_regex=None, packages_select=['task'], packages_select_build_failed=False, packages_select_by_dep=None, packages_select_regex=None, packages_select_test_failures=False, packages_skip=None, packages_skip_build_finished=False, packages_skip_by_dep=None, packages_skip_regex=None, packages_skip_test_passed=False, packages_skip_up_to=None, packages_start=None, packages_up_to=None, packages_up_to_regex=None, parallel_workers=8, paths=None, symlink_install=False, test_result_base=None, verb_extension=<colcon_core.verb.build.BuildVerb object at 0x7fb5d31d96d0>, verb_name='build', verb_parser=<colcon_defaults.argument_parser.defaults.DefaultArgumentsDecorator object at 0x7fb5d314d640>)
[3.268s] Level 1:colcon.colcon_core.package_discovery:discover_packages(colcon_meta) check parameters
[3.269s] Level 1:colcon.colcon_core.package_discovery:discover_packages(recursive) check parameters
[3.269s] Level 1:colcon.colcon_core.package_discovery:discover_packages(ignore) check parameters
[3.269s] Level 1:colcon.colcon_core.package_discovery:discover_packages(path) check parameters
[3.269s] Level 1:colcon.colcon_core.package_discovery:discover_packages(colcon_meta) discover
[3.269s] Level 1:colcon.colcon_core.package_discovery:discover_packages(recursive) discover
[3.269s] INFO:colcon.colcon_core.package_discovery:Crawling recursively for packages in '/home/sakshi/ClutterBot'
[3.270s] Level 1:colcon.colcon_core.package_identification:_identify(.) by extensions ['ignore', 'ignore_ament_install']
[3.270s] Level 1:colcon.colcon_core.package_identification:_identify(.) by extension 'ignore'
[3.270s] Level 1:colcon.colcon_core.package_identification:_identify(.) by extension 'ignore_ament_install'
[3.270s] Level 1:colcon.colcon_core.package_identification:_identify(.) by extensions ['colcon_pkg']
[3.270s] Level 1:colcon.colcon_core.package_identification:_identify(.) by extension 'colcon_pkg'
[3.271s] Level 1:colcon.colcon_core.package_identification:_identify(.) by extensions ['colcon_meta']
[3.271s] Level 1:colcon.colcon_core.package_identification:_identify(.) by extension 'colcon_meta'
[3.271s] Level 1:colcon.colcon_core.package_identification:_identify(.) by extensions ['ros']
[3.271s] Level 1:colcon.colcon_core.package_identification:_identify(.) by extension 'ros'
[3.297s] Level 1:colcon.colcon_core.package_identification:_identify(.) by extensions ['cmake', 'python']
[3.297s] Level 1:colcon.colcon_core.package_identification:_identify(.) by extension 'cmake'
[3.297s] Level 1:colcon.colcon_core.package_identification:_identify(.) by extension 'python'
[3.297s] Level 1:colcon.colcon_core.package_identification:_identify(.) by extensions ['python_setup_py']
[3.297s] Level 1:colcon.colcon_core.package_identification:_identify(.) by extension 'python_setup_py'
[3.297s] Level 1:colcon.colcon_core.package_identification:_identify(build) by extensions ['ignore', 'ignore_ament_install']
[3.297s] Level 1:colcon.colcon_core.package_identification:_identify(build) by extension 'ignore'
[3.297s] Level 1:colcon.colcon_core.package_identification:_identify(build) ignored
[3.298s] Level 1:colcon.colcon_core.package_identification:_identify(install) by extensions ['ignore', 'ignore_ament_install']
[3.298s] Level 1:colcon.colcon_core.package_identification:_identify(install) by extension 'ignore'
[3.298s] Level 1:colcon.colcon_core.package_identification:_identify(install) ignored
[3.298s] Level 1:colcon.colcon_core.package_identification:_identify(log) by extensions ['ignore', 'ignore_ament_install']
[3.298s] Level 1:colcon.colcon_core.package_identification:_identify(log) by extension 'ignore'
[3.298s] Level 1:colcon.colcon_core.package_identification:_identify(log) ignored
[3.299s] Level 1:colcon.colcon_core.package_identification:_identify(src) by extensions ['ignore', 'ignore_ament_install']
[3.299s] Level 1:colcon.colcon_core.package_identification:_identify(src) by extension 'ignore'
[3.299s] Level 1:colcon.colcon_core.package_identification:_identify(src) by extension 'ignore_ament_install'
[3.299s] Level 1:colcon.colcon_core.package_identification:_identify(src) by extensions ['colcon_pkg']
[3.299s] Level 1:colcon.colcon_core.package_identification:_identify(src) by extension 'colcon_pkg'
[3.299s] Level 1:colcon.colcon_core.package_identification:_identify(src) by extensions ['colcon_meta']
[3.299s] Level 1:colcon.colcon_core.package_identification:_identify(src) by extension 'colcon_meta'
[3.299s] Level 1:colcon.colcon_core.package_identification:_identify(src) by extensions ['ros']
[3.299s] Level 1:colcon.colcon_core.package_identification:_identify(src) by extension 'ros'
[3.299s] Level 1:colcon.colcon_core.package_identification:_identify(src) by extensions ['cmake', 'python']
[3.299s] Level 1:colcon.colcon_core.package_identification:_identify(src) by extension 'cmake'
[3.299s] Level 1:colcon.colcon_core.package_identification:_identify(src) by extension 'python'
[3.299s] Level 1:colcon.colcon_core.package_identification:_identify(src) by extensions ['python_setup_py']
[3.299s] Level 1:colcon.colcon_core.package_identification:_identify(src) by extension 'python_setup_py'
[3.300s] Level 1:colcon.colcon_core.package_identification:_identify(src/build) by extensions ['ignore', 'ignore_ament_install']
[3.300s] Level 1:colcon.colcon_core.package_identification:_identify(src/build) by extension 'ignore'
[3.300s] Level 1:colcon.colcon_core.package_identification:_identify(src/build) ignored
[3.300s] Level 1:colcon.colcon_core.package_identification:_identify(src/install) by extensions ['ignore', 'ignore_ament_install']
[3.300s] Level 1:colcon.colcon_core.package_identification:_identify(src/install) by extension 'ignore'
[3.300s] Level 1:colcon.colcon_core.package_identification:_identify(src/install) ignored
[3.300s] Level 1:colcon.colcon_core.package_identification:_identify(src/log) by extensions ['ignore', 'ignore_ament_install']
[3.301s] Level 1:colcon.colcon_core.package_identification:_identify(src/log) by extension 'ignore'
[3.301s] Level 1:colcon.colcon_core.package_identification:_identify(src/log) ignored
[3.301s] Level 1:colcon.colcon_core.package_identification:_identify(src/slam_toolbox-release) by extensions ['ignore', 'ignore_ament_install']
[3.301s] Level 1:colcon.colcon_core.package_identification:_identify(src/slam_toolbox-release) by extension 'ignore'
[3.301s] Level 1:colcon.colcon_core.package_identification:_identify(src/slam_toolbox-release) by extension 'ignore_ament_install'
[3.301s] Level 1:colcon.colcon_core.package_identification:_identify(src/slam_toolbox-release) by extensions ['colcon_pkg']
[3.301s] Level 1:colcon.colcon_core.package_identification:_identify(src/slam_toolbox-release) by extension 'colcon_pkg'
[3.301s] Level 1:colcon.colcon_core.package_identification:_identify(src/slam_toolbox-release) by extensions ['colcon_meta']
[3.301s] Level 1:colcon.colcon_core.package_identification:_identify(src/slam_toolbox-release) by extension 'colcon_meta'
[3.301s] Level 1:colcon.colcon_core.package_identification:_identify(src/slam_toolbox-release) by extensions ['ros']
[3.301s] Level 1:colcon.colcon_core.package_identification:_identify(src/slam_toolbox-release) by extension 'ros'
[3.302s] Level 1:colcon.colcon_core.package_identification:_identify(src/slam_toolbox-release) by extensions ['cmake', 'python']
[3.302s] Level 1:colcon.colcon_core.package_identification:_identify(src/slam_toolbox-release) by extension 'cmake'
[3.302s] Level 1:colcon.colcon_core.package_identification:_identify(src/slam_toolbox-release) by extension 'python'
[3.302s] Level 1:colcon.colcon_core.package_identification:_identify(src/slam_toolbox-release) by extensions ['python_setup_py']
[3.302s] Level 1:colcon.colcon_core.package_identification:_identify(src/slam_toolbox-release) by extension 'python_setup_py'
[3.302s] Level 1:colcon.colcon_core.package_identification:_identify(src/task) by extensions ['ignore', 'ignore_ament_install']
[3.302s] Level 1:colcon.colcon_core.package_identification:_identify(src/task) by extension 'ignore'
[3.302s] Level 1:colcon.colcon_core.package_identification:_identify(src/task) by extension 'ignore_ament_install'
[3.302s] Level 1:colcon.colcon_core.package_identification:_identify(src/task) by extensions ['colcon_pkg']
[3.302s] Level 1:colcon.colcon_core.package_identification:_identify(src/task) by extension 'colcon_pkg'
[3.302s] Level 1:colcon.colcon_core.package_identification:_identify(src/task) by extensions ['colcon_meta']
[3.302s] Level 1:colcon.colcon_core.package_identification:_identify(src/task) by extension 'colcon_meta'
[3.302s] Level 1:colcon.colcon_core.package_identification:_identify(src/task) by extensions ['ros']
[3.302s] Level 1:colcon.colcon_core.package_identification:_identify(src/task) by extension 'ros'
[3.321s] DEBUG:colcon.colcon_core.package_identification:Package 'src/task' with type 'ros.ament_cmake' and name 'task'
[3.321s] Level 1:colcon.colcon_core.package_identification:_identify(src/turtlebot3) by extensions ['ignore', 'ignore_ament_install']
[3.321s] Level 1:colcon.colcon_core.package_identification:_identify(src/turtlebot3) by extension 'ignore'
[3.321s] Level 1:colcon.colcon_core.package_identification:_identify(src/turtlebot3) by extension 'ignore_ament_install'
[3.321s] Level 1:colcon.colcon_core.package_identification:_identify(src/turtlebot3) by extensions ['colcon_pkg']
[3.321s] Level 1:colcon.colcon_core.package_identification:_identify(src/turtlebot3) by extension 'colcon_pkg'
[3.322s] Level 1:colcon.colcon_core.package_identification:_identify(src/turtlebot3) by extensions ['colcon_meta']
[3.322s] Level 1:colcon.colcon_core.package_identification:_identify(src/turtlebot3) by extension 'colcon_meta'
[3.322s] Level 1:colcon.colcon_core.package_identification:_identify(src/turtlebot3) by extensions ['ros']
[3.322s] Level 1:colcon.colcon_core.package_identification:_identify(src/turtlebot3) by extension 'ros'
[3.322s] Level 1:colcon.colcon_core.package_identification:_identify(src/turtlebot3) by extensions ['cmake', 'python']
[3.322s] Level 1:colcon.colcon_core.package_identification:_identify(src/turtlebot3) by extension 'cmake'
[3.322s] Level 1:colcon.colcon_core.package_identification:_identify(src/turtlebot3) by extension 'python'
[3.322s] Level 1:colcon.colcon_core.package_identification:_identify(src/turtlebot3) by extensions ['python_setup_py']
[3.322s] Level 1:colcon.colcon_core.package_identification:_identify(src/turtlebot3) by extension 'python_setup_py'
[3.322s] Level 1:colcon.colcon_core.package_identification:_identify(src/turtlebot3/turtlebot3) by extensions ['ignore', 'ignore_ament_install']
[3.322s] Level 1:colcon.colcon_core.package_identification:_identify(src/turtlebot3/turtlebot3) by extension 'ignore'
[3.322s] Level 1:colcon.colcon_core.package_identification:_identify(src/turtlebot3/turtlebot3) by extension 'ignore_ament_install'
[3.322s] Level 1:colcon.colcon_core.package_identification:_identify(src/turtlebot3/turtlebot3) by extensions ['colcon_pkg']
[3.322s] Level 1:colcon.colcon_core.package_identification:_identify(src/turtlebot3/turtlebot3) by extension 'colcon_pkg'
[3.322s] Level 1:colcon.colcon_core.package_identification:_identify(src/turtlebot3/turtlebot3) by extensions ['colcon_meta']
[3.322s] Level 1:colcon.colcon_core.package_identification:_identify(src/turtlebot3/turtlebot3) by extension 'colcon_meta'
[3.323s] Level 1:colcon.colcon_core.package_identification:_identify(src/turtlebot3/turtlebot3) by extensions ['ros']
[3.323s] Level 1:colcon.colcon_core.package_identification:_identify(src/turtlebot3/turtlebot3) by extension 'ros'
[3.323s] Level 1:colcon.colcon_core.package_identification:_identify(src/turtlebot3/turtlebot3) by extensions ['cmake', 'python']
[3.323s] Level 1:colcon.colcon_core.package_identification:_identify(src/turtlebot3/turtlebot3) by extension 'cmake'
[3.323s] Level 1:colcon.colcon_core.package_identification:_identify(src/turtlebot3/turtlebot3) by extension 'python'
[3.323s] Level 1:colcon.colcon_core.package_identification:_identify(src/turtlebot3/turtlebot3) by extensions ['python_setup_py']
[3.323s] Level 1:colcon.colcon_core.package_identification:_identify(src/turtlebot3/turtlebot3) by extension 'python_setup_py'
[3.323s] Level 1:colcon.colcon_core.package_identification:_identify(src/turtlebot3/turtlebot3/turtlebot3) by extensions ['ignore', 'ignore_ament_install']
[3.323s] Level 1:colcon.colcon_core.package_identification:_identify(src/turtlebot3/turtlebot3/turtlebot3) by extension 'ignore'
[3.323s] Level 1:colcon.colcon_core.package_identification:_identify(src/turtlebot3/turtlebot3/turtlebot3) by extension 'ignore_ament_install'
[3.323s] Level 1:colcon.colcon_core.package_identification:_identify(src/turtlebot3/turtlebot3/turtlebot3) by extensions ['colcon_pkg']
[3.323s] Level 1:colcon.colcon_core.package_identification:_identify(src/turtlebot3/turtlebot3/turtlebot3) by extension 'colcon_pkg'
[3.323s] Level 1:colcon.colcon_core.package_identification:_identify(src/turtlebot3/turtlebot3/turtlebot3) by extensions ['colcon_meta']
[3.323s] Level 1:colcon.colcon_core.package_identification:_identify(src/turtlebot3/turtlebot3/turtlebot3) by extension 'colcon_meta'
[3.323s] Level 1:colcon.colcon_core.package_identification:_identify(src/turtlebot3/turtlebot3/turtlebot3) by extensions ['ros']
[3.323s] Level 1:colcon.colcon_core.package_identification:_identify(src/turtlebot3/turtlebot3/turtlebot3) by extension 'ros'
[3.342s] DEBUG:colcon.colcon_core.package_identification:Package 'src/turtlebot3/turtlebot3/turtlebot3' with type 'ros.ament_cmake' and name 'turtlebot3'
[3.343s] Level 1:colcon.colcon_core.package_identification:_identify(src/turtlebot3/turtlebot3/turtlebot3_bringup) by extensions ['ignore', 'ignore_ament_install']
[3.343s] Level 1:colcon.colcon_core.package_identification:_identify(src/turtlebot3/turtlebot3/turtlebot3_bringup) by extension 'ignore'
[3.343s] Level 1:colcon.colcon_core.package_identification:_identify(src/turtlebot3/turtlebot3/turtlebot3_bringup) by extension 'ignore_ament_install'
[3.343s] Level 1:colcon.colcon_core.package_identification:_identify(src/turtlebot3/turtlebot3/turtlebot3_bringup) by extensions ['colcon_pkg']
[3.343s] Level 1:colcon.colcon_core.package_identification:_identify(src/turtlebot3/turtlebot3/turtlebot3_bringup) by extension 'colcon_pkg'
[3.343s] Level 1:colcon.colcon_core.package_identification:_identify(src/turtlebot3/turtlebot3/turtlebot3_bringup) by extensions ['colcon_meta']
[3.343s] Level 1:colcon.colcon_core.package_identification:_identify(src/turtlebot3/turtlebot3/turtlebot3_bringup) by extension 'colcon_meta'
[3.343s] Level 1:colcon.colcon_core.package_identification:_identify(src/turtlebot3/turtlebot3/turtlebot3_bringup) by extensions ['ros']
[3.343s] Level 1:colcon.colcon_core.package_identification:_identify(src/turtlebot3/turtlebot3/turtlebot3_bringup) by extension 'ros'
[3.344s] DEBUG:colcon.colcon_core.package_identification:Package 'src/turtlebot3/turtlebot3/turtlebot3_bringup' with type 'ros.ament_cmake' and name 'turtlebot3_bringup'
[3.344s] Level 1:colcon.colcon_core.package_identification:_identify(src/turtlebot3/turtlebot3/turtlebot3_cartographer) by extensions ['ignore', 'ignore_ament_install']
[3.345s] Level 1:colcon.colcon_core.package_identification:_identify(src/turtlebot3/turtlebot3/turtlebot3_cartographer) by extension 'ignore'
[3.345s] Level 1:colcon.colcon_core.package_identification:_identify(src/turtlebot3/turtlebot3/turtlebot3_cartographer) by extension 'ignore_ament_install'
[3.345s] Level 1:colcon.colcon_core.package_identification:_identify(src/turtlebot3/turtlebot3/turtlebot3_cartographer) by extensions ['colcon_pkg']
[3.345s] Level 1:colcon.colcon_core.package_identification:_identify(src/turtlebot3/turtlebot3/turtlebot3_cartographer) by extension 'colcon_pkg'
[3.345s] Level 1:colcon.colcon_core.package_identification:_identify(src/turtlebot3/turtlebot3/turtlebot3_cartographer) by extensions ['colcon_meta']
[3.345s] Level 1:colcon.colcon_core.package_identification:_identify(src/turtlebot3/turtlebot3/turtlebot3_cartographer) by extension 'colcon_meta'
[3.345s] Level 1:colcon.colcon_core.package_identification:_identify(src/turtlebot3/turtlebot3/turtlebot3_cartographer) by extensions ['ros']
[3.345s] Level 1:colcon.colcon_core.package_identification:_identify(src/turtlebot3/turtlebot3/turtlebot3_cartographer) by extension 'ros'
[3.354s] DEBUG:colcon.colcon_core.package_identification:Package 'src/turtlebot3/turtlebot3/turtlebot3_cartographer' with type 'ros.ament_cmake' and name 'turtlebot3_cartographer'
[3.354s] Level 1:colcon.colcon_core.package_identification:_identify(src/turtlebot3/turtlebot3/turtlebot3_description) by extensions ['ignore', 'ignore_ament_install']
[3.355s] Level 1:colcon.colcon_core.package_identification:_identify(src/turtlebot3/turtlebot3/turtlebot3_description) by extension 'ignore'
[3.355s] Level 1:colcon.colcon_core.package_identification:_identify(src/turtlebot3/turtlebot3/turtlebot3_description) by extension 'ignore_ament_install'
[3.355s] Level 1:colcon.colcon_core.package_identification:_identify(src/turtlebot3/turtlebot3/turtlebot3_description) by extensions ['colcon_pkg']
[3.355s] Level 1:colcon.colcon_core.package_identification:_identify(src/turtlebot3/turtlebot3/turtlebot3_description) by extension 'colcon_pkg'
[3.356s] Level 1:colcon.colcon_core.package_identification:_identify(src/turtlebot3/turtlebot3/turtlebot3_description) by extensions ['colcon_meta']
[3.356s] Level 1:colcon.colcon_core.package_identification:_identify(src/turtlebot3/turtlebot3/turtlebot3_description) by extension 'colcon_meta'
[3.356s] Level 1:colcon.colcon_core.package_identification:_identify(src/turtlebot3/turtlebot3/turtlebot3_description) by extensions ['ros']
[3.356s] Level 1:colcon.colcon_core.package_identification:_identify(src/turtlebot3/turtlebot3/turtlebot3_description) by extension 'ros'
[3.359s] DEBUG:colcon.colcon_core.package_identification:Package 'src/turtlebot3/turtlebot3/turtlebot3_description' with type 'ros.ament_cmake' and name 'turtlebot3_description'
[3.360s] Level 1:colcon.colcon_core.package_identification:_identify(src/turtlebot3/turtlebot3/turtlebot3_example) by extensions ['ignore', 'ignore_ament_install']
[3.360s] Level 1:colcon.colcon_core.package_identification:_identify(src/turtlebot3/turtlebot3/turtlebot3_example) by extension 'ignore'
[3.360s] Level 1:colcon.colcon_core.package_identification:_identify(src/turtlebot3/turtlebot3/turtlebot3_example) by extension 'ignore_ament_install'
[3.361s] Level 1:colcon.colcon_core.package_identification:_identify(src/turtlebot3/turtlebot3/turtlebot3_example) by extensions ['colcon_pkg']
[3.361s] Level 1:colcon.colcon_core.package_identification:_identify(src/turtlebot3/turtlebot3/turtlebot3_example) by extension 'colcon_pkg'
[3.361s] Level 1:colcon.colcon_core.package_identification:_identify(src/turtlebot3/turtlebot3/turtlebot3_example) by extensions ['colcon_meta']
[3.365s] Level 1:colcon.colcon_core.package_identification:_identify(src/turtlebot3/turtlebot3/turtlebot3_example) by extension 'colcon_meta'
[3.365s] Level 1:colcon.colcon_core.package_identification:_identify(src/turtlebot3/turtlebot3/turtlebot3_example) by extensions ['ros']
[3.365s] Level 1:colcon.colcon_core.package_identification:_identify(src/turtlebot3/turtlebot3/turtlebot3_example) by extension 'ros'
[3.378s] DEBUG:colcon.colcon_core.package_identification:Package 'src/turtlebot3/turtlebot3/turtlebot3_example' with type 'ros.ament_python' and name 'turtlebot3_example'
[3.378s] Level 1:colcon.colcon_core.package_identification:_identify(src/turtlebot3/turtlebot3/turtlebot3_navigation2) by extensions ['ignore', 'ignore_ament_install']
[3.379s] Level 1:colcon.colcon_core.package_identification:_identify(src/turtlebot3/turtlebot3/turtlebot3_navigation2) by extension 'ignore'
[3.379s] Level 1:colcon.colcon_core.package_identification:_identify(src/turtlebot3/turtlebot3/turtlebot3_navigation2) by extension 'ignore_ament_install'
[3.379s] Level 1:colcon.colcon_core.package_identification:_identify(src/turtlebot3/turtlebot3/turtlebot3_navigation2) by extensions ['colcon_pkg']
[3.379s] Level 1:colcon.colcon_core.package_identification:_identify(src/turtlebot3/turtlebot3/turtlebot3_navigation2) by extension 'colcon_pkg'
[3.379s] Level 1:colcon.colcon_core.package_identification:_identify(src/turtlebot3/turtlebot3/turtlebot3_navigation2) by extensions ['colcon_meta']
[3.379s] Level 1:colcon.colcon_core.package_identification:_identify(src/turtlebot3/turtlebot3/turtlebot3_navigation2) by extension 'colcon_meta'
[3.380s] Level 1:colcon.colcon_core.package_identification:_identify(src/turtlebot3/turtlebot3/turtlebot3_navigation2) by extensions ['ros']
[3.380s] Level 1:colcon.colcon_core.package_identification:_identify(src/turtlebot3/turtlebot3/turtlebot3_navigation2) by extension 'ros'
[3.395s] DEBUG:colcon.colcon_core.package_identification:Package 'src/turtlebot3/turtlebot3/turtlebot3_navigation2' with type 'ros.ament_cmake' and name 'turtlebot3_navigation2'
[3.395s] Level 1:colcon.colcon_core.package_identification:_identify(src/turtlebot3/turtlebot3/turtlebot3_node) by extensions ['ignore', 'ignore_ament_install']
[3.395s] Level 1:colcon.colcon_core.package_identification:_identify(src/turtlebot3/turtlebot3/turtlebot3_node) by extension 'ignore'
[3.396s] Level 1:colcon.colcon_core.package_identification:_identify(src/turtlebot3/turtlebot3/turtlebot3_node) by extension 'ignore_ament_install'
[3.396s] Level 1:colcon.colcon_core.package_identification:_identify(src/turtlebot3/turtlebot3/turtlebot3_node) by extensions ['colcon_pkg']
[3.396s] Level 1:colcon.colcon_core.package_identification:_identify(src/turtlebot3/turtlebot3/turtlebot3_node) by extension 'colcon_pkg'
[3.396s] Level 1:colcon.colcon_core.package_identification:_identify(src/turtlebot3/turtlebot3/turtlebot3_node) by extensions ['colcon_meta']
[3.396s] Level 1:colcon.colcon_core.package_identification:_identify(src/turtlebot3/turtlebot3/turtlebot3_node) by extension 'colcon_meta'
[3.396s] Level 1:colcon.colcon_core.package_identification:_identify(src/turtlebot3/turtlebot3/turtlebot3_node) by extensions ['ros']
[3.396s] Level 1:colcon.colcon_core.package_identification:_identify(src/turtlebot3/turtlebot3/turtlebot3_node) by extension 'ros'
[3.410s] DEBUG:colcon.colcon_core.package_identification:Package 'src/turtlebot3/turtlebot3/turtlebot3_node' with type 'ros.ament_cmake' and name 'turtlebot3_node'
[3.410s] Level 1:colcon.colcon_core.package_identification:_identify(src/turtlebot3/turtlebot3/turtlebot3_teleop) by extensions ['ignore', 'ignore_ament_install']
[3.410s] Level 1:colcon.colcon_core.package_identification:_identify(src/turtlebot3/turtlebot3/turtlebot3_teleop) by extension 'ignore'
[3.410s] Level 1:colcon.colcon_core.package_identification:_identify(src/turtlebot3/turtlebot3/turtlebot3_teleop) by extension 'ignore_ament_install'
[3.410s] Level 1:colcon.colcon_core.package_identification:_identify(src/turtlebot3/turtlebot3/turtlebot3_teleop) by extensions ['colcon_pkg']
[3.410s] Level 1:colcon.colcon_core.package_identification:_identify(src/turtlebot3/turtlebot3/turtlebot3_teleop) by extension 'colcon_pkg'
[3.410s] Level 1:colcon.colcon_core.package_identification:_identify(src/turtlebot3/turtlebot3/turtlebot3_teleop) by extensions ['colcon_meta']
[3.411s] Level 1:colcon.colcon_core.package_identification:_identify(src/turtlebot3/turtlebot3/turtlebot3_teleop) by extension 'colcon_meta'
[3.411s] Level 1:colcon.colcon_core.package_identification:_identify(src/turtlebot3/turtlebot3/turtlebot3_teleop) by extensions ['ros']
[3.411s] Level 1:colcon.colcon_core.package_identification:_identify(src/turtlebot3/turtlebot3/turtlebot3_teleop) by extension 'ros'
[3.422s] DEBUG:colcon.colcon_core.package_identification:Package 'src/turtlebot3/turtlebot3/turtlebot3_teleop' with type 'ros.ament_python' and name 'turtlebot3_teleop'
[3.423s] Level 1:colcon.colcon_core.package_identification:_identify(src/turtlebot3/turtlebot3_msgs) by extensions ['ignore', 'ignore_ament_install']
[3.423s] Level 1:colcon.colcon_core.package_identification:_identify(src/turtlebot3/turtlebot3_msgs) by extension 'ignore'
[3.423s] Level 1:colcon.colcon_core.package_identification:_identify(src/turtlebot3/turtlebot3_msgs) by extension 'ignore_ament_install'
[3.423s] Level 1:colcon.colcon_core.package_identification:_identify(src/turtlebot3/turtlebot3_msgs) by extensions ['colcon_pkg']
[3.423s] Level 1:colcon.colcon_core.package_identification:_identify(src/turtlebot3/turtlebot3_msgs) by extension 'colcon_pkg'
[3.423s] Level 1:colcon.colcon_core.package_identification:_identify(src/turtlebot3/turtlebot3_msgs) by extensions ['colcon_meta']
[3.423s] Level 1:colcon.colcon_core.package_identification:_identify(src/turtlebot3/turtlebot3_msgs) by extension 'colcon_meta'
[3.423s] Level 1:colcon.colcon_core.package_identification:_identify(src/turtlebot3/turtlebot3_msgs) by extensions ['ros']
[3.423s] Level 1:colcon.colcon_core.package_identification:_identify(src/turtlebot3/turtlebot3_msgs) by extension 'ros'
[3.442s] DEBUG:colcon.colcon_core.package_identification:Package 'src/turtlebot3/turtlebot3_msgs' with type 'ros.ament_cmake' and name 'turtlebot3_msgs'
[3.443s] Level 1:colcon.colcon_core.package_identification:_identify(src/turtlebot3/turtlebot3_simulations) by extensions ['ignore', 'ignore_ament_install']
[3.444s] Level 1:colcon.colcon_core.package_identification:_identify(src/turtlebot3/turtlebot3_simulations) by extension 'ignore'
[3.444s] Level 1:colcon.colcon_core.package_identification:_identify(src/turtlebot3/turtlebot3_simulations) by extension 'ignore_ament_install'
[3.444s] Level 1:colcon.colcon_core.package_identification:_identify(src/turtlebot3/turtlebot3_simulations) by extensions ['colcon_pkg']
[3.444s] Level 1:colcon.colcon_core.package_identification:_identify(src/turtlebot3/turtlebot3_simulations) by extension 'colcon_pkg'
[3.445s] Level 1:colcon.colcon_core.package_identification:_identify(src/turtlebot3/turtlebot3_simulations) by extensions ['colcon_meta']
[3.445s] Level 1:colcon.colcon_core.package_identification:_identify(src/turtlebot3/turtlebot3_simulations) by extension 'colcon_meta'
[3.445s] Level 1:colcon.colcon_core.package_identification:_identify(src/turtlebot3/turtlebot3_simulations) by extensions ['ros']
[3.445s] Level 1:colcon.colcon_core.package_identification:_identify(src/turtlebot3/turtlebot3_simulations) by extension 'ros'
[3.446s] Level 1:colcon.colcon_core.package_identification:_identify(src/turtlebot3/turtlebot3_simulations) by extensions ['cmake', 'python']
[3.446s] Level 1:colcon.colcon_core.package_identification:_identify(src/turtlebot3/turtlebot3_simulations) by extension 'cmake'
[3.446s] Level 1:colcon.colcon_core.package_identification:_identify(src/turtlebot3/turtlebot3_simulations) by extension 'python'
[3.446s] Level 1:colcon.colcon_core.package_identification:_identify(src/turtlebot3/turtlebot3_simulations) by extensions ['python_setup_py']
[3.446s] Level 1:colcon.colcon_core.package_identification:_identify(src/turtlebot3/turtlebot3_simulations) by extension 'python_setup_py'
[3.447s] Level 1:colcon.colcon_core.package_identification:_identify(src/turtlebot3/turtlebot3_simulations/turtlebot3_fake_node) by extensions ['ignore', 'ignore_ament_install']
[3.447s] Level 1:colcon.colcon_core.package_identification:_identify(src/turtlebot3/turtlebot3_simulations/turtlebot3_fake_node) by extension 'ignore'
[3.448s] Level 1:colcon.colcon_core.package_identification:_identify(src/turtlebot3/turtlebot3_simulations/turtlebot3_fake_node) by extension 'ignore_ament_install'
[3.448s] Level 1:colcon.colcon_core.package_identification:_identify(src/turtlebot3/turtlebot3_simulations/turtlebot3_fake_node) by extensions ['colcon_pkg']
[3.448s] Level 1:colcon.colcon_core.package_identification:_identify(src/turtlebot3/turtlebot3_simulations/turtlebot3_fake_node) by extension 'colcon_pkg'
[3.448s] Level 1:colcon.colcon_core.package_identification:_identify(src/turtlebot3/turtlebot3_simulations/turtlebot3_fake_node) by extensions ['colcon_meta']
[3.448s] Level 1:colcon.colcon_core.package_identification:_identify(src/turtlebot3/turtlebot3_simulations/turtlebot3_fake_node) by extension 'colcon_meta'
[3.449s] Level 1:colcon.colcon_core.package_identification:_identify(src/turtlebot3/turtlebot3_simulations/turtlebot3_fake_node) by extensions ['ros']
[3.449s] Level 1:colcon.colcon_core.package_identification:_identify(src/turtlebot3/turtlebot3_simulations/turtlebot3_fake_node) by extension 'ros'
[3.468s] DEBUG:colcon.colcon_core.package_identification:Package 'src/turtlebot3/turtlebot3_simulations/turtlebot3_fake_node' with type 'ros.ament_cmake' and name 'turtlebot3_fake_node'
[3.469s] Level 1:colcon.colcon_core.package_identification:_identify(src/turtlebot3/turtlebot3_simulations/turtlebot3_gazebo) by extensions ['ignore', 'ignore_ament_install']
[3.469s] Level 1:colcon.colcon_core.package_identification:_identify(src/turtlebot3/turtlebot3_simulations/turtlebot3_gazebo) by extension 'ignore'
[3.469s] Level 1:colcon.colcon_core.package_identification:_identify(src/turtlebot3/turtlebot3_simulations/turtlebot3_gazebo) by extension 'ignore_ament_install'
[3.469s] Level 1:colcon.colcon_core.package_identification:_identify(src/turtlebot3/turtlebot3_simulations/turtlebot3_gazebo) by extensions ['colcon_pkg']
[3.469s] Level 1:colcon.colcon_core.package_identification:_identify(src/turtlebot3/turtlebot3_simulations/turtlebot3_gazebo) by extension 'colcon_pkg'
[3.469s] Level 1:colcon.colcon_core.package_identification:_identify(src/turtlebot3/turtlebot3_simulations/turtlebot3_gazebo) by extensions ['colcon_meta']
[3.470s] Level 1:colcon.colcon_core.package_identification:_identify(src/turtlebot3/turtlebot3_simulations/turtlebot3_gazebo) by extension 'colcon_meta'
[3.470s] Level 1:colcon.colcon_core.package_identification:_identify(src/turtlebot3/turtlebot3_simulations/turtlebot3_gazebo) by extensions ['ros']
[3.470s] Level 1:colcon.colcon_core.package_identification:_identify(src/turtlebot3/turtlebot3_simulations/turtlebot3_gazebo) by extension 'ros'
[3.482s] DEBUG:colcon.colcon_core.package_identification:Package 'src/turtlebot3/turtlebot3_simulations/turtlebot3_gazebo' with type 'ros.ament_cmake' and name 'turtlebot3_gazebo'
[3.482s] Level 1:colcon.colcon_core.package_identification:_identify(src/turtlebot3/turtlebot3_simulations/turtlebot3_simulations) by extensions ['ignore', 'ignore_ament_install']
[3.482s] Level 1:colcon.colcon_core.package_identification:_identify(src/turtlebot3/turtlebot3_simulations/turtlebot3_simulations) by extension 'ignore'
[3.482s] Level 1:colcon.colcon_core.package_identification:_identify(src/turtlebot3/turtlebot3_simulations/turtlebot3_simulations) by extension 'ignore_ament_install'
[3.483s] Level 1:colcon.colcon_core.package_identification:_identify(src/turtlebot3/turtlebot3_simulations/turtlebot3_simulations) by extensions ['colcon_pkg']
[3.483s] Level 1:colcon.colcon_core.package_identification:_identify(src/turtlebot3/turtlebot3_simulations/turtlebot3_simulations) by extension 'colcon_pkg'
[3.483s] Level 1:colcon.colcon_core.package_identification:_identify(src/turtlebot3/turtlebot3_simulations/turtlebot3_simulations) by extensions ['colcon_meta']
[3.483s] Level 1:colcon.colcon_core.package_identification:_identify(src/turtlebot3/turtlebot3_simulations/turtlebot3_simulations) by extension 'colcon_meta'
[3.483s] Level 1:colcon.colcon_core.package_identification:_identify(src/turtlebot3/turtlebot3_simulations/turtlebot3_simulations) by extensions ['ros']
[3.483s] Level 1:colcon.colcon_core.package_identification:_identify(src/turtlebot3/turtlebot3_simulations/turtlebot3_simulations) by extension 'ros'
[3.500s] DEBUG:colcon.colcon_core.package_identification:Package 'src/turtlebot3/turtlebot3_simulations/turtlebot3_simulations' with type 'ros.ament_cmake' and name 'turtlebot3_simulations'
[3.500s] Level 1:colcon.colcon_core.package_identification:_identify(src/utils) by extensions ['ignore', 'ignore_ament_install']
[3.500s] Level 1:colcon.colcon_core.package_identification:_identify(src/utils) by extension 'ignore'
[3.501s] Level 1:colcon.colcon_core.package_identification:_identify(src/utils) by extension 'ignore_ament_install'
[3.501s] Level 1:colcon.colcon_core.package_identification:_identify(src/utils) by extensions ['colcon_pkg']
[3.501s] Level 1:colcon.colcon_core.package_identification:_identify(src/utils) by extension 'colcon_pkg'
[3.501s] Level 1:colcon.colcon_core.package_identification:_identify(src/utils) by extensions ['colcon_meta']
[3.501s] Level 1:colcon.colcon_core.package_identification:_identify(src/utils) by extension 'colcon_meta'
[3.501s] Level 1:colcon.colcon_core.package_identification:_identify(src/utils) by extensions ['ros']
[3.501s] Level 1:colcon.colcon_core.package_identification:_identify(src/utils) by extension 'ros'
[3.501s] Level 1:colcon.colcon_core.package_identification:_identify(src/utils) by extensions ['cmake', 'python']
[3.502s] Level 1:colcon.colcon_core.package_identification:_identify(src/utils) by extension 'cmake'
[3.502s] Level 1:colcon.colcon_core.package_identification:_identify(src/utils) by extension 'python'
[3.502s] Level 1:colcon.colcon_core.package_identification:_identify(src/utils) by extensions ['python_setup_py']
[3.502s] Level 1:colcon.colcon_core.package_identification:_identify(src/utils) by extension 'python_setup_py'
[3.502s] Level 1:colcon.colcon_core.package_identification:_identify(src/utils/DynamixelSDK) by extensions ['ignore', 'ignore_ament_install']
[3.502s] Level 1:colcon.colcon_core.package_identification:_identify(src/utils/DynamixelSDK) by extension 'ignore'
[3.503s] Level 1:colcon.colcon_core.package_identification:_identify(src/utils/DynamixelSDK) by extension 'ignore_ament_install'
[3.503s] Level 1:colcon.colcon_core.package_identification:_identify(src/utils/DynamixelSDK) by extensions ['colcon_pkg']
[3.503s] Level 1:colcon.colcon_core.package_identification:_identify(src/utils/DynamixelSDK) by extension 'colcon_pkg'
[3.503s] Level 1:colcon.colcon_core.package_identification:_identify(src/utils/DynamixelSDK) by extensions ['colcon_meta']
[3.503s] Level 1:colcon.colcon_core.package_identification:_identify(src/utils/DynamixelSDK) by extension 'colcon_meta'
[3.503s] Level 1:colcon.colcon_core.package_identification:_identify(src/utils/DynamixelSDK) by extensions ['ros']
[3.503s] Level 1:colcon.colcon_core.package_identification:_identify(src/utils/DynamixelSDK) by extension 'ros'
[3.503s] Level 1:colcon.colcon_core.package_identification:_identify(src/utils/DynamixelSDK) by extensions ['cmake', 'python']
[3.503s] Level 1:colcon.colcon_core.package_identification:_identify(src/utils/DynamixelSDK) by extension 'cmake'
[3.503s] Level 1:colcon.colcon_core.package_identification:_identify(src/utils/DynamixelSDK) by extension 'python'
[3.504s] Level 1:colcon.colcon_core.package_identification:_identify(src/utils/DynamixelSDK) by extensions ['python_setup_py']
[3.504s] Level 1:colcon.colcon_core.package_identification:_identify(src/utils/DynamixelSDK) by extension 'python_setup_py'
[3.504s] Level 1:colcon.colcon_core.package_identification:_identify(src/utils/DynamixelSDK/dynamixel_sdk) by extensions ['ignore', 'ignore_ament_install']
[3.504s] Level 1:colcon.colcon_core.package_identification:_identify(src/utils/DynamixelSDK/dynamixel_sdk) by extension 'ignore'
[3.504s] Level 1:colcon.colcon_core.package_identification:_identify(src/utils/DynamixelSDK/dynamixel_sdk) by extension 'ignore_ament_install'
[3.504s] Level 1:colcon.colcon_core.package_identification:_identify(src/utils/DynamixelSDK/dynamixel_sdk) by extensions ['colcon_pkg']
[3.504s] Level 1:colcon.colcon_core.package_identification:_identify(src/utils/DynamixelSDK/dynamixel_sdk) by extension 'colcon_pkg'
[3.504s] Level 1:colcon.colcon_core.package_identification:_identify(src/utils/DynamixelSDK/dynamixel_sdk) by extensions ['colcon_meta']
[3.505s] Level 1:colcon.colcon_core.package_identification:_identify(src/utils/DynamixelSDK/dynamixel_sdk) by extension 'colcon_meta'
[3.505s] Level 1:colcon.colcon_core.package_identification:_identify(src/utils/DynamixelSDK/dynamixel_sdk) by extensions ['ros']
[3.505s] Level 1:colcon.colcon_core.package_identification:_identify(src/utils/DynamixelSDK/dynamixel_sdk) by extension 'ros'
[3.508s] DEBUG:colcon.colcon_core.package_identification:Package 'src/utils/DynamixelSDK/dynamixel_sdk' with type 'ros.ament_cmake' and name 'dynamixel_sdk'
[3.508s] Level 1:colcon.colcon_core.package_identification:_identify(src/utils/DynamixelSDK/dynamixel_sdk_custom_interfaces) by extensions ['ignore', 'ignore_ament_install']
[3.509s] Level 1:colcon.colcon_core.package_identification:_identify(src/utils/DynamixelSDK/dynamixel_sdk_custom_interfaces) by extension 'ignore'
[3.509s] Level 1:colcon.colcon_core.package_identification:_identify(src/utils/DynamixelSDK/dynamixel_sdk_custom_interfaces) by extension 'ignore_ament_install'
[3.509s] Level 1:colcon.colcon_core.package_identification:_identify(src/utils/DynamixelSDK/dynamixel_sdk_custom_interfaces) by extensions ['colcon_pkg']
[3.509s] Level 1:colcon.colcon_core.package_identification:_identify(src/utils/DynamixelSDK/dynamixel_sdk_custom_interfaces) by extension 'colcon_pkg'
[3.509s] Level 1:colcon.colcon_core.package_identification:_identify(src/utils/DynamixelSDK/dynamixel_sdk_custom_interfaces) by extensions ['colcon_meta']
[3.509s] Level 1:colcon.colcon_core.package_identification:_identify(src/utils/DynamixelSDK/dynamixel_sdk_custom_interfaces) by extension 'colcon_meta'
[3.509s] Level 1:colcon.colcon_core.package_identification:_identify(src/utils/DynamixelSDK/dynamixel_sdk_custom_interfaces) by extensions ['ros']
[3.509s] Level 1:colcon.colcon_core.package_identification:_identify(src/utils/DynamixelSDK/dynamixel_sdk_custom_interfaces) by extension 'ros'
[3.520s] DEBUG:colcon.colcon_core.package_identification:Package 'src/utils/DynamixelSDK/dynamixel_sdk_custom_interfaces' with type 'ros.ament_cmake' and name 'dynamixel_sdk_custom_interfaces'
[3.520s] Level 1:colcon.colcon_core.package_identification:_identify(src/utils/DynamixelSDK/dynamixel_sdk_examples) by extensions ['ignore', 'ignore_ament_install']
[3.520s] Level 1:colcon.colcon_core.package_identification:_identify(src/utils/DynamixelSDK/dynamixel_sdk_examples) by extension 'ignore'
[3.520s] Level 1:colcon.colcon_core.package_identification:_identify(src/utils/DynamixelSDK/dynamixel_sdk_examples) by extension 'ignore_ament_install'
[3.520s] Level 1:colcon.colcon_core.package_identification:_identify(src/utils/DynamixelSDK/dynamixel_sdk_examples) by extensions ['colcon_pkg']
[3.520s] Level 1:colcon.colcon_core.package_identification:_identify(src/utils/DynamixelSDK/dynamixel_sdk_examples) by extension 'colcon_pkg'
[3.520s] Level 1:colcon.colcon_core.package_identification:_identify(src/utils/DynamixelSDK/dynamixel_sdk_examples) by extensions ['colcon_meta']
[3.520s] Level 1:colcon.colcon_core.package_identification:_identify(src/utils/DynamixelSDK/dynamixel_sdk_examples) by extension 'colcon_meta'
[3.520s] Level 1:colcon.colcon_core.package_identification:_identify(src/utils/DynamixelSDK/dynamixel_sdk_examples) by extensions ['ros']
[3.520s] Level 1:colcon.colcon_core.package_identification:_identify(src/utils/DynamixelSDK/dynamixel_sdk_examples) by extension 'ros'
[3.533s] DEBUG:colcon.colcon_core.package_identification:Package 'src/utils/DynamixelSDK/dynamixel_sdk_examples' with type 'ros.ament_cmake' and name 'dynamixel_sdk_examples'
[3.533s] Level 1:colcon.colcon_core.package_identification:_identify(src/utils/hls_lfcd_lds_driver) by extensions ['ignore', 'ignore_ament_install']
[3.533s] Level 1:colcon.colcon_core.package_identification:_identify(src/utils/hls_lfcd_lds_driver) by extension 'ignore'
[3.534s] Level 1:colcon.colcon_core.package_identification:_identify(src/utils/hls_lfcd_lds_driver) by extension 'ignore_ament_install'
[3.534s] Level 1:colcon.colcon_core.package_identification:_identify(src/utils/hls_lfcd_lds_driver) by extensions ['colcon_pkg']
[3.534s] Level 1:colcon.colcon_core.package_identification:_identify(src/utils/hls_lfcd_lds_driver) by extension 'colcon_pkg'
[3.534s] Level 1:colcon.colcon_core.package_identification:_identify(src/utils/hls_lfcd_lds_driver) by extensions ['colcon_meta']
[3.534s] Level 1:colcon.colcon_core.package_identification:_identify(src/utils/hls_lfcd_lds_driver) by extension 'colcon_meta'
[3.534s] Level 1:colcon.colcon_core.package_identification:_identify(src/utils/hls_lfcd_lds_driver) by extensions ['ros']
[3.534s] Level 1:colcon.colcon_core.package_identification:_identify(src/utils/hls_lfcd_lds_driver) by extension 'ros'
[3.535s] DEBUG:colcon.colcon_core.package_identification:Package 'src/utils/hls_lfcd_lds_driver' with type 'ros.ament_cmake' and name 'hls_lfcd_lds_driver'
[3.535s] Level 1:colcon.colcon_core.package_discovery:discover_packages(recursive) using defaults
[3.535s] Level 1:colcon.colcon_core.package_discovery:discover_packages(ignore) discover
[3.535s] Level 1:colcon.colcon_core.package_discovery:discover_packages(ignore) using defaults
[3.535s] Level 1:colcon.colcon_core.package_discovery:discover_packages(path) discover
[3.535s] Level 1:colcon.colcon_core.package_discovery:discover_packages(path) using defaults
[3.807s] INFO:colcon.colcon_core.package_selection:Skipping not selected package 'dynamixel_sdk' in 'src/utils/DynamixelSDK/dynamixel_sdk'
[3.807s] INFO:colcon.colcon_core.package_selection:Skipping not selected package 'dynamixel_sdk_custom_interfaces' in 'src/utils/DynamixelSDK/dynamixel_sdk_custom_interfaces'
[3.807s] INFO:colcon.colcon_core.package_selection:Skipping not selected package 'hls_lfcd_lds_driver' in 'src/utils/hls_lfcd_lds_driver'
[3.807s] INFO:colcon.colcon_core.package_selection:Skipping not selected package 'turtlebot3_cartographer' in 'src/turtlebot3/turtlebot3/turtlebot3_cartographer'
[3.807s] INFO:colcon.colcon_core.package_selection:Skipping not selected package 'turtlebot3_description' in 'src/turtlebot3/turtlebot3/turtlebot3_description'
[3.807s] INFO:colcon.colcon_core.package_selection:Skipping not selected package 'turtlebot3_msgs' in 'src/turtlebot3/turtlebot3_msgs'
[3.807s] INFO:colcon.colcon_core.package_selection:Skipping not selected package 'turtlebot3_navigation2' in 'src/turtlebot3/turtlebot3/turtlebot3_navigation2'
[3.807s] INFO:colcon.colcon_core.package_selection:Skipping not selected package 'turtlebot3_teleop' in 'src/turtlebot3/turtlebot3/turtlebot3_teleop'
[3.807s] INFO:colcon.colcon_core.package_selection:Skipping not selected package 'dynamixel_sdk_examples' in 'src/utils/DynamixelSDK/dynamixel_sdk_examples'
[3.807s] INFO:colcon.colcon_core.package_selection:Skipping not selected package 'turtlebot3_example' in 'src/turtlebot3/turtlebot3/turtlebot3_example'
[3.807s] INFO:colcon.colcon_core.package_selection:Skipping not selected package 'turtlebot3_fake_node' in 'src/turtlebot3/turtlebot3_simulations/turtlebot3_fake_node'
[3.807s] INFO:colcon.colcon_core.package_selection:Skipping not selected package 'turtlebot3_gazebo' in 'src/turtlebot3/turtlebot3_simulations/turtlebot3_gazebo'
[3.807s] INFO:colcon.colcon_core.package_selection:Skipping not selected package 'turtlebot3_node' in 'src/turtlebot3/turtlebot3/turtlebot3_node'
[3.807s] INFO:colcon.colcon_core.package_selection:Skipping not selected package 'turtlebot3_bringup' in 'src/turtlebot3/turtlebot3/turtlebot3_bringup'
[3.807s] INFO:colcon.colcon_core.package_selection:Skipping not selected package 'turtlebot3_simulations' in 'src/turtlebot3/turtlebot3_simulations/turtlebot3_simulations'
[3.807s] INFO:colcon.colcon_core.package_selection:Skipping not selected package 'turtlebot3' in 'src/turtlebot3/turtlebot3/turtlebot3'
[3.809s] Level 1:colcon.colcon_core.package_discovery:discover_packages(prefix_path) check parameters
[3.809s] Level 1:colcon.colcon_core.package_discovery:discover_packages(prefix_path) discover
[3.832s] DEBUG:colcon.colcon_installed_package_information.package_discovery:Found 17 installed packages in /home/sakshi/ClutterBot/install
[3.834s] DEBUG:colcon.colcon_installed_package_information.package_discovery:Found 387 installed packages in /opt/ros/foxy
[3.836s] Level 1:colcon.colcon_core.package_discovery:discover_packages(prefix_path) using defaults
[4.725s] Level 5:colcon.colcon_core.verb:set package 'task' build argument 'cmake_args' from command line to 'None'
[4.725s] Level 5:colcon.colcon_core.verb:set package 'task' build argument 'cmake_target' from command line to 'None'
[4.725s] Level 5:colcon.colcon_core.verb:set package 'task' build argument 'cmake_target_skip_unavailable' from command line to 'False'
[4.725s] Level 5:colcon.colcon_core.verb:set package 'task' build argument 'cmake_clean_cache' from command line to 'False'
[4.725s] Level 5:colcon.colcon_core.verb:set package 'task' build argument 'cmake_clean_first' from command line to 'False'
[4.725s] Level 5:colcon.colcon_core.verb:set package 'task' build argument 'cmake_force_configure' from command line to 'False'
[4.725s] Level 5:colcon.colcon_core.verb:set package 'task' build argument 'ament_cmake_args' from command line to 'None'
[4.725s] Level 5:colcon.colcon_core.verb:set package 'task' build argument 'catkin_cmake_args' from command line to 'None'
[4.725s] Level 5:colcon.colcon_core.verb:set package 'task' build argument 'catkin_skip_building_tests' from command line to 'False'
[4.726s] DEBUG:colcon.colcon_core.verb:Building package 'task' with the following arguments: {'ament_cmake_args': None, 'build_base': '/home/sakshi/ClutterBot/build/task', 'catkin_cmake_args': None, 'catkin_skip_building_tests': False, 'cmake_args': None, 'cmake_clean_cache': False, 'cmake_clean_first': False, 'cmake_force_configure': False, 'cmake_target': None, 'cmake_target_skip_unavailable': False, 'install_base': '/home/sakshi/ClutterBot/install/task', 'merge_install': False, 'path': '/home/sakshi/ClutterBot/src/task', 'symlink_install': False, 'test_result_base': None}
[4.727s] INFO:colcon.colcon_core.executor:Executing jobs using 'parallel' executor
[4.735s] DEBUG:colcon.colcon_parallel_executor.executor.parallel:run_until_complete
[4.735s] INFO:colcon.colcon_ros.task.ament_cmake.build:Building ROS package in '/home/sakshi/ClutterBot/src/task' with build type 'ament_cmake'
[4.735s] INFO:colcon.colcon_cmake.task.cmake.build:Building CMake package in '/home/sakshi/ClutterBot/src/task'
[4.820s] INFO:colcon.colcon_core.plugin_system:Skipping extension 'colcon_core.shell.bat': Not used on non-Windows systems
[4.821s] INFO:colcon.colcon_core.shell:Skip shell extension 'powershell' for command environment: Not usable outside of PowerShell
[4.821s] DEBUG:colcon.colcon_core.shell:Skip shell extension 'dsv' for command environment
[4.986s] DEBUG:colcon.colcon_core.event_handler.log_command:Invoking command in '/home/sakshi/ClutterBot/build/task': CMAKE_PREFIX_PATH=${CMAKE_PREFIX_PATH}:/home/sakshi/ClutterBot/install/turtlebot3_teleop:/home/sakshi/ClutterBot/install/turtlebot3_example:/opt/ros/foxy /usr/bin/cmake --build /home/sakshi/ClutterBot/build/task -- -j8 -l8
[22.140s] DEBUG:colcon.colcon_core.event_handler.log_command:Invoked command in '/home/sakshi/ClutterBot/build/task' returned '0': CMAKE_PREFIX_PATH=${CMAKE_PREFIX_PATH}:/home/sakshi/ClutterBot/install/turtlebot3_teleop:/home/sakshi/ClutterBot/install/turtlebot3_example:/opt/ros/foxy /usr/bin/cmake --build /home/sakshi/ClutterBot/build/task -- -j8 -l8
[22.170s] DEBUG:colcon.colcon_core.event_handler.log_command:Invoking command in '/home/sakshi/ClutterBot/build/task': CMAKE_PREFIX_PATH=${CMAKE_PREFIX_PATH}:/home/sakshi/ClutterBot/install/turtlebot3_teleop:/home/sakshi/ClutterBot/install/turtlebot3_example:/opt/ros/foxy /usr/bin/cmake --install /home/sakshi/ClutterBot/build/task
[22.234s] Level 1:colcon.colcon_core.environment:create_environment_scripts_only(task)
[22.235s] DEBUG:colcon.colcon_core.event_handler.log_command:Invoked command in '/home/sakshi/ClutterBot/build/task' returned '0': CMAKE_PREFIX_PATH=${CMAKE_PREFIX_PATH}:/home/sakshi/ClutterBot/install/turtlebot3_teleop:/home/sakshi/ClutterBot/install/turtlebot3_example:/opt/ros/foxy /usr/bin/cmake --install /home/sakshi/ClutterBot/build/task
[22.318s] Level 1:colcon.colcon_core.environment:checking '/home/sakshi/ClutterBot/install/task' for CMake module files
[22.319s] Level 1:colcon.colcon_core.environment:checking '/home/sakshi/ClutterBot/install/task' for CMake config files
[22.319s] Level 1:colcon.colcon_core.shell:create_environment_hook('task', 'cmake_prefix_path')
[22.322s] INFO:colcon.colcon_core.shell:Creating environment hook '/home/sakshi/ClutterBot/install/task/share/task/hook/cmake_prefix_path.ps1'
[22.350s] INFO:colcon.colcon_core.shell:Creating environment descriptor '/home/sakshi/ClutterBot/install/task/share/task/hook/cmake_prefix_path.dsv'
[22.362s] INFO:colcon.colcon_core.shell:Creating environment hook '/home/sakshi/ClutterBot/install/task/share/task/hook/cmake_prefix_path.sh'
[22.365s] Level 1:colcon.colcon_core.environment:checking '/home/sakshi/ClutterBot/install/task/lib'
[22.365s] Level 1:colcon.colcon_core.environment:checking '/home/sakshi/ClutterBot/install/task/bin'
[22.366s] Level 1:colcon.colcon_core.environment:checking '/home/sakshi/ClutterBot/install/task/lib/pkgconfig/task.pc'
[22.366s] Level 1:colcon.colcon_core.environment:checking '/home/sakshi/ClutterBot/install/task/lib/python3.8/site-packages'
[22.367s] Level 1:colcon.colcon_core.environment:checking '/home/sakshi/ClutterBot/install/task/bin'
[22.372s] INFO:colcon.colcon_core.shell:Creating package script '/home/sakshi/ClutterBot/install/task/share/task/package.ps1'
[22.375s] INFO:colcon.colcon_core.shell:Creating package descriptor '/home/sakshi/ClutterBot/install/task/share/task/package.dsv'
[22.377s] INFO:colcon.colcon_core.shell:Creating package script '/home/sakshi/ClutterBot/install/task/share/task/package.sh'
[22.379s] INFO:colcon.colcon_core.shell:Creating package script '/home/sakshi/ClutterBot/install/task/share/task/package.bash'
[22.433s] INFO:colcon.colcon_core.shell:Creating package script '/home/sakshi/ClutterBot/install/task/share/task/package.zsh'
[22.442s] Level 1:colcon.colcon_core.environment:create_file_with_runtime_dependencies(/home/sakshi/ClutterBot/install/task/share/colcon-core/packages/task)
[22.465s] Level 1:colcon.colcon_core.environment:create_environment_scripts_only(task)
[22.468s] Level 1:colcon.colcon_core.environment:checking '/home/sakshi/ClutterBot/install/task' for CMake module files
[22.468s] Level 1:colcon.colcon_core.environment:checking '/home/sakshi/ClutterBot/install/task' for CMake config files
[22.469s] Level 1:colcon.colcon_core.shell:create_environment_hook('task', 'cmake_prefix_path')
[22.470s] INFO:colcon.colcon_core.shell:Creating environment hook '/home/sakshi/ClutterBot/install/task/share/task/hook/cmake_prefix_path.ps1'
[22.471s] INFO:colcon.colcon_core.shell:Creating environment descriptor '/home/sakshi/ClutterBot/install/task/share/task/hook/cmake_prefix_path.dsv'
[22.471s] INFO:colcon.colcon_core.shell:Creating environment hook '/home/sakshi/ClutterBot/install/task/share/task/hook/cmake_prefix_path.sh'
[22.472s] Level 1:colcon.colcon_core.environment:checking '/home/sakshi/ClutterBot/install/task/lib'
[22.472s] Level 1:colcon.colcon_core.environment:checking '/home/sakshi/ClutterBot/install/task/bin'
[22.472s] Level 1:colcon.colcon_core.environment:checking '/home/sakshi/ClutterBot/install/task/lib/pkgconfig/task.pc'
[22.472s] Level 1:colcon.colcon_core.environment:checking '/home/sakshi/ClutterBot/install/task/lib/python3.8/site-packages'
[22.472s] Level 1:colcon.colcon_core.environment:checking '/home/sakshi/ClutterBot/install/task/bin'
[22.474s] INFO:colcon.colcon_core.shell:Creating package script '/home/sakshi/ClutterBot/install/task/share/task/package.ps1'
[22.475s] INFO:colcon.colcon_core.shell:Creating package descriptor '/home/sakshi/ClutterBot/install/task/share/task/package.dsv'
[22.475s] INFO:colcon.colcon_core.shell:Creating package script '/home/sakshi/ClutterBot/install/task/share/task/package.sh'
[22.475s] INFO:colcon.colcon_core.shell:Creating package script '/home/sakshi/ClutterBot/install/task/share/task/package.bash'
[22.476s] INFO:colcon.colcon_core.shell:Creating package script '/home/sakshi/ClutterBot/install/task/share/task/package.zsh'
[22.476s] Level 1:colcon.colcon_core.environment:create_file_with_runtime_dependencies(/home/sakshi/ClutterBot/install/task/share/colcon-core/packages/task)
[22.476s] DEBUG:colcon.colcon_parallel_executor.executor.parallel:closing loop
[22.477s] DEBUG:colcon.colcon_parallel_executor.executor.parallel:loop closed
[22.477s] DEBUG:colcon.colcon_parallel_executor.executor.parallel:run_until_complete finished with '0'
[22.477s] DEBUG:colcon.colcon_core.event_reactor:joining thread
[22.597s] INFO:colcon.colcon_core.plugin_system:Skipping extension 'colcon_notification.desktop_notification.terminal_notifier': Not used on non-Darwin systems
[22.598s] INFO:colcon.colcon_core.plugin_system:Skipping extension 'colcon_notification.desktop_notification.win32': Not used on non-Windows systems
[22.598s] INFO:colcon.colcon_notification.desktop_notification:Sending desktop notification using 'notify2'
[22.638s] DEBUG:colcon.colcon_core.event_reactor:joined thread
[22.642s] INFO:colcon.colcon_core.shell:Creating prefix script '/home/sakshi/ClutterBot/install/local_setup.ps1'
[22.644s] INFO:colcon.colcon_core.shell:Creating prefix util module '/home/sakshi/ClutterBot/install/_local_setup_util_ps1.py'
[22.647s] INFO:colcon.colcon_core.shell:Creating prefix chain script '/home/sakshi/ClutterBot/install/setup.ps1'
[22.652s] INFO:colcon.colcon_core.shell:Creating prefix script '/home/sakshi/ClutterBot/install/local_setup.sh'
[22.653s] INFO:colcon.colcon_core.shell:Creating prefix util module '/home/sakshi/ClutterBot/install/_local_setup_util_sh.py'
[22.653s] INFO:colcon.colcon_core.shell:Creating prefix chain script '/home/sakshi/ClutterBot/install/setup.sh'
[22.657s] INFO:colcon.colcon_core.shell:Creating prefix script '/home/sakshi/ClutterBot/install/local_setup.bash'
[22.657s] INFO:colcon.colcon_core.shell:Creating prefix chain script '/home/sakshi/ClutterBot/install/setup.bash'
[22.663s] INFO:colcon.colcon_core.shell:Creating prefix script '/home/sakshi/ClutterBot/install/local_setup.zsh'
[22.664s] INFO:colcon.colcon_core.shell:Creating prefix chain script '/home/sakshi/ClutterBot/install/setup.zsh'
