[0.537s] Invoking command in '/home/sakshi/ClutterBot/build/turtlebot3_fake_node': CMAKE_PREFIX_PATH=/home/sakshi/ClutterBot/install/turtlebot3_msgs:/home/sakshi/ClutterBot/install/turtlebot3:/home/sakshi/ClutterBot/install/turtlebot3_simulations:/home/sakshi/ClutterBot/install/turtlebot3_bringup:/home/sakshi/ClutterBot/install/turtlebot3_node:/home/sakshi/ClutterBot/install/turtlebot3_navigation2:/home/sakshi/ClutterBot/install/turtlebot3_fake_node:/home/sakshi/ClutterBot/install/turtlebot3_gazebo:/home/sakshi/ClutterBot/install/turtlebot3_description:/home/sakshi/ClutterBot/install/turtlebot3_cartographer:/home/sakshi/ClutterBot/install/task:/home/sakshi/ClutterBot/install/hls_lfcd_lds_driver:/home/sakshi/ClutterBot/install/dynamixel_sdk_examples:/home/sakshi/ClutterBot/install/dynamixel_sdk_custom_interfaces:/home/sakshi/ClutterBot/install/dynamixel_sdk:/home/sakshi/ClutterBot/install/turtlebot3_teleop:/home/sakshi/ClutterBot/install/turtlebot3_example:/opt/ros/foxy PYTHONPATH=/home/sakshi/ClutterBot/install/turtlebot3_msgs/lib/python3.8/site-packages:/home/sakshi/ClutterBot/install/turtlebot3_teleop/lib/python3.8/site-packages:/home/sakshi/ClutterBot/install/turtlebot3_example/lib/python3.8/site-packages:/home/sakshi/ClutterBot/install/dynamixel_sdk_custom_interfaces/lib/python3.8/site-packages:/opt/ros/foxy/lib/python3.8/site-packages /usr/bin/cmake --build /home/sakshi/ClutterBot/build/turtlebot3_fake_node -- -j8 -l8
[0.940s] [100%] Built target turtlebot3_fake_node
[0.947s] Invoked command in '/home/sakshi/ClutterBot/build/turtlebot3_fake_node' returned '0': CMAKE_PREFIX_PATH=/home/sakshi/ClutterBot/install/turtlebot3_msgs:/home/sakshi/ClutterBot/install/turtlebot3:/home/sakshi/ClutterBot/install/turtlebot3_simulations:/home/sakshi/ClutterBot/install/turtlebot3_bringup:/home/sakshi/ClutterBot/install/turtlebot3_node:/home/sakshi/ClutterBot/install/turtlebot3_navigation2:/home/sakshi/ClutterBot/install/turtlebot3_fake_node:/home/sakshi/ClutterBot/install/turtlebot3_gazebo:/home/sakshi/ClutterBot/install/turtlebot3_description:/home/sakshi/ClutterBot/install/turtlebot3_cartographer:/home/sakshi/ClutterBot/install/task:/home/sakshi/ClutterBot/install/hls_lfcd_lds_driver:/home/sakshi/ClutterBot/install/dynamixel_sdk_examples:/home/sakshi/ClutterBot/install/dynamixel_sdk_custom_interfaces:/home/sakshi/ClutterBot/install/dynamixel_sdk:/home/sakshi/ClutterBot/install/turtlebot3_teleop:/home/sakshi/ClutterBot/install/turtlebot3_example:/opt/ros/foxy PYTHONPATH=/home/sakshi/ClutterBot/install/turtlebot3_msgs/lib/python3.8/site-packages:/home/sakshi/ClutterBot/install/turtlebot3_teleop/lib/python3.8/site-packages:/home/sakshi/ClutterBot/install/turtlebot3_example/lib/python3.8/site-packages:/home/sakshi/ClutterBot/install/dynamixel_sdk_custom_interfaces/lib/python3.8/site-packages:/opt/ros/foxy/lib/python3.8/site-packages /usr/bin/cmake --build /home/sakshi/ClutterBot/build/turtlebot3_fake_node -- -j8 -l8
[0.975s] Invoking command in '/home/sakshi/ClutterBot/build/turtlebot3_fake_node': CMAKE_PREFIX_PATH=/home/sakshi/ClutterBot/install/turtlebot3_msgs:/home/sakshi/ClutterBot/install/turtlebot3:/home/sakshi/ClutterBot/install/turtlebot3_simulations:/home/sakshi/ClutterBot/install/turtlebot3_bringup:/home/sakshi/ClutterBot/install/turtlebot3_node:/home/sakshi/ClutterBot/install/turtlebot3_navigation2:/home/sakshi/ClutterBot/install/turtlebot3_fake_node:/home/sakshi/ClutterBot/install/turtlebot3_gazebo:/home/sakshi/ClutterBot/install/turtlebot3_description:/home/sakshi/ClutterBot/install/turtlebot3_cartographer:/home/sakshi/ClutterBot/install/task:/home/sakshi/ClutterBot/install/hls_lfcd_lds_driver:/home/sakshi/ClutterBot/install/dynamixel_sdk_examples:/home/sakshi/ClutterBot/install/dynamixel_sdk_custom_interfaces:/home/sakshi/ClutterBot/install/dynamixel_sdk:/home/sakshi/ClutterBot/install/turtlebot3_teleop:/home/sakshi/ClutterBot/install/turtlebot3_example:/opt/ros/foxy PYTHONPATH=/home/sakshi/ClutterBot/install/turtlebot3_msgs/lib/python3.8/site-packages:/home/sakshi/ClutterBot/install/turtlebot3_teleop/lib/python3.8/site-packages:/home/sakshi/ClutterBot/install/turtlebot3_example/lib/python3.8/site-packages:/home/sakshi/ClutterBot/install/dynamixel_sdk_custom_interfaces/lib/python3.8/site-packages:/opt/ros/foxy/lib/python3.8/site-packages /usr/bin/cmake --install /home/sakshi/ClutterBot/build/turtlebot3_fake_node
[1.195s] -- Install configuration: ""
[1.453s] -- Up-to-date: /home/sakshi/ClutterBot/install/turtlebot3_fake_node/lib/turtlebot3_fake_node/turtlebot3_fake_node
[1.453s] -- Up-to-date: /home/sakshi/ClutterBot/install/turtlebot3_fake_node/share/turtlebot3_fake_node/launch
[1.454s] -- Up-to-date: /home/sakshi/ClutterBot/install/turtlebot3_fake_node/share/turtlebot3_fake_node/launch/rviz2.launch.py
[1.454s] -- Up-to-date: /home/sakshi/ClutterBot/install/turtlebot3_fake_node/share/turtlebot3_fake_node/launch/turtlebot3_fake_node.launch.py
[1.597s] -- Up-to-date: /home/sakshi/ClutterBot/install/turtlebot3_fake_node/share/turtlebot3_fake_node/param
[1.597s] -- Up-to-date: /home/sakshi/ClutterBot/install/turtlebot3_fake_node/share/turtlebot3_fake_node/param/waffle_pi.yaml
[1.598s] -- Up-to-date: /home/sakshi/ClutterBot/install/turtlebot3_fake_node/share/turtlebot3_fake_node/param/waffle.yaml
[1.598s] -- Up-to-date: /home/sakshi/ClutterBot/install/turtlebot3_fake_node/share/turtlebot3_fake_node/param/burger.yaml
[1.599s] -- Up-to-date: /home/sakshi/ClutterBot/install/turtlebot3_fake_node/share/turtlebot3_fake_node/rviz
[1.600s] -- Up-to-date: /home/sakshi/ClutterBot/install/turtlebot3_fake_node/share/turtlebot3_fake_node/rviz/model.rviz
[1.600s] -- Up-to-date: /home/sakshi/ClutterBot/install/turtlebot3_fake_node/include/
[1.600s] -- Up-to-date: /home/sakshi/ClutterBot/install/turtlebot3_fake_node/include//turtlebot3_fake_node
[1.601s] -- Up-to-date: /home/sakshi/ClutterBot/install/turtlebot3_fake_node/include//turtlebot3_fake_node/turtlebot3_fake_node.hpp
[1.601s] -- Up-to-date: /home/sakshi/ClutterBot/install/turtlebot3_fake_node/share/ament_index/resource_index/package_run_dependencies/turtlebot3_fake_node
[1.602s] -- Up-to-date: /home/sakshi/ClutterBot/install/turtlebot3_fake_node/share/ament_index/resource_index/parent_prefix_path/turtlebot3_fake_node
[1.612s] -- Up-to-date: /home/sakshi/ClutterBot/install/turtlebot3_fake_node/share/turtlebot3_fake_node/environment/ament_prefix_path.sh
[1.612s] -- Up-to-date: /home/sakshi/ClutterBot/install/turtlebot3_fake_node/share/turtlebot3_fake_node/environment/ament_prefix_path.dsv
[1.612s] -- Up-to-date: /home/sakshi/ClutterBot/install/turtlebot3_fake_node/share/turtlebot3_fake_node/environment/path.sh
[1.612s] -- Up-to-date: /home/sakshi/ClutterBot/install/turtlebot3_fake_node/share/turtlebot3_fake_node/environment/path.dsv
[1.613s] -- Up-to-date: /home/sakshi/ClutterBot/install/turtlebot3_fake_node/share/turtlebot3_fake_node/local_setup.bash
[1.613s] -- Up-to-date: /home/sakshi/ClutterBot/install/turtlebot3_fake_node/share/turtlebot3_fake_node/local_setup.sh
[1.613s] -- Up-to-date: /home/sakshi/ClutterBot/install/turtlebot3_fake_node/share/turtlebot3_fake_node/local_setup.zsh
[1.613s] -- Up-to-date: /home/sakshi/ClutterBot/install/turtlebot3_fake_node/share/turtlebot3_fake_node/local_setup.dsv
[1.613s] -- Installing: /home/sakshi/ClutterBot/install/turtlebot3_fake_node/share/turtlebot3_fake_node/package.dsv
[1.613s] -- Up-to-date: /home/sakshi/ClutterBot/install/turtlebot3_fake_node/share/ament_index/resource_index/packages/turtlebot3_fake_node
[1.613s] -- Up-to-date: /home/sakshi/ClutterBot/install/turtlebot3_fake_node/share/turtlebot3_fake_node/cmake/ament_cmake_export_include_directories-extras.cmake
[1.613s] -- Up-to-date: /home/sakshi/ClutterBot/install/turtlebot3_fake_node/share/turtlebot3_fake_node/cmake/ament_cmake_export_dependencies-extras.cmake
[1.613s] -- Up-to-date: /home/sakshi/ClutterBot/install/turtlebot3_fake_node/share/turtlebot3_fake_node/cmake/turtlebot3_fake_nodeConfig.cmake
[1.614s] -- Up-to-date: /home/sakshi/ClutterBot/install/turtlebot3_fake_node/share/turtlebot3_fake_node/cmake/turtlebot3_fake_nodeConfig-version.cmake
[1.614s] -- Up-to-date: /home/sakshi/ClutterBot/install/turtlebot3_fake_node/share/turtlebot3_fake_node/package.xml
[1.614s] Invoked command in '/home/sakshi/ClutterBot/build/turtlebot3_fake_node' returned '0': CMAKE_PREFIX_PATH=/home/sakshi/ClutterBot/install/turtlebot3_msgs:/home/sakshi/ClutterBot/install/turtlebot3:/home/sakshi/ClutterBot/install/turtlebot3_simulations:/home/sakshi/ClutterBot/install/turtlebot3_bringup:/home/sakshi/ClutterBot/install/turtlebot3_node:/home/sakshi/ClutterBot/install/turtlebot3_navigation2:/home/sakshi/ClutterBot/install/turtlebot3_fake_node:/home/sakshi/ClutterBot/install/turtlebot3_gazebo:/home/sakshi/ClutterBot/install/turtlebot3_description:/home/sakshi/ClutterBot/install/turtlebot3_cartographer:/home/sakshi/ClutterBot/install/task:/home/sakshi/ClutterBot/install/hls_lfcd_lds_driver:/home/sakshi/ClutterBot/install/dynamixel_sdk_examples:/home/sakshi/ClutterBot/install/dynamixel_sdk_custom_interfaces:/home/sakshi/ClutterBot/install/dynamixel_sdk:/home/sakshi/ClutterBot/install/turtlebot3_teleop:/home/sakshi/ClutterBot/install/turtlebot3_example:/opt/ros/foxy PYTHONPATH=/home/sakshi/ClutterBot/install/turtlebot3_msgs/lib/python3.8/site-packages:/home/sakshi/ClutterBot/install/turtlebot3_teleop/lib/python3.8/site-packages:/home/sakshi/ClutterBot/install/turtlebot3_example/lib/python3.8/site-packages:/home/sakshi/ClutterBot/install/dynamixel_sdk_custom_interfaces/lib/python3.8/site-packages:/opt/ros/foxy/lib/python3.8/site-packages /usr/bin/cmake --install /home/sakshi/ClutterBot/build/turtlebot3_fake_node
