[0.167s] Invoking command in '/home/sakshi/ClutterBot/build/task': CMAKE_PREFIX_PATH=${CMAKE_PREFIX_PATH}:/home/sakshi/ClutterBot/install/turtlebot3_teleop:/home/sakshi/ClutterBot/install/turtlebot3_example:/opt/ros/foxy CONDA_PROMPT_MODIFIER=(base) /usr/bin/cmake --build /home/sakshi/ClutterBot/build/task -- -j8 -l8
[4.185s] [100%] Built target noisyodom
[5.228s] Invoked command in '/home/sakshi/ClutterBot/build/task' returned '0': CMAKE_PREFIX_PATH=${CMAKE_PREFIX_PATH}:/home/sakshi/ClutterBot/install/turtlebot3_teleop:/home/sakshi/ClutterBot/install/turtlebot3_example:/opt/ros/foxy CONDA_PROMPT_MODIFIER=(base) /usr/bin/cmake --build /home/sakshi/ClutterBot/build/task -- -j8 -l8
[5.258s] Invoking command in '/home/sakshi/ClutterBot/build/task': CMAKE_PREFIX_PATH=${CMAKE_PREFIX_PATH}:/home/sakshi/ClutterBot/install/turtlebot3_teleop:/home/sakshi/ClutterBot/install/turtlebot3_example:/opt/ros/foxy CONDA_PROMPT_MODIFIER=(base) /usr/bin/cmake --install /home/sakshi/ClutterBot/build/task
[5.274s] -- Install configuration: ""
[5.274s] -- Up-to-date: /home/sakshi/ClutterBot/install/task/lib/task/noisyodom
[5.274s] -- Up-to-date: /home/sakshi/ClutterBot/install/task/share/ament_index/resource_index/package_run_dependencies/task
[5.275s] -- Up-to-date: /home/sakshi/ClutterBot/install/task/share/ament_index/resource_index/parent_prefix_path/task
[5.275s] -- Up-to-date: /home/sakshi/ClutterBot/install/task/share/task/environment/ament_prefix_path.sh
[5.275s] -- Up-to-date: /home/sakshi/ClutterBot/install/task/share/task/environment/ament_prefix_path.dsv
[5.275s] -- Up-to-date: /home/sakshi/ClutterBot/install/task/share/task/environment/path.sh
[5.275s] -- Up-to-date: /home/sakshi/ClutterBot/install/task/share/task/environment/path.dsv
[5.275s] -- Up-to-date: /home/sakshi/ClutterBot/install/task/share/task/local_setup.bash
[5.275s] -- Up-to-date: /home/sakshi/ClutterBot/install/task/share/task/local_setup.sh
[5.275s] -- Up-to-date: /home/sakshi/ClutterBot/install/task/share/task/local_setup.zsh
[5.275s] -- Up-to-date: /home/sakshi/ClutterBot/install/task/share/task/local_setup.dsv
[5.275s] -- Installing: /home/sakshi/ClutterBot/install/task/share/task/package.dsv
[5.306s] -- Up-to-date: /home/sakshi/ClutterBot/install/task/share/ament_index/resource_index/packages/task
[5.307s] -- Up-to-date: /home/sakshi/ClutterBot/install/task/share/task/cmake/taskConfig.cmake
[5.307s] -- Up-to-date: /home/sakshi/ClutterBot/install/task/share/task/cmake/taskConfig-version.cmake
[5.307s] -- Up-to-date: /home/sakshi/ClutterBot/install/task/share/task/package.xml
[5.322s] Invoked command in '/home/sakshi/ClutterBot/build/task' returned '0': CMAKE_PREFIX_PATH=${CMAKE_PREFIX_PATH}:/home/sakshi/ClutterBot/install/turtlebot3_teleop:/home/sakshi/ClutterBot/install/turtlebot3_example:/opt/ros/foxy CONDA_PROMPT_MODIFIER=(base) /usr/bin/cmake --install /home/sakshi/ClutterBot/build/task
