[0.110s] Invoking command in '/home/sakshi/ClutterBot/build/turtlebot3_cartographer': CMAKE_PREFIX_PATH=${CMAKE_PREFIX_PATH}:/home/sakshi/ClutterBot/install/turtlebot3_teleop:/home/sakshi/ClutterBot/install/turtlebot3_example:/opt/ros/foxy /usr/bin/cmake --build /home/sakshi/ClutterBot/build/turtlebot3_cartographer -- -j8 -l8
[0.662s] Invoked command in '/home/sakshi/ClutterBot/build/turtlebot3_cartographer' returned '0': CMAKE_PREFIX_PATH=${CMAKE_PREFIX_PATH}:/home/sakshi/ClutterBot/install/turtlebot3_teleop:/home/sakshi/ClutterBot/install/turtlebot3_example:/opt/ros/foxy /usr/bin/cmake --build /home/sakshi/ClutterBot/build/turtlebot3_cartographer -- -j8 -l8
[0.769s] Invoking command in '/home/sakshi/ClutterBot/build/turtlebot3_cartographer': CMAKE_PREFIX_PATH=${CMAKE_PREFIX_PATH}:/home/sakshi/ClutterBot/install/turtlebot3_teleop:/home/sakshi/ClutterBot/install/turtlebot3_example:/opt/ros/foxy /usr/bin/cmake --install /home/sakshi/ClutterBot/build/turtlebot3_cartographer
[0.790s] -- Install configuration: ""
[0.790s] -- Up-to-date: /home/sakshi/ClutterBot/install/turtlebot3_cartographer/share/turtlebot3_cartographer/config
[0.790s] -- Up-to-date: /home/sakshi/ClutterBot/install/turtlebot3_cartographer/share/turtlebot3_cartographer/config/turtlebot3_lds_2d.lua
[0.790s] -- Up-to-date: /home/sakshi/ClutterBot/install/turtlebot3_cartographer/share/turtlebot3_cartographer/launch
[0.791s] -- Up-to-date: /home/sakshi/ClutterBot/install/turtlebot3_cartographer/share/turtlebot3_cartographer/launch/occupancy_grid.launch.py
[0.791s] -- Installing: /home/sakshi/ClutterBot/install/turtlebot3_cartographer/share/turtlebot3_cartographer/launch/cartographer.launch.py
[0.791s] -- Up-to-date: /home/sakshi/ClutterBot/install/turtlebot3_cartographer/share/turtlebot3_cartographer/rviz
[0.791s] -- Up-to-date: /home/sakshi/ClutterBot/install/turtlebot3_cartographer/share/turtlebot3_cartographer/rviz/tb3_cartographer.rviz
[0.791s] -- Up-to-date: /home/sakshi/ClutterBot/install/turtlebot3_cartographer/share/ament_index/resource_index/package_run_dependencies/turtlebot3_cartographer
[0.791s] -- Up-to-date: /home/sakshi/ClutterBot/install/turtlebot3_cartographer/share/ament_index/resource_index/parent_prefix_path/turtlebot3_cartographer
[0.791s] -- Up-to-date: /home/sakshi/ClutterBot/install/turtlebot3_cartographer/share/turtlebot3_cartographer/environment/ament_prefix_path.sh
[0.791s] -- Up-to-date: /home/sakshi/ClutterBot/install/turtlebot3_cartographer/share/turtlebot3_cartographer/environment/ament_prefix_path.dsv
[0.792s] -- Up-to-date: /home/sakshi/ClutterBot/install/turtlebot3_cartographer/share/turtlebot3_cartographer/environment/path.sh
[0.792s] -- Up-to-date: /home/sakshi/ClutterBot/install/turtlebot3_cartographer/share/turtlebot3_cartographer/environment/path.dsv
[0.792s] -- Up-to-date: /home/sakshi/ClutterBot/install/turtlebot3_cartographer/share/turtlebot3_cartographer/local_setup.bash
[0.792s] -- Up-to-date: /home/sakshi/ClutterBot/install/turtlebot3_cartographer/share/turtlebot3_cartographer/local_setup.sh
[0.792s] -- Up-to-date: /home/sakshi/ClutterBot/install/turtlebot3_cartographer/share/turtlebot3_cartographer/local_setup.zsh
[0.793s] -- Up-to-date: /home/sakshi/ClutterBot/install/turtlebot3_cartographer/share/turtlebot3_cartographer/local_setup.dsv
[0.793s] -- Installing: /home/sakshi/ClutterBot/install/turtlebot3_cartographer/share/turtlebot3_cartographer/package.dsv
[0.794s] -- Up-to-date: /home/sakshi/ClutterBot/install/turtlebot3_cartographer/share/ament_index/resource_index/packages/turtlebot3_cartographer
[0.794s] -- Up-to-date: /home/sakshi/ClutterBot/install/turtlebot3_cartographer/share/turtlebot3_cartographer/cmake/turtlebot3_cartographerConfig.cmake
[0.796s] -- Up-to-date: /home/sakshi/ClutterBot/install/turtlebot3_cartographer/share/turtlebot3_cartographer/cmake/turtlebot3_cartographerConfig-version.cmake
[0.797s] -- Up-to-date: /home/sakshi/ClutterBot/install/turtlebot3_cartographer/share/turtlebot3_cartographer/package.xml
[0.816s] Invoked command in '/home/sakshi/ClutterBot/build/turtlebot3_cartographer' returned '0': CMAKE_PREFIX_PATH=${CMAKE_PREFIX_PATH}:/home/sakshi/ClutterBot/install/turtlebot3_teleop:/home/sakshi/ClutterBot/install/turtlebot3_example:/opt/ros/foxy /usr/bin/cmake --install /home/sakshi/ClutterBot/build/turtlebot3_cartographer
