[1.506s] Invoking command in '/home/sakshi/ClutterBot/build/turtlebot3_description': CMAKE_PREFIX_PATH=${CMAKE_PREFIX_PATH}:/home/sakshi/ClutterBot/install/turtlebot3_teleop:/home/sakshi/ClutterBot/install/turtlebot3_example:/opt/ros/foxy CONDA_PROMPT_MODIFIER=(base) /usr/bin/cmake --build /home/sakshi/ClutterBot/build/turtlebot3_description -- -j8 -l8
[3.656s] Invoked command in '/home/sakshi/ClutterBot/build/turtlebot3_description' returned '0': CMAKE_PREFIX_PATH=${CMAKE_PREFIX_PATH}:/home/sakshi/ClutterBot/install/turtlebot3_teleop:/home/sakshi/ClutterBot/install/turtlebot3_example:/opt/ros/foxy CONDA_PROMPT_MODIFIER=(base) /usr/bin/cmake --build /home/sakshi/ClutterBot/build/turtlebot3_description -- -j8 -l8
[3.802s] Invoking command in '/home/sakshi/ClutterBot/build/turtlebot3_description': CMAKE_PREFIX_PATH=${CMAKE_PREFIX_PATH}:/home/sakshi/ClutterBot/install/turtlebot3_teleop:/home/sakshi/ClutterBot/install/turtlebot3_example:/opt/ros/foxy CONDA_PROMPT_MODIFIER=(base) /usr/bin/cmake --install /home/sakshi/ClutterBot/build/turtlebot3_description
[4.215s] -- Install configuration: ""
[4.215s] -- Up-to-date: /home/sakshi/ClutterBot/install/turtlebot3_description/share/turtlebot3_description/meshes
[4.468s] -- Up-to-date: /home/sakshi/ClutterBot/install/turtlebot3_description/share/turtlebot3_description/meshes/wheels
[4.479s] -- Up-to-date: /home/sakshi/ClutterBot/install/turtlebot3_description/share/turtlebot3_description/meshes/wheels/left_tire.stl
[4.479s] -- Up-to-date: /home/sakshi/ClutterBot/install/turtlebot3_description/share/turtlebot3_description/meshes/wheels/right_tire.stl
[4.479s] -- Up-to-date: /home/sakshi/ClutterBot/install/turtlebot3_description/share/turtlebot3_description/meshes/bases
[4.668s] -- Up-to-date: /home/sakshi/ClutterBot/install/turtlebot3_description/share/turtlebot3_description/meshes/bases/waffle_pi_base.stl
[4.668s] -- Up-to-date: /home/sakshi/ClutterBot/install/turtlebot3_description/share/turtlebot3_description/meshes/bases/burger_base.stl
[4.668s] -- Up-to-date: /home/sakshi/ClutterBot/install/turtlebot3_description/share/turtlebot3_description/meshes/bases/waffle_base.stl
[4.668s] -- Up-to-date: /home/sakshi/ClutterBot/install/turtlebot3_description/share/turtlebot3_description/meshes/sensors
[4.669s] -- Up-to-date: /home/sakshi/ClutterBot/install/turtlebot3_description/share/turtlebot3_description/meshes/sensors/astra.jpg
[4.669s] -- Up-to-date: /home/sakshi/ClutterBot/install/turtlebot3_description/share/turtlebot3_description/meshes/sensors/astra.dae
[4.669s] -- Up-to-date: /home/sakshi/ClutterBot/install/turtlebot3_description/share/turtlebot3_description/meshes/sensors/lds.stl
[4.669s] -- Up-to-date: /home/sakshi/ClutterBot/install/turtlebot3_description/share/turtlebot3_description/meshes/sensors/r200.dae
[4.669s] -- Up-to-date: /home/sakshi/ClutterBot/install/turtlebot3_description/share/turtlebot3_description/meshes/sensors/r200.jpg
[4.669s] -- Up-to-date: /home/sakshi/ClutterBot/install/turtlebot3_description/share/turtlebot3_description/rviz
[4.670s] -- Up-to-date: /home/sakshi/ClutterBot/install/turtlebot3_description/share/turtlebot3_description/rviz/model.rviz
[4.670s] -- Up-to-date: /home/sakshi/ClutterBot/install/turtlebot3_description/share/turtlebot3_description/urdf
[4.670s] -- Up-to-date: /home/sakshi/ClutterBot/install/turtlebot3_description/share/turtlebot3_description/urdf/turtlebot3_burger.urdf
[4.671s] -- Up-to-date: /home/sakshi/ClutterBot/install/turtlebot3_description/share/turtlebot3_description/urdf/turtlebot3_waffle.urdf
[4.671s] -- Up-to-date: /home/sakshi/ClutterBot/install/turtlebot3_description/share/turtlebot3_description/urdf/common_properties.urdf
[4.671s] -- Up-to-date: /home/sakshi/ClutterBot/install/turtlebot3_description/share/turtlebot3_description/urdf/turtlebot3_waffle_pi.urdf
[4.671s] -- Up-to-date: /home/sakshi/ClutterBot/install/turtlebot3_description/share/ament_index/resource_index/package_run_dependencies/turtlebot3_description
[4.671s] -- Up-to-date: /home/sakshi/ClutterBot/install/turtlebot3_description/share/ament_index/resource_index/parent_prefix_path/turtlebot3_description
[4.671s] -- Up-to-date: /home/sakshi/ClutterBot/install/turtlebot3_description/share/turtlebot3_description/environment/ament_prefix_path.sh
[4.671s] -- Up-to-date: /home/sakshi/ClutterBot/install/turtlebot3_description/share/turtlebot3_description/environment/ament_prefix_path.dsv
[4.671s] -- Up-to-date: /home/sakshi/ClutterBot/install/turtlebot3_description/share/turtlebot3_description/environment/path.sh
[4.672s] -- Up-to-date: /home/sakshi/ClutterBot/install/turtlebot3_description/share/turtlebot3_description/environment/path.dsv
[4.672s] -- Up-to-date: /home/sakshi/ClutterBot/install/turtlebot3_description/share/turtlebot3_description/local_setup.bash
[5.188s] -- Up-to-date: /home/sakshi/ClutterBot/install/turtlebot3_description/share/turtlebot3_description/local_setup.sh
[5.189s] -- Up-to-date: /home/sakshi/ClutterBot/install/turtlebot3_description/share/turtlebot3_description/local_setup.zsh
[5.196s] -- Up-to-date: /home/sakshi/ClutterBot/install/turtlebot3_description/share/turtlebot3_description/local_setup.dsv
[5.200s] -- Installing: /home/sakshi/ClutterBot/install/turtlebot3_description/share/turtlebot3_description/package.dsv
[5.379s] -- Up-to-date: /home/sakshi/ClutterBot/install/turtlebot3_description/share/ament_index/resource_index/packages/turtlebot3_description
[5.379s] -- Up-to-date: /home/sakshi/ClutterBot/install/turtlebot3_description/share/turtlebot3_description/cmake/turtlebot3_descriptionConfig.cmake
[5.379s] -- Up-to-date: /home/sakshi/ClutterBot/install/turtlebot3_description/share/turtlebot3_description/cmake/turtlebot3_descriptionConfig-version.cmake
[5.380s] -- Up-to-date: /home/sakshi/ClutterBot/install/turtlebot3_description/share/turtlebot3_description/package.xml
[6.854s] Invoked command in '/home/sakshi/ClutterBot/build/turtlebot3_description' returned '0': CMAKE_PREFIX_PATH=${CMAKE_PREFIX_PATH}:/home/sakshi/ClutterBot/install/turtlebot3_teleop:/home/sakshi/ClutterBot/install/turtlebot3_example:/opt/ros/foxy CONDA_PROMPT_MODIFIER=(base) /usr/bin/cmake --install /home/sakshi/ClutterBot/build/turtlebot3_description
