[0.091s] Invoking command in '/home/sakshi/ClutterBot/build/task': CMAKE_PREFIX_PATH=${CMAKE_PREFIX_PATH}:/home/sakshi/ClutterBot/install/turtlebot3_teleop:/home/sakshi/ClutterBot/install/turtlebot3_example:/opt/ros/foxy: /usr/bin/cmake --build /home/sakshi/ClutterBot/build/task -- -j8 -l8
[0.362s] [35m[1mScanning dependencies of target noisyodom[0m
[0.480s] [ 50%] [32mBuilding CXX object CMakeFiles/noisyodom.dir/src/noisyodom.cpp.o[0m
[32.306s] [100%] [32m[1mLinking CXX executable noisyodom[0m
[34.116s] [100%] Built target noisyodom
[34.185s] Invoked command in '/home/sakshi/ClutterBot/build/task' returned '0': CMAKE_PREFIX_PATH=${CMAKE_PREFIX_PATH}:/home/sakshi/ClutterBot/install/turtlebot3_teleop:/home/sakshi/ClutterBot/install/turtlebot3_example:/opt/ros/foxy: /usr/bin/cmake --build /home/sakshi/ClutterBot/build/task -- -j8 -l8
[34.359s] Invoking command in '/home/sakshi/ClutterBot/build/task': CMAKE_PREFIX_PATH=${CMAKE_PREFIX_PATH}:/home/sakshi/ClutterBot/install/turtlebot3_teleop:/home/sakshi/ClutterBot/install/turtlebot3_example:/opt/ros/foxy: /usr/bin/cmake --install /home/sakshi/ClutterBot/build/task
[34.415s] -- Install configuration: ""
[34.416s] -- Installing: /home/sakshi/ClutterBot/install/task/lib/task/noisyodom
[34.427s] -- Set runtime path of "/home/sakshi/ClutterBot/install/task/lib/task/noisyodom" to ""
[34.428s] -- Up-to-date: /home/sakshi/ClutterBot/install/task/share/ament_index/resource_index/package_run_dependencies/task
[34.428s] -- Up-to-date: /home/sakshi/ClutterBot/install/task/share/ament_index/resource_index/parent_prefix_path/task
[34.428s] -- Up-to-date: /home/sakshi/ClutterBot/install/task/share/task/environment/ament_prefix_path.sh
[34.429s] -- Up-to-date: /home/sakshi/ClutterBot/install/task/share/task/environment/ament_prefix_path.dsv
[34.429s] -- Up-to-date: /home/sakshi/ClutterBot/install/task/share/task/environment/path.sh
[34.430s] -- Up-to-date: /home/sakshi/ClutterBot/install/task/share/task/environment/path.dsv
[34.430s] -- Up-to-date: /home/sakshi/ClutterBot/install/task/share/task/local_setup.bash
[34.433s] -- Up-to-date: /home/sakshi/ClutterBot/install/task/share/task/local_setup.sh
[34.434s] -- Up-to-date: /home/sakshi/ClutterBot/install/task/share/task/local_setup.zsh
[34.435s] -- Up-to-date: /home/sakshi/ClutterBot/install/task/share/task/local_setup.dsv
[34.436s] -- Installing: /home/sakshi/ClutterBot/install/task/share/task/package.dsv
[34.437s] -- Up-to-date: /home/sakshi/ClutterBot/install/task/share/ament_index/resource_index/packages/task
[34.440s] -- Up-to-date: /home/sakshi/ClutterBot/install/task/share/task/cmake/taskConfig.cmake
[34.452s] -- Up-to-date: /home/sakshi/ClutterBot/install/task/share/task/cmake/taskConfig-version.cmake
[34.453s] -- Up-to-date: /home/sakshi/ClutterBot/install/task/share/task/package.xml
[34.455s] Invoked command in '/home/sakshi/ClutterBot/build/task' returned '0': CMAKE_PREFIX_PATH=${CMAKE_PREFIX_PATH}:/home/sakshi/ClutterBot/install/turtlebot3_teleop:/home/sakshi/ClutterBot/install/turtlebot3_example:/opt/ros/foxy: /usr/bin/cmake --install /home/sakshi/ClutterBot/build/task
