[0.105s] Invoking command in '/home/sakshi/ClutterBot/build/task': CMAKE_PREFIX_PATH=${CMAKE_PREFIX_PATH}:/home/sakshi/ClutterBot/install/turtlebot3_teleop:/home/sakshi/ClutterBot/install/turtlebot3_example:/opt/ros/foxy: /usr/bin/cmake --build /home/sakshi/ClutterBot/build/task -- -j8 -l8
[0.377s] [35m[1mScanning dependencies of target noisyodom[0m
[0.513s] [ 50%] [32mBuilding CXX object CMakeFiles/noisyodom.dir/src/noisyodom.cpp.o[0m
[29.704s] [100%] [32m[1mLinking CXX executable noisyodom[0m
[31.896s] [100%] Built target noisyodom
[31.948s] Invoked command in '/home/sakshi/ClutterBot/build/task' returned '0': CMAKE_PREFIX_PATH=${CMAKE_PREFIX_PATH}:/home/sakshi/ClutterBot/install/turtlebot3_teleop:/home/sakshi/ClutterBot/install/turtlebot3_example:/opt/ros/foxy: /usr/bin/cmake --build /home/sakshi/ClutterBot/build/task -- -j8 -l8
[32.120s] Invoking command in '/home/sakshi/ClutterBot/build/task': CMAKE_PREFIX_PATH=${CMAKE_PREFIX_PATH}:/home/sakshi/ClutterBot/install/turtlebot3_teleop:/home/sakshi/ClutterBot/install/turtlebot3_example:/opt/ros/foxy: /usr/bin/cmake --install /home/sakshi/ClutterBot/build/task
[32.166s] -- Install configuration: ""
[32.167s] -- Installing: /home/sakshi/ClutterBot/install/task/lib/task/noisyodom
[32.175s] -- Set runtime path of "/home/sakshi/ClutterBot/install/task/lib/task/noisyodom" to ""
[32.175s] -- Up-to-date: /home/sakshi/ClutterBot/install/task/share/ament_index/resource_index/package_run_dependencies/task
[32.176s] -- Up-to-date: /home/sakshi/ClutterBot/install/task/share/ament_index/resource_index/parent_prefix_path/task
[32.203s] -- Up-to-date: /home/sakshi/ClutterBot/install/task/share/task/environment/ament_prefix_path.sh
[32.204s] -- Up-to-date: /home/sakshi/ClutterBot/install/task/share/task/environment/ament_prefix_path.dsv
[32.204s] -- Up-to-date: /home/sakshi/ClutterBot/install/task/share/task/environment/path.sh
[32.204s] -- Up-to-date: /home/sakshi/ClutterBot/install/task/share/task/environment/path.dsv
[32.204s] -- Up-to-date: /home/sakshi/ClutterBot/install/task/share/task/local_setup.bash
[32.205s] -- Up-to-date: /home/sakshi/ClutterBot/install/task/share/task/local_setup.sh
[32.205s] -- Up-to-date: /home/sakshi/ClutterBot/install/task/share/task/local_setup.zsh
[32.205s] -- Up-to-date: /home/sakshi/ClutterBot/install/task/share/task/local_setup.dsv
[32.205s] -- Installing: /home/sakshi/ClutterBot/install/task/share/task/package.dsv
[32.205s] -- Up-to-date: /home/sakshi/ClutterBot/install/task/share/ament_index/resource_index/packages/task
[32.205s] -- Up-to-date: /home/sakshi/ClutterBot/install/task/share/task/cmake/taskConfig.cmake
[32.206s] -- Up-to-date: /home/sakshi/ClutterBot/install/task/share/task/cmake/taskConfig-version.cmake
[32.206s] -- Up-to-date: /home/sakshi/ClutterBot/install/task/share/task/package.xml
[32.212s] Invoked command in '/home/sakshi/ClutterBot/build/task' returned '0': CMAKE_PREFIX_PATH=${CMAKE_PREFIX_PATH}:/home/sakshi/ClutterBot/install/turtlebot3_teleop:/home/sakshi/ClutterBot/install/turtlebot3_example:/opt/ros/foxy: /usr/bin/cmake --install /home/sakshi/ClutterBot/build/task
