[0.185s] Invoking command in '/home/sakshi/ClutterBot/src/build/turtlebot3_description': CMAKE_PREFIX_PATH=${CMAKE_PREFIX_PATH}:/home/sakshi/ClutterBot/install/turtlebot3_teleop:/home/sakshi/ClutterBot/install/turtlebot3_example:/opt/ros/foxy /usr/bin/cmake /home/sakshi/ClutterBot/src/turtlebot3/turtlebot3/turtlebot3_description -DCMAKE_INSTALL_PREFIX=/home/sakshi/ClutterBot/src/install/turtlebot3_description
[3.296s] -- The C compiler identification is GNU 9.4.0
[6.501s] -- The CXX compiler identification is GNU 9.4.0
[6.653s] -- Check for working C compiler: /usr/lib/ccache/cc
[7.164s] -- Check for working C compiler: /usr/lib/ccache/cc -- works
[7.167s] -- Detecting C compiler ABI info
[7.556s] -- Detecting C compiler ABI info - done
[7.576s] -- Detecting C compile features
[7.576s] -- Detecting C compile features - done
[7.578s] -- Check for working CXX compiler: /usr/lib/ccache/c++
[7.862s] -- Check for working CXX compiler: /usr/lib/ccache/c++ -- works
[7.864s] -- Detecting CXX compiler ABI info
[8.050s] -- Detecting CXX compiler ABI info - done
[8.074s] -- Detecting CXX compile features
[8.076s] -- Detecting CXX compile features - done
[8.086s] -- Found ament_cmake: 0.9.12 (/opt/ros/foxy/share/ament_cmake/cmake)
[8.230s] -- Found PythonInterp: /usr/bin/python3 (found suitable version "3.8.10", minimum required is "3") 
[8.230s] -- Using PYTHON_EXECUTABLE: /usr/bin/python3
[9.173s] -- Found urdf: 2.4.0 (/opt/ros/foxy/share/urdf/cmake)
[10.552s] -- Configuring done
[10.559s] -- Generating done
[10.560s] -- Build files have been written to: /home/sakshi/ClutterBot/src/build/turtlebot3_description
[10.570s] Invoked command in '/home/sakshi/ClutterBot/src/build/turtlebot3_description' returned '0': CMAKE_PREFIX_PATH=${CMAKE_PREFIX_PATH}:/home/sakshi/ClutterBot/install/turtlebot3_teleop:/home/sakshi/ClutterBot/install/turtlebot3_example:/opt/ros/foxy /usr/bin/cmake /home/sakshi/ClutterBot/src/turtlebot3/turtlebot3/turtlebot3_description -DCMAKE_INSTALL_PREFIX=/home/sakshi/ClutterBot/src/install/turtlebot3_description
[10.589s] Invoking command in '/home/sakshi/ClutterBot/src/build/turtlebot3_description': CMAKE_PREFIX_PATH=${CMAKE_PREFIX_PATH}:/home/sakshi/ClutterBot/install/turtlebot3_teleop:/home/sakshi/ClutterBot/install/turtlebot3_example:/opt/ros/foxy /usr/bin/cmake --build /home/sakshi/ClutterBot/src/build/turtlebot3_description -- -j8 -l8
[11.532s] Invoked command in '/home/sakshi/ClutterBot/src/build/turtlebot3_description' returned '0': CMAKE_PREFIX_PATH=${CMAKE_PREFIX_PATH}:/home/sakshi/ClutterBot/install/turtlebot3_teleop:/home/sakshi/ClutterBot/install/turtlebot3_example:/opt/ros/foxy /usr/bin/cmake --build /home/sakshi/ClutterBot/src/build/turtlebot3_description -- -j8 -l8
[11.583s] Invoking command in '/home/sakshi/ClutterBot/src/build/turtlebot3_description': CMAKE_PREFIX_PATH=${CMAKE_PREFIX_PATH}:/home/sakshi/ClutterBot/install/turtlebot3_teleop:/home/sakshi/ClutterBot/install/turtlebot3_example:/opt/ros/foxy /usr/bin/cmake --install /home/sakshi/ClutterBot/src/build/turtlebot3_description
[11.608s] -- Install configuration: ""
[11.608s] -- Installing: /home/sakshi/ClutterBot/src/install/turtlebot3_description/share/turtlebot3_description/meshes
[11.608s] -- Installing: /home/sakshi/ClutterBot/src/install/turtlebot3_description/share/turtlebot3_description/meshes/wheels
[11.608s] -- Installing: /home/sakshi/ClutterBot/src/install/turtlebot3_description/share/turtlebot3_description/meshes/wheels/left_tire.stl
[11.877s] -- Installing: /home/sakshi/ClutterBot/src/install/turtlebot3_description/share/turtlebot3_description/meshes/wheels/right_tire.stl
[12.048s] -- Installing: /home/sakshi/ClutterBot/src/install/turtlebot3_description/share/turtlebot3_description/meshes/bases
[12.048s] -- Installing: /home/sakshi/ClutterBot/src/install/turtlebot3_description/share/turtlebot3_description/meshes/bases/waffle_pi_base.stl
[13.208s] -- Installing: /home/sakshi/ClutterBot/src/install/turtlebot3_description/share/turtlebot3_description/meshes/bases/burger_base.stl
[13.365s] -- Installing: /home/sakshi/ClutterBot/src/install/turtlebot3_description/share/turtlebot3_description/meshes/bases/waffle_base.stl
[13.868s] -- Installing: /home/sakshi/ClutterBot/src/install/turtlebot3_description/share/turtlebot3_description/meshes/sensors
[13.868s] -- Installing: /home/sakshi/ClutterBot/src/install/turtlebot3_description/share/turtlebot3_description/meshes/sensors/astra.jpg
[13.916s] -- Installing: /home/sakshi/ClutterBot/src/install/turtlebot3_description/share/turtlebot3_description/meshes/sensors/astra.dae
[14.049s] -- Installing: /home/sakshi/ClutterBot/src/install/turtlebot3_description/share/turtlebot3_description/meshes/sensors/lds.stl
[14.509s] -- Installing: /home/sakshi/ClutterBot/src/install/turtlebot3_description/share/turtlebot3_description/meshes/sensors/r200.dae
[14.600s] -- Installing: /home/sakshi/ClutterBot/src/install/turtlebot3_description/share/turtlebot3_description/meshes/sensors/r200.jpg
[14.600s] -- Installing: /home/sakshi/ClutterBot/src/install/turtlebot3_description/share/turtlebot3_description/rviz
[14.600s] -- Installing: /home/sakshi/ClutterBot/src/install/turtlebot3_description/share/turtlebot3_description/rviz/model.rviz
[14.601s] -- Installing: /home/sakshi/ClutterBot/src/install/turtlebot3_description/share/turtlebot3_description/urdf
[14.601s] -- Installing: /home/sakshi/ClutterBot/src/install/turtlebot3_description/share/turtlebot3_description/urdf/turtlebot3_burger.urdf
[14.603s] -- Installing: /home/sakshi/ClutterBot/src/install/turtlebot3_description/share/turtlebot3_description/urdf/turtlebot3_waffle.urdf
[14.604s] -- Installing: /home/sakshi/ClutterBot/src/install/turtlebot3_description/share/turtlebot3_description/urdf/common_properties.urdf
[14.604s] -- Installing: /home/sakshi/ClutterBot/src/install/turtlebot3_description/share/turtlebot3_description/urdf/turtlebot3_waffle_pi.urdf
[14.607s] -- Installing: /home/sakshi/ClutterBot/src/install/turtlebot3_description/share/ament_index/resource_index/package_run_dependencies/turtlebot3_description
[14.607s] -- Installing: /home/sakshi/ClutterBot/src/install/turtlebot3_description/share/ament_index/resource_index/parent_prefix_path/turtlebot3_description
[14.607s] -- Installing: /home/sakshi/ClutterBot/src/install/turtlebot3_description/share/turtlebot3_description/environment/ament_prefix_path.sh
[14.608s] -- Installing: /home/sakshi/ClutterBot/src/install/turtlebot3_description/share/turtlebot3_description/environment/ament_prefix_path.dsv
[14.608s] -- Installing: /home/sakshi/ClutterBot/src/install/turtlebot3_description/share/turtlebot3_description/environment/path.sh
[14.608s] -- Installing: /home/sakshi/ClutterBot/src/install/turtlebot3_description/share/turtlebot3_description/environment/path.dsv
[14.608s] -- Installing: /home/sakshi/ClutterBot/src/install/turtlebot3_description/share/turtlebot3_description/local_setup.bash
[14.608s] -- Installing: /home/sakshi/ClutterBot/src/install/turtlebot3_description/share/turtlebot3_description/local_setup.sh
[14.608s] -- Installing: /home/sakshi/ClutterBot/src/install/turtlebot3_description/share/turtlebot3_description/local_setup.zsh
[14.608s] -- Installing: /home/sakshi/ClutterBot/src/install/turtlebot3_description/share/turtlebot3_description/local_setup.dsv
[14.608s] -- Installing: /home/sakshi/ClutterBot/src/install/turtlebot3_description/share/turtlebot3_description/package.dsv
[14.609s] -- Installing: /home/sakshi/ClutterBot/src/install/turtlebot3_description/share/ament_index/resource_index/packages/turtlebot3_description
[14.609s] -- Installing: /home/sakshi/ClutterBot/src/install/turtlebot3_description/share/turtlebot3_description/cmake/turtlebot3_descriptionConfig.cmake
[14.609s] -- Installing: /home/sakshi/ClutterBot/src/install/turtlebot3_description/share/turtlebot3_description/cmake/turtlebot3_descriptionConfig-version.cmake
[14.609s] -- Installing: /home/sakshi/ClutterBot/src/install/turtlebot3_description/share/turtlebot3_description/package.xml
[14.621s] Invoked command in '/home/sakshi/ClutterBot/src/build/turtlebot3_description' returned '0': CMAKE_PREFIX_PATH=${CMAKE_PREFIX_PATH}:/home/sakshi/ClutterBot/install/turtlebot3_teleop:/home/sakshi/ClutterBot/install/turtlebot3_example:/opt/ros/foxy /usr/bin/cmake --install /home/sakshi/ClutterBot/src/build/turtlebot3_description
