[0.178s] Invoking command in '/home/sakshi/ClutterBot/src/build/hls_lfcd_lds_driver': CMAKE_PREFIX_PATH=${CMAKE_PREFIX_PATH}:/home/sakshi/ClutterBot/install/turtlebot3_teleop:/home/sakshi/ClutterBot/install/turtlebot3_example:/opt/ros/foxy /usr/bin/cmake /home/sakshi/ClutterBot/src/utils/hls_lfcd_lds_driver -DCMAKE_INSTALL_PREFIX=/home/sakshi/ClutterBot/src/install/hls_lfcd_lds_driver
[3.281s] -- The C compiler identification is GNU 9.4.0
[6.481s] -- The CXX compiler identification is GNU 9.4.0
[6.640s] -- Check for working C compiler: /usr/lib/ccache/cc
[7.177s] -- Check for working C compiler: /usr/lib/ccache/cc -- works
[7.178s] -- Detecting C compiler ABI info
[7.467s] -- Detecting C compiler ABI info - done
[7.496s] -- Detecting C compile features
[7.550s] -- Detecting C compile features - done
[7.556s] -- Check for working CXX compiler: /usr/lib/ccache/c++
[7.853s] -- Check for working CXX compiler: /usr/lib/ccache/c++ -- works
[7.858s] -- Detecting CXX compiler ABI info
[8.045s] -- Detecting CXX compiler ABI info - done
[8.063s] -- Detecting CXX compile features
[8.063s] -- Detecting CXX compile features - done
[8.068s] -- Found ament_cmake: 0.9.12 (/opt/ros/foxy/share/ament_cmake/cmake)
[8.220s] -- Found PythonInterp: /usr/bin/python3 (found suitable version "3.8.10", minimum required is "3") 
[8.221s] -- Using PYTHON_EXECUTABLE: /usr/bin/python3
[9.170s] -- Found rclcpp: 2.4.3 (/opt/ros/foxy/share/rclcpp/cmake)
[9.434s] -- Using all available rosidl_typesupport_c: rosidl_typesupport_fastrtps_c;rosidl_typesupport_introspection_c
[9.632s] -- Found rosidl_adapter: 1.3.1 (/opt/ros/foxy/share/rosidl_adapter/cmake)
[12.878s] -- Found OpenSSL: /usr/lib/x86_64-linux-gnu/libcrypto.so (found version "1.1.1f")  
[13.332s] -- Found FastRTPS: /opt/ros/foxy/include  
[14.505s] -- Using all available rosidl_typesupport_cpp: rosidl_typesupport_fastrtps_cpp;rosidl_typesupport_introspection_cpp
[16.014s] -- Found rmw_implementation_cmake: 1.0.4 (/opt/ros/foxy/share/rmw_implementation_cmake/cmake)
[16.068s] -- Using RMW implementation 'rmw_fastrtps_cpp' as default
[16.142s] -- Looking for pthread.h
[16.311s] -- Looking for pthread.h - found
[16.311s] -- Performing Test CMAKE_HAVE_LIBC_PTHREAD
[16.583s] -- Performing Test CMAKE_HAVE_LIBC_PTHREAD - Failed
[16.583s] -- Looking for pthread_create in pthreads
[16.790s] -- Looking for pthread_create in pthreads - not found
[16.790s] -- Looking for pthread_create in pthread
[16.862s] -- Looking for pthread_create in pthread - found
[16.864s] -- Found Threads: TRUE  
[17.886s] -- Found sensor_msgs: 2.0.5 (/opt/ros/foxy/share/sensor_msgs/cmake)
[18.653s] -- Found Boost: /usr/lib/x86_64-linux-gnu/cmake/Boost-1.71.0/BoostConfig.cmake (found version "1.71.0") found components: system 
[18.845s] -- Configuring done
[18.874s] -- Generating done
[18.882s] -- Build files have been written to: /home/sakshi/ClutterBot/src/build/hls_lfcd_lds_driver
[18.906s] Invoked command in '/home/sakshi/ClutterBot/src/build/hls_lfcd_lds_driver' returned '0': CMAKE_PREFIX_PATH=${CMAKE_PREFIX_PATH}:/home/sakshi/ClutterBot/install/turtlebot3_teleop:/home/sakshi/ClutterBot/install/turtlebot3_example:/opt/ros/foxy /usr/bin/cmake /home/sakshi/ClutterBot/src/utils/hls_lfcd_lds_driver -DCMAKE_INSTALL_PREFIX=/home/sakshi/ClutterBot/src/install/hls_lfcd_lds_driver
[18.914s] Invoking command in '/home/sakshi/ClutterBot/src/build/hls_lfcd_lds_driver': CMAKE_PREFIX_PATH=${CMAKE_PREFIX_PATH}:/home/sakshi/ClutterBot/install/turtlebot3_teleop:/home/sakshi/ClutterBot/install/turtlebot3_example:/opt/ros/foxy /usr/bin/cmake --build /home/sakshi/ClutterBot/src/build/hls_lfcd_lds_driver -- -j8 -l8
[19.033s] [35m[1mScanning dependencies of target hlds_laser_publisher[0m
[20.882s] [ 50%] [32mBuilding CXX object CMakeFiles/hlds_laser_publisher.dir/src/hlds_laser_publisher.cpp.o[0m
[29.484s] [100%] [32m[1mLinking CXX executable hlds_laser_publisher[0m
[31.150s] [100%] Built target hlds_laser_publisher
[31.166s] Invoked command in '/home/sakshi/ClutterBot/src/build/hls_lfcd_lds_driver' returned '0': CMAKE_PREFIX_PATH=${CMAKE_PREFIX_PATH}:/home/sakshi/ClutterBot/install/turtlebot3_teleop:/home/sakshi/ClutterBot/install/turtlebot3_example:/opt/ros/foxy /usr/bin/cmake --build /home/sakshi/ClutterBot/src/build/hls_lfcd_lds_driver -- -j8 -l8
[31.211s] Invoking command in '/home/sakshi/ClutterBot/src/build/hls_lfcd_lds_driver': CMAKE_PREFIX_PATH=${CMAKE_PREFIX_PATH}:/home/sakshi/ClutterBot/install/turtlebot3_teleop:/home/sakshi/ClutterBot/install/turtlebot3_example:/opt/ros/foxy /usr/bin/cmake --install /home/sakshi/ClutterBot/src/build/hls_lfcd_lds_driver
[31.224s] -- Install configuration: ""
[31.224s] -- Installing: /home/sakshi/ClutterBot/src/install/hls_lfcd_lds_driver/share/hls_lfcd_lds_driver/launch
[31.224s] -- Installing: /home/sakshi/ClutterBot/src/install/hls_lfcd_lds_driver/share/hls_lfcd_lds_driver/launch/hlds_laser.launch.py
[31.265s] -- Installing: /home/sakshi/ClutterBot/src/install/hls_lfcd_lds_driver/share/hls_lfcd_lds_driver/launch/view_hlds_laser.launch.py
[31.266s] -- Installing: /home/sakshi/ClutterBot/src/install/hls_lfcd_lds_driver/share/hls_lfcd_lds_driver/rviz
[31.266s] -- Installing: /home/sakshi/ClutterBot/src/install/hls_lfcd_lds_driver/share/hls_lfcd_lds_driver/rviz/hlds_laser.rviz
[31.349s] -- Installing: /home/sakshi/ClutterBot/src/install/hls_lfcd_lds_driver/lib/hls_lfcd_lds_driver/hlds_laser_publisher
[31.350s] -- Set runtime path of "/home/sakshi/ClutterBot/src/install/hls_lfcd_lds_driver/lib/hls_lfcd_lds_driver/hlds_laser_publisher" to ""
[31.350s] -- Installing: /home/sakshi/ClutterBot/src/install/hls_lfcd_lds_driver/share/ament_index/resource_index/package_run_dependencies/hls_lfcd_lds_driver
[31.351s] -- Installing: /home/sakshi/ClutterBot/src/install/hls_lfcd_lds_driver/share/ament_index/resource_index/parent_prefix_path/hls_lfcd_lds_driver
[31.351s] -- Installing: /home/sakshi/ClutterBot/src/install/hls_lfcd_lds_driver/share/hls_lfcd_lds_driver/environment/ament_prefix_path.sh
[31.351s] -- Installing: /home/sakshi/ClutterBot/src/install/hls_lfcd_lds_driver/share/hls_lfcd_lds_driver/environment/ament_prefix_path.dsv
[31.351s] -- Installing: /home/sakshi/ClutterBot/src/install/hls_lfcd_lds_driver/share/hls_lfcd_lds_driver/environment/path.sh
[31.351s] -- Installing: /home/sakshi/ClutterBot/src/install/hls_lfcd_lds_driver/share/hls_lfcd_lds_driver/environment/path.dsv
[31.351s] -- Installing: /home/sakshi/ClutterBot/src/install/hls_lfcd_lds_driver/share/hls_lfcd_lds_driver/local_setup.bash
[31.352s] -- Installing: /home/sakshi/ClutterBot/src/install/hls_lfcd_lds_driver/share/hls_lfcd_lds_driver/local_setup.sh
[31.352s] -- Installing: /home/sakshi/ClutterBot/src/install/hls_lfcd_lds_driver/share/hls_lfcd_lds_driver/local_setup.zsh
[31.352s] -- Installing: /home/sakshi/ClutterBot/src/install/hls_lfcd_lds_driver/share/hls_lfcd_lds_driver/local_setup.dsv
[31.352s] -- Installing: /home/sakshi/ClutterBot/src/install/hls_lfcd_lds_driver/share/hls_lfcd_lds_driver/package.dsv
[31.352s] -- Installing: /home/sakshi/ClutterBot/src/install/hls_lfcd_lds_driver/share/ament_index/resource_index/packages/hls_lfcd_lds_driver
[31.352s] -- Installing: /home/sakshi/ClutterBot/src/install/hls_lfcd_lds_driver/share/hls_lfcd_lds_driver/cmake/ament_cmake_export_dependencies-extras.cmake
[31.353s] -- Installing: /home/sakshi/ClutterBot/src/install/hls_lfcd_lds_driver/share/hls_lfcd_lds_driver/cmake/ament_cmake_export_include_directories-extras.cmake
[31.353s] -- Installing: /home/sakshi/ClutterBot/src/install/hls_lfcd_lds_driver/share/hls_lfcd_lds_driver/cmake/hls_lfcd_lds_driverConfig.cmake
[31.353s] -- Installing: /home/sakshi/ClutterBot/src/install/hls_lfcd_lds_driver/share/hls_lfcd_lds_driver/cmake/hls_lfcd_lds_driverConfig-version.cmake
[31.353s] -- Installing: /home/sakshi/ClutterBot/src/install/hls_lfcd_lds_driver/share/hls_lfcd_lds_driver/package.xml
[31.361s] Invoked command in '/home/sakshi/ClutterBot/src/build/hls_lfcd_lds_driver' returned '0': CMAKE_PREFIX_PATH=${CMAKE_PREFIX_PATH}:/home/sakshi/ClutterBot/install/turtlebot3_teleop:/home/sakshi/ClutterBot/install/turtlebot3_example:/opt/ros/foxy /usr/bin/cmake --install /home/sakshi/ClutterBot/src/build/hls_lfcd_lds_driver
