[35m[1mScanning dependencies of target noisyodom[0m
[ 50%] [32mBuilding CXX object CMakeFiles/noisyodom.dir/src/noisyodom.cpp.o[0m
[100%] [32m[1mLinking CXX executable noisyodom[0m
[100%] Built target noisyodom
-- Install configuration: ""
-- Installing: /home/sakshi/ClutterBot/install/task/lib/task/noisyodom
-- Set runtime path of "/home/sakshi/ClutterBot/install/task/lib/task/noisyodom" to ""
-- Up-to-date: /home/sakshi/ClutterBot/install/task/share/ament_index/resource_index/package_run_dependencies/task
-- Up-to-date: /home/sakshi/ClutterBot/install/task/share/ament_index/resource_index/parent_prefix_path/task
-- Up-to-date: /home/sakshi/ClutterBot/install/task/share/task/environment/ament_prefix_path.sh
-- Up-to-date: /home/sakshi/ClutterBot/install/task/share/task/environment/ament_prefix_path.dsv
-- Up-to-date: /home/sakshi/ClutterBot/install/task/share/task/environment/path.sh
-- Up-to-date: /home/sakshi/ClutterBot/install/task/share/task/environment/path.dsv
-- Up-to-date: /home/sakshi/ClutterBot/install/task/share/task/local_setup.bash
-- Up-to-date: /home/sakshi/ClutterBot/install/task/share/task/local_setup.sh
-- Up-to-date: /home/sakshi/ClutterBot/install/task/share/task/local_setup.zsh
-- Up-to-date: /home/sakshi/ClutterBot/install/task/share/task/local_setup.dsv
-- Installing: /home/sakshi/ClutterBot/install/task/share/task/package.dsv
-- Up-to-date: /home/sakshi/ClutterBot/install/task/share/ament_index/resource_index/packages/task
-- Up-to-date: /home/sakshi/ClutterBot/install/task/share/task/cmake/taskConfig.cmake
-- Up-to-date: /home/sakshi/ClutterBot/install/task/share/task/cmake/taskConfig-version.cmake
-- Up-to-date: /home/sakshi/ClutterBot/install/task/share/task/package.xml
