[2.138s] Invoking command in '/home/sakshi/ClutterBot/build/turtlebot3_fake_node': CMAKE_PREFIX_PATH=/home/sakshi/ClutterBot/install/turtlebot3_msgs:/home/sakshi/ClutterBot/install/turtlebot3:/home/sakshi/ClutterBot/install/turtlebot3_simulations:/home/sakshi/ClutterBot/install/turtlebot3_bringup:/home/sakshi/ClutterBot/install/turtlebot3_node:/home/sakshi/ClutterBot/install/turtlebot3_navigation2:/home/sakshi/ClutterBot/install/turtlebot3_fake_node:/home/sakshi/ClutterBot/install/turtlebot3_gazebo:/home/sakshi/ClutterBot/install/turtlebot3_description:/home/sakshi/ClutterBot/install/turtlebot3_cartographer:/home/sakshi/ClutterBot/install/task:/home/sakshi/ClutterBot/install/hls_lfcd_lds_driver:/home/sakshi/ClutterBot/install/dynamixel_sdk_examples:/home/sakshi/ClutterBot/install/dynamixel_sdk_custom_interfaces:/home/sakshi/ClutterBot/install/dynamixel_sdk:/home/sakshi/ClutterBot/install/turtlebot3_teleop:/home/sakshi/ClutterBot/install/turtlebot3_example:/opt/ros/foxy PYTHONPATH=/home/sakshi/ClutterBot/install/turtlebot3_msgs/lib/python3.8/site-packages:/home/sakshi/ClutterBot/install/turtlebot3_teleop/lib/python3.8/site-packages:/home/sakshi/ClutterBot/install/turtlebot3_example/lib/python3.8/site-packages:/home/sakshi/ClutterBot/install/dynamixel_sdk_custom_interfaces/lib/python3.8/site-packages:/opt/ros/foxy/lib/python3.8/site-packages /usr/bin/cmake --build /home/sakshi/ClutterBot/build/turtlebot3_fake_node -- -j8 -l8
[4.539s] [100%] Built target turtlebot3_fake_node
[4.702s] Invoked command in '/home/sakshi/ClutterBot/build/turtlebot3_fake_node' returned '0': CMAKE_PREFIX_PATH=/home/sakshi/ClutterBot/install/turtlebot3_msgs:/home/sakshi/ClutterBot/install/turtlebot3:/home/sakshi/ClutterBot/install/turtlebot3_simulations:/home/sakshi/ClutterBot/install/turtlebot3_bringup:/home/sakshi/ClutterBot/install/turtlebot3_node:/home/sakshi/ClutterBot/install/turtlebot3_navigation2:/home/sakshi/ClutterBot/install/turtlebot3_fake_node:/home/sakshi/ClutterBot/install/turtlebot3_gazebo:/home/sakshi/ClutterBot/install/turtlebot3_description:/home/sakshi/ClutterBot/install/turtlebot3_cartographer:/home/sakshi/ClutterBot/install/task:/home/sakshi/ClutterBot/install/hls_lfcd_lds_driver:/home/sakshi/ClutterBot/install/dynamixel_sdk_examples:/home/sakshi/ClutterBot/install/dynamixel_sdk_custom_interfaces:/home/sakshi/ClutterBot/install/dynamixel_sdk:/home/sakshi/ClutterBot/install/turtlebot3_teleop:/home/sakshi/ClutterBot/install/turtlebot3_example:/opt/ros/foxy PYTHONPATH=/home/sakshi/ClutterBot/install/turtlebot3_msgs/lib/python3.8/site-packages:/home/sakshi/ClutterBot/install/turtlebot3_teleop/lib/python3.8/site-packages:/home/sakshi/ClutterBot/install/turtlebot3_example/lib/python3.8/site-packages:/home/sakshi/ClutterBot/install/dynamixel_sdk_custom_interfaces/lib/python3.8/site-packages:/opt/ros/foxy/lib/python3.8/site-packages /usr/bin/cmake --build /home/sakshi/ClutterBot/build/turtlebot3_fake_node -- -j8 -l8
[4.800s] Invoking command in '/home/sakshi/ClutterBot/build/turtlebot3_fake_node': CMAKE_PREFIX_PATH=/home/sakshi/ClutterBot/install/turtlebot3_msgs:/home/sakshi/ClutterBot/install/turtlebot3:/home/sakshi/ClutterBot/install/turtlebot3_simulations:/home/sakshi/ClutterBot/install/turtlebot3_bringup:/home/sakshi/ClutterBot/install/turtlebot3_node:/home/sakshi/ClutterBot/install/turtlebot3_navigation2:/home/sakshi/ClutterBot/install/turtlebot3_fake_node:/home/sakshi/ClutterBot/install/turtlebot3_gazebo:/home/sakshi/ClutterBot/install/turtlebot3_description:/home/sakshi/ClutterBot/install/turtlebot3_cartographer:/home/sakshi/ClutterBot/install/task:/home/sakshi/ClutterBot/install/hls_lfcd_lds_driver:/home/sakshi/ClutterBot/install/dynamixel_sdk_examples:/home/sakshi/ClutterBot/install/dynamixel_sdk_custom_interfaces:/home/sakshi/ClutterBot/install/dynamixel_sdk:/home/sakshi/ClutterBot/install/turtlebot3_teleop:/home/sakshi/ClutterBot/install/turtlebot3_example:/opt/ros/foxy PYTHONPATH=/home/sakshi/ClutterBot/install/turtlebot3_msgs/lib/python3.8/site-packages:/home/sakshi/ClutterBot/install/turtlebot3_teleop/lib/python3.8/site-packages:/home/sakshi/ClutterBot/install/turtlebot3_example/lib/python3.8/site-packages:/home/sakshi/ClutterBot/install/dynamixel_sdk_custom_interfaces/lib/python3.8/site-packages:/opt/ros/foxy/lib/python3.8/site-packages /usr/bin/cmake --install /home/sakshi/ClutterBot/build/turtlebot3_fake_node
[4.857s] -- Install configuration: ""
[5.181s] -- Up-to-date: /home/sakshi/ClutterBot/install/turtlebot3_fake_node/lib/turtlebot3_fake_node/turtlebot3_fake_node
[5.183s] -- Up-to-date: /home/sakshi/ClutterBot/install/turtlebot3_fake_node/share/turtlebot3_fake_node/launch
[5.183s] -- Up-to-date: /home/sakshi/ClutterBot/install/turtlebot3_fake_node/share/turtlebot3_fake_node/launch/rviz2.launch.py
[5.186s] -- Up-to-date: /home/sakshi/ClutterBot/install/turtlebot3_fake_node/share/turtlebot3_fake_node/launch/turtlebot3_fake_node.launch.py
[5.189s] -- Up-to-date: /home/sakshi/ClutterBot/install/turtlebot3_fake_node/share/turtlebot3_fake_node/param
[5.190s] -- Up-to-date: /home/sakshi/ClutterBot/install/turtlebot3_fake_node/share/turtlebot3_fake_node/param/waffle_pi.yaml
[5.191s] -- Up-to-date: /home/sakshi/ClutterBot/install/turtlebot3_fake_node/share/turtlebot3_fake_node/param/waffle.yaml
[5.191s] -- Up-to-date: /home/sakshi/ClutterBot/install/turtlebot3_fake_node/share/turtlebot3_fake_node/param/burger.yaml
[5.191s] -- Up-to-date: /home/sakshi/ClutterBot/install/turtlebot3_fake_node/share/turtlebot3_fake_node/rviz
[5.191s] -- Up-to-date: /home/sakshi/ClutterBot/install/turtlebot3_fake_node/share/turtlebot3_fake_node/rviz/model.rviz
[5.191s] -- Up-to-date: /home/sakshi/ClutterBot/install/turtlebot3_fake_node/include/
[5.191s] -- Up-to-date: /home/sakshi/ClutterBot/install/turtlebot3_fake_node/include//turtlebot3_fake_node
[5.193s] -- Up-to-date: /home/sakshi/ClutterBot/install/turtlebot3_fake_node/include//turtlebot3_fake_node/turtlebot3_fake_node.hpp
[5.193s] -- Up-to-date: /home/sakshi/ClutterBot/install/turtlebot3_fake_node/share/ament_index/resource_index/package_run_dependencies/turtlebot3_fake_node
[5.193s] -- Up-to-date: /home/sakshi/ClutterBot/install/turtlebot3_fake_node/share/ament_index/resource_index/parent_prefix_path/turtlebot3_fake_node
[5.193s] -- Up-to-date: /home/sakshi/ClutterBot/install/turtlebot3_fake_node/share/turtlebot3_fake_node/environment/ament_prefix_path.sh
[5.194s] -- Up-to-date: /home/sakshi/ClutterBot/install/turtlebot3_fake_node/share/turtlebot3_fake_node/environment/ament_prefix_path.dsv
[5.194s] -- Up-to-date: /home/sakshi/ClutterBot/install/turtlebot3_fake_node/share/turtlebot3_fake_node/environment/path.sh
[5.194s] -- Up-to-date: /home/sakshi/ClutterBot/install/turtlebot3_fake_node/share/turtlebot3_fake_node/environment/path.dsv
[5.194s] -- Up-to-date: /home/sakshi/ClutterBot/install/turtlebot3_fake_node/share/turtlebot3_fake_node/local_setup.bash
[5.194s] -- Up-to-date: /home/sakshi/ClutterBot/install/turtlebot3_fake_node/share/turtlebot3_fake_node/local_setup.sh
[5.195s] -- Up-to-date: /home/sakshi/ClutterBot/install/turtlebot3_fake_node/share/turtlebot3_fake_node/local_setup.zsh
[5.195s] -- Up-to-date: /home/sakshi/ClutterBot/install/turtlebot3_fake_node/share/turtlebot3_fake_node/local_setup.dsv
[5.195s] -- Installing: /home/sakshi/ClutterBot/install/turtlebot3_fake_node/share/turtlebot3_fake_node/package.dsv
[5.249s] -- Up-to-date: /home/sakshi/ClutterBot/install/turtlebot3_fake_node/share/ament_index/resource_index/packages/turtlebot3_fake_node
[5.250s] -- Up-to-date: /home/sakshi/ClutterBot/install/turtlebot3_fake_node/share/turtlebot3_fake_node/cmake/ament_cmake_export_include_directories-extras.cmake
[5.253s] -- Up-to-date: /home/sakshi/ClutterBot/install/turtlebot3_fake_node/share/turtlebot3_fake_node/cmake/ament_cmake_export_dependencies-extras.cmake
[5.254s] -- Up-to-date: /home/sakshi/ClutterBot/install/turtlebot3_fake_node/share/turtlebot3_fake_node/cmake/turtlebot3_fake_nodeConfig.cmake
[5.254s] -- Up-to-date: /home/sakshi/ClutterBot/install/turtlebot3_fake_node/share/turtlebot3_fake_node/cmake/turtlebot3_fake_nodeConfig-version.cmake
[5.254s] -- Up-to-date: /home/sakshi/ClutterBot/install/turtlebot3_fake_node/share/turtlebot3_fake_node/package.xml
[5.262s] Invoked command in '/home/sakshi/ClutterBot/build/turtlebot3_fake_node' returned '0': CMAKE_PREFIX_PATH=/home/sakshi/ClutterBot/install/turtlebot3_msgs:/home/sakshi/ClutterBot/install/turtlebot3:/home/sakshi/ClutterBot/install/turtlebot3_simulations:/home/sakshi/ClutterBot/install/turtlebot3_bringup:/home/sakshi/ClutterBot/install/turtlebot3_node:/home/sakshi/ClutterBot/install/turtlebot3_navigation2:/home/sakshi/ClutterBot/install/turtlebot3_fake_node:/home/sakshi/ClutterBot/install/turtlebot3_gazebo:/home/sakshi/ClutterBot/install/turtlebot3_description:/home/sakshi/ClutterBot/install/turtlebot3_cartographer:/home/sakshi/ClutterBot/install/task:/home/sakshi/ClutterBot/install/hls_lfcd_lds_driver:/home/sakshi/ClutterBot/install/dynamixel_sdk_examples:/home/sakshi/ClutterBot/install/dynamixel_sdk_custom_interfaces:/home/sakshi/ClutterBot/install/dynamixel_sdk:/home/sakshi/ClutterBot/install/turtlebot3_teleop:/home/sakshi/ClutterBot/install/turtlebot3_example:/opt/ros/foxy PYTHONPATH=/home/sakshi/ClutterBot/install/turtlebot3_msgs/lib/python3.8/site-packages:/home/sakshi/ClutterBot/install/turtlebot3_teleop/lib/python3.8/site-packages:/home/sakshi/ClutterBot/install/turtlebot3_example/lib/python3.8/site-packages:/home/sakshi/ClutterBot/install/dynamixel_sdk_custom_interfaces/lib/python3.8/site-packages:/opt/ros/foxy/lib/python3.8/site-packages /usr/bin/cmake --install /home/sakshi/ClutterBot/build/turtlebot3_fake_node
