[0.032s] Invoking command in '/home/sakshi/ClutterBot/build/turtlebot3_bringup': CMAKE_PREFIX_PATH=/home/sakshi/ClutterBot/install/turtlebot3_node:/home/sakshi/ClutterBot/install/turtlebot3_msgs:/home/sakshi/ClutterBot/install/turtlebot3_description:/home/sakshi/ClutterBot/install/hls_lfcd_lds_driver:/home/sakshi/ClutterBot/install/dynamixel_sdk:/home/sakshi/ClutterBot/install/turtlebot3:/home/sakshi/ClutterBot/install/turtlebot3_simulations:/home/sakshi/ClutterBot/install/turtlebot3_bringup:/home/sakshi/ClutterBot/install/turtlebot3_navigation2:/home/sakshi/ClutterBot/install/turtlebot3_fake_node:/home/sakshi/ClutterBot/install/turtlebot3_gazebo:/home/sakshi/ClutterBot/install/turtlebot3_cartographer:/home/sakshi/ClutterBot/install/dynamixel_sdk_examples:/home/sakshi/ClutterBot/install/dynamixel_sdk_custom_interfaces:/home/sakshi/ClutterBot/install/turtlebot3_teleop:/home/sakshi/ClutterBot/install/turtlebot3_example:/opt/ros/foxy LD_LIBRARY_PATH=/home/sakshi/ClutterBot/install/turtlebot3_msgs/lib:/home/sakshi/ClutterBot/install/dynamixel_sdk/lib:/home/sakshi/ClutterBot/install/dynamixel_sdk_custom_interfaces/lib:/usr/lib/x86_64-linux-gnu/gazebo-11/plugins:/opt/ros/foxy/opt/yaml_cpp_vendor/lib:/opt/ros/foxy/opt/rviz_ogre_vendor/lib:/opt/ros/foxy/lib/x86_64-linux-gnu:/opt/ros/foxy/lib PYTHONPATH=/home/sakshi/ClutterBot/install/turtlebot3_msgs/lib/python3.8/site-packages:/home/sakshi/ClutterBot/install/turtlebot3_teleop/lib/python3.8/site-packages:/home/sakshi/ClutterBot/install/turtlebot3_example/lib/python3.8/site-packages:/home/sakshi/ClutterBot/install/dynamixel_sdk_custom_interfaces/lib/python3.8/site-packages:/opt/ros/foxy/lib/python3.8/site-packages /usr/bin/cmake /home/sakshi/ClutterBot/src/turtlebot3/turtlebot3/turtlebot3_bringup -DCMAKE_INSTALL_PREFIX=/home/sakshi/ClutterBot/install/turtlebot3_bringup
[0.227s] -- The C compiler identification is GNU 9.4.0
[0.323s] -- The CXX compiler identification is GNU 9.4.0
[0.338s] -- Check for working C compiler: /usr/lib/ccache/cc
[0.449s] -- Check for working C compiler: /usr/lib/ccache/cc -- works
[0.450s] -- Detecting C compiler ABI info
[0.532s] -- Detecting C compiler ABI info - done
[0.546s] -- Detecting C compile features
[0.547s] -- Detecting C compile features - done
[0.551s] -- Check for working CXX compiler: /usr/lib/ccache/c++
[0.696s] -- Check for working CXX compiler: /usr/lib/ccache/c++ -- works
[0.697s] -- Detecting CXX compiler ABI info
[0.792s] -- Detecting CXX compiler ABI info - done
[0.812s] -- Detecting CXX compile features
[0.813s] -- Detecting CXX compile features - done
[0.818s] -- Found ament_cmake: 0.9.12 (/opt/ros/foxy/share/ament_cmake/cmake)
[0.852s] -- Found PythonInterp: /usr/bin/python3 (found suitable version "3.8.10", minimum required is "3") 
[0.852s] -- Using PYTHON_EXECUTABLE: /usr/bin/python3
[1.344s] -- Configuring done
[1.347s] -- Generating done
[1.348s] -- Build files have been written to: /home/sakshi/ClutterBot/build/turtlebot3_bringup
[1.352s] Invoked command in '/home/sakshi/ClutterBot/build/turtlebot3_bringup' returned '0': CMAKE_PREFIX_PATH=/home/sakshi/ClutterBot/install/turtlebot3_node:/home/sakshi/ClutterBot/install/turtlebot3_msgs:/home/sakshi/ClutterBot/install/turtlebot3_description:/home/sakshi/ClutterBot/install/hls_lfcd_lds_driver:/home/sakshi/ClutterBot/install/dynamixel_sdk:/home/sakshi/ClutterBot/install/turtlebot3:/home/sakshi/ClutterBot/install/turtlebot3_simulations:/home/sakshi/ClutterBot/install/turtlebot3_bringup:/home/sakshi/ClutterBot/install/turtlebot3_navigation2:/home/sakshi/ClutterBot/install/turtlebot3_fake_node:/home/sakshi/ClutterBot/install/turtlebot3_gazebo:/home/sakshi/ClutterBot/install/turtlebot3_cartographer:/home/sakshi/ClutterBot/install/dynamixel_sdk_examples:/home/sakshi/ClutterBot/install/dynamixel_sdk_custom_interfaces:/home/sakshi/ClutterBot/install/turtlebot3_teleop:/home/sakshi/ClutterBot/install/turtlebot3_example:/opt/ros/foxy LD_LIBRARY_PATH=/home/sakshi/ClutterBot/install/turtlebot3_msgs/lib:/home/sakshi/ClutterBot/install/dynamixel_sdk/lib:/home/sakshi/ClutterBot/install/dynamixel_sdk_custom_interfaces/lib:/usr/lib/x86_64-linux-gnu/gazebo-11/plugins:/opt/ros/foxy/opt/yaml_cpp_vendor/lib:/opt/ros/foxy/opt/rviz_ogre_vendor/lib:/opt/ros/foxy/lib/x86_64-linux-gnu:/opt/ros/foxy/lib PYTHONPATH=/home/sakshi/ClutterBot/install/turtlebot3_msgs/lib/python3.8/site-packages:/home/sakshi/ClutterBot/install/turtlebot3_teleop/lib/python3.8/site-packages:/home/sakshi/ClutterBot/install/turtlebot3_example/lib/python3.8/site-packages:/home/sakshi/ClutterBot/install/dynamixel_sdk_custom_interfaces/lib/python3.8/site-packages:/opt/ros/foxy/lib/python3.8/site-packages /usr/bin/cmake /home/sakshi/ClutterBot/src/turtlebot3/turtlebot3/turtlebot3_bringup -DCMAKE_INSTALL_PREFIX=/home/sakshi/ClutterBot/install/turtlebot3_bringup
[1.355s] Invoking command in '/home/sakshi/ClutterBot/build/turtlebot3_bringup': CMAKE_PREFIX_PATH=/home/sakshi/ClutterBot/install/turtlebot3_node:/home/sakshi/ClutterBot/install/turtlebot3_msgs:/home/sakshi/ClutterBot/install/turtlebot3_description:/home/sakshi/ClutterBot/install/hls_lfcd_lds_driver:/home/sakshi/ClutterBot/install/dynamixel_sdk:/home/sakshi/ClutterBot/install/turtlebot3:/home/sakshi/ClutterBot/install/turtlebot3_simulations:/home/sakshi/ClutterBot/install/turtlebot3_bringup:/home/sakshi/ClutterBot/install/turtlebot3_navigation2:/home/sakshi/ClutterBot/install/turtlebot3_fake_node:/home/sakshi/ClutterBot/install/turtlebot3_gazebo:/home/sakshi/ClutterBot/install/turtlebot3_cartographer:/home/sakshi/ClutterBot/install/dynamixel_sdk_examples:/home/sakshi/ClutterBot/install/dynamixel_sdk_custom_interfaces:/home/sakshi/ClutterBot/install/turtlebot3_teleop:/home/sakshi/ClutterBot/install/turtlebot3_example:/opt/ros/foxy LD_LIBRARY_PATH=/home/sakshi/ClutterBot/install/turtlebot3_msgs/lib:/home/sakshi/ClutterBot/install/dynamixel_sdk/lib:/home/sakshi/ClutterBot/install/dynamixel_sdk_custom_interfaces/lib:/usr/lib/x86_64-linux-gnu/gazebo-11/plugins:/opt/ros/foxy/opt/yaml_cpp_vendor/lib:/opt/ros/foxy/opt/rviz_ogre_vendor/lib:/opt/ros/foxy/lib/x86_64-linux-gnu:/opt/ros/foxy/lib PYTHONPATH=/home/sakshi/ClutterBot/install/turtlebot3_msgs/lib/python3.8/site-packages:/home/sakshi/ClutterBot/install/turtlebot3_teleop/lib/python3.8/site-packages:/home/sakshi/ClutterBot/install/turtlebot3_example/lib/python3.8/site-packages:/home/sakshi/ClutterBot/install/dynamixel_sdk_custom_interfaces/lib/python3.8/site-packages:/opt/ros/foxy/lib/python3.8/site-packages /usr/bin/cmake --build /home/sakshi/ClutterBot/build/turtlebot3_bringup -- -j8 -l8
[1.414s] Invoked command in '/home/sakshi/ClutterBot/build/turtlebot3_bringup' returned '0': CMAKE_PREFIX_PATH=/home/sakshi/ClutterBot/install/turtlebot3_node:/home/sakshi/ClutterBot/install/turtlebot3_msgs:/home/sakshi/ClutterBot/install/turtlebot3_description:/home/sakshi/ClutterBot/install/hls_lfcd_lds_driver:/home/sakshi/ClutterBot/install/dynamixel_sdk:/home/sakshi/ClutterBot/install/turtlebot3:/home/sakshi/ClutterBot/install/turtlebot3_simulations:/home/sakshi/ClutterBot/install/turtlebot3_bringup:/home/sakshi/ClutterBot/install/turtlebot3_navigation2:/home/sakshi/ClutterBot/install/turtlebot3_fake_node:/home/sakshi/ClutterBot/install/turtlebot3_gazebo:/home/sakshi/ClutterBot/install/turtlebot3_cartographer:/home/sakshi/ClutterBot/install/dynamixel_sdk_examples:/home/sakshi/ClutterBot/install/dynamixel_sdk_custom_interfaces:/home/sakshi/ClutterBot/install/turtlebot3_teleop:/home/sakshi/ClutterBot/install/turtlebot3_example:/opt/ros/foxy LD_LIBRARY_PATH=/home/sakshi/ClutterBot/install/turtlebot3_msgs/lib:/home/sakshi/ClutterBot/install/dynamixel_sdk/lib:/home/sakshi/ClutterBot/install/dynamixel_sdk_custom_interfaces/lib:/usr/lib/x86_64-linux-gnu/gazebo-11/plugins:/opt/ros/foxy/opt/yaml_cpp_vendor/lib:/opt/ros/foxy/opt/rviz_ogre_vendor/lib:/opt/ros/foxy/lib/x86_64-linux-gnu:/opt/ros/foxy/lib PYTHONPATH=/home/sakshi/ClutterBot/install/turtlebot3_msgs/lib/python3.8/site-packages:/home/sakshi/ClutterBot/install/turtlebot3_teleop/lib/python3.8/site-packages:/home/sakshi/ClutterBot/install/turtlebot3_example/lib/python3.8/site-packages:/home/sakshi/ClutterBot/install/dynamixel_sdk_custom_interfaces/lib/python3.8/site-packages:/opt/ros/foxy/lib/python3.8/site-packages /usr/bin/cmake --build /home/sakshi/ClutterBot/build/turtlebot3_bringup -- -j8 -l8
[1.455s] Invoking command in '/home/sakshi/ClutterBot/build/turtlebot3_bringup': CMAKE_PREFIX_PATH=/home/sakshi/ClutterBot/install/turtlebot3_node:/home/sakshi/ClutterBot/install/turtlebot3_msgs:/home/sakshi/ClutterBot/install/turtlebot3_description:/home/sakshi/ClutterBot/install/hls_lfcd_lds_driver:/home/sakshi/ClutterBot/install/dynamixel_sdk:/home/sakshi/ClutterBot/install/turtlebot3:/home/sakshi/ClutterBot/install/turtlebot3_simulations:/home/sakshi/ClutterBot/install/turtlebot3_bringup:/home/sakshi/ClutterBot/install/turtlebot3_navigation2:/home/sakshi/ClutterBot/install/turtlebot3_fake_node:/home/sakshi/ClutterBot/install/turtlebot3_gazebo:/home/sakshi/ClutterBot/install/turtlebot3_cartographer:/home/sakshi/ClutterBot/install/dynamixel_sdk_examples:/home/sakshi/ClutterBot/install/dynamixel_sdk_custom_interfaces:/home/sakshi/ClutterBot/install/turtlebot3_teleop:/home/sakshi/ClutterBot/install/turtlebot3_example:/opt/ros/foxy LD_LIBRARY_PATH=/home/sakshi/ClutterBot/install/turtlebot3_msgs/lib:/home/sakshi/ClutterBot/install/dynamixel_sdk/lib:/home/sakshi/ClutterBot/install/dynamixel_sdk_custom_interfaces/lib:/usr/lib/x86_64-linux-gnu/gazebo-11/plugins:/opt/ros/foxy/opt/yaml_cpp_vendor/lib:/opt/ros/foxy/opt/rviz_ogre_vendor/lib:/opt/ros/foxy/lib/x86_64-linux-gnu:/opt/ros/foxy/lib PYTHONPATH=/home/sakshi/ClutterBot/install/turtlebot3_msgs/lib/python3.8/site-packages:/home/sakshi/ClutterBot/install/turtlebot3_teleop/lib/python3.8/site-packages:/home/sakshi/ClutterBot/install/turtlebot3_example/lib/python3.8/site-packages:/home/sakshi/ClutterBot/install/dynamixel_sdk_custom_interfaces/lib/python3.8/site-packages:/opt/ros/foxy/lib/python3.8/site-packages /usr/bin/cmake --install /home/sakshi/ClutterBot/build/turtlebot3_bringup
[1.478s] -- Install configuration: ""
[1.478s] -- Installing: /home/sakshi/ClutterBot/install/turtlebot3_bringup/share/turtlebot3_bringup/launch
[1.478s] -- Installing: /home/sakshi/ClutterBot/install/turtlebot3_bringup/share/turtlebot3_bringup/launch/rviz2.launch.py
[1.594s] -- Installing: /home/sakshi/ClutterBot/install/turtlebot3_bringup/share/turtlebot3_bringup/launch/robot.launch.py
[1.595s] -- Installing: /home/sakshi/ClutterBot/install/turtlebot3_bringup/share/turtlebot3_bringup/launch/turtlebot3_state_publisher.launch.py
[1.595s] -- Installing: /home/sakshi/ClutterBot/install/turtlebot3_bringup/share/turtlebot3_bringup/param
[1.595s] -- Installing: /home/sakshi/ClutterBot/install/turtlebot3_bringup/share/turtlebot3_bringup/param/waffle_pi.yaml
[1.596s] -- Installing: /home/sakshi/ClutterBot/install/turtlebot3_bringup/share/turtlebot3_bringup/param/waffle.yaml
[1.598s] -- Installing: /home/sakshi/ClutterBot/install/turtlebot3_bringup/share/turtlebot3_bringup/param/burger.yaml
[1.599s] -- Installing: /home/sakshi/ClutterBot/install/turtlebot3_bringup/share/turtlebot3_bringup/script
[1.600s] -- Installing: /home/sakshi/ClutterBot/install/turtlebot3_bringup/share/turtlebot3_bringup/script/99-turtlebot3-cdc.rules
[1.600s] -- Installing: /home/sakshi/ClutterBot/install/turtlebot3_bringup/share/turtlebot3_bringup/script/create_udev_rules
[1.600s] -- Installing: /home/sakshi/ClutterBot/install/turtlebot3_bringup/share/ament_index/resource_index/package_run_dependencies/turtlebot3_bringup
[1.600s] -- Installing: /home/sakshi/ClutterBot/install/turtlebot3_bringup/share/ament_index/resource_index/parent_prefix_path/turtlebot3_bringup
[1.601s] -- Installing: /home/sakshi/ClutterBot/install/turtlebot3_bringup/share/turtlebot3_bringup/environment/ament_prefix_path.sh
[1.601s] -- Installing: /home/sakshi/ClutterBot/install/turtlebot3_bringup/share/turtlebot3_bringup/environment/ament_prefix_path.dsv
[1.602s] -- Installing: /home/sakshi/ClutterBot/install/turtlebot3_bringup/share/turtlebot3_bringup/environment/path.sh
[1.602s] -- Installing: /home/sakshi/ClutterBot/install/turtlebot3_bringup/share/turtlebot3_bringup/environment/path.dsv
[1.603s] -- Installing: /home/sakshi/ClutterBot/install/turtlebot3_bringup/share/turtlebot3_bringup/local_setup.bash
[1.603s] -- Installing: /home/sakshi/ClutterBot/install/turtlebot3_bringup/share/turtlebot3_bringup/local_setup.sh
[1.603s] -- Installing: /home/sakshi/ClutterBot/install/turtlebot3_bringup/share/turtlebot3_bringup/local_setup.zsh
[1.604s] -- Installing: /home/sakshi/ClutterBot/install/turtlebot3_bringup/share/turtlebot3_bringup/local_setup.dsv
[1.604s] -- Installing: /home/sakshi/ClutterBot/install/turtlebot3_bringup/share/turtlebot3_bringup/package.dsv
[1.605s] -- Installing: /home/sakshi/ClutterBot/install/turtlebot3_bringup/share/ament_index/resource_index/packages/turtlebot3_bringup
[1.605s] -- Installing: /home/sakshi/ClutterBot/install/turtlebot3_bringup/share/turtlebot3_bringup/cmake/turtlebot3_bringupConfig.cmake
[1.605s] -- Installing: /home/sakshi/ClutterBot/install/turtlebot3_bringup/share/turtlebot3_bringup/cmake/turtlebot3_bringupConfig-version.cmake
[1.605s] -- Installing: /home/sakshi/ClutterBot/install/turtlebot3_bringup/share/turtlebot3_bringup/package.xml
[1.613s] Invoked command in '/home/sakshi/ClutterBot/build/turtlebot3_bringup' returned '0': CMAKE_PREFIX_PATH=/home/sakshi/ClutterBot/install/turtlebot3_node:/home/sakshi/ClutterBot/install/turtlebot3_msgs:/home/sakshi/ClutterBot/install/turtlebot3_description:/home/sakshi/ClutterBot/install/hls_lfcd_lds_driver:/home/sakshi/ClutterBot/install/dynamixel_sdk:/home/sakshi/ClutterBot/install/turtlebot3:/home/sakshi/ClutterBot/install/turtlebot3_simulations:/home/sakshi/ClutterBot/install/turtlebot3_bringup:/home/sakshi/ClutterBot/install/turtlebot3_navigation2:/home/sakshi/ClutterBot/install/turtlebot3_fake_node:/home/sakshi/ClutterBot/install/turtlebot3_gazebo:/home/sakshi/ClutterBot/install/turtlebot3_cartographer:/home/sakshi/ClutterBot/install/dynamixel_sdk_examples:/home/sakshi/ClutterBot/install/dynamixel_sdk_custom_interfaces:/home/sakshi/ClutterBot/install/turtlebot3_teleop:/home/sakshi/ClutterBot/install/turtlebot3_example:/opt/ros/foxy LD_LIBRARY_PATH=/home/sakshi/ClutterBot/install/turtlebot3_msgs/lib:/home/sakshi/ClutterBot/install/dynamixel_sdk/lib:/home/sakshi/ClutterBot/install/dynamixel_sdk_custom_interfaces/lib:/usr/lib/x86_64-linux-gnu/gazebo-11/plugins:/opt/ros/foxy/opt/yaml_cpp_vendor/lib:/opt/ros/foxy/opt/rviz_ogre_vendor/lib:/opt/ros/foxy/lib/x86_64-linux-gnu:/opt/ros/foxy/lib PYTHONPATH=/home/sakshi/ClutterBot/install/turtlebot3_msgs/lib/python3.8/site-packages:/home/sakshi/ClutterBot/install/turtlebot3_teleop/lib/python3.8/site-packages:/home/sakshi/ClutterBot/install/turtlebot3_example/lib/python3.8/site-packages:/home/sakshi/ClutterBot/install/dynamixel_sdk_custom_interfaces/lib/python3.8/site-packages:/opt/ros/foxy/lib/python3.8/site-packages /usr/bin/cmake --install /home/sakshi/ClutterBot/build/turtlebot3_bringup
