[0.291s] Invoking command in '/home/sakshi/ClutterBot/build/turtlebot3_navigation2': CMAKE_PREFIX_PATH=${CMAKE_PREFIX_PATH}:/home/sakshi/ClutterBot/install/turtlebot3_teleop:/home/sakshi/ClutterBot/install/turtlebot3_example:/opt/ros/foxy /usr/bin/cmake --build /home/sakshi/ClutterBot/build/turtlebot3_navigation2 -- -j8 -l8
[1.060s] Invoked command in '/home/sakshi/ClutterBot/build/turtlebot3_navigation2' returned '0': CMAKE_PREFIX_PATH=${CMAKE_PREFIX_PATH}:/home/sakshi/ClutterBot/install/turtlebot3_teleop:/home/sakshi/ClutterBot/install/turtlebot3_example:/opt/ros/foxy /usr/bin/cmake --build /home/sakshi/ClutterBot/build/turtlebot3_navigation2 -- -j8 -l8
[1.113s] Invoking command in '/home/sakshi/ClutterBot/build/turtlebot3_navigation2': CMAKE_PREFIX_PATH=${CMAKE_PREFIX_PATH}:/home/sakshi/ClutterBot/install/turtlebot3_teleop:/home/sakshi/ClutterBot/install/turtlebot3_example:/opt/ros/foxy /usr/bin/cmake --install /home/sakshi/ClutterBot/build/turtlebot3_navigation2
[1.134s] -- Install configuration: ""
[1.134s] -- Up-to-date: /home/sakshi/ClutterBot/install/turtlebot3_navigation2/share/turtlebot3_navigation2/launch
[1.134s] -- Up-to-date: /home/sakshi/ClutterBot/install/turtlebot3_navigation2/share/turtlebot3_navigation2/launch/navigation2.launch.py
[1.135s] -- Up-to-date: /home/sakshi/ClutterBot/install/turtlebot3_navigation2/share/turtlebot3_navigation2/map
[1.135s] -- Up-to-date: /home/sakshi/ClutterBot/install/turtlebot3_navigation2/share/turtlebot3_navigation2/map/turtlebot3_world.yaml
[1.135s] -- Up-to-date: /home/sakshi/ClutterBot/install/turtlebot3_navigation2/share/turtlebot3_navigation2/map/turtlebot3_world.pgm
[1.273s] -- Up-to-date: /home/sakshi/ClutterBot/install/turtlebot3_navigation2/share/turtlebot3_navigation2/param
[1.273s] -- Installing: /home/sakshi/ClutterBot/install/turtlebot3_navigation2/share/turtlebot3_navigation2/param/waffle_pi.yaml
[1.300s] -- Up-to-date: /home/sakshi/ClutterBot/install/turtlebot3_navigation2/share/turtlebot3_navigation2/param/waffle.yaml
[1.362s] -- Up-to-date: /home/sakshi/ClutterBot/install/turtlebot3_navigation2/share/turtlebot3_navigation2/param/burger.yaml
[1.362s] -- Up-to-date: /home/sakshi/ClutterBot/install/turtlebot3_navigation2/share/turtlebot3_navigation2/rviz
[1.362s] -- Up-to-date: /home/sakshi/ClutterBot/install/turtlebot3_navigation2/share/turtlebot3_navigation2/rviz/tb3_navigation2.rviz
[1.363s] -- Up-to-date: /home/sakshi/ClutterBot/install/turtlebot3_navigation2/share/ament_index/resource_index/package_run_dependencies/turtlebot3_navigation2
[1.363s] -- Up-to-date: /home/sakshi/ClutterBot/install/turtlebot3_navigation2/share/ament_index/resource_index/parent_prefix_path/turtlebot3_navigation2
[1.363s] -- Up-to-date: /home/sakshi/ClutterBot/install/turtlebot3_navigation2/share/turtlebot3_navigation2/environment/ament_prefix_path.sh
[1.363s] -- Up-to-date: /home/sakshi/ClutterBot/install/turtlebot3_navigation2/share/turtlebot3_navigation2/environment/ament_prefix_path.dsv
[1.363s] -- Up-to-date: /home/sakshi/ClutterBot/install/turtlebot3_navigation2/share/turtlebot3_navigation2/environment/path.sh
[1.363s] -- Up-to-date: /home/sakshi/ClutterBot/install/turtlebot3_navigation2/share/turtlebot3_navigation2/environment/path.dsv
[1.363s] -- Up-to-date: /home/sakshi/ClutterBot/install/turtlebot3_navigation2/share/turtlebot3_navigation2/local_setup.bash
[1.363s] -- Up-to-date: /home/sakshi/ClutterBot/install/turtlebot3_navigation2/share/turtlebot3_navigation2/local_setup.sh
[1.364s] -- Up-to-date: /home/sakshi/ClutterBot/install/turtlebot3_navigation2/share/turtlebot3_navigation2/local_setup.zsh
[1.364s] -- Up-to-date: /home/sakshi/ClutterBot/install/turtlebot3_navigation2/share/turtlebot3_navigation2/local_setup.dsv
[1.364s] -- Installing: /home/sakshi/ClutterBot/install/turtlebot3_navigation2/share/turtlebot3_navigation2/package.dsv
[1.364s] -- Up-to-date: /home/sakshi/ClutterBot/install/turtlebot3_navigation2/share/ament_index/resource_index/packages/turtlebot3_navigation2
[1.364s] -- Up-to-date: /home/sakshi/ClutterBot/install/turtlebot3_navigation2/share/turtlebot3_navigation2/cmake/turtlebot3_navigation2Config.cmake
[1.364s] -- Up-to-date: /home/sakshi/ClutterBot/install/turtlebot3_navigation2/share/turtlebot3_navigation2/cmake/turtlebot3_navigation2Config-version.cmake
[1.364s] -- Up-to-date: /home/sakshi/ClutterBot/install/turtlebot3_navigation2/share/turtlebot3_navigation2/package.xml
[1.365s] Invoked command in '/home/sakshi/ClutterBot/build/turtlebot3_navigation2' returned '0': CMAKE_PREFIX_PATH=${CMAKE_PREFIX_PATH}:/home/sakshi/ClutterBot/install/turtlebot3_teleop:/home/sakshi/ClutterBot/install/turtlebot3_example:/opt/ros/foxy /usr/bin/cmake --install /home/sakshi/ClutterBot/build/turtlebot3_navigation2
