[0.196s] Invoking command in '/home/sakshi/ClutterBot/build/dynamixel_sdk': CMAKE_PREFIX_PATH=${CMAKE_PREFIX_PATH}:/home/sakshi/ClutterBot/install/turtlebot3_teleop:/home/sakshi/ClutterBot/install/turtlebot3_example:/opt/ros/foxy /usr/bin/cmake --build /home/sakshi/ClutterBot/build/dynamixel_sdk -- -j8 -l8
[2.347s] [100%] Built target dynamixel_sdk
[2.350s] Invoked command in '/home/sakshi/ClutterBot/build/dynamixel_sdk' returned '0': CMAKE_PREFIX_PATH=${CMAKE_PREFIX_PATH}:/home/sakshi/ClutterBot/install/turtlebot3_teleop:/home/sakshi/ClutterBot/install/turtlebot3_example:/opt/ros/foxy /usr/bin/cmake --build /home/sakshi/ClutterBot/build/dynamixel_sdk -- -j8 -l8
[2.501s] Invoking command in '/home/sakshi/ClutterBot/build/dynamixel_sdk': CMAKE_PREFIX_PATH=${CMAKE_PREFIX_PATH}:/home/sakshi/ClutterBot/install/turtlebot3_teleop:/home/sakshi/ClutterBot/install/turtlebot3_example:/opt/ros/foxy /usr/bin/cmake --install /home/sakshi/ClutterBot/build/dynamixel_sdk
[2.629s] -- Install configuration: ""
[2.629s] -- Up-to-date: /home/sakshi/ClutterBot/install/dynamixel_sdk/include/
[2.629s] -- Up-to-date: /home/sakshi/ClutterBot/install/dynamixel_sdk/include//dynamixel_sdk
[2.630s] -- Up-to-date: /home/sakshi/ClutterBot/install/dynamixel_sdk/include//dynamixel_sdk/port_handler_mac.h
[2.630s] -- Up-to-date: /home/sakshi/ClutterBot/install/dynamixel_sdk/include//dynamixel_sdk/port_handler.h
[2.630s] -- Up-to-date: /home/sakshi/ClutterBot/install/dynamixel_sdk/include//dynamixel_sdk/port_handler_windows.h
[2.630s] -- Up-to-date: /home/sakshi/ClutterBot/install/dynamixel_sdk/include//dynamixel_sdk/group_sync_write.h
[2.630s] -- Up-to-date: /home/sakshi/ClutterBot/install/dynamixel_sdk/include//dynamixel_sdk/port_handler_linux.h
[2.630s] -- Up-to-date: /home/sakshi/ClutterBot/install/dynamixel_sdk/include//dynamixel_sdk/dynamixel_sdk.h
[2.630s] -- Up-to-date: /home/sakshi/ClutterBot/install/dynamixel_sdk/include//dynamixel_sdk/protocol2_packet_handler.h
[2.630s] -- Up-to-date: /home/sakshi/ClutterBot/install/dynamixel_sdk/include//dynamixel_sdk/protocol1_packet_handler.h
[2.630s] -- Up-to-date: /home/sakshi/ClutterBot/install/dynamixel_sdk/include//dynamixel_sdk/group_sync_read.h
[2.790s] -- Up-to-date: /home/sakshi/ClutterBot/install/dynamixel_sdk/include//dynamixel_sdk/packet_handler.h
[2.793s] -- Up-to-date: /home/sakshi/ClutterBot/install/dynamixel_sdk/include//dynamixel_sdk/port_handler_arduino.h
[2.793s] -- Up-to-date: /home/sakshi/ClutterBot/install/dynamixel_sdk/include//dynamixel_sdk/group_bulk_read.h
[2.793s] -- Up-to-date: /home/sakshi/ClutterBot/install/dynamixel_sdk/include//dynamixel_sdk/group_bulk_write.h
[2.964s] -- Up-to-date: /home/sakshi/ClutterBot/install/dynamixel_sdk/lib/libdynamixel_sdk.so
[2.965s] -- Up-to-date: /home/sakshi/ClutterBot/install/dynamixel_sdk/share/dynamixel_sdk/environment/library_path.sh
[2.970s] -- Up-to-date: /home/sakshi/ClutterBot/install/dynamixel_sdk/share/dynamixel_sdk/environment/library_path.dsv
[2.970s] -- Up-to-date: /home/sakshi/ClutterBot/install/dynamixel_sdk/share/ament_index/resource_index/package_run_dependencies/dynamixel_sdk
[2.970s] -- Up-to-date: /home/sakshi/ClutterBot/install/dynamixel_sdk/share/ament_index/resource_index/parent_prefix_path/dynamixel_sdk
[2.971s] -- Up-to-date: /home/sakshi/ClutterBot/install/dynamixel_sdk/share/dynamixel_sdk/environment/ament_prefix_path.sh
[2.971s] -- Up-to-date: /home/sakshi/ClutterBot/install/dynamixel_sdk/share/dynamixel_sdk/environment/ament_prefix_path.dsv
[2.971s] -- Up-to-date: /home/sakshi/ClutterBot/install/dynamixel_sdk/share/dynamixel_sdk/environment/path.sh
[2.972s] -- Up-to-date: /home/sakshi/ClutterBot/install/dynamixel_sdk/share/dynamixel_sdk/environment/path.dsv
[2.972s] -- Up-to-date: /home/sakshi/ClutterBot/install/dynamixel_sdk/share/dynamixel_sdk/local_setup.bash
[2.972s] -- Up-to-date: /home/sakshi/ClutterBot/install/dynamixel_sdk/share/dynamixel_sdk/local_setup.sh
[2.973s] -- Up-to-date: /home/sakshi/ClutterBot/install/dynamixel_sdk/share/dynamixel_sdk/local_setup.zsh
[2.973s] -- Up-to-date: /home/sakshi/ClutterBot/install/dynamixel_sdk/share/dynamixel_sdk/local_setup.dsv
[2.973s] -- Installing: /home/sakshi/ClutterBot/install/dynamixel_sdk/share/dynamixel_sdk/package.dsv
[2.973s] -- Up-to-date: /home/sakshi/ClutterBot/install/dynamixel_sdk/share/ament_index/resource_index/packages/dynamixel_sdk
[2.973s] -- Up-to-date: /home/sakshi/ClutterBot/install/dynamixel_sdk/share/dynamixel_sdk/cmake/ament_cmake_export_include_directories-extras.cmake
[2.974s] -- Up-to-date: /home/sakshi/ClutterBot/install/dynamixel_sdk/share/dynamixel_sdk/cmake/ament_cmake_export_libraries-extras.cmake
[2.974s] -- Up-to-date: /home/sakshi/ClutterBot/install/dynamixel_sdk/share/dynamixel_sdk/cmake/dynamixel_sdkConfig.cmake
[2.974s] -- Up-to-date: /home/sakshi/ClutterBot/install/dynamixel_sdk/share/dynamixel_sdk/cmake/dynamixel_sdkConfig-version.cmake
[2.975s] -- Up-to-date: /home/sakshi/ClutterBot/install/dynamixel_sdk/share/dynamixel_sdk/package.xml
[2.999s] Invoked command in '/home/sakshi/ClutterBot/build/dynamixel_sdk' returned '0': CMAKE_PREFIX_PATH=${CMAKE_PREFIX_PATH}:/home/sakshi/ClutterBot/install/turtlebot3_teleop:/home/sakshi/ClutterBot/install/turtlebot3_example:/opt/ros/foxy /usr/bin/cmake --install /home/sakshi/ClutterBot/build/dynamixel_sdk
