[0.855s] Invoking command in '/home/sakshi/ClutterBot/build/turtlebot3_msgs': CMAKE_PREFIX_PATH=${CMAKE_PREFIX_PATH}:/home/sakshi/ClutterBot/install/turtlebot3_teleop:/home/sakshi/ClutterBot/install/turtlebot3_example:/opt/ros/foxy CONDA_PROMPT_MODIFIER=(base) /usr/bin/cmake --build /home/sakshi/ClutterBot/build/turtlebot3_msgs -- -j8 -l8
[4.895s] [  1%] Built target turtlebot3_msgs__cpp
[5.837s] [ 16%] Built target turtlebot3_msgs__rosidl_typesupport_cpp
[5.837s] [ 26%] Built target turtlebot3_msgs__rosidl_generator_c
[5.838s] [ 36%] Built target turtlebot3_msgs__rosidl_typesupport_fastrtps_cpp
[5.839s] [ 46%] Built target turtlebot3_msgs__rosidl_typesupport_introspection_cpp
[6.771s] [ 57%] Built target turtlebot3_msgs__rosidl_typesupport_c
[6.772s] [ 69%] Built target turtlebot3_msgs__rosidl_typesupport_introspection_c
[6.790s] [ 80%] Built target turtlebot3_msgs__rosidl_typesupport_fastrtps_c
[6.929s] [ 80%] Built target turtlebot3_msgs
[6.992s] [ 81%] Built target turtlebot3_msgs__py
[8.650s] [ 91%] Built target turtlebot3_msgs__python
[8.768s] [ 94%] Built target turtlebot3_msgs__rosidl_typesupport_c__pyext
[9.095s] [ 97%] Built target turtlebot3_msgs__rosidl_typesupport_introspection_c__pyext
[9.095s] [100%] Built target turtlebot3_msgs__rosidl_typesupport_fastrtps_c__pyext
[9.113s] Invoked command in '/home/sakshi/ClutterBot/build/turtlebot3_msgs' returned '0': CMAKE_PREFIX_PATH=${CMAKE_PREFIX_PATH}:/home/sakshi/ClutterBot/install/turtlebot3_teleop:/home/sakshi/ClutterBot/install/turtlebot3_example:/opt/ros/foxy CONDA_PROMPT_MODIFIER=(base) /usr/bin/cmake --build /home/sakshi/ClutterBot/build/turtlebot3_msgs -- -j8 -l8
[9.221s] Invoking command in '/home/sakshi/ClutterBot/build/turtlebot3_msgs': CMAKE_PREFIX_PATH=${CMAKE_PREFIX_PATH}:/home/sakshi/ClutterBot/install/turtlebot3_teleop:/home/sakshi/ClutterBot/install/turtlebot3_example:/opt/ros/foxy CONDA_PROMPT_MODIFIER=(base) /usr/bin/cmake --install /home/sakshi/ClutterBot/build/turtlebot3_msgs
[9.401s] -- Install configuration: ""
[9.401s] -- Up-to-date: /home/sakshi/ClutterBot/install/turtlebot3_msgs/share/ament_index/resource_index/rosidl_interfaces/turtlebot3_msgs
[9.600s] -- Up-to-date: /home/sakshi/ClutterBot/install/turtlebot3_msgs/include/turtlebot3_msgs
[9.600s] -- Up-to-date: /home/sakshi/ClutterBot/install/turtlebot3_msgs/include/turtlebot3_msgs/msg
[9.602s] -- Up-to-date: /home/sakshi/ClutterBot/install/turtlebot3_msgs/include/turtlebot3_msgs/msg/sensor_state.h
[9.602s] -- Up-to-date: /home/sakshi/ClutterBot/install/turtlebot3_msgs/include/turtlebot3_msgs/msg/rosidl_generator_c__visibility_control.h
[9.603s] -- Up-to-date: /home/sakshi/ClutterBot/install/turtlebot3_msgs/include/turtlebot3_msgs/msg/detail
[9.603s] -- Up-to-date: /home/sakshi/ClutterBot/install/turtlebot3_msgs/include/turtlebot3_msgs/msg/detail/sensor_state__type_support.h
[9.603s] -- Up-to-date: /home/sakshi/ClutterBot/install/turtlebot3_msgs/include/turtlebot3_msgs/msg/detail/version_info__functions.h
[9.603s] -- Up-to-date: /home/sakshi/ClutterBot/install/turtlebot3_msgs/include/turtlebot3_msgs/msg/detail/sensor_state__functions.c
[9.604s] -- Up-to-date: /home/sakshi/ClutterBot/install/turtlebot3_msgs/include/turtlebot3_msgs/msg/detail/version_info__functions.c
[9.604s] -- Up-to-date: /home/sakshi/ClutterBot/install/turtlebot3_msgs/include/turtlebot3_msgs/msg/detail/sound__struct.h
[9.604s] -- Up-to-date: /home/sakshi/ClutterBot/install/turtlebot3_msgs/include/turtlebot3_msgs/msg/detail/sound__functions.h
[9.604s] -- Up-to-date: /home/sakshi/ClutterBot/install/turtlebot3_msgs/include/turtlebot3_msgs/msg/detail/version_info__struct.h
[9.606s] -- Up-to-date: /home/sakshi/ClutterBot/install/turtlebot3_msgs/include/turtlebot3_msgs/msg/detail/sensor_state__struct.h
[9.606s] -- Up-to-date: /home/sakshi/ClutterBot/install/turtlebot3_msgs/include/turtlebot3_msgs/msg/detail/sound__type_support.h
[9.607s] -- Up-to-date: /home/sakshi/ClutterBot/install/turtlebot3_msgs/include/turtlebot3_msgs/msg/detail/version_info__type_support.h
[9.607s] -- Up-to-date: /home/sakshi/ClutterBot/install/turtlebot3_msgs/include/turtlebot3_msgs/msg/detail/sound__functions.c
[9.607s] -- Up-to-date: /home/sakshi/ClutterBot/install/turtlebot3_msgs/include/turtlebot3_msgs/msg/detail/sensor_state__functions.h
[9.607s] -- Up-to-date: /home/sakshi/ClutterBot/install/turtlebot3_msgs/include/turtlebot3_msgs/msg/version_info.h
[9.608s] -- Up-to-date: /home/sakshi/ClutterBot/install/turtlebot3_msgs/include/turtlebot3_msgs/msg/sound.h
[9.608s] -- Up-to-date: /home/sakshi/ClutterBot/install/turtlebot3_msgs/include/turtlebot3_msgs/action
[9.608s] -- Up-to-date: /home/sakshi/ClutterBot/install/turtlebot3_msgs/include/turtlebot3_msgs/action/patrol.h
[9.608s] -- Up-to-date: /home/sakshi/ClutterBot/install/turtlebot3_msgs/include/turtlebot3_msgs/action/detail
[9.609s] -- Up-to-date: /home/sakshi/ClutterBot/install/turtlebot3_msgs/include/turtlebot3_msgs/action/detail/patrol__struct.h
[9.609s] -- Up-to-date: /home/sakshi/ClutterBot/install/turtlebot3_msgs/include/turtlebot3_msgs/action/detail/patrol__functions.h
[9.609s] -- Up-to-date: /home/sakshi/ClutterBot/install/turtlebot3_msgs/include/turtlebot3_msgs/action/detail/patrol__functions.c
[9.609s] -- Up-to-date: /home/sakshi/ClutterBot/install/turtlebot3_msgs/include/turtlebot3_msgs/action/detail/patrol__type_support.h
[9.610s] -- Up-to-date: /home/sakshi/ClutterBot/install/turtlebot3_msgs/include/turtlebot3_msgs/srv
[9.610s] -- Up-to-date: /home/sakshi/ClutterBot/install/turtlebot3_msgs/include/turtlebot3_msgs/srv/dqn.h
[9.610s] -- Up-to-date: /home/sakshi/ClutterBot/install/turtlebot3_msgs/include/turtlebot3_msgs/srv/detail
[9.610s] -- Up-to-date: /home/sakshi/ClutterBot/install/turtlebot3_msgs/include/turtlebot3_msgs/srv/detail/dqn__functions.h
[9.610s] -- Up-to-date: /home/sakshi/ClutterBot/install/turtlebot3_msgs/include/turtlebot3_msgs/srv/detail/dqn__type_support.h
[9.611s] -- Up-to-date: /home/sakshi/ClutterBot/install/turtlebot3_msgs/include/turtlebot3_msgs/srv/detail/sound__struct.h
[9.611s] -- Up-to-date: /home/sakshi/ClutterBot/install/turtlebot3_msgs/include/turtlebot3_msgs/srv/detail/sound__functions.h
[9.611s] -- Up-to-date: /home/sakshi/ClutterBot/install/turtlebot3_msgs/include/turtlebot3_msgs/srv/detail/dqn__functions.c
[9.611s] -- Up-to-date: /home/sakshi/ClutterBot/install/turtlebot3_msgs/include/turtlebot3_msgs/srv/detail/sound__type_support.h
[9.612s] -- Up-to-date: /home/sakshi/ClutterBot/install/turtlebot3_msgs/include/turtlebot3_msgs/srv/detail/sound__functions.c
[9.612s] -- Up-to-date: /home/sakshi/ClutterBot/install/turtlebot3_msgs/include/turtlebot3_msgs/srv/detail/dqn__struct.h
[9.612s] -- Up-to-date: /home/sakshi/ClutterBot/install/turtlebot3_msgs/include/turtlebot3_msgs/srv/sound.h
[9.612s] -- Up-to-date: /home/sakshi/ClutterBot/install/turtlebot3_msgs/share/turtlebot3_msgs/environment/library_path.sh
[9.613s] -- Up-to-date: /home/sakshi/ClutterBot/install/turtlebot3_msgs/share/turtlebot3_msgs/environment/library_path.dsv
[9.880s] -- Up-to-date: /home/sakshi/ClutterBot/install/turtlebot3_msgs/lib/libturtlebot3_msgs__rosidl_generator_c.so
[9.883s] -- Up-to-date: /home/sakshi/ClutterBot/install/turtlebot3_msgs/include/turtlebot3_msgs
[9.883s] -- Up-to-date: /home/sakshi/ClutterBot/install/turtlebot3_msgs/include/turtlebot3_msgs/msg
[9.883s] -- Up-to-date: /home/sakshi/ClutterBot/install/turtlebot3_msgs/include/turtlebot3_msgs/msg/rosidl_typesupport_fastrtps_c__visibility_control.h
[9.883s] -- Up-to-date: /home/sakshi/ClutterBot/install/turtlebot3_msgs/include/turtlebot3_msgs/msg/detail
[9.883s] -- Up-to-date: /home/sakshi/ClutterBot/install/turtlebot3_msgs/include/turtlebot3_msgs/msg/detail/version_info__rosidl_typesupport_fastrtps_c.h
[9.883s] -- Up-to-date: /home/sakshi/ClutterBot/install/turtlebot3_msgs/include/turtlebot3_msgs/msg/detail/sensor_state__rosidl_typesupport_fastrtps_c.h
[9.883s] -- Up-to-date: /home/sakshi/ClutterBot/install/turtlebot3_msgs/include/turtlebot3_msgs/msg/detail/sound__rosidl_typesupport_fastrtps_c.h
[9.883s] -- Up-to-date: /home/sakshi/ClutterBot/install/turtlebot3_msgs/include/turtlebot3_msgs/action
[9.883s] -- Up-to-date: /home/sakshi/ClutterBot/install/turtlebot3_msgs/include/turtlebot3_msgs/action/detail
[9.883s] -- Up-to-date: /home/sakshi/ClutterBot/install/turtlebot3_msgs/include/turtlebot3_msgs/action/detail/patrol__rosidl_typesupport_fastrtps_c.h
[9.884s] -- Up-to-date: /home/sakshi/ClutterBot/install/turtlebot3_msgs/include/turtlebot3_msgs/srv
[9.884s] -- Up-to-date: /home/sakshi/ClutterBot/install/turtlebot3_msgs/include/turtlebot3_msgs/srv/detail
[9.884s] -- Up-to-date: /home/sakshi/ClutterBot/install/turtlebot3_msgs/include/turtlebot3_msgs/srv/detail/sound__rosidl_typesupport_fastrtps_c.h
[9.884s] -- Up-to-date: /home/sakshi/ClutterBot/install/turtlebot3_msgs/include/turtlebot3_msgs/srv/detail/dqn__rosidl_typesupport_fastrtps_c.h
[9.897s] -- Up-to-date: /home/sakshi/ClutterBot/install/turtlebot3_msgs/lib/libturtlebot3_msgs__rosidl_typesupport_fastrtps_c.so
[9.897s] -- Up-to-date: /home/sakshi/ClutterBot/install/turtlebot3_msgs/include/turtlebot3_msgs
[9.897s] -- Up-to-date: /home/sakshi/ClutterBot/install/turtlebot3_msgs/include/turtlebot3_msgs/msg
[9.897s] -- Up-to-date: /home/sakshi/ClutterBot/install/turtlebot3_msgs/include/turtlebot3_msgs/msg/detail
[9.898s] -- Up-to-date: /home/sakshi/ClutterBot/install/turtlebot3_msgs/include/turtlebot3_msgs/msg/detail/sensor_state__rosidl_typesupport_fastrtps_cpp.hpp
[9.898s] -- Up-to-date: /home/sakshi/ClutterBot/install/turtlebot3_msgs/include/turtlebot3_msgs/msg/detail/sound__rosidl_typesupport_fastrtps_cpp.hpp
[9.898s] -- Up-to-date: /home/sakshi/ClutterBot/install/turtlebot3_msgs/include/turtlebot3_msgs/msg/detail/version_info__rosidl_typesupport_fastrtps_cpp.hpp
[9.898s] -- Up-to-date: /home/sakshi/ClutterBot/install/turtlebot3_msgs/include/turtlebot3_msgs/msg/detail/dds_fastrtps
[9.898s] -- Up-to-date: /home/sakshi/ClutterBot/install/turtlebot3_msgs/include/turtlebot3_msgs/msg/rosidl_typesupport_fastrtps_cpp__visibility_control.h
[9.898s] -- Up-to-date: /home/sakshi/ClutterBot/install/turtlebot3_msgs/include/turtlebot3_msgs/action
[9.898s] -- Up-to-date: /home/sakshi/ClutterBot/install/turtlebot3_msgs/include/turtlebot3_msgs/action/detail
[9.898s] -- Up-to-date: /home/sakshi/ClutterBot/install/turtlebot3_msgs/include/turtlebot3_msgs/action/detail/patrol__rosidl_typesupport_fastrtps_cpp.hpp
[9.898s] -- Up-to-date: /home/sakshi/ClutterBot/install/turtlebot3_msgs/include/turtlebot3_msgs/action/detail/dds_fastrtps
[9.898s] -- Up-to-date: /home/sakshi/ClutterBot/install/turtlebot3_msgs/include/turtlebot3_msgs/srv
[9.899s] -- Up-to-date: /home/sakshi/ClutterBot/install/turtlebot3_msgs/include/turtlebot3_msgs/srv/detail
[9.899s] -- Up-to-date: /home/sakshi/ClutterBot/install/turtlebot3_msgs/include/turtlebot3_msgs/srv/detail/dqn__rosidl_typesupport_fastrtps_cpp.hpp
[9.899s] -- Up-to-date: /home/sakshi/ClutterBot/install/turtlebot3_msgs/include/turtlebot3_msgs/srv/detail/sound__rosidl_typesupport_fastrtps_cpp.hpp
[9.899s] -- Up-to-date: /home/sakshi/ClutterBot/install/turtlebot3_msgs/include/turtlebot3_msgs/srv/detail/dds_fastrtps
[9.905s] -- Up-to-date: /home/sakshi/ClutterBot/install/turtlebot3_msgs/lib/libturtlebot3_msgs__rosidl_typesupport_fastrtps_cpp.so
[9.908s] -- Up-to-date: /home/sakshi/ClutterBot/install/turtlebot3_msgs/include/turtlebot3_msgs
[9.909s] -- Up-to-date: /home/sakshi/ClutterBot/install/turtlebot3_msgs/include/turtlebot3_msgs/msg
[9.909s] -- Up-to-date: /home/sakshi/ClutterBot/install/turtlebot3_msgs/include/turtlebot3_msgs/msg/rosidl_typesupport_introspection_c__visibility_control.h
[9.909s] -- Up-to-date: /home/sakshi/ClutterBot/install/turtlebot3_msgs/include/turtlebot3_msgs/msg/detail
[9.910s] -- Up-to-date: /home/sakshi/ClutterBot/install/turtlebot3_msgs/include/turtlebot3_msgs/msg/detail/sound__rosidl_typesupport_introspection_c.h
[9.910s] -- Up-to-date: /home/sakshi/ClutterBot/install/turtlebot3_msgs/include/turtlebot3_msgs/msg/detail/sensor_state__type_support.c
[9.910s] -- Up-to-date: /home/sakshi/ClutterBot/install/turtlebot3_msgs/include/turtlebot3_msgs/msg/detail/version_info__type_support.c
[9.911s] -- Up-to-date: /home/sakshi/ClutterBot/install/turtlebot3_msgs/include/turtlebot3_msgs/msg/detail/version_info__rosidl_typesupport_introspection_c.h
[9.911s] -- Up-to-date: /home/sakshi/ClutterBot/install/turtlebot3_msgs/include/turtlebot3_msgs/msg/detail/sound__type_support.c
[9.911s] -- Up-to-date: /home/sakshi/ClutterBot/install/turtlebot3_msgs/include/turtlebot3_msgs/msg/detail/sensor_state__rosidl_typesupport_introspection_c.h
[9.912s] -- Up-to-date: /home/sakshi/ClutterBot/install/turtlebot3_msgs/include/turtlebot3_msgs/action
[9.912s] -- Up-to-date: /home/sakshi/ClutterBot/install/turtlebot3_msgs/include/turtlebot3_msgs/action/detail
[9.913s] -- Up-to-date: /home/sakshi/ClutterBot/install/turtlebot3_msgs/include/turtlebot3_msgs/action/detail/patrol__rosidl_typesupport_introspection_c.h
[9.913s] -- Up-to-date: /home/sakshi/ClutterBot/install/turtlebot3_msgs/include/turtlebot3_msgs/action/detail/patrol__type_support.c
[9.914s] -- Up-to-date: /home/sakshi/ClutterBot/install/turtlebot3_msgs/include/turtlebot3_msgs/srv
[9.914s] -- Up-to-date: /home/sakshi/ClutterBot/install/turtlebot3_msgs/include/turtlebot3_msgs/srv/detail
[9.914s] -- Up-to-date: /home/sakshi/ClutterBot/install/turtlebot3_msgs/include/turtlebot3_msgs/srv/detail/sound__rosidl_typesupport_introspection_c.h
[9.914s] -- Up-to-date: /home/sakshi/ClutterBot/install/turtlebot3_msgs/include/turtlebot3_msgs/srv/detail/dqn__type_support.c
[9.914s] -- Up-to-date: /home/sakshi/ClutterBot/install/turtlebot3_msgs/include/turtlebot3_msgs/srv/detail/sound__type_support.c
[9.914s] -- Up-to-date: /home/sakshi/ClutterBot/install/turtlebot3_msgs/include/turtlebot3_msgs/srv/detail/dqn__rosidl_typesupport_introspection_c.h
[9.964s] -- Up-to-date: /home/sakshi/ClutterBot/install/turtlebot3_msgs/lib/libturtlebot3_msgs__rosidl_typesupport_introspection_c.so
[9.999s] -- Up-to-date: /home/sakshi/ClutterBot/install/turtlebot3_msgs/lib/libturtlebot3_msgs__rosidl_typesupport_c.so
[9.999s] -- Up-to-date: /home/sakshi/ClutterBot/install/turtlebot3_msgs/include/turtlebot3_msgs
[9.999s] -- Up-to-date: /home/sakshi/ClutterBot/install/turtlebot3_msgs/include/turtlebot3_msgs/msg
[9.999s] -- Up-to-date: /home/sakshi/ClutterBot/install/turtlebot3_msgs/include/turtlebot3_msgs/msg/sensor_state.hpp
[9.999s] -- Up-to-date: /home/sakshi/ClutterBot/install/turtlebot3_msgs/include/turtlebot3_msgs/msg/detail
[10.000s] -- Up-to-date: /home/sakshi/ClutterBot/install/turtlebot3_msgs/include/turtlebot3_msgs/msg/detail/sensor_state__traits.hpp
[10.000s] -- Up-to-date: /home/sakshi/ClutterBot/install/turtlebot3_msgs/include/turtlebot3_msgs/msg/detail/sound__traits.hpp
[10.000s] -- Up-to-date: /home/sakshi/ClutterBot/install/turtlebot3_msgs/include/turtlebot3_msgs/msg/detail/sensor_state__struct.hpp
[10.000s] -- Up-to-date: /home/sakshi/ClutterBot/install/turtlebot3_msgs/include/turtlebot3_msgs/msg/detail/sensor_state__type_support.hpp
[10.000s] -- Up-to-date: /home/sakshi/ClutterBot/install/turtlebot3_msgs/include/turtlebot3_msgs/msg/detail/sensor_state__builder.hpp
[10.000s] -- Up-to-date: /home/sakshi/ClutterBot/install/turtlebot3_msgs/include/turtlebot3_msgs/msg/detail/sound__type_support.hpp
[10.000s] -- Up-to-date: /home/sakshi/ClutterBot/install/turtlebot3_msgs/include/turtlebot3_msgs/msg/detail/sound__builder.hpp
[10.000s] -- Up-to-date: /home/sakshi/ClutterBot/install/turtlebot3_msgs/include/turtlebot3_msgs/msg/detail/version_info__type_support.hpp
[10.001s] -- Up-to-date: /home/sakshi/ClutterBot/install/turtlebot3_msgs/include/turtlebot3_msgs/msg/detail/sound__struct.hpp
[10.001s] -- Up-to-date: /home/sakshi/ClutterBot/install/turtlebot3_msgs/include/turtlebot3_msgs/msg/detail/version_info__struct.hpp
[10.001s] -- Up-to-date: /home/sakshi/ClutterBot/install/turtlebot3_msgs/include/turtlebot3_msgs/msg/detail/version_info__traits.hpp
[10.001s] -- Up-to-date: /home/sakshi/ClutterBot/install/turtlebot3_msgs/include/turtlebot3_msgs/msg/detail/version_info__builder.hpp
[10.001s] -- Up-to-date: /home/sakshi/ClutterBot/install/turtlebot3_msgs/include/turtlebot3_msgs/msg/rosidl_generator_cpp__visibility_control.hpp
[10.001s] -- Up-to-date: /home/sakshi/ClutterBot/install/turtlebot3_msgs/include/turtlebot3_msgs/msg/sound.hpp
[10.001s] -- Up-to-date: /home/sakshi/ClutterBot/install/turtlebot3_msgs/include/turtlebot3_msgs/msg/version_info.hpp
[10.001s] -- Up-to-date: /home/sakshi/ClutterBot/install/turtlebot3_msgs/include/turtlebot3_msgs/action
[10.001s] -- Up-to-date: /home/sakshi/ClutterBot/install/turtlebot3_msgs/include/turtlebot3_msgs/action/detail
[10.001s] -- Up-to-date: /home/sakshi/ClutterBot/install/turtlebot3_msgs/include/turtlebot3_msgs/action/detail/patrol__struct.hpp
[10.001s] -- Up-to-date: /home/sakshi/ClutterBot/install/turtlebot3_msgs/include/turtlebot3_msgs/action/detail/patrol__type_support.hpp
[10.001s] -- Up-to-date: /home/sakshi/ClutterBot/install/turtlebot3_msgs/include/turtlebot3_msgs/action/detail/patrol__builder.hpp
[10.001s] -- Up-to-date: /home/sakshi/ClutterBot/install/turtlebot3_msgs/include/turtlebot3_msgs/action/detail/patrol__traits.hpp
[10.001s] -- Up-to-date: /home/sakshi/ClutterBot/install/turtlebot3_msgs/include/turtlebot3_msgs/action/patrol.hpp
[10.001s] -- Up-to-date: /home/sakshi/ClutterBot/install/turtlebot3_msgs/include/turtlebot3_msgs/srv
[10.001s] -- Up-to-date: /home/sakshi/ClutterBot/install/turtlebot3_msgs/include/turtlebot3_msgs/srv/dqn.hpp
[10.002s] -- Up-to-date: /home/sakshi/ClutterBot/install/turtlebot3_msgs/include/turtlebot3_msgs/srv/detail
[10.002s] -- Up-to-date: /home/sakshi/ClutterBot/install/turtlebot3_msgs/include/turtlebot3_msgs/srv/detail/dqn__type_support.hpp
[10.002s] -- Up-to-date: /home/sakshi/ClutterBot/install/turtlebot3_msgs/include/turtlebot3_msgs/srv/detail/dqn__struct.hpp
[10.002s] -- Up-to-date: /home/sakshi/ClutterBot/install/turtlebot3_msgs/include/turtlebot3_msgs/srv/detail/sound__traits.hpp
[10.002s] -- Up-to-date: /home/sakshi/ClutterBot/install/turtlebot3_msgs/include/turtlebot3_msgs/srv/detail/sound__type_support.hpp
[10.002s] -- Up-to-date: /home/sakshi/ClutterBot/install/turtlebot3_msgs/include/turtlebot3_msgs/srv/detail/sound__builder.hpp
[10.002s] -- Up-to-date: /home/sakshi/ClutterBot/install/turtlebot3_msgs/include/turtlebot3_msgs/srv/detail/dqn__traits.hpp
[10.002s] -- Up-to-date: /home/sakshi/ClutterBot/install/turtlebot3_msgs/include/turtlebot3_msgs/srv/detail/sound__struct.hpp
[10.002s] -- Up-to-date: /home/sakshi/ClutterBot/install/turtlebot3_msgs/include/turtlebot3_msgs/srv/detail/dqn__builder.hpp
[10.002s] -- Up-to-date: /home/sakshi/ClutterBot/install/turtlebot3_msgs/include/turtlebot3_msgs/srv/sound.hpp
[10.002s] -- Up-to-date: /home/sakshi/ClutterBot/install/turtlebot3_msgs/include/turtlebot3_msgs
[10.002s] -- Up-to-date: /home/sakshi/ClutterBot/install/turtlebot3_msgs/include/turtlebot3_msgs/msg
[10.002s] -- Up-to-date: /home/sakshi/ClutterBot/install/turtlebot3_msgs/include/turtlebot3_msgs/msg/detail
[10.002s] -- Up-to-date: /home/sakshi/ClutterBot/install/turtlebot3_msgs/include/turtlebot3_msgs/msg/detail/version_info__type_support.cpp
[10.002s] -- Up-to-date: /home/sakshi/ClutterBot/install/turtlebot3_msgs/include/turtlebot3_msgs/msg/detail/sound__rosidl_typesupport_introspection_cpp.hpp
[10.002s] -- Up-to-date: /home/sakshi/ClutterBot/install/turtlebot3_msgs/include/turtlebot3_msgs/msg/detail/sound__type_support.cpp
[10.003s] -- Up-to-date: /home/sakshi/ClutterBot/install/turtlebot3_msgs/include/turtlebot3_msgs/msg/detail/version_info__rosidl_typesupport_introspection_cpp.hpp
[10.003s] -- Up-to-date: /home/sakshi/ClutterBot/install/turtlebot3_msgs/include/turtlebot3_msgs/msg/detail/sensor_state__rosidl_typesupport_introspection_cpp.hpp
[10.003s] -- Up-to-date: /home/sakshi/ClutterBot/install/turtlebot3_msgs/include/turtlebot3_msgs/msg/detail/sensor_state__type_support.cpp
[10.003s] -- Up-to-date: /home/sakshi/ClutterBot/install/turtlebot3_msgs/include/turtlebot3_msgs/action
[10.003s] -- Up-to-date: /home/sakshi/ClutterBot/install/turtlebot3_msgs/include/turtlebot3_msgs/action/detail
[10.003s] -- Up-to-date: /home/sakshi/ClutterBot/install/turtlebot3_msgs/include/turtlebot3_msgs/action/detail/patrol__type_support.cpp
[10.003s] -- Up-to-date: /home/sakshi/ClutterBot/install/turtlebot3_msgs/include/turtlebot3_msgs/action/detail/patrol__rosidl_typesupport_introspection_cpp.hpp
[10.003s] -- Up-to-date: /home/sakshi/ClutterBot/install/turtlebot3_msgs/include/turtlebot3_msgs/srv
[10.003s] -- Up-to-date: /home/sakshi/ClutterBot/install/turtlebot3_msgs/include/turtlebot3_msgs/srv/detail
[10.003s] -- Up-to-date: /home/sakshi/ClutterBot/install/turtlebot3_msgs/include/turtlebot3_msgs/srv/detail/sound__rosidl_typesupport_introspection_cpp.hpp
[10.003s] -- Up-to-date: /home/sakshi/ClutterBot/install/turtlebot3_msgs/include/turtlebot3_msgs/srv/detail/dqn__type_support.cpp
[10.003s] -- Up-to-date: /home/sakshi/ClutterBot/install/turtlebot3_msgs/include/turtlebot3_msgs/srv/detail/sound__type_support.cpp
[10.003s] -- Up-to-date: /home/sakshi/ClutterBot/install/turtlebot3_msgs/include/turtlebot3_msgs/srv/detail/dqn__rosidl_typesupport_introspection_cpp.hpp
[10.157s] -- Up-to-date: /home/sakshi/ClutterBot/install/turtlebot3_msgs/lib/libturtlebot3_msgs__rosidl_typesupport_introspection_cpp.so
[10.290s] -- Up-to-date: /home/sakshi/ClutterBot/install/turtlebot3_msgs/lib/libturtlebot3_msgs__rosidl_typesupport_cpp.so
[10.291s] -- Up-to-date: /home/sakshi/ClutterBot/install/turtlebot3_msgs/share/turtlebot3_msgs/environment/pythonpath.sh
[10.291s] -- Up-to-date: /home/sakshi/ClutterBot/install/turtlebot3_msgs/share/turtlebot3_msgs/environment/pythonpath.dsv
[10.291s] -- Up-to-date: /home/sakshi/ClutterBot/install/turtlebot3_msgs/lib/python3.8/site-packages/turtlebot3_msgs/__init__.py
[10.372s] -- Up-to-date: /home/sakshi/ClutterBot/install/turtlebot3_msgs/lib/python3.8/site-packages/turtlebot3_msgs/msg
[10.372s] -- Up-to-date: /home/sakshi/ClutterBot/install/turtlebot3_msgs/lib/python3.8/site-packages/turtlebot3_msgs/msg/_version_info.py
[10.372s] -- Up-to-date: /home/sakshi/ClutterBot/install/turtlebot3_msgs/lib/python3.8/site-packages/turtlebot3_msgs/msg/_sensor_state.py
[10.372s] -- Up-to-date: /home/sakshi/ClutterBot/install/turtlebot3_msgs/lib/python3.8/site-packages/turtlebot3_msgs/msg/_sensor_state_s.c
[10.372s] -- Up-to-date: /home/sakshi/ClutterBot/install/turtlebot3_msgs/lib/python3.8/site-packages/turtlebot3_msgs/msg/_sound.py
[10.372s] -- Up-to-date: /home/sakshi/ClutterBot/install/turtlebot3_msgs/lib/python3.8/site-packages/turtlebot3_msgs/msg/_sound_s.c
[10.372s] -- Up-to-date: /home/sakshi/ClutterBot/install/turtlebot3_msgs/lib/python3.8/site-packages/turtlebot3_msgs/msg/__init__.py
[10.372s] -- Up-to-date: /home/sakshi/ClutterBot/install/turtlebot3_msgs/lib/python3.8/site-packages/turtlebot3_msgs/msg/_version_info_s.c
[10.372s] -- Up-to-date: /home/sakshi/ClutterBot/install/turtlebot3_msgs/lib/python3.8/site-packages/turtlebot3_msgs/srv
[10.373s] -- Up-to-date: /home/sakshi/ClutterBot/install/turtlebot3_msgs/lib/python3.8/site-packages/turtlebot3_msgs/srv/_dqn.py
[10.373s] -- Up-to-date: /home/sakshi/ClutterBot/install/turtlebot3_msgs/lib/python3.8/site-packages/turtlebot3_msgs/srv/_sound.py
[10.373s] -- Up-to-date: /home/sakshi/ClutterBot/install/turtlebot3_msgs/lib/python3.8/site-packages/turtlebot3_msgs/srv/_sound_s.c
[10.373s] -- Up-to-date: /home/sakshi/ClutterBot/install/turtlebot3_msgs/lib/python3.8/site-packages/turtlebot3_msgs/srv/_dqn_s.c
[10.373s] -- Up-to-date: /home/sakshi/ClutterBot/install/turtlebot3_msgs/lib/python3.8/site-packages/turtlebot3_msgs/srv/__init__.py
[10.373s] -- Up-to-date: /home/sakshi/ClutterBot/install/turtlebot3_msgs/lib/python3.8/site-packages/turtlebot3_msgs/action
[10.373s] -- Up-to-date: /home/sakshi/ClutterBot/install/turtlebot3_msgs/lib/python3.8/site-packages/turtlebot3_msgs/action/_patrol_s.c
[10.373s] -- Up-to-date: /home/sakshi/ClutterBot/install/turtlebot3_msgs/lib/python3.8/site-packages/turtlebot3_msgs/action/_patrol.py
[10.373s] -- Up-to-date: /home/sakshi/ClutterBot/install/turtlebot3_msgs/lib/python3.8/site-packages/turtlebot3_msgs/action/__init__.py
[10.497s] -- Up-to-date: /home/sakshi/ClutterBot/install/turtlebot3_msgs/lib/python3.8/site-packages/turtlebot3_msgs/turtlebot3_msgs_s__rosidl_typesupport_fastrtps_c.cpython-38-x86_64-linux-gnu.so
[10.509s] -- Up-to-date: /home/sakshi/ClutterBot/install/turtlebot3_msgs/lib/python3.8/site-packages/turtlebot3_msgs/turtlebot3_msgs_s__rosidl_typesupport_introspection_c.cpython-38-x86_64-linux-gnu.so
[10.560s] -- Up-to-date: /home/sakshi/ClutterBot/install/turtlebot3_msgs/lib/python3.8/site-packages/turtlebot3_msgs/turtlebot3_msgs_s__rosidl_typesupport_c.cpython-38-x86_64-linux-gnu.so
[10.740s] -- Up-to-date: /home/sakshi/ClutterBot/install/turtlebot3_msgs/lib/libturtlebot3_msgs__python.so
[10.740s] -- Up-to-date: /home/sakshi/ClutterBot/install/turtlebot3_msgs/share/turtlebot3_msgs/msg/SensorState.idl
[10.741s] -- Up-to-date: /home/sakshi/ClutterBot/install/turtlebot3_msgs/share/turtlebot3_msgs/msg/Sound.idl
[10.741s] -- Up-to-date: /home/sakshi/ClutterBot/install/turtlebot3_msgs/share/turtlebot3_msgs/msg/VersionInfo.idl
[10.742s] -- Up-to-date: /home/sakshi/ClutterBot/install/turtlebot3_msgs/share/turtlebot3_msgs/srv/Sound.idl
[10.743s] -- Up-to-date: /home/sakshi/ClutterBot/install/turtlebot3_msgs/share/turtlebot3_msgs/srv/Dqn.idl
[10.743s] -- Up-to-date: /home/sakshi/ClutterBot/install/turtlebot3_msgs/share/turtlebot3_msgs/action/Patrol.idl
[10.744s] -- Up-to-date: /home/sakshi/ClutterBot/install/turtlebot3_msgs/share/turtlebot3_msgs/msg/SensorState.msg
[10.744s] -- Up-to-date: /home/sakshi/ClutterBot/install/turtlebot3_msgs/share/turtlebot3_msgs/msg/Sound.msg
[10.744s] -- Up-to-date: /home/sakshi/ClutterBot/install/turtlebot3_msgs/share/turtlebot3_msgs/msg/VersionInfo.msg
[10.745s] -- Up-to-date: /home/sakshi/ClutterBot/install/turtlebot3_msgs/share/turtlebot3_msgs/srv/Sound.srv
[10.745s] -- Up-to-date: /home/sakshi/ClutterBot/install/turtlebot3_msgs/share/turtlebot3_msgs/srv/Sound_Request.msg
[10.745s] -- Up-to-date: /home/sakshi/ClutterBot/install/turtlebot3_msgs/share/turtlebot3_msgs/srv/Sound_Response.msg
[10.746s] -- Up-to-date: /home/sakshi/ClutterBot/install/turtlebot3_msgs/share/turtlebot3_msgs/srv/Dqn.srv
[10.746s] -- Up-to-date: /home/sakshi/ClutterBot/install/turtlebot3_msgs/share/turtlebot3_msgs/srv/Dqn_Request.msg
[10.746s] -- Up-to-date: /home/sakshi/ClutterBot/install/turtlebot3_msgs/share/turtlebot3_msgs/srv/Dqn_Response.msg
[10.747s] -- Up-to-date: /home/sakshi/ClutterBot/install/turtlebot3_msgs/share/turtlebot3_msgs/action/Patrol.action
[10.747s] -- Up-to-date: /home/sakshi/ClutterBot/install/turtlebot3_msgs/share/ament_index/resource_index/package_run_dependencies/turtlebot3_msgs
[10.747s] -- Up-to-date: /home/sakshi/ClutterBot/install/turtlebot3_msgs/share/ament_index/resource_index/parent_prefix_path/turtlebot3_msgs
[10.747s] -- Up-to-date: /home/sakshi/ClutterBot/install/turtlebot3_msgs/share/turtlebot3_msgs/environment/ament_prefix_path.sh
[10.748s] -- Up-to-date: /home/sakshi/ClutterBot/install/turtlebot3_msgs/share/turtlebot3_msgs/environment/ament_prefix_path.dsv
[10.748s] -- Up-to-date: /home/sakshi/ClutterBot/install/turtlebot3_msgs/share/turtlebot3_msgs/environment/path.sh
[10.748s] -- Up-to-date: /home/sakshi/ClutterBot/install/turtlebot3_msgs/share/turtlebot3_msgs/environment/path.dsv
[10.748s] -- Up-to-date: /home/sakshi/ClutterBot/install/turtlebot3_msgs/share/turtlebot3_msgs/local_setup.bash
[10.749s] -- Up-to-date: /home/sakshi/ClutterBot/install/turtlebot3_msgs/share/turtlebot3_msgs/local_setup.sh
[10.749s] -- Up-to-date: /home/sakshi/ClutterBot/install/turtlebot3_msgs/share/turtlebot3_msgs/local_setup.zsh
[10.749s] -- Up-to-date: /home/sakshi/ClutterBot/install/turtlebot3_msgs/share/turtlebot3_msgs/local_setup.dsv
[10.749s] -- Installing: /home/sakshi/ClutterBot/install/turtlebot3_msgs/share/turtlebot3_msgs/package.dsv
[10.810s] -- Up-to-date: /home/sakshi/ClutterBot/install/turtlebot3_msgs/share/ament_index/resource_index/packages/turtlebot3_msgs
[10.827s] -- Up-to-date: /home/sakshi/ClutterBot/install/turtlebot3_msgs/share/turtlebot3_msgs/cmake/turtlebot3_msgs__rosidl_generator_cExport.cmake
[10.828s] -- Up-to-date: /home/sakshi/ClutterBot/install/turtlebot3_msgs/share/turtlebot3_msgs/cmake/turtlebot3_msgs__rosidl_generator_cExport-noconfig.cmake
[10.913s] -- Up-to-date: /home/sakshi/ClutterBot/install/turtlebot3_msgs/share/turtlebot3_msgs/cmake/turtlebot3_msgs__rosidl_typesupport_introspection_cExport.cmake
[10.913s] -- Up-to-date: /home/sakshi/ClutterBot/install/turtlebot3_msgs/share/turtlebot3_msgs/cmake/turtlebot3_msgs__rosidl_typesupport_introspection_cExport-noconfig.cmake
[11.035s] -- Up-to-date: /home/sakshi/ClutterBot/install/turtlebot3_msgs/share/turtlebot3_msgs/cmake/turtlebot3_msgs__rosidl_typesupport_cExport.cmake
[11.035s] -- Up-to-date: /home/sakshi/ClutterBot/install/turtlebot3_msgs/share/turtlebot3_msgs/cmake/turtlebot3_msgs__rosidl_typesupport_cExport-noconfig.cmake
[11.063s] -- Up-to-date: /home/sakshi/ClutterBot/install/turtlebot3_msgs/share/turtlebot3_msgs/cmake/turtlebot3_msgs__rosidl_generator_cppExport.cmake
[11.066s] -- Up-to-date: /home/sakshi/ClutterBot/install/turtlebot3_msgs/share/turtlebot3_msgs/cmake/turtlebot3_msgs__rosidl_typesupport_introspection_cppExport.cmake
[11.066s] -- Up-to-date: /home/sakshi/ClutterBot/install/turtlebot3_msgs/share/turtlebot3_msgs/cmake/turtlebot3_msgs__rosidl_typesupport_introspection_cppExport-noconfig.cmake
[11.102s] -- Up-to-date: /home/sakshi/ClutterBot/install/turtlebot3_msgs/share/turtlebot3_msgs/cmake/turtlebot3_msgs__rosidl_typesupport_cppExport.cmake
[11.102s] -- Up-to-date: /home/sakshi/ClutterBot/install/turtlebot3_msgs/share/turtlebot3_msgs/cmake/turtlebot3_msgs__rosidl_typesupport_cppExport-noconfig.cmake
[11.102s] -- Up-to-date: /home/sakshi/ClutterBot/install/turtlebot3_msgs/share/turtlebot3_msgs/cmake/rosidl_cmake-extras.cmake
[11.102s] -- Up-to-date: /home/sakshi/ClutterBot/install/turtlebot3_msgs/share/turtlebot3_msgs/cmake/ament_cmake_export_dependencies-extras.cmake
[11.102s] -- Up-to-date: /home/sakshi/ClutterBot/install/turtlebot3_msgs/share/turtlebot3_msgs/cmake/ament_cmake_export_libraries-extras.cmake
[11.102s] -- Up-to-date: /home/sakshi/ClutterBot/install/turtlebot3_msgs/share/turtlebot3_msgs/cmake/ament_cmake_export_targets-extras.cmake
[11.103s] -- Up-to-date: /home/sakshi/ClutterBot/install/turtlebot3_msgs/share/turtlebot3_msgs/cmake/ament_cmake_export_include_directories-extras.cmake
[11.103s] -- Up-to-date: /home/sakshi/ClutterBot/install/turtlebot3_msgs/share/turtlebot3_msgs/cmake/rosidl_cmake_export_typesupport_libraries-extras.cmake
[11.103s] -- Up-to-date: /home/sakshi/ClutterBot/install/turtlebot3_msgs/share/turtlebot3_msgs/cmake/rosidl_cmake_export_typesupport_targets-extras.cmake
[11.103s] -- Up-to-date: /home/sakshi/ClutterBot/install/turtlebot3_msgs/share/turtlebot3_msgs/cmake/turtlebot3_msgsConfig.cmake
[11.103s] -- Up-to-date: /home/sakshi/ClutterBot/install/turtlebot3_msgs/share/turtlebot3_msgs/cmake/turtlebot3_msgsConfig-version.cmake
[11.103s] -- Up-to-date: /home/sakshi/ClutterBot/install/turtlebot3_msgs/share/turtlebot3_msgs/package.xml
[11.477s] Invoked command in '/home/sakshi/ClutterBot/build/turtlebot3_msgs' returned '0': CMAKE_PREFIX_PATH=${CMAKE_PREFIX_PATH}:/home/sakshi/ClutterBot/install/turtlebot3_teleop:/home/sakshi/ClutterBot/install/turtlebot3_example:/opt/ros/foxy CONDA_PROMPT_MODIFIER=(base) /usr/bin/cmake --install /home/sakshi/ClutterBot/build/turtlebot3_msgs
