[0.969s] Invoking command in '/home/sakshi/ClutterBot/build/turtlebot3_msgs': CMAKE_PREFIX_PATH=${CMAKE_PREFIX_PATH}:/home/sakshi/ClutterBot/install/turtlebot3_teleop:/home/sakshi/ClutterBot/install/turtlebot3_example:/opt/ros/foxy /usr/bin/cmake --build /home/sakshi/ClutterBot/build/turtlebot3_msgs -- -j8 -l8
[4.334s] [  1%] Built target turtlebot3_msgs__cpp
[5.265s] [ 12%] Built target turtlebot3_msgs__rosidl_generator_c
[5.724s] [ 23%] Built target turtlebot3_msgs__rosidl_typesupport_introspection_cpp
[6.014s] [ 35%] Built target turtlebot3_msgs__rosidl_typesupport_introspection_c
[6.748s] [ 46%] Built target turtlebot3_msgs__rosidl_typesupport_c
[7.196s] [ 57%] Built target turtlebot3_msgs__rosidl_typesupport_fastrtps_cpp
[7.383s] [ 69%] Built target turtlebot3_msgs__rosidl_typesupport_cpp
[7.612s] [ 80%] Built target turtlebot3_msgs__rosidl_typesupport_fastrtps_c
[7.732s] [ 80%] Built target turtlebot3_msgs
[7.917s] [ 81%] Built target turtlebot3_msgs__py
[8.184s] [ 91%] Built target turtlebot3_msgs__python
[8.552s] [ 94%] Built target turtlebot3_msgs__rosidl_typesupport_fastrtps_c__pyext
[8.896s] [ 97%] Built target turtlebot3_msgs__rosidl_typesupport_c__pyext
[9.329s] [100%] Built target turtlebot3_msgs__rosidl_typesupport_introspection_c__pyext
[9.366s] Invoked command in '/home/sakshi/ClutterBot/build/turtlebot3_msgs' returned '0': CMAKE_PREFIX_PATH=${CMAKE_PREFIX_PATH}:/home/sakshi/ClutterBot/install/turtlebot3_teleop:/home/sakshi/ClutterBot/install/turtlebot3_example:/opt/ros/foxy /usr/bin/cmake --build /home/sakshi/ClutterBot/build/turtlebot3_msgs -- -j8 -l8
[10.096s] Invoking command in '/home/sakshi/ClutterBot/build/turtlebot3_msgs': CMAKE_PREFIX_PATH=${CMAKE_PREFIX_PATH}:/home/sakshi/ClutterBot/install/turtlebot3_teleop:/home/sakshi/ClutterBot/install/turtlebot3_example:/opt/ros/foxy /usr/bin/cmake --install /home/sakshi/ClutterBot/build/turtlebot3_msgs
[10.282s] -- Install configuration: ""
[10.283s] -- Up-to-date: /home/sakshi/ClutterBot/install/turtlebot3_msgs/share/ament_index/resource_index/rosidl_interfaces/turtlebot3_msgs
[10.285s] -- Up-to-date: /home/sakshi/ClutterBot/install/turtlebot3_msgs/include/turtlebot3_msgs
[10.288s] -- Up-to-date: /home/sakshi/ClutterBot/install/turtlebot3_msgs/include/turtlebot3_msgs/msg
[10.290s] -- Up-to-date: /home/sakshi/ClutterBot/install/turtlebot3_msgs/include/turtlebot3_msgs/msg/sensor_state.h
[10.291s] -- Up-to-date: /home/sakshi/ClutterBot/install/turtlebot3_msgs/include/turtlebot3_msgs/msg/rosidl_generator_c__visibility_control.h
[10.291s] -- Up-to-date: /home/sakshi/ClutterBot/install/turtlebot3_msgs/include/turtlebot3_msgs/msg/detail
[10.291s] -- Up-to-date: /home/sakshi/ClutterBot/install/turtlebot3_msgs/include/turtlebot3_msgs/msg/detail/sensor_state__type_support.h
[10.292s] -- Up-to-date: /home/sakshi/ClutterBot/install/turtlebot3_msgs/include/turtlebot3_msgs/msg/detail/version_info__functions.h
[10.292s] -- Up-to-date: /home/sakshi/ClutterBot/install/turtlebot3_msgs/include/turtlebot3_msgs/msg/detail/sensor_state__functions.c
[10.292s] -- Up-to-date: /home/sakshi/ClutterBot/install/turtlebot3_msgs/include/turtlebot3_msgs/msg/detail/version_info__functions.c
[10.292s] -- Up-to-date: /home/sakshi/ClutterBot/install/turtlebot3_msgs/include/turtlebot3_msgs/msg/detail/sound__struct.h
[10.292s] -- Up-to-date: /home/sakshi/ClutterBot/install/turtlebot3_msgs/include/turtlebot3_msgs/msg/detail/sound__functions.h
[10.293s] -- Up-to-date: /home/sakshi/ClutterBot/install/turtlebot3_msgs/include/turtlebot3_msgs/msg/detail/version_info__struct.h
[10.293s] -- Up-to-date: /home/sakshi/ClutterBot/install/turtlebot3_msgs/include/turtlebot3_msgs/msg/detail/sensor_state__struct.h
[10.293s] -- Up-to-date: /home/sakshi/ClutterBot/install/turtlebot3_msgs/include/turtlebot3_msgs/msg/detail/sound__type_support.h
[10.294s] -- Up-to-date: /home/sakshi/ClutterBot/install/turtlebot3_msgs/include/turtlebot3_msgs/msg/detail/version_info__type_support.h
[10.294s] -- Up-to-date: /home/sakshi/ClutterBot/install/turtlebot3_msgs/include/turtlebot3_msgs/msg/detail/sound__functions.c
[10.294s] -- Up-to-date: /home/sakshi/ClutterBot/install/turtlebot3_msgs/include/turtlebot3_msgs/msg/detail/sensor_state__functions.h
[10.294s] -- Up-to-date: /home/sakshi/ClutterBot/install/turtlebot3_msgs/include/turtlebot3_msgs/msg/version_info.h
[10.294s] -- Up-to-date: /home/sakshi/ClutterBot/install/turtlebot3_msgs/include/turtlebot3_msgs/msg/sound.h
[10.295s] -- Up-to-date: /home/sakshi/ClutterBot/install/turtlebot3_msgs/include/turtlebot3_msgs/action
[10.295s] -- Up-to-date: /home/sakshi/ClutterBot/install/turtlebot3_msgs/include/turtlebot3_msgs/action/patrol.h
[10.295s] -- Up-to-date: /home/sakshi/ClutterBot/install/turtlebot3_msgs/include/turtlebot3_msgs/action/detail
[10.295s] -- Up-to-date: /home/sakshi/ClutterBot/install/turtlebot3_msgs/include/turtlebot3_msgs/action/detail/patrol__struct.h
[10.295s] -- Up-to-date: /home/sakshi/ClutterBot/install/turtlebot3_msgs/include/turtlebot3_msgs/action/detail/patrol__functions.h
[10.295s] -- Up-to-date: /home/sakshi/ClutterBot/install/turtlebot3_msgs/include/turtlebot3_msgs/action/detail/patrol__functions.c
[10.296s] -- Up-to-date: /home/sakshi/ClutterBot/install/turtlebot3_msgs/include/turtlebot3_msgs/action/detail/patrol__type_support.h
[10.296s] -- Up-to-date: /home/sakshi/ClutterBot/install/turtlebot3_msgs/include/turtlebot3_msgs/srv
[10.296s] -- Up-to-date: /home/sakshi/ClutterBot/install/turtlebot3_msgs/include/turtlebot3_msgs/srv/dqn.h
[10.296s] -- Up-to-date: /home/sakshi/ClutterBot/install/turtlebot3_msgs/include/turtlebot3_msgs/srv/detail
[10.296s] -- Up-to-date: /home/sakshi/ClutterBot/install/turtlebot3_msgs/include/turtlebot3_msgs/srv/detail/dqn__functions.h
[10.296s] -- Up-to-date: /home/sakshi/ClutterBot/install/turtlebot3_msgs/include/turtlebot3_msgs/srv/detail/dqn__type_support.h
[10.296s] -- Up-to-date: /home/sakshi/ClutterBot/install/turtlebot3_msgs/include/turtlebot3_msgs/srv/detail/sound__struct.h
[10.297s] -- Up-to-date: /home/sakshi/ClutterBot/install/turtlebot3_msgs/include/turtlebot3_msgs/srv/detail/sound__functions.h
[10.297s] -- Up-to-date: /home/sakshi/ClutterBot/install/turtlebot3_msgs/include/turtlebot3_msgs/srv/detail/dqn__functions.c
[10.297s] -- Up-to-date: /home/sakshi/ClutterBot/install/turtlebot3_msgs/include/turtlebot3_msgs/srv/detail/sound__type_support.h
[10.297s] -- Up-to-date: /home/sakshi/ClutterBot/install/turtlebot3_msgs/include/turtlebot3_msgs/srv/detail/sound__functions.c
[10.297s] -- Up-to-date: /home/sakshi/ClutterBot/install/turtlebot3_msgs/include/turtlebot3_msgs/srv/detail/dqn__struct.h
[10.297s] -- Up-to-date: /home/sakshi/ClutterBot/install/turtlebot3_msgs/include/turtlebot3_msgs/srv/sound.h
[10.297s] -- Up-to-date: /home/sakshi/ClutterBot/install/turtlebot3_msgs/share/turtlebot3_msgs/environment/library_path.sh
[10.298s] -- Up-to-date: /home/sakshi/ClutterBot/install/turtlebot3_msgs/share/turtlebot3_msgs/environment/library_path.dsv
[10.376s] -- Up-to-date: /home/sakshi/ClutterBot/install/turtlebot3_msgs/lib/libturtlebot3_msgs__rosidl_generator_c.so
[10.376s] -- Up-to-date: /home/sakshi/ClutterBot/install/turtlebot3_msgs/include/turtlebot3_msgs
[10.376s] -- Up-to-date: /home/sakshi/ClutterBot/install/turtlebot3_msgs/include/turtlebot3_msgs/msg
[10.377s] -- Up-to-date: /home/sakshi/ClutterBot/install/turtlebot3_msgs/include/turtlebot3_msgs/msg/rosidl_typesupport_fastrtps_c__visibility_control.h
[10.377s] -- Up-to-date: /home/sakshi/ClutterBot/install/turtlebot3_msgs/include/turtlebot3_msgs/msg/detail
[10.377s] -- Up-to-date: /home/sakshi/ClutterBot/install/turtlebot3_msgs/include/turtlebot3_msgs/msg/detail/version_info__rosidl_typesupport_fastrtps_c.h
[10.378s] -- Up-to-date: /home/sakshi/ClutterBot/install/turtlebot3_msgs/include/turtlebot3_msgs/msg/detail/sensor_state__rosidl_typesupport_fastrtps_c.h
[10.378s] -- Up-to-date: /home/sakshi/ClutterBot/install/turtlebot3_msgs/include/turtlebot3_msgs/msg/detail/sound__rosidl_typesupport_fastrtps_c.h
[10.378s] -- Up-to-date: /home/sakshi/ClutterBot/install/turtlebot3_msgs/include/turtlebot3_msgs/action
[10.379s] -- Up-to-date: /home/sakshi/ClutterBot/install/turtlebot3_msgs/include/turtlebot3_msgs/action/detail
[10.379s] -- Up-to-date: /home/sakshi/ClutterBot/install/turtlebot3_msgs/include/turtlebot3_msgs/action/detail/patrol__rosidl_typesupport_fastrtps_c.h
[10.379s] -- Up-to-date: /home/sakshi/ClutterBot/install/turtlebot3_msgs/include/turtlebot3_msgs/srv
[10.381s] -- Up-to-date: /home/sakshi/ClutterBot/install/turtlebot3_msgs/include/turtlebot3_msgs/srv/detail
[10.385s] -- Up-to-date: /home/sakshi/ClutterBot/install/turtlebot3_msgs/include/turtlebot3_msgs/srv/detail/sound__rosidl_typesupport_fastrtps_c.h
[10.385s] -- Up-to-date: /home/sakshi/ClutterBot/install/turtlebot3_msgs/include/turtlebot3_msgs/srv/detail/dqn__rosidl_typesupport_fastrtps_c.h
[10.512s] -- Up-to-date: /home/sakshi/ClutterBot/install/turtlebot3_msgs/lib/libturtlebot3_msgs__rosidl_typesupport_fastrtps_c.so
[10.514s] -- Up-to-date: /home/sakshi/ClutterBot/install/turtlebot3_msgs/include/turtlebot3_msgs
[10.514s] -- Up-to-date: /home/sakshi/ClutterBot/install/turtlebot3_msgs/include/turtlebot3_msgs/msg
[10.514s] -- Up-to-date: /home/sakshi/ClutterBot/install/turtlebot3_msgs/include/turtlebot3_msgs/msg/detail
[10.515s] -- Up-to-date: /home/sakshi/ClutterBot/install/turtlebot3_msgs/include/turtlebot3_msgs/msg/detail/sensor_state__rosidl_typesupport_fastrtps_cpp.hpp
[10.515s] -- Up-to-date: /home/sakshi/ClutterBot/install/turtlebot3_msgs/include/turtlebot3_msgs/msg/detail/sound__rosidl_typesupport_fastrtps_cpp.hpp
[10.515s] -- Up-to-date: /home/sakshi/ClutterBot/install/turtlebot3_msgs/include/turtlebot3_msgs/msg/detail/version_info__rosidl_typesupport_fastrtps_cpp.hpp
[10.515s] -- Up-to-date: /home/sakshi/ClutterBot/install/turtlebot3_msgs/include/turtlebot3_msgs/msg/detail/dds_fastrtps
[10.515s] -- Up-to-date: /home/sakshi/ClutterBot/install/turtlebot3_msgs/include/turtlebot3_msgs/msg/rosidl_typesupport_fastrtps_cpp__visibility_control.h
[10.516s] -- Up-to-date: /home/sakshi/ClutterBot/install/turtlebot3_msgs/include/turtlebot3_msgs/action
[10.516s] -- Up-to-date: /home/sakshi/ClutterBot/install/turtlebot3_msgs/include/turtlebot3_msgs/action/detail
[10.516s] -- Up-to-date: /home/sakshi/ClutterBot/install/turtlebot3_msgs/include/turtlebot3_msgs/action/detail/patrol__rosidl_typesupport_fastrtps_cpp.hpp
[10.516s] -- Up-to-date: /home/sakshi/ClutterBot/install/turtlebot3_msgs/include/turtlebot3_msgs/action/detail/dds_fastrtps
[10.516s] -- Up-to-date: /home/sakshi/ClutterBot/install/turtlebot3_msgs/include/turtlebot3_msgs/srv
[10.516s] -- Up-to-date: /home/sakshi/ClutterBot/install/turtlebot3_msgs/include/turtlebot3_msgs/srv/detail
[10.517s] -- Up-to-date: /home/sakshi/ClutterBot/install/turtlebot3_msgs/include/turtlebot3_msgs/srv/detail/dqn__rosidl_typesupport_fastrtps_cpp.hpp
[10.517s] -- Up-to-date: /home/sakshi/ClutterBot/install/turtlebot3_msgs/include/turtlebot3_msgs/srv/detail/sound__rosidl_typesupport_fastrtps_cpp.hpp
[10.517s] -- Up-to-date: /home/sakshi/ClutterBot/install/turtlebot3_msgs/include/turtlebot3_msgs/srv/detail/dds_fastrtps
[10.883s] -- Up-to-date: /home/sakshi/ClutterBot/install/turtlebot3_msgs/lib/libturtlebot3_msgs__rosidl_typesupport_fastrtps_cpp.so
[10.884s] -- Up-to-date: /home/sakshi/ClutterBot/install/turtlebot3_msgs/include/turtlebot3_msgs
[10.884s] -- Up-to-date: /home/sakshi/ClutterBot/install/turtlebot3_msgs/include/turtlebot3_msgs/msg
[10.885s] -- Up-to-date: /home/sakshi/ClutterBot/install/turtlebot3_msgs/include/turtlebot3_msgs/msg/rosidl_typesupport_introspection_c__visibility_control.h
[10.885s] -- Up-to-date: /home/sakshi/ClutterBot/install/turtlebot3_msgs/include/turtlebot3_msgs/msg/detail
[10.885s] -- Up-to-date: /home/sakshi/ClutterBot/install/turtlebot3_msgs/include/turtlebot3_msgs/msg/detail/sound__rosidl_typesupport_introspection_c.h
[10.886s] -- Up-to-date: /home/sakshi/ClutterBot/install/turtlebot3_msgs/include/turtlebot3_msgs/msg/detail/sensor_state__type_support.c
[10.886s] -- Up-to-date: /home/sakshi/ClutterBot/install/turtlebot3_msgs/include/turtlebot3_msgs/msg/detail/version_info__type_support.c
[10.886s] -- Up-to-date: /home/sakshi/ClutterBot/install/turtlebot3_msgs/include/turtlebot3_msgs/msg/detail/version_info__rosidl_typesupport_introspection_c.h
[10.887s] -- Up-to-date: /home/sakshi/ClutterBot/install/turtlebot3_msgs/include/turtlebot3_msgs/msg/detail/sound__type_support.c
[10.887s] -- Up-to-date: /home/sakshi/ClutterBot/install/turtlebot3_msgs/include/turtlebot3_msgs/msg/detail/sensor_state__rosidl_typesupport_introspection_c.h
[10.887s] -- Up-to-date: /home/sakshi/ClutterBot/install/turtlebot3_msgs/include/turtlebot3_msgs/action
[10.887s] -- Up-to-date: /home/sakshi/ClutterBot/install/turtlebot3_msgs/include/turtlebot3_msgs/action/detail
[10.888s] -- Up-to-date: /home/sakshi/ClutterBot/install/turtlebot3_msgs/include/turtlebot3_msgs/action/detail/patrol__rosidl_typesupport_introspection_c.h
[10.888s] -- Up-to-date: /home/sakshi/ClutterBot/install/turtlebot3_msgs/include/turtlebot3_msgs/action/detail/patrol__type_support.c
[10.888s] -- Up-to-date: /home/sakshi/ClutterBot/install/turtlebot3_msgs/include/turtlebot3_msgs/srv
[10.888s] -- Up-to-date: /home/sakshi/ClutterBot/install/turtlebot3_msgs/include/turtlebot3_msgs/srv/detail
[10.889s] -- Up-to-date: /home/sakshi/ClutterBot/install/turtlebot3_msgs/include/turtlebot3_msgs/srv/detail/sound__rosidl_typesupport_introspection_c.h
[10.889s] -- Up-to-date: /home/sakshi/ClutterBot/install/turtlebot3_msgs/include/turtlebot3_msgs/srv/detail/dqn__type_support.c
[10.889s] -- Up-to-date: /home/sakshi/ClutterBot/install/turtlebot3_msgs/include/turtlebot3_msgs/srv/detail/sound__type_support.c
[10.889s] -- Up-to-date: /home/sakshi/ClutterBot/install/turtlebot3_msgs/include/turtlebot3_msgs/srv/detail/dqn__rosidl_typesupport_introspection_c.h
[11.030s] -- Up-to-date: /home/sakshi/ClutterBot/install/turtlebot3_msgs/lib/libturtlebot3_msgs__rosidl_typesupport_introspection_c.so
[11.148s] -- Up-to-date: /home/sakshi/ClutterBot/install/turtlebot3_msgs/lib/libturtlebot3_msgs__rosidl_typesupport_c.so
[11.148s] -- Up-to-date: /home/sakshi/ClutterBot/install/turtlebot3_msgs/include/turtlebot3_msgs
[11.149s] -- Up-to-date: /home/sakshi/ClutterBot/install/turtlebot3_msgs/include/turtlebot3_msgs/msg
[11.150s] -- Up-to-date: /home/sakshi/ClutterBot/install/turtlebot3_msgs/include/turtlebot3_msgs/msg/sensor_state.hpp
[11.151s] -- Up-to-date: /home/sakshi/ClutterBot/install/turtlebot3_msgs/include/turtlebot3_msgs/msg/detail
[11.151s] -- Up-to-date: /home/sakshi/ClutterBot/install/turtlebot3_msgs/include/turtlebot3_msgs/msg/detail/sensor_state__traits.hpp
[11.152s] -- Up-to-date: /home/sakshi/ClutterBot/install/turtlebot3_msgs/include/turtlebot3_msgs/msg/detail/sound__traits.hpp
[11.170s] -- Up-to-date: /home/sakshi/ClutterBot/install/turtlebot3_msgs/include/turtlebot3_msgs/msg/detail/sensor_state__struct.hpp
[11.171s] -- Up-to-date: /home/sakshi/ClutterBot/install/turtlebot3_msgs/include/turtlebot3_msgs/msg/detail/sensor_state__type_support.hpp
[11.172s] -- Up-to-date: /home/sakshi/ClutterBot/install/turtlebot3_msgs/include/turtlebot3_msgs/msg/detail/sensor_state__builder.hpp
[11.173s] -- Up-to-date: /home/sakshi/ClutterBot/install/turtlebot3_msgs/include/turtlebot3_msgs/msg/detail/sound__type_support.hpp
[11.173s] -- Up-to-date: /home/sakshi/ClutterBot/install/turtlebot3_msgs/include/turtlebot3_msgs/msg/detail/sound__builder.hpp
[11.176s] -- Up-to-date: /home/sakshi/ClutterBot/install/turtlebot3_msgs/include/turtlebot3_msgs/msg/detail/version_info__type_support.hpp
[11.177s] -- Up-to-date: /home/sakshi/ClutterBot/install/turtlebot3_msgs/include/turtlebot3_msgs/msg/detail/sound__struct.hpp
[11.178s] -- Up-to-date: /home/sakshi/ClutterBot/install/turtlebot3_msgs/include/turtlebot3_msgs/msg/detail/version_info__struct.hpp
[11.179s] -- Up-to-date: /home/sakshi/ClutterBot/install/turtlebot3_msgs/include/turtlebot3_msgs/msg/detail/version_info__traits.hpp
[11.180s] -- Up-to-date: /home/sakshi/ClutterBot/install/turtlebot3_msgs/include/turtlebot3_msgs/msg/detail/version_info__builder.hpp
[11.180s] -- Up-to-date: /home/sakshi/ClutterBot/install/turtlebot3_msgs/include/turtlebot3_msgs/msg/rosidl_generator_cpp__visibility_control.hpp
[11.180s] -- Up-to-date: /home/sakshi/ClutterBot/install/turtlebot3_msgs/include/turtlebot3_msgs/msg/sound.hpp
[11.181s] -- Up-to-date: /home/sakshi/ClutterBot/install/turtlebot3_msgs/include/turtlebot3_msgs/msg/version_info.hpp
[11.182s] -- Up-to-date: /home/sakshi/ClutterBot/install/turtlebot3_msgs/include/turtlebot3_msgs/action
[11.182s] -- Up-to-date: /home/sakshi/ClutterBot/install/turtlebot3_msgs/include/turtlebot3_msgs/action/detail
[11.183s] -- Up-to-date: /home/sakshi/ClutterBot/install/turtlebot3_msgs/include/turtlebot3_msgs/action/detail/patrol__struct.hpp
[11.184s] -- Up-to-date: /home/sakshi/ClutterBot/install/turtlebot3_msgs/include/turtlebot3_msgs/action/detail/patrol__type_support.hpp
[11.184s] -- Up-to-date: /home/sakshi/ClutterBot/install/turtlebot3_msgs/include/turtlebot3_msgs/action/detail/patrol__builder.hpp
[11.186s] -- Up-to-date: /home/sakshi/ClutterBot/install/turtlebot3_msgs/include/turtlebot3_msgs/action/detail/patrol__traits.hpp
[11.192s] -- Up-to-date: /home/sakshi/ClutterBot/install/turtlebot3_msgs/include/turtlebot3_msgs/action/patrol.hpp
[11.192s] -- Up-to-date: /home/sakshi/ClutterBot/install/turtlebot3_msgs/include/turtlebot3_msgs/srv
[11.193s] -- Up-to-date: /home/sakshi/ClutterBot/install/turtlebot3_msgs/include/turtlebot3_msgs/srv/dqn.hpp
[11.193s] -- Up-to-date: /home/sakshi/ClutterBot/install/turtlebot3_msgs/include/turtlebot3_msgs/srv/detail
[11.194s] -- Up-to-date: /home/sakshi/ClutterBot/install/turtlebot3_msgs/include/turtlebot3_msgs/srv/detail/dqn__type_support.hpp
[11.194s] -- Up-to-date: /home/sakshi/ClutterBot/install/turtlebot3_msgs/include/turtlebot3_msgs/srv/detail/dqn__struct.hpp
[11.194s] -- Up-to-date: /home/sakshi/ClutterBot/install/turtlebot3_msgs/include/turtlebot3_msgs/srv/detail/sound__traits.hpp
[11.194s] -- Up-to-date: /home/sakshi/ClutterBot/install/turtlebot3_msgs/include/turtlebot3_msgs/srv/detail/sound__type_support.hpp
[11.194s] -- Up-to-date: /home/sakshi/ClutterBot/install/turtlebot3_msgs/include/turtlebot3_msgs/srv/detail/sound__builder.hpp
[11.195s] -- Up-to-date: /home/sakshi/ClutterBot/install/turtlebot3_msgs/include/turtlebot3_msgs/srv/detail/dqn__traits.hpp
[11.195s] -- Up-to-date: /home/sakshi/ClutterBot/install/turtlebot3_msgs/include/turtlebot3_msgs/srv/detail/sound__struct.hpp
[11.195s] -- Up-to-date: /home/sakshi/ClutterBot/install/turtlebot3_msgs/include/turtlebot3_msgs/srv/detail/dqn__builder.hpp
[11.196s] -- Up-to-date: /home/sakshi/ClutterBot/install/turtlebot3_msgs/include/turtlebot3_msgs/srv/sound.hpp
[11.197s] -- Up-to-date: /home/sakshi/ClutterBot/install/turtlebot3_msgs/include/turtlebot3_msgs
[11.197s] -- Up-to-date: /home/sakshi/ClutterBot/install/turtlebot3_msgs/include/turtlebot3_msgs/msg
[11.198s] -- Up-to-date: /home/sakshi/ClutterBot/install/turtlebot3_msgs/include/turtlebot3_msgs/msg/detail
[11.199s] -- Up-to-date: /home/sakshi/ClutterBot/install/turtlebot3_msgs/include/turtlebot3_msgs/msg/detail/version_info__type_support.cpp
[11.200s] -- Up-to-date: /home/sakshi/ClutterBot/install/turtlebot3_msgs/include/turtlebot3_msgs/msg/detail/sound__rosidl_typesupport_introspection_cpp.hpp
[11.202s] -- Up-to-date: /home/sakshi/ClutterBot/install/turtlebot3_msgs/include/turtlebot3_msgs/msg/detail/sound__type_support.cpp
[11.203s] -- Up-to-date: /home/sakshi/ClutterBot/install/turtlebot3_msgs/include/turtlebot3_msgs/msg/detail/version_info__rosidl_typesupport_introspection_cpp.hpp
[11.204s] -- Up-to-date: /home/sakshi/ClutterBot/install/turtlebot3_msgs/include/turtlebot3_msgs/msg/detail/sensor_state__rosidl_typesupport_introspection_cpp.hpp
[11.205s] -- Up-to-date: /home/sakshi/ClutterBot/install/turtlebot3_msgs/include/turtlebot3_msgs/msg/detail/sensor_state__type_support.cpp
[11.207s] -- Up-to-date: /home/sakshi/ClutterBot/install/turtlebot3_msgs/include/turtlebot3_msgs/action
[11.207s] -- Up-to-date: /home/sakshi/ClutterBot/install/turtlebot3_msgs/include/turtlebot3_msgs/action/detail
[11.208s] -- Up-to-date: /home/sakshi/ClutterBot/install/turtlebot3_msgs/include/turtlebot3_msgs/action/detail/patrol__type_support.cpp
[11.208s] -- Up-to-date: /home/sakshi/ClutterBot/install/turtlebot3_msgs/include/turtlebot3_msgs/action/detail/patrol__rosidl_typesupport_introspection_cpp.hpp
[11.210s] -- Up-to-date: /home/sakshi/ClutterBot/install/turtlebot3_msgs/include/turtlebot3_msgs/srv
[11.210s] -- Up-to-date: /home/sakshi/ClutterBot/install/turtlebot3_msgs/include/turtlebot3_msgs/srv/detail
[11.211s] -- Up-to-date: /home/sakshi/ClutterBot/install/turtlebot3_msgs/include/turtlebot3_msgs/srv/detail/sound__rosidl_typesupport_introspection_cpp.hpp
[11.212s] -- Up-to-date: /home/sakshi/ClutterBot/install/turtlebot3_msgs/include/turtlebot3_msgs/srv/detail/dqn__type_support.cpp
[11.212s] -- Up-to-date: /home/sakshi/ClutterBot/install/turtlebot3_msgs/include/turtlebot3_msgs/srv/detail/sound__type_support.cpp
[11.213s] -- Up-to-date: /home/sakshi/ClutterBot/install/turtlebot3_msgs/include/turtlebot3_msgs/srv/detail/dqn__rosidl_typesupport_introspection_cpp.hpp
[11.213s] -- Up-to-date: /home/sakshi/ClutterBot/install/turtlebot3_msgs/lib/libturtlebot3_msgs__rosidl_typesupport_introspection_cpp.so
[11.446s] -- Up-to-date: /home/sakshi/ClutterBot/install/turtlebot3_msgs/lib/libturtlebot3_msgs__rosidl_typesupport_cpp.so
[11.447s] -- Up-to-date: /home/sakshi/ClutterBot/install/turtlebot3_msgs/share/turtlebot3_msgs/environment/pythonpath.sh
[11.448s] -- Up-to-date: /home/sakshi/ClutterBot/install/turtlebot3_msgs/share/turtlebot3_msgs/environment/pythonpath.dsv
[11.450s] -- Up-to-date: /home/sakshi/ClutterBot/install/turtlebot3_msgs/lib/python3.8/site-packages/turtlebot3_msgs/__init__.py
[11.575s] -- Up-to-date: /home/sakshi/ClutterBot/install/turtlebot3_msgs/lib/python3.8/site-packages/turtlebot3_msgs/msg
[11.576s] -- Up-to-date: /home/sakshi/ClutterBot/install/turtlebot3_msgs/lib/python3.8/site-packages/turtlebot3_msgs/msg/_version_info.py
[11.577s] -- Up-to-date: /home/sakshi/ClutterBot/install/turtlebot3_msgs/lib/python3.8/site-packages/turtlebot3_msgs/msg/_sensor_state.py
[11.578s] -- Up-to-date: /home/sakshi/ClutterBot/install/turtlebot3_msgs/lib/python3.8/site-packages/turtlebot3_msgs/msg/_sensor_state_s.c
[11.578s] -- Up-to-date: /home/sakshi/ClutterBot/install/turtlebot3_msgs/lib/python3.8/site-packages/turtlebot3_msgs/msg/_sound.py
[11.579s] -- Up-to-date: /home/sakshi/ClutterBot/install/turtlebot3_msgs/lib/python3.8/site-packages/turtlebot3_msgs/msg/_sound_s.c
[11.580s] -- Up-to-date: /home/sakshi/ClutterBot/install/turtlebot3_msgs/lib/python3.8/site-packages/turtlebot3_msgs/msg/__init__.py
[11.581s] -- Up-to-date: /home/sakshi/ClutterBot/install/turtlebot3_msgs/lib/python3.8/site-packages/turtlebot3_msgs/msg/_version_info_s.c
[11.581s] -- Up-to-date: /home/sakshi/ClutterBot/install/turtlebot3_msgs/lib/python3.8/site-packages/turtlebot3_msgs/srv
[11.582s] -- Up-to-date: /home/sakshi/ClutterBot/install/turtlebot3_msgs/lib/python3.8/site-packages/turtlebot3_msgs/srv/_dqn.py
[11.582s] -- Up-to-date: /home/sakshi/ClutterBot/install/turtlebot3_msgs/lib/python3.8/site-packages/turtlebot3_msgs/srv/_sound.py
[11.582s] -- Up-to-date: /home/sakshi/ClutterBot/install/turtlebot3_msgs/lib/python3.8/site-packages/turtlebot3_msgs/srv/_sound_s.c
[11.583s] -- Up-to-date: /home/sakshi/ClutterBot/install/turtlebot3_msgs/lib/python3.8/site-packages/turtlebot3_msgs/srv/_dqn_s.c
[11.583s] -- Up-to-date: /home/sakshi/ClutterBot/install/turtlebot3_msgs/lib/python3.8/site-packages/turtlebot3_msgs/srv/__init__.py
[11.583s] -- Up-to-date: /home/sakshi/ClutterBot/install/turtlebot3_msgs/lib/python3.8/site-packages/turtlebot3_msgs/action
[11.583s] -- Up-to-date: /home/sakshi/ClutterBot/install/turtlebot3_msgs/lib/python3.8/site-packages/turtlebot3_msgs/action/_patrol_s.c
[11.583s] -- Up-to-date: /home/sakshi/ClutterBot/install/turtlebot3_msgs/lib/python3.8/site-packages/turtlebot3_msgs/action/_patrol.py
[11.584s] -- Up-to-date: /home/sakshi/ClutterBot/install/turtlebot3_msgs/lib/python3.8/site-packages/turtlebot3_msgs/action/__init__.py
[11.605s] -- Up-to-date: /home/sakshi/ClutterBot/install/turtlebot3_msgs/lib/python3.8/site-packages/turtlebot3_msgs/turtlebot3_msgs_s__rosidl_typesupport_fastrtps_c.cpython-38-x86_64-linux-gnu.so
[11.606s] -- Up-to-date: /home/sakshi/ClutterBot/install/turtlebot3_msgs/lib/python3.8/site-packages/turtlebot3_msgs/turtlebot3_msgs_s__rosidl_typesupport_introspection_c.cpython-38-x86_64-linux-gnu.so
[11.641s] -- Up-to-date: /home/sakshi/ClutterBot/install/turtlebot3_msgs/lib/python3.8/site-packages/turtlebot3_msgs/turtlebot3_msgs_s__rosidl_typesupport_c.cpython-38-x86_64-linux-gnu.so
[11.645s] -- Up-to-date: /home/sakshi/ClutterBot/install/turtlebot3_msgs/lib/libturtlebot3_msgs__python.so
[11.645s] -- Up-to-date: /home/sakshi/ClutterBot/install/turtlebot3_msgs/share/turtlebot3_msgs/msg/SensorState.idl
[11.646s] -- Up-to-date: /home/sakshi/ClutterBot/install/turtlebot3_msgs/share/turtlebot3_msgs/msg/Sound.idl
[11.647s] -- Up-to-date: /home/sakshi/ClutterBot/install/turtlebot3_msgs/share/turtlebot3_msgs/msg/VersionInfo.idl
[11.647s] -- Up-to-date: /home/sakshi/ClutterBot/install/turtlebot3_msgs/share/turtlebot3_msgs/srv/Sound.idl
[11.647s] -- Up-to-date: /home/sakshi/ClutterBot/install/turtlebot3_msgs/share/turtlebot3_msgs/srv/Dqn.idl
[11.647s] -- Up-to-date: /home/sakshi/ClutterBot/install/turtlebot3_msgs/share/turtlebot3_msgs/action/Patrol.idl
[11.648s] -- Up-to-date: /home/sakshi/ClutterBot/install/turtlebot3_msgs/share/turtlebot3_msgs/msg/SensorState.msg
[11.649s] -- Up-to-date: /home/sakshi/ClutterBot/install/turtlebot3_msgs/share/turtlebot3_msgs/msg/Sound.msg
[11.649s] -- Up-to-date: /home/sakshi/ClutterBot/install/turtlebot3_msgs/share/turtlebot3_msgs/msg/VersionInfo.msg
[11.650s] -- Up-to-date: /home/sakshi/ClutterBot/install/turtlebot3_msgs/share/turtlebot3_msgs/srv/Sound.srv
[11.650s] -- Up-to-date: /home/sakshi/ClutterBot/install/turtlebot3_msgs/share/turtlebot3_msgs/srv/Sound_Request.msg
[11.650s] -- Up-to-date: /home/sakshi/ClutterBot/install/turtlebot3_msgs/share/turtlebot3_msgs/srv/Sound_Response.msg
[11.650s] -- Up-to-date: /home/sakshi/ClutterBot/install/turtlebot3_msgs/share/turtlebot3_msgs/srv/Dqn.srv
[11.650s] -- Up-to-date: /home/sakshi/ClutterBot/install/turtlebot3_msgs/share/turtlebot3_msgs/srv/Dqn_Request.msg
[11.650s] -- Up-to-date: /home/sakshi/ClutterBot/install/turtlebot3_msgs/share/turtlebot3_msgs/srv/Dqn_Response.msg
[11.651s] -- Up-to-date: /home/sakshi/ClutterBot/install/turtlebot3_msgs/share/turtlebot3_msgs/action/Patrol.action
[11.651s] -- Up-to-date: /home/sakshi/ClutterBot/install/turtlebot3_msgs/share/ament_index/resource_index/package_run_dependencies/turtlebot3_msgs
[11.651s] -- Up-to-date: /home/sakshi/ClutterBot/install/turtlebot3_msgs/share/ament_index/resource_index/parent_prefix_path/turtlebot3_msgs
[11.651s] -- Up-to-date: /home/sakshi/ClutterBot/install/turtlebot3_msgs/share/turtlebot3_msgs/environment/ament_prefix_path.sh
[11.651s] -- Up-to-date: /home/sakshi/ClutterBot/install/turtlebot3_msgs/share/turtlebot3_msgs/environment/ament_prefix_path.dsv
[11.651s] -- Up-to-date: /home/sakshi/ClutterBot/install/turtlebot3_msgs/share/turtlebot3_msgs/environment/path.sh
[11.652s] -- Up-to-date: /home/sakshi/ClutterBot/install/turtlebot3_msgs/share/turtlebot3_msgs/environment/path.dsv
[11.652s] -- Up-to-date: /home/sakshi/ClutterBot/install/turtlebot3_msgs/share/turtlebot3_msgs/local_setup.bash
[11.652s] -- Up-to-date: /home/sakshi/ClutterBot/install/turtlebot3_msgs/share/turtlebot3_msgs/local_setup.sh
[11.653s] -- Up-to-date: /home/sakshi/ClutterBot/install/turtlebot3_msgs/share/turtlebot3_msgs/local_setup.zsh
[11.653s] -- Up-to-date: /home/sakshi/ClutterBot/install/turtlebot3_msgs/share/turtlebot3_msgs/local_setup.dsv
[11.653s] -- Installing: /home/sakshi/ClutterBot/install/turtlebot3_msgs/share/turtlebot3_msgs/package.dsv
[11.667s] -- Up-to-date: /home/sakshi/ClutterBot/install/turtlebot3_msgs/share/ament_index/resource_index/packages/turtlebot3_msgs
[11.710s] -- Up-to-date: /home/sakshi/ClutterBot/install/turtlebot3_msgs/share/turtlebot3_msgs/cmake/turtlebot3_msgs__rosidl_generator_cExport.cmake
[11.710s] -- Up-to-date: /home/sakshi/ClutterBot/install/turtlebot3_msgs/share/turtlebot3_msgs/cmake/turtlebot3_msgs__rosidl_generator_cExport-noconfig.cmake
[11.761s] -- Up-to-date: /home/sakshi/ClutterBot/install/turtlebot3_msgs/share/turtlebot3_msgs/cmake/turtlebot3_msgs__rosidl_typesupport_introspection_cExport.cmake
[11.761s] -- Up-to-date: /home/sakshi/ClutterBot/install/turtlebot3_msgs/share/turtlebot3_msgs/cmake/turtlebot3_msgs__rosidl_typesupport_introspection_cExport-noconfig.cmake
[11.829s] -- Up-to-date: /home/sakshi/ClutterBot/install/turtlebot3_msgs/share/turtlebot3_msgs/cmake/turtlebot3_msgs__rosidl_typesupport_cExport.cmake
[11.830s] -- Up-to-date: /home/sakshi/ClutterBot/install/turtlebot3_msgs/share/turtlebot3_msgs/cmake/turtlebot3_msgs__rosidl_typesupport_cExport-noconfig.cmake
[11.879s] -- Up-to-date: /home/sakshi/ClutterBot/install/turtlebot3_msgs/share/turtlebot3_msgs/cmake/turtlebot3_msgs__rosidl_generator_cppExport.cmake
[11.893s] -- Up-to-date: /home/sakshi/ClutterBot/install/turtlebot3_msgs/share/turtlebot3_msgs/cmake/turtlebot3_msgs__rosidl_typesupport_introspection_cppExport.cmake
[11.895s] -- Up-to-date: /home/sakshi/ClutterBot/install/turtlebot3_msgs/share/turtlebot3_msgs/cmake/turtlebot3_msgs__rosidl_typesupport_introspection_cppExport-noconfig.cmake
[12.024s] -- Up-to-date: /home/sakshi/ClutterBot/install/turtlebot3_msgs/share/turtlebot3_msgs/cmake/turtlebot3_msgs__rosidl_typesupport_cppExport.cmake
[12.025s] -- Up-to-date: /home/sakshi/ClutterBot/install/turtlebot3_msgs/share/turtlebot3_msgs/cmake/turtlebot3_msgs__rosidl_typesupport_cppExport-noconfig.cmake
[12.026s] -- Up-to-date: /home/sakshi/ClutterBot/install/turtlebot3_msgs/share/turtlebot3_msgs/cmake/rosidl_cmake-extras.cmake
[12.026s] -- Up-to-date: /home/sakshi/ClutterBot/install/turtlebot3_msgs/share/turtlebot3_msgs/cmake/ament_cmake_export_dependencies-extras.cmake
[12.027s] -- Up-to-date: /home/sakshi/ClutterBot/install/turtlebot3_msgs/share/turtlebot3_msgs/cmake/ament_cmake_export_libraries-extras.cmake
[12.027s] -- Up-to-date: /home/sakshi/ClutterBot/install/turtlebot3_msgs/share/turtlebot3_msgs/cmake/ament_cmake_export_targets-extras.cmake
[12.027s] -- Up-to-date: /home/sakshi/ClutterBot/install/turtlebot3_msgs/share/turtlebot3_msgs/cmake/ament_cmake_export_include_directories-extras.cmake
[12.028s] -- Up-to-date: /home/sakshi/ClutterBot/install/turtlebot3_msgs/share/turtlebot3_msgs/cmake/rosidl_cmake_export_typesupport_libraries-extras.cmake
[12.029s] -- Up-to-date: /home/sakshi/ClutterBot/install/turtlebot3_msgs/share/turtlebot3_msgs/cmake/rosidl_cmake_export_typesupport_targets-extras.cmake
[12.029s] -- Up-to-date: /home/sakshi/ClutterBot/install/turtlebot3_msgs/share/turtlebot3_msgs/cmake/turtlebot3_msgsConfig.cmake
[12.030s] -- Up-to-date: /home/sakshi/ClutterBot/install/turtlebot3_msgs/share/turtlebot3_msgs/cmake/turtlebot3_msgsConfig-version.cmake
[12.032s] -- Up-to-date: /home/sakshi/ClutterBot/install/turtlebot3_msgs/share/turtlebot3_msgs/package.xml
[12.162s] Invoked command in '/home/sakshi/ClutterBot/build/turtlebot3_msgs' returned '0': CMAKE_PREFIX_PATH=${CMAKE_PREFIX_PATH}:/home/sakshi/ClutterBot/install/turtlebot3_teleop:/home/sakshi/ClutterBot/install/turtlebot3_example:/opt/ros/foxy /usr/bin/cmake --install /home/sakshi/ClutterBot/build/turtlebot3_msgs
