[0.086s] Invoking command in '/home/sakshi/ClutterBot/build/turtlebot3_navigation2': CMAKE_PREFIX_PATH=${CMAKE_PREFIX_PATH}:/home/sakshi/ClutterBot/install/turtlebot3_teleop:/home/sakshi/ClutterBot/install/turtlebot3_example:/opt/ros/foxy /usr/bin/cmake --build /home/sakshi/ClutterBot/build/turtlebot3_navigation2 -- -j8 -l8
[0.601s] Invoked command in '/home/sakshi/ClutterBot/build/turtlebot3_navigation2' returned '0': CMAKE_PREFIX_PATH=${CMAKE_PREFIX_PATH}:/home/sakshi/ClutterBot/install/turtlebot3_teleop:/home/sakshi/ClutterBot/install/turtlebot3_example:/opt/ros/foxy /usr/bin/cmake --build /home/sakshi/ClutterBot/build/turtlebot3_navigation2 -- -j8 -l8
[0.650s] Invoking command in '/home/sakshi/ClutterBot/build/turtlebot3_navigation2': CMAKE_PREFIX_PATH=${CMAKE_PREFIX_PATH}:/home/sakshi/ClutterBot/install/turtlebot3_teleop:/home/sakshi/ClutterBot/install/turtlebot3_example:/opt/ros/foxy /usr/bin/cmake --install /home/sakshi/ClutterBot/build/turtlebot3_navigation2
[0.672s] -- Install configuration: ""
[0.672s] -- Up-to-date: /home/sakshi/ClutterBot/install/turtlebot3_navigation2/share/turtlebot3_navigation2/launch
[0.672s] -- Up-to-date: /home/sakshi/ClutterBot/install/turtlebot3_navigation2/share/turtlebot3_navigation2/launch/navigation2.launch.py
[0.673s] -- Up-to-date: /home/sakshi/ClutterBot/install/turtlebot3_navigation2/share/turtlebot3_navigation2/map
[0.673s] -- Up-to-date: /home/sakshi/ClutterBot/install/turtlebot3_navigation2/share/turtlebot3_navigation2/map/turtlebot3_world.yaml
[0.673s] -- Up-to-date: /home/sakshi/ClutterBot/install/turtlebot3_navigation2/share/turtlebot3_navigation2/map/turtlebot3_world.pgm
[0.673s] -- Up-to-date: /home/sakshi/ClutterBot/install/turtlebot3_navigation2/share/turtlebot3_navigation2/param
[0.673s] -- Up-to-date: /home/sakshi/ClutterBot/install/turtlebot3_navigation2/share/turtlebot3_navigation2/param/waffle_pi.yaml
[0.673s] -- Up-to-date: /home/sakshi/ClutterBot/install/turtlebot3_navigation2/share/turtlebot3_navigation2/param/waffle.yaml
[0.673s] -- Up-to-date: /home/sakshi/ClutterBot/install/turtlebot3_navigation2/share/turtlebot3_navigation2/param/burger.yaml
[0.673s] -- Up-to-date: /home/sakshi/ClutterBot/install/turtlebot3_navigation2/share/turtlebot3_navigation2/rviz
[0.673s] -- Up-to-date: /home/sakshi/ClutterBot/install/turtlebot3_navigation2/share/turtlebot3_navigation2/rviz/tb3_navigation2.rviz
[0.673s] -- Up-to-date: /home/sakshi/ClutterBot/install/turtlebot3_navigation2/share/ament_index/resource_index/package_run_dependencies/turtlebot3_navigation2
[0.673s] -- Up-to-date: /home/sakshi/ClutterBot/install/turtlebot3_navigation2/share/ament_index/resource_index/parent_prefix_path/turtlebot3_navigation2
[0.673s] -- Up-to-date: /home/sakshi/ClutterBot/install/turtlebot3_navigation2/share/turtlebot3_navigation2/environment/ament_prefix_path.sh
[0.674s] -- Up-to-date: /home/sakshi/ClutterBot/install/turtlebot3_navigation2/share/turtlebot3_navigation2/environment/ament_prefix_path.dsv
[0.674s] -- Up-to-date: /home/sakshi/ClutterBot/install/turtlebot3_navigation2/share/turtlebot3_navigation2/environment/path.sh
[0.674s] -- Up-to-date: /home/sakshi/ClutterBot/install/turtlebot3_navigation2/share/turtlebot3_navigation2/environment/path.dsv
[0.674s] -- Up-to-date: /home/sakshi/ClutterBot/install/turtlebot3_navigation2/share/turtlebot3_navigation2/local_setup.bash
[0.674s] -- Up-to-date: /home/sakshi/ClutterBot/install/turtlebot3_navigation2/share/turtlebot3_navigation2/local_setup.sh
[0.674s] -- Up-to-date: /home/sakshi/ClutterBot/install/turtlebot3_navigation2/share/turtlebot3_navigation2/local_setup.zsh
[0.674s] -- Up-to-date: /home/sakshi/ClutterBot/install/turtlebot3_navigation2/share/turtlebot3_navigation2/local_setup.dsv
[0.674s] -- Installing: /home/sakshi/ClutterBot/install/turtlebot3_navigation2/share/turtlebot3_navigation2/package.dsv
[0.674s] -- Up-to-date: /home/sakshi/ClutterBot/install/turtlebot3_navigation2/share/ament_index/resource_index/packages/turtlebot3_navigation2
[0.674s] -- Up-to-date: /home/sakshi/ClutterBot/install/turtlebot3_navigation2/share/turtlebot3_navigation2/cmake/turtlebot3_navigation2Config.cmake
[0.674s] -- Up-to-date: /home/sakshi/ClutterBot/install/turtlebot3_navigation2/share/turtlebot3_navigation2/cmake/turtlebot3_navigation2Config-version.cmake
[0.674s] -- Up-to-date: /home/sakshi/ClutterBot/install/turtlebot3_navigation2/share/turtlebot3_navigation2/package.xml
[0.686s] Invoked command in '/home/sakshi/ClutterBot/build/turtlebot3_navigation2' returned '0': CMAKE_PREFIX_PATH=${CMAKE_PREFIX_PATH}:/home/sakshi/ClutterBot/install/turtlebot3_teleop:/home/sakshi/ClutterBot/install/turtlebot3_example:/opt/ros/foxy /usr/bin/cmake --install /home/sakshi/ClutterBot/build/turtlebot3_navigation2
