-- The C compiler identification is GNU 9.4.0
-- The CXX compiler identification is GNU 9.4.0
-- Check for working C compiler: /usr/lib/ccache/cc
-- Check for working C compiler: /usr/lib/ccache/cc -- works
-- Detecting C compiler ABI info
-- Detecting C compiler ABI info - done
-- Detecting C compile features
-- Detecting C compile features - done
-- Check for working CXX compiler: /usr/lib/ccache/c++
-- Check for working CXX compiler: /usr/lib/ccache/c++ -- works
-- Detecting CXX compiler ABI info
-- Detecting CXX compiler ABI info - done
-- Detecting CXX compile features
-- Detecting CXX compile features - done
-- Found ament_cmake: 0.9.12 (/opt/ros/foxy/share/ament_cmake/cmake)
-- Found PythonInterp: /usr/bin/python3 (found suitable version "3.8.10", minimum required is "3") 
-- Using PYTHON_EXECUTABLE: /usr/bin/python3
-- Found ament_lint_auto: 0.9.8 (/opt/ros/foxy/share/ament_lint_auto/cmake)
-- Added test 'copyright' to check source files copyright and LICENSE
-- Added test 'cppcheck' to perform static code analysis on C / C++ code
-- Configured cppcheck include dirs: $<BUILD_INTERFACE:/home/sakshi/ClutterBot/src/task/include>
-- Configured cppcheck exclude dirs and/or files: 
-- Added test 'cpplint' to check C / C++ code against the Google style
-- Configured cpplint exclude dirs and/or files: 
-- Added test 'lint_cmake' to check CMake code style
-- Added test 'uncrustify' to check C / C++ code style
-- Configured uncrustify additional arguments: 
-- Added test 'xmllint' to check XML markup files
-- Configuring done
-- Generating done
-- Build files have been written to: /home/sakshi/ClutterBot/build/task
[35m[1mScanning dependencies of target noisyodom[0m
[ 50%] [32mBuilding CXX object CMakeFiles/noisyodom.dir/src/noisyodom.cpp.o[0m
[100%] [32m[1mLinking CXX executable noisyodom[0m
[100%] Built target noisyodom
-- Install configuration: ""
-- Installing: /home/sakshi/ClutterBot/install/task/lib/task/noisyodom
-- Installing: /home/sakshi/ClutterBot/install/task/share/ament_index/resource_index/package_run_dependencies/task
-- Installing: /home/sakshi/ClutterBot/install/task/share/ament_index/resource_index/parent_prefix_path/task
-- Installing: /home/sakshi/ClutterBot/install/task/share/task/environment/ament_prefix_path.sh
-- Installing: /home/sakshi/ClutterBot/install/task/share/task/environment/ament_prefix_path.dsv
-- Installing: /home/sakshi/ClutterBot/install/task/share/task/environment/path.sh
-- Installing: /home/sakshi/ClutterBot/install/task/share/task/environment/path.dsv
-- Installing: /home/sakshi/ClutterBot/install/task/share/task/local_setup.bash
-- Installing: /home/sakshi/ClutterBot/install/task/share/task/local_setup.sh
-- Installing: /home/sakshi/ClutterBot/install/task/share/task/local_setup.zsh
-- Installing: /home/sakshi/ClutterBot/install/task/share/task/local_setup.dsv
-- Installing: /home/sakshi/ClutterBot/install/task/share/task/package.dsv
-- Installing: /home/sakshi/ClutterBot/install/task/share/ament_index/resource_index/packages/task
-- Installing: /home/sakshi/ClutterBot/install/task/share/task/cmake/taskConfig.cmake
-- Installing: /home/sakshi/ClutterBot/install/task/share/task/cmake/taskConfig-version.cmake
-- Installing: /home/sakshi/ClutterBot/install/task/share/task/package.xml
