[0.453s] Invoking command in '/home/sakshi/ClutterBot/build/turtlebot3_gazebo': CMAKE_PREFIX_PATH=/home/sakshi/ClutterBot/install/turtlebot3_description:/home/sakshi/ClutterBot/install/turtlebot3:/home/sakshi/ClutterBot/install/turtlebot3_simulations:/home/sakshi/ClutterBot/install/turtlebot3_bringup:/home/sakshi/ClutterBot/install/turtlebot3_node:/home/sakshi/ClutterBot/install/turtlebot3_navigation2:/home/sakshi/ClutterBot/install/turtlebot3_fake_node:/home/sakshi/ClutterBot/install/turtlebot3_msgs:/home/sakshi/ClutterBot/install/turtlebot3_gazebo:/home/sakshi/ClutterBot/install/turtlebot3_cartographer:/home/sakshi/ClutterBot/install/task:/home/sakshi/ClutterBot/install/hls_lfcd_lds_driver:/home/sakshi/ClutterBot/install/dynamixel_sdk_examples:/home/sakshi/ClutterBot/install/dynamixel_sdk_custom_interfaces:/home/sakshi/ClutterBot/install/dynamixel_sdk:/home/sakshi/ClutterBot/install/turtlebot3_teleop:/home/sakshi/ClutterBot/install/turtlebot3_example:/opt/ros/foxy /usr/bin/cmake --build /home/sakshi/ClutterBot/build/turtlebot3_gazebo -- -j8 -l8
[5.147s] [ 25%] Built target turtlebot3_drive
[6.165s] [ 50%] Built target obstacle1
[6.166s] [ 75%] Built target obstacles
[6.166s] [100%] Built target obstacle2
[6.253s] Invoked command in '/home/sakshi/ClutterBot/build/turtlebot3_gazebo' returned '0': CMAKE_PREFIX_PATH=/home/sakshi/ClutterBot/install/turtlebot3_description:/home/sakshi/ClutterBot/install/turtlebot3:/home/sakshi/ClutterBot/install/turtlebot3_simulations:/home/sakshi/ClutterBot/install/turtlebot3_bringup:/home/sakshi/ClutterBot/install/turtlebot3_node:/home/sakshi/ClutterBot/install/turtlebot3_navigation2:/home/sakshi/ClutterBot/install/turtlebot3_fake_node:/home/sakshi/ClutterBot/install/turtlebot3_msgs:/home/sakshi/ClutterBot/install/turtlebot3_gazebo:/home/sakshi/ClutterBot/install/turtlebot3_cartographer:/home/sakshi/ClutterBot/install/task:/home/sakshi/ClutterBot/install/hls_lfcd_lds_driver:/home/sakshi/ClutterBot/install/dynamixel_sdk_examples:/home/sakshi/ClutterBot/install/dynamixel_sdk_custom_interfaces:/home/sakshi/ClutterBot/install/dynamixel_sdk:/home/sakshi/ClutterBot/install/turtlebot3_teleop:/home/sakshi/ClutterBot/install/turtlebot3_example:/opt/ros/foxy /usr/bin/cmake --build /home/sakshi/ClutterBot/build/turtlebot3_gazebo -- -j8 -l8
[6.302s] Invoking command in '/home/sakshi/ClutterBot/build/turtlebot3_gazebo': CMAKE_PREFIX_PATH=/home/sakshi/ClutterBot/install/turtlebot3_description:/home/sakshi/ClutterBot/install/turtlebot3:/home/sakshi/ClutterBot/install/turtlebot3_simulations:/home/sakshi/ClutterBot/install/turtlebot3_bringup:/home/sakshi/ClutterBot/install/turtlebot3_node:/home/sakshi/ClutterBot/install/turtlebot3_navigation2:/home/sakshi/ClutterBot/install/turtlebot3_fake_node:/home/sakshi/ClutterBot/install/turtlebot3_msgs:/home/sakshi/ClutterBot/install/turtlebot3_gazebo:/home/sakshi/ClutterBot/install/turtlebot3_cartographer:/home/sakshi/ClutterBot/install/task:/home/sakshi/ClutterBot/install/hls_lfcd_lds_driver:/home/sakshi/ClutterBot/install/dynamixel_sdk_examples:/home/sakshi/ClutterBot/install/dynamixel_sdk_custom_interfaces:/home/sakshi/ClutterBot/install/dynamixel_sdk:/home/sakshi/ClutterBot/install/turtlebot3_teleop:/home/sakshi/ClutterBot/install/turtlebot3_example:/opt/ros/foxy /usr/bin/cmake --install /home/sakshi/ClutterBot/build/turtlebot3_gazebo
[6.311s] -- Install configuration: ""
[6.466s] -- Up-to-date: /home/sakshi/ClutterBot/install/turtlebot3_gazebo/lib/turtlebot3_gazebo/turtlebot3_drive
[6.467s] -- Up-to-date: /home/sakshi/ClutterBot/install/turtlebot3_gazebo/share/turtlebot3_gazebo//launch
[6.468s] -- Up-to-date: /home/sakshi/ClutterBot/install/turtlebot3_gazebo/share/turtlebot3_gazebo//launch/turtlebot3_dqn_stage2.launch.py
[6.469s] -- Up-to-date: /home/sakshi/ClutterBot/install/turtlebot3_gazebo/share/turtlebot3_gazebo//launch/empty_world.launch.py
[6.470s] -- Up-to-date: /home/sakshi/ClutterBot/install/turtlebot3_gazebo/share/turtlebot3_gazebo//launch/turtlebot3_autorace.launch.py
[6.470s] -- Up-to-date: /home/sakshi/ClutterBot/install/turtlebot3_gazebo/share/turtlebot3_gazebo//launch/turtlebot3_house.launch.py
[6.471s] -- Up-to-date: /home/sakshi/ClutterBot/install/turtlebot3_gazebo/share/turtlebot3_gazebo//launch/turtlebot3_dqn_stage4.launch.py
[6.472s] -- Up-to-date: /home/sakshi/ClutterBot/install/turtlebot3_gazebo/share/turtlebot3_gazebo//launch/turtlebot3_world.launch.py
[6.473s] -- Up-to-date: /home/sakshi/ClutterBot/install/turtlebot3_gazebo/share/turtlebot3_gazebo//launch/turtlebot3_dqn_stage3.launch.py
[6.474s] -- Up-to-date: /home/sakshi/ClutterBot/install/turtlebot3_gazebo/share/turtlebot3_gazebo//launch/robot_state_publisher.launch.py
[6.474s] -- Up-to-date: /home/sakshi/ClutterBot/install/turtlebot3_gazebo/share/turtlebot3_gazebo//launch/turtlebot3_dqn_stage1.launch.py
[6.475s] -- Up-to-date: /home/sakshi/ClutterBot/install/turtlebot3_gazebo/share/turtlebot3_gazebo//models
[6.476s] -- Up-to-date: /home/sakshi/ClutterBot/install/turtlebot3_gazebo/share/turtlebot3_gazebo//models/turtlebot3_house
[6.477s] -- Up-to-date: /home/sakshi/ClutterBot/install/turtlebot3_gazebo/share/turtlebot3_gazebo//models/turtlebot3_house/model.config
[6.477s] -- Up-to-date: /home/sakshi/ClutterBot/install/turtlebot3_gazebo/share/turtlebot3_gazebo//models/turtlebot3_house/model.sdf
[6.478s] -- Up-to-date: /home/sakshi/ClutterBot/install/turtlebot3_gazebo/share/turtlebot3_gazebo//models/turtlebot3_autorace
[6.479s] -- Up-to-date: /home/sakshi/ClutterBot/install/turtlebot3_gazebo/share/turtlebot3_gazebo//models/turtlebot3_autorace/model.config
[6.479s] -- Up-to-date: /home/sakshi/ClutterBot/install/turtlebot3_gazebo/share/turtlebot3_gazebo//models/turtlebot3_autorace/course
[6.479s] -- Up-to-date: /home/sakshi/ClutterBot/install/turtlebot3_gazebo/share/turtlebot3_gazebo//models/turtlebot3_autorace/course/model.config
[6.479s] -- Up-to-date: /home/sakshi/ClutterBot/install/turtlebot3_gazebo/share/turtlebot3_gazebo//models/turtlebot3_autorace/course/materials
[6.479s] -- Up-to-date: /home/sakshi/ClutterBot/install/turtlebot3_gazebo/share/turtlebot3_gazebo//models/turtlebot3_autorace/course/materials/scripts
[6.479s] -- Up-to-date: /home/sakshi/ClutterBot/install/turtlebot3_gazebo/share/turtlebot3_gazebo//models/turtlebot3_autorace/course/materials/scripts/course.material
[6.479s] -- Up-to-date: /home/sakshi/ClutterBot/install/turtlebot3_gazebo/share/turtlebot3_gazebo//models/turtlebot3_autorace/course/materials/textures
[6.480s] -- Up-to-date: /home/sakshi/ClutterBot/install/turtlebot3_gazebo/share/turtlebot3_gazebo//models/turtlebot3_autorace/course/materials/textures/course.png
[6.480s] -- Up-to-date: /home/sakshi/ClutterBot/install/turtlebot3_gazebo/share/turtlebot3_gazebo//models/turtlebot3_autorace/course/model.sdf
[6.480s] -- Up-to-date: /home/sakshi/ClutterBot/install/turtlebot3_gazebo/share/turtlebot3_gazebo//models/turtlebot3_autorace/traffic_stop
[6.480s] -- Up-to-date: /home/sakshi/ClutterBot/install/turtlebot3_gazebo/share/turtlebot3_gazebo//models/turtlebot3_autorace/traffic_stop/model.config
[6.480s] -- Up-to-date: /home/sakshi/ClutterBot/install/turtlebot3_gazebo/share/turtlebot3_gazebo//models/turtlebot3_autorace/traffic_stop/materials
[6.480s] -- Up-to-date: /home/sakshi/ClutterBot/install/turtlebot3_gazebo/share/turtlebot3_gazebo//models/turtlebot3_autorace/traffic_stop/materials/scripts
[6.480s] -- Up-to-date: /home/sakshi/ClutterBot/install/turtlebot3_gazebo/share/turtlebot3_gazebo//models/turtlebot3_autorace/traffic_stop/materials/scripts/traffic_stop.material
[6.480s] -- Up-to-date: /home/sakshi/ClutterBot/install/turtlebot3_gazebo/share/turtlebot3_gazebo//models/turtlebot3_autorace/traffic_stop/materials/textures
[6.480s] -- Up-to-date: /home/sakshi/ClutterBot/install/turtlebot3_gazebo/share/turtlebot3_gazebo//models/turtlebot3_autorace/traffic_stop/materials/textures/traffic_stop.png
[6.480s] -- Up-to-date: /home/sakshi/ClutterBot/install/turtlebot3_gazebo/share/turtlebot3_gazebo//models/turtlebot3_autorace/traffic_stop/model.sdf
[6.480s] -- Up-to-date: /home/sakshi/ClutterBot/install/turtlebot3_gazebo/share/turtlebot3_gazebo//models/turtlebot3_autorace/traffic_light_red
[6.480s] -- Up-to-date: /home/sakshi/ClutterBot/install/turtlebot3_gazebo/share/turtlebot3_gazebo//models/turtlebot3_autorace/traffic_light_red/model.config
[6.480s] -- Up-to-date: /home/sakshi/ClutterBot/install/turtlebot3_gazebo/share/turtlebot3_gazebo//models/turtlebot3_autorace/traffic_light_red/model.sdf
[6.480s] -- Up-to-date: /home/sakshi/ClutterBot/install/turtlebot3_gazebo/share/turtlebot3_gazebo//models/turtlebot3_autorace/ground
[6.481s] -- Up-to-date: /home/sakshi/ClutterBot/install/turtlebot3_gazebo/share/turtlebot3_gazebo//models/turtlebot3_autorace/ground/model.config
[6.481s] -- Up-to-date: /home/sakshi/ClutterBot/install/turtlebot3_gazebo/share/turtlebot3_gazebo//models/turtlebot3_autorace/ground/model.sdf
[6.481s] -- Up-to-date: /home/sakshi/ClutterBot/install/turtlebot3_gazebo/share/turtlebot3_gazebo//models/turtlebot3_autorace/lights
[6.481s] -- Up-to-date: /home/sakshi/ClutterBot/install/turtlebot3_gazebo/share/turtlebot3_gazebo//models/turtlebot3_autorace/lights/model.config
[6.481s] -- Up-to-date: /home/sakshi/ClutterBot/install/turtlebot3_gazebo/share/turtlebot3_gazebo//models/turtlebot3_autorace/lights/model.sdf
[6.481s] -- Up-to-date: /home/sakshi/ClutterBot/install/turtlebot3_gazebo/share/turtlebot3_gazebo//models/turtlebot3_autorace/traffic_tunnel
[6.481s] -- Up-to-date: /home/sakshi/ClutterBot/install/turtlebot3_gazebo/share/turtlebot3_gazebo//models/turtlebot3_autorace/traffic_tunnel/model.config
[6.481s] -- Up-to-date: /home/sakshi/ClutterBot/install/turtlebot3_gazebo/share/turtlebot3_gazebo//models/turtlebot3_autorace/traffic_tunnel/materials
[6.481s] -- Up-to-date: /home/sakshi/ClutterBot/install/turtlebot3_gazebo/share/turtlebot3_gazebo//models/turtlebot3_autorace/traffic_tunnel/materials/scripts
[6.481s] -- Up-to-date: /home/sakshi/ClutterBot/install/turtlebot3_gazebo/share/turtlebot3_gazebo//models/turtlebot3_autorace/traffic_tunnel/materials/scripts/tunnel.material
[6.481s] -- Up-to-date: /home/sakshi/ClutterBot/install/turtlebot3_gazebo/share/turtlebot3_gazebo//models/turtlebot3_autorace/traffic_tunnel/materials/textures
[6.481s] -- Up-to-date: /home/sakshi/ClutterBot/install/turtlebot3_gazebo/share/turtlebot3_gazebo//models/turtlebot3_autorace/traffic_tunnel/materials/textures/tunnel.png
[6.481s] -- Up-to-date: /home/sakshi/ClutterBot/install/turtlebot3_gazebo/share/turtlebot3_gazebo//models/turtlebot3_autorace/traffic_tunnel/model.sdf
[6.481s] -- Up-to-date: /home/sakshi/ClutterBot/install/turtlebot3_gazebo/share/turtlebot3_gazebo//models/turtlebot3_autorace/tunnel_obstacles
[6.481s] -- Up-to-date: /home/sakshi/ClutterBot/install/turtlebot3_gazebo/share/turtlebot3_gazebo//models/turtlebot3_autorace/tunnel_obstacles/model.config
[6.481s] -- Up-to-date: /home/sakshi/ClutterBot/install/turtlebot3_gazebo/share/turtlebot3_gazebo//models/turtlebot3_autorace/tunnel_obstacles/model.sdf
[6.481s] -- Up-to-date: /home/sakshi/ClutterBot/install/turtlebot3_gazebo/share/turtlebot3_gazebo//models/turtlebot3_autorace/traffic_light_green
[6.482s] -- Up-to-date: /home/sakshi/ClutterBot/install/turtlebot3_gazebo/share/turtlebot3_gazebo//models/turtlebot3_autorace/traffic_light_green/model.config
[6.482s] -- Up-to-date: /home/sakshi/ClutterBot/install/turtlebot3_gazebo/share/turtlebot3_gazebo//models/turtlebot3_autorace/traffic_light_green/model.sdf
[6.482s] -- Up-to-date: /home/sakshi/ClutterBot/install/turtlebot3_gazebo/share/turtlebot3_gazebo//models/turtlebot3_autorace/tunnel_wall
[6.482s] -- Up-to-date: /home/sakshi/ClutterBot/install/turtlebot3_gazebo/share/turtlebot3_gazebo//models/turtlebot3_autorace/tunnel_wall/model.config
[6.482s] -- Up-to-date: /home/sakshi/ClutterBot/install/turtlebot3_gazebo/share/turtlebot3_gazebo//models/turtlebot3_autorace/tunnel_wall/model.sdf
[6.482s] -- Up-to-date: /home/sakshi/ClutterBot/install/turtlebot3_gazebo/share/turtlebot3_gazebo//models/turtlebot3_autorace/traffic_light_yellow
[6.482s] -- Up-to-date: /home/sakshi/ClutterBot/install/turtlebot3_gazebo/share/turtlebot3_gazebo//models/turtlebot3_autorace/traffic_light_yellow/model.config
[6.482s] -- Up-to-date: /home/sakshi/ClutterBot/install/turtlebot3_gazebo/share/turtlebot3_gazebo//models/turtlebot3_autorace/traffic_light_yellow/model.sdf
[6.482s] -- Up-to-date: /home/sakshi/ClutterBot/install/turtlebot3_gazebo/share/turtlebot3_gazebo//models/turtlebot3_autorace/traffic_parking
[6.482s] -- Up-to-date: /home/sakshi/ClutterBot/install/turtlebot3_gazebo/share/turtlebot3_gazebo//models/turtlebot3_autorace/traffic_parking/model.config
[6.482s] -- Up-to-date: /home/sakshi/ClutterBot/install/turtlebot3_gazebo/share/turtlebot3_gazebo//models/turtlebot3_autorace/traffic_parking/materials
[6.482s] -- Up-to-date: /home/sakshi/ClutterBot/install/turtlebot3_gazebo/share/turtlebot3_gazebo//models/turtlebot3_autorace/traffic_parking/materials/scripts
[6.482s] -- Up-to-date: /home/sakshi/ClutterBot/install/turtlebot3_gazebo/share/turtlebot3_gazebo//models/turtlebot3_autorace/traffic_parking/materials/scripts/traffic_parking.material
[6.482s] -- Up-to-date: /home/sakshi/ClutterBot/install/turtlebot3_gazebo/share/turtlebot3_gazebo//models/turtlebot3_autorace/traffic_parking/materials/textures
[6.483s] -- Up-to-date: /home/sakshi/ClutterBot/install/turtlebot3_gazebo/share/turtlebot3_gazebo//models/turtlebot3_autorace/traffic_parking/materials/textures/traffic_parking.png
[6.483s] -- Up-to-date: /home/sakshi/ClutterBot/install/turtlebot3_gazebo/share/turtlebot3_gazebo//models/turtlebot3_autorace/traffic_parking/model.sdf
[6.483s] -- Up-to-date: /home/sakshi/ClutterBot/install/turtlebot3_gazebo/share/turtlebot3_gazebo//models/turtlebot3_autorace/traffic_bar_up
[6.483s] -- Up-to-date: /home/sakshi/ClutterBot/install/turtlebot3_gazebo/share/turtlebot3_gazebo//models/turtlebot3_autorace/traffic_bar_up/model.config
[6.483s] -- Up-to-date: /home/sakshi/ClutterBot/install/turtlebot3_gazebo/share/turtlebot3_gazebo//models/turtlebot3_autorace/traffic_bar_up/materials
[6.483s] -- Up-to-date: /home/sakshi/ClutterBot/install/turtlebot3_gazebo/share/turtlebot3_gazebo//models/turtlebot3_autorace/traffic_bar_up/materials/scripts
[6.483s] -- Up-to-date: /home/sakshi/ClutterBot/install/turtlebot3_gazebo/share/turtlebot3_gazebo//models/turtlebot3_autorace/traffic_bar_up/materials/scripts/traffic_bar.material
[6.483s] -- Up-to-date: /home/sakshi/ClutterBot/install/turtlebot3_gazebo/share/turtlebot3_gazebo//models/turtlebot3_autorace/traffic_bar_up/materials/textures
[6.483s] -- Up-to-date: /home/sakshi/ClutterBot/install/turtlebot3_gazebo/share/turtlebot3_gazebo//models/turtlebot3_autorace/traffic_bar_up/materials/textures/traffic_bar.png
[6.483s] -- Up-to-date: /home/sakshi/ClutterBot/install/turtlebot3_gazebo/share/turtlebot3_gazebo//models/turtlebot3_autorace/traffic_bar_up/model.sdf
[6.483s] -- Up-to-date: /home/sakshi/ClutterBot/install/turtlebot3_gazebo/share/turtlebot3_gazebo//models/turtlebot3_autorace/traffic_bar_down
[6.483s] -- Up-to-date: /home/sakshi/ClutterBot/install/turtlebot3_gazebo/share/turtlebot3_gazebo//models/turtlebot3_autorace/traffic_bar_down/model.config
[6.483s] -- Up-to-date: /home/sakshi/ClutterBot/install/turtlebot3_gazebo/share/turtlebot3_gazebo//models/turtlebot3_autorace/traffic_bar_down/materials
[6.483s] -- Up-to-date: /home/sakshi/ClutterBot/install/turtlebot3_gazebo/share/turtlebot3_gazebo//models/turtlebot3_autorace/traffic_bar_down/materials/scripts
[6.484s] -- Up-to-date: /home/sakshi/ClutterBot/install/turtlebot3_gazebo/share/turtlebot3_gazebo//models/turtlebot3_autorace/traffic_bar_down/materials/scripts/traffic_bar.material
[6.484s] -- Up-to-date: /home/sakshi/ClutterBot/install/turtlebot3_gazebo/share/turtlebot3_gazebo//models/turtlebot3_autorace/traffic_bar_down/materials/textures
[6.484s] -- Up-to-date: /home/sakshi/ClutterBot/install/turtlebot3_gazebo/share/turtlebot3_gazebo//models/turtlebot3_autorace/traffic_bar_down/materials/textures/traffic_bar.png
[6.484s] -- Up-to-date: /home/sakshi/ClutterBot/install/turtlebot3_gazebo/share/turtlebot3_gazebo//models/turtlebot3_autorace/traffic_bar_down/model.sdf
[6.484s] -- Up-to-date: /home/sakshi/ClutterBot/install/turtlebot3_gazebo/share/turtlebot3_gazebo//models/turtlebot3_waffle_pi
[6.484s] -- Up-to-date: /home/sakshi/ClutterBot/install/turtlebot3_gazebo/share/turtlebot3_gazebo//models/turtlebot3_waffle_pi/model.config
[6.484s] -- Up-to-date: /home/sakshi/ClutterBot/install/turtlebot3_gazebo/share/turtlebot3_gazebo//models/turtlebot3_waffle_pi/model-1_4_.sdf
[6.484s] -- Up-to-date: /home/sakshi/ClutterBot/install/turtlebot3_gazebo/share/turtlebot3_gazebo//models/turtlebot3_waffle_pi/meshes
[6.484s] -- Up-to-date: /home/sakshi/ClutterBot/install/turtlebot3_gazebo/share/turtlebot3_gazebo//models/turtlebot3_waffle_pi/meshes/tire.dae
[6.484s] -- Up-to-date: /home/sakshi/ClutterBot/install/turtlebot3_gazebo/share/turtlebot3_gazebo//models/turtlebot3_waffle_pi/meshes/lds.dae
[6.484s] -- Up-to-date: /home/sakshi/ClutterBot/install/turtlebot3_gazebo/share/turtlebot3_gazebo//models/turtlebot3_waffle_pi/meshes/waffle_pi_base.dae
[6.484s] -- Up-to-date: /home/sakshi/ClutterBot/install/turtlebot3_gazebo/share/turtlebot3_gazebo//models/turtlebot3_waffle_pi/model.sdf
[6.484s] -- Up-to-date: /home/sakshi/ClutterBot/install/turtlebot3_gazebo/share/turtlebot3_gazebo//models/turtlebot3_burger
[6.484s] -- Up-to-date: /home/sakshi/ClutterBot/install/turtlebot3_gazebo/share/turtlebot3_gazebo//models/turtlebot3_burger/model.config
[6.484s] -- Up-to-date: /home/sakshi/ClutterBot/install/turtlebot3_gazebo/share/turtlebot3_gazebo//models/turtlebot3_burger/meshes
[6.484s] -- Up-to-date: /home/sakshi/ClutterBot/install/turtlebot3_gazebo/share/turtlebot3_gazebo//models/turtlebot3_burger/meshes/tire.dae
[6.485s] -- Up-to-date: /home/sakshi/ClutterBot/install/turtlebot3_gazebo/share/turtlebot3_gazebo//models/turtlebot3_burger/meshes/burger_base.dae
[6.485s] -- Up-to-date: /home/sakshi/ClutterBot/install/turtlebot3_gazebo/share/turtlebot3_gazebo//models/turtlebot3_burger/meshes/lds.dae
[6.485s] -- Up-to-date: /home/sakshi/ClutterBot/install/turtlebot3_gazebo/share/turtlebot3_gazebo//models/turtlebot3_burger/model-1_4.sdf
[6.485s] -- Up-to-date: /home/sakshi/ClutterBot/install/turtlebot3_gazebo/share/turtlebot3_gazebo//models/turtlebot3_burger/model.sdf
[6.485s] -- Up-to-date: /home/sakshi/ClutterBot/install/turtlebot3_gazebo/share/turtlebot3_gazebo//models/turtlebot3_waffle
[6.485s] -- Up-to-date: /home/sakshi/ClutterBot/install/turtlebot3_gazebo/share/turtlebot3_gazebo//models/turtlebot3_waffle/model.config
[6.485s] -- Up-to-date: /home/sakshi/ClutterBot/install/turtlebot3_gazebo/share/turtlebot3_gazebo//models/turtlebot3_waffle/meshes
[6.485s] -- Up-to-date: /home/sakshi/ClutterBot/install/turtlebot3_gazebo/share/turtlebot3_gazebo//models/turtlebot3_waffle/meshes/waffle_base.dae
[6.485s] -- Up-to-date: /home/sakshi/ClutterBot/install/turtlebot3_gazebo/share/turtlebot3_gazebo//models/turtlebot3_waffle/meshes/tire.dae
[6.485s] -- Up-to-date: /home/sakshi/ClutterBot/install/turtlebot3_gazebo/share/turtlebot3_gazebo//models/turtlebot3_waffle/meshes/r200.dae
[6.485s] -- Up-to-date: /home/sakshi/ClutterBot/install/turtlebot3_gazebo/share/turtlebot3_gazebo//models/turtlebot3_waffle/meshes/lds.dae
[6.485s] -- Up-to-date: /home/sakshi/ClutterBot/install/turtlebot3_gazebo/share/turtlebot3_gazebo//models/turtlebot3_waffle/model-1_4.sdf
[6.485s] -- Up-to-date: /home/sakshi/ClutterBot/install/turtlebot3_gazebo/share/turtlebot3_gazebo//models/turtlebot3_waffle/model.sdf
[6.485s] -- Up-to-date: /home/sakshi/ClutterBot/install/turtlebot3_gazebo/share/turtlebot3_gazebo//models/turtlebot3_dqn_world
[6.485s] -- Up-to-date: /home/sakshi/ClutterBot/install/turtlebot3_gazebo/share/turtlebot3_gazebo//models/turtlebot3_dqn_world/obstacle1
[6.485s] -- Up-to-date: /home/sakshi/ClutterBot/install/turtlebot3_gazebo/share/turtlebot3_gazebo//models/turtlebot3_dqn_world/obstacle1/model.config
[6.486s] -- Up-to-date: /home/sakshi/ClutterBot/install/turtlebot3_gazebo/share/turtlebot3_gazebo//models/turtlebot3_dqn_world/obstacle1/model.sdf
[6.486s] -- Up-to-date: /home/sakshi/ClutterBot/install/turtlebot3_gazebo/share/turtlebot3_gazebo//models/turtlebot3_dqn_world/model.config
[6.486s] -- Up-to-date: /home/sakshi/ClutterBot/install/turtlebot3_gazebo/share/turtlebot3_gazebo//models/turtlebot3_dqn_world/obstacle_plugin
[6.486s] -- Up-to-date: /home/sakshi/ClutterBot/install/turtlebot3_gazebo/share/turtlebot3_gazebo//models/turtlebot3_dqn_world/obstacle_plugin/obstacles.cc
[6.486s] -- Up-to-date: /home/sakshi/ClutterBot/install/turtlebot3_gazebo/share/turtlebot3_gazebo//models/turtlebot3_dqn_world/obstacle_plugin/obstacle1.cc
[6.486s] -- Up-to-date: /home/sakshi/ClutterBot/install/turtlebot3_gazebo/share/turtlebot3_gazebo//models/turtlebot3_dqn_world/obstacle_plugin/CMakeLists.txt
[6.486s] -- Up-to-date: /home/sakshi/ClutterBot/install/turtlebot3_gazebo/share/turtlebot3_gazebo//models/turtlebot3_dqn_world/obstacle_plugin/obstacle2.cc
[6.486s] -- Up-to-date: /home/sakshi/ClutterBot/install/turtlebot3_gazebo/share/turtlebot3_gazebo//models/turtlebot3_dqn_world/inner_walls
[6.486s] -- Up-to-date: /home/sakshi/ClutterBot/install/turtlebot3_gazebo/share/turtlebot3_gazebo//models/turtlebot3_dqn_world/inner_walls/model.config
[6.486s] -- Up-to-date: /home/sakshi/ClutterBot/install/turtlebot3_gazebo/share/turtlebot3_gazebo//models/turtlebot3_dqn_world/inner_walls/model.sdf
[6.486s] -- Up-to-date: /home/sakshi/ClutterBot/install/turtlebot3_gazebo/share/turtlebot3_gazebo//models/turtlebot3_dqn_world/obstacles
[6.486s] -- Up-to-date: /home/sakshi/ClutterBot/install/turtlebot3_gazebo/share/turtlebot3_gazebo//models/turtlebot3_dqn_world/obstacles/model.config
[6.486s] -- Up-to-date: /home/sakshi/ClutterBot/install/turtlebot3_gazebo/share/turtlebot3_gazebo//models/turtlebot3_dqn_world/obstacles/model.sdf
[6.486s] -- Up-to-date: /home/sakshi/ClutterBot/install/turtlebot3_gazebo/share/turtlebot3_gazebo//models/turtlebot3_dqn_world/goal_box
[6.486s] -- Up-to-date: /home/sakshi/ClutterBot/install/turtlebot3_gazebo/share/turtlebot3_gazebo//models/turtlebot3_dqn_world/goal_box/model.config
[6.486s] -- Up-to-date: /home/sakshi/ClutterBot/install/turtlebot3_gazebo/share/turtlebot3_gazebo//models/turtlebot3_dqn_world/goal_box/model.sdf
[6.486s] -- Up-to-date: /home/sakshi/ClutterBot/install/turtlebot3_gazebo/share/turtlebot3_gazebo//models/turtlebot3_dqn_world/model.sdf
[6.487s] -- Up-to-date: /home/sakshi/ClutterBot/install/turtlebot3_gazebo/share/turtlebot3_gazebo//models/turtlebot3_dqn_world/obstacle2
[6.487s] -- Up-to-date: /home/sakshi/ClutterBot/install/turtlebot3_gazebo/share/turtlebot3_gazebo//models/turtlebot3_dqn_world/obstacle2/model.config
[6.487s] -- Up-to-date: /home/sakshi/ClutterBot/install/turtlebot3_gazebo/share/turtlebot3_gazebo//models/turtlebot3_dqn_world/obstacle2/model.sdf
[6.487s] -- Up-to-date: /home/sakshi/ClutterBot/install/turtlebot3_gazebo/share/turtlebot3_gazebo//models/turtlebot3_world
[6.487s] -- Up-to-date: /home/sakshi/ClutterBot/install/turtlebot3_gazebo/share/turtlebot3_gazebo//models/turtlebot3_world/model.config
[6.487s] -- Up-to-date: /home/sakshi/ClutterBot/install/turtlebot3_gazebo/share/turtlebot3_gazebo//models/turtlebot3_world/meshes
[6.487s] -- Up-to-date: /home/sakshi/ClutterBot/install/turtlebot3_gazebo/share/turtlebot3_gazebo//models/turtlebot3_world/meshes/hexagon.dae
[6.487s] -- Up-to-date: /home/sakshi/ClutterBot/install/turtlebot3_gazebo/share/turtlebot3_gazebo//models/turtlebot3_world/meshes/wall.dae
[6.487s] -- Up-to-date: /home/sakshi/ClutterBot/install/turtlebot3_gazebo/share/turtlebot3_gazebo//models/turtlebot3_world/model-1_4.sdf
[6.487s] -- Up-to-date: /home/sakshi/ClutterBot/install/turtlebot3_gazebo/share/turtlebot3_gazebo//models/turtlebot3_world/model.sdf
[6.487s] -- Up-to-date: /home/sakshi/ClutterBot/install/turtlebot3_gazebo/share/turtlebot3_gazebo//rviz
[6.487s] -- Up-to-date: /home/sakshi/ClutterBot/install/turtlebot3_gazebo/share/turtlebot3_gazebo//rviz/tb3_gazebo.rviz
[6.487s] -- Up-to-date: /home/sakshi/ClutterBot/install/turtlebot3_gazebo/share/turtlebot3_gazebo//worlds
[6.487s] -- Up-to-date: /home/sakshi/ClutterBot/install/turtlebot3_gazebo/share/turtlebot3_gazebo//worlds/turtlebot3_dqn_stage2
[6.487s] -- Up-to-date: /home/sakshi/ClutterBot/install/turtlebot3_gazebo/share/turtlebot3_gazebo//worlds/turtlebot3_dqn_stage2/waffle_pi.model
[6.487s] -- Up-to-date: /home/sakshi/ClutterBot/install/turtlebot3_gazebo/share/turtlebot3_gazebo//worlds/turtlebot3_dqn_stage2/burger.model
[6.487s] -- Up-to-date: /home/sakshi/ClutterBot/install/turtlebot3_gazebo/share/turtlebot3_gazebo//worlds/turtlebot3_dqn_stage2/waffle.model
[6.488s] -- Up-to-date: /home/sakshi/ClutterBot/install/turtlebot3_gazebo/share/turtlebot3_gazebo//worlds/turtlebot3_houses
[6.488s] -- Up-to-date: /home/sakshi/ClutterBot/install/turtlebot3_gazebo/share/turtlebot3_gazebo//worlds/turtlebot3_houses/waffle_pi.model
[6.488s] -- Up-to-date: /home/sakshi/ClutterBot/install/turtlebot3_gazebo/share/turtlebot3_gazebo//worlds/turtlebot3_houses/burger.model
[6.488s] -- Up-to-date: /home/sakshi/ClutterBot/install/turtlebot3_gazebo/share/turtlebot3_gazebo//worlds/turtlebot3_houses/waffle.model
[6.488s] -- Up-to-date: /home/sakshi/ClutterBot/install/turtlebot3_gazebo/share/turtlebot3_gazebo//worlds/turtlebot3_dqn_stage3
[6.488s] -- Up-to-date: /home/sakshi/ClutterBot/install/turtlebot3_gazebo/share/turtlebot3_gazebo//worlds/turtlebot3_dqn_stage3/waffle_pi.model
[6.488s] -- Up-to-date: /home/sakshi/ClutterBot/install/turtlebot3_gazebo/share/turtlebot3_gazebo//worlds/turtlebot3_dqn_stage3/burger.model
[6.488s] -- Up-to-date: /home/sakshi/ClutterBot/install/turtlebot3_gazebo/share/turtlebot3_gazebo//worlds/turtlebot3_dqn_stage3/waffle.model
[6.488s] -- Up-to-date: /home/sakshi/ClutterBot/install/turtlebot3_gazebo/share/turtlebot3_gazebo//worlds/turtlebot3_dqn_stage4
[6.488s] -- Up-to-date: /home/sakshi/ClutterBot/install/turtlebot3_gazebo/share/turtlebot3_gazebo//worlds/turtlebot3_dqn_stage4/waffle_pi.model
[6.488s] -- Up-to-date: /home/sakshi/ClutterBot/install/turtlebot3_gazebo/share/turtlebot3_gazebo//worlds/turtlebot3_dqn_stage4/burger.model
[6.488s] -- Up-to-date: /home/sakshi/ClutterBot/install/turtlebot3_gazebo/share/turtlebot3_gazebo//worlds/turtlebot3_dqn_stage4/waffle.model
[6.488s] -- Up-to-date: /home/sakshi/ClutterBot/install/turtlebot3_gazebo/share/turtlebot3_gazebo//worlds/turtlebot3_worlds
[6.488s] -- Up-to-date: /home/sakshi/ClutterBot/install/turtlebot3_gazebo/share/turtlebot3_gazebo//worlds/turtlebot3_worlds/waffle_pi.model
[6.488s] -- Up-to-date: /home/sakshi/ClutterBot/install/turtlebot3_gazebo/share/turtlebot3_gazebo//worlds/turtlebot3_worlds/burger.model
[6.488s] -- Up-to-date: /home/sakshi/ClutterBot/install/turtlebot3_gazebo/share/turtlebot3_gazebo//worlds/turtlebot3_worlds/waffle.model
[6.488s] -- Up-to-date: /home/sakshi/ClutterBot/install/turtlebot3_gazebo/share/turtlebot3_gazebo//worlds/empty_worlds
[6.489s] -- Up-to-date: /home/sakshi/ClutterBot/install/turtlebot3_gazebo/share/turtlebot3_gazebo//worlds/empty_worlds/waffle_pi.model
[6.489s] -- Up-to-date: /home/sakshi/ClutterBot/install/turtlebot3_gazebo/share/turtlebot3_gazebo//worlds/empty_worlds/burger.model
[6.489s] -- Up-to-date: /home/sakshi/ClutterBot/install/turtlebot3_gazebo/share/turtlebot3_gazebo//worlds/empty_worlds/waffle.model
[6.489s] -- Up-to-date: /home/sakshi/ClutterBot/install/turtlebot3_gazebo/share/turtlebot3_gazebo//worlds/turtlebot3_dqn_stage1
[6.489s] -- Up-to-date: /home/sakshi/ClutterBot/install/turtlebot3_gazebo/share/turtlebot3_gazebo//worlds/turtlebot3_dqn_stage1/waffle_pi.model
[6.489s] -- Up-to-date: /home/sakshi/ClutterBot/install/turtlebot3_gazebo/share/turtlebot3_gazebo//worlds/turtlebot3_dqn_stage1/burger.model
[6.489s] -- Up-to-date: /home/sakshi/ClutterBot/install/turtlebot3_gazebo/share/turtlebot3_gazebo//worlds/turtlebot3_dqn_stage1/waffle.model
[6.489s] -- Up-to-date: /home/sakshi/ClutterBot/install/turtlebot3_gazebo/share/turtlebot3_gazebo//worlds/turtlebot3_autoraces
[6.489s] -- Up-to-date: /home/sakshi/ClutterBot/install/turtlebot3_gazebo/share/turtlebot3_gazebo//worlds/turtlebot3_autoraces/waffle_pi.model
[6.489s] -- Up-to-date: /home/sakshi/ClutterBot/install/turtlebot3_gazebo/share/turtlebot3_gazebo//worlds/turtlebot3_autoraces/burger.model
[6.489s] -- Up-to-date: /home/sakshi/ClutterBot/install/turtlebot3_gazebo/share/turtlebot3_gazebo//worlds/turtlebot3_autoraces/waffle.model
[6.489s] -- Up-to-date: /home/sakshi/ClutterBot/install/turtlebot3_gazebo/include/
[6.489s] -- Up-to-date: /home/sakshi/ClutterBot/install/turtlebot3_gazebo/include//turtlebot3_gazebo
[6.489s] -- Up-to-date: /home/sakshi/ClutterBot/install/turtlebot3_gazebo/include//turtlebot3_gazebo/turtlebot3_drive.hpp
[6.489s] -- Up-to-date: /home/sakshi/ClutterBot/install/turtlebot3_gazebo/share/ament_index/resource_index/package_run_dependencies/turtlebot3_gazebo
[6.489s] -- Up-to-date: /home/sakshi/ClutterBot/install/turtlebot3_gazebo/share/ament_index/resource_index/parent_prefix_path/turtlebot3_gazebo
[6.489s] -- Up-to-date: /home/sakshi/ClutterBot/install/turtlebot3_gazebo/share/turtlebot3_gazebo/environment/ament_prefix_path.sh
[6.490s] -- Up-to-date: /home/sakshi/ClutterBot/install/turtlebot3_gazebo/share/turtlebot3_gazebo/environment/ament_prefix_path.dsv
[6.490s] -- Up-to-date: /home/sakshi/ClutterBot/install/turtlebot3_gazebo/share/turtlebot3_gazebo/environment/path.sh
[6.490s] -- Up-to-date: /home/sakshi/ClutterBot/install/turtlebot3_gazebo/share/turtlebot3_gazebo/environment/path.dsv
[6.490s] -- Up-to-date: /home/sakshi/ClutterBot/install/turtlebot3_gazebo/share/turtlebot3_gazebo/local_setup.bash
[6.490s] -- Up-to-date: /home/sakshi/ClutterBot/install/turtlebot3_gazebo/share/turtlebot3_gazebo/local_setup.sh
[6.490s] -- Up-to-date: /home/sakshi/ClutterBot/install/turtlebot3_gazebo/share/turtlebot3_gazebo/local_setup.zsh
[6.490s] -- Up-to-date: /home/sakshi/ClutterBot/install/turtlebot3_gazebo/share/turtlebot3_gazebo/local_setup.dsv
[6.490s] -- Installing: /home/sakshi/ClutterBot/install/turtlebot3_gazebo/share/turtlebot3_gazebo/package.dsv
[6.528s] -- Up-to-date: /home/sakshi/ClutterBot/install/turtlebot3_gazebo/share/ament_index/resource_index/packages/turtlebot3_gazebo
[6.528s] -- Up-to-date: /home/sakshi/ClutterBot/install/turtlebot3_gazebo/share/turtlebot3_gazebo/cmake/ament_cmake_export_include_directories-extras.cmake
[6.528s] -- Up-to-date: /home/sakshi/ClutterBot/install/turtlebot3_gazebo/share/turtlebot3_gazebo/cmake/ament_cmake_export_dependencies-extras.cmake
[6.528s] -- Up-to-date: /home/sakshi/ClutterBot/install/turtlebot3_gazebo/share/turtlebot3_gazebo/cmake/turtlebot3_gazeboConfig.cmake
[6.529s] -- Up-to-date: /home/sakshi/ClutterBot/install/turtlebot3_gazebo/share/turtlebot3_gazebo/cmake/turtlebot3_gazeboConfig-version.cmake
[6.529s] -- Up-to-date: /home/sakshi/ClutterBot/install/turtlebot3_gazebo/share/turtlebot3_gazebo/package.xml
[6.533s] Invoked command in '/home/sakshi/ClutterBot/build/turtlebot3_gazebo' returned '0': CMAKE_PREFIX_PATH=/home/sakshi/ClutterBot/install/turtlebot3_description:/home/sakshi/ClutterBot/install/turtlebot3:/home/sakshi/ClutterBot/install/turtlebot3_simulations:/home/sakshi/ClutterBot/install/turtlebot3_bringup:/home/sakshi/ClutterBot/install/turtlebot3_node:/home/sakshi/ClutterBot/install/turtlebot3_navigation2:/home/sakshi/ClutterBot/install/turtlebot3_fake_node:/home/sakshi/ClutterBot/install/turtlebot3_msgs:/home/sakshi/ClutterBot/install/turtlebot3_gazebo:/home/sakshi/ClutterBot/install/turtlebot3_cartographer:/home/sakshi/ClutterBot/install/task:/home/sakshi/ClutterBot/install/hls_lfcd_lds_driver:/home/sakshi/ClutterBot/install/dynamixel_sdk_examples:/home/sakshi/ClutterBot/install/dynamixel_sdk_custom_interfaces:/home/sakshi/ClutterBot/install/dynamixel_sdk:/home/sakshi/ClutterBot/install/turtlebot3_teleop:/home/sakshi/ClutterBot/install/turtlebot3_example:/opt/ros/foxy /usr/bin/cmake --install /home/sakshi/ClutterBot/build/turtlebot3_gazebo
