[0.086s] Invoking command in '/home/sakshi/ClutterBot/build/task': CMAKE_PREFIX_PATH=${CMAKE_PREFIX_PATH}:/home/sakshi/ClutterBot/install/turtlebot3_teleop:/home/sakshi/ClutterBot/install/turtlebot3_example:/opt/ros/foxy CONDA_PROMPT_MODIFIER=(base) /usr/bin/cmake --build /home/sakshi/ClutterBot/build/task -- -j8 -l8
[0.304s] [35m[1mScanning dependencies of target noisyodom[0m
[0.388s] [ 50%] [32mBuilding CXX object CMakeFiles/noisyodom.dir/src/noisyodom.cpp.o[0m
[0.460s] [100%] [32m[1mLinking CXX executable noisyodom[0m
[1.833s] [100%] Built target noisyodom
[1.893s] Invoked command in '/home/sakshi/ClutterBot/build/task' returned '0': CMAKE_PREFIX_PATH=${CMAKE_PREFIX_PATH}:/home/sakshi/ClutterBot/install/turtlebot3_teleop:/home/sakshi/ClutterBot/install/turtlebot3_example:/opt/ros/foxy CONDA_PROMPT_MODIFIER=(base) /usr/bin/cmake --build /home/sakshi/ClutterBot/build/task -- -j8 -l8
[2.039s] Invoking command in '/home/sakshi/ClutterBot/build/task': CMAKE_PREFIX_PATH=${CMAKE_PREFIX_PATH}:/home/sakshi/ClutterBot/install/turtlebot3_teleop:/home/sakshi/ClutterBot/install/turtlebot3_example:/opt/ros/foxy CONDA_PROMPT_MODIFIER=(base) /usr/bin/cmake --install /home/sakshi/ClutterBot/build/task
[2.078s] -- Install configuration: ""
[2.078s] -- Installing: /home/sakshi/ClutterBot/install/task/lib/task/noisyodom
[2.083s] -- Set runtime path of "/home/sakshi/ClutterBot/install/task/lib/task/noisyodom" to ""
[2.083s] -- Up-to-date: /home/sakshi/ClutterBot/install/task/share/ament_index/resource_index/package_run_dependencies/task
[2.083s] -- Up-to-date: /home/sakshi/ClutterBot/install/task/share/ament_index/resource_index/parent_prefix_path/task
[2.083s] -- Up-to-date: /home/sakshi/ClutterBot/install/task/share/task/environment/ament_prefix_path.sh
[2.083s] -- Up-to-date: /home/sakshi/ClutterBot/install/task/share/task/environment/ament_prefix_path.dsv
[2.084s] -- Up-to-date: /home/sakshi/ClutterBot/install/task/share/task/environment/path.sh
[2.084s] -- Up-to-date: /home/sakshi/ClutterBot/install/task/share/task/environment/path.dsv
[2.084s] -- Up-to-date: /home/sakshi/ClutterBot/install/task/share/task/local_setup.bash
[2.084s] -- Up-to-date: /home/sakshi/ClutterBot/install/task/share/task/local_setup.sh
[2.084s] -- Up-to-date: /home/sakshi/ClutterBot/install/task/share/task/local_setup.zsh
[2.085s] -- Up-to-date: /home/sakshi/ClutterBot/install/task/share/task/local_setup.dsv
[2.085s] -- Installing: /home/sakshi/ClutterBot/install/task/share/task/package.dsv
[2.085s] -- Up-to-date: /home/sakshi/ClutterBot/install/task/share/ament_index/resource_index/packages/task
[2.085s] -- Up-to-date: /home/sakshi/ClutterBot/install/task/share/task/cmake/taskConfig.cmake
[2.085s] -- Up-to-date: /home/sakshi/ClutterBot/install/task/share/task/cmake/taskConfig-version.cmake
[2.085s] -- Up-to-date: /home/sakshi/ClutterBot/install/task/share/task/package.xml
[2.089s] Invoked command in '/home/sakshi/ClutterBot/build/task' returned '0': CMAKE_PREFIX_PATH=${CMAKE_PREFIX_PATH}:/home/sakshi/ClutterBot/install/turtlebot3_teleop:/home/sakshi/ClutterBot/install/turtlebot3_example:/opt/ros/foxy CONDA_PROMPT_MODIFIER=(base) /usr/bin/cmake --install /home/sakshi/ClutterBot/build/task
