[1.472s] Invoking command in '/home/sakshi/ClutterBot/build/turtlebot3_description': CMAKE_PREFIX_PATH=${CMAKE_PREFIX_PATH}:/home/sakshi/ClutterBot/install/turtlebot3_teleop:/home/sakshi/ClutterBot/install/turtlebot3_example:/opt/ros/foxy /usr/bin/cmake --build /home/sakshi/ClutterBot/build/turtlebot3_description -- -j8 -l8
[4.659s] Invoked command in '/home/sakshi/ClutterBot/build/turtlebot3_description' returned '0': CMAKE_PREFIX_PATH=${CMAKE_PREFIX_PATH}:/home/sakshi/ClutterBot/install/turtlebot3_teleop:/home/sakshi/ClutterBot/install/turtlebot3_example:/opt/ros/foxy /usr/bin/cmake --build /home/sakshi/ClutterBot/build/turtlebot3_description -- -j8 -l8
[4.943s] Invoking command in '/home/sakshi/ClutterBot/build/turtlebot3_description': CMAKE_PREFIX_PATH=${CMAKE_PREFIX_PATH}:/home/sakshi/ClutterBot/install/turtlebot3_teleop:/home/sakshi/ClutterBot/install/turtlebot3_example:/opt/ros/foxy /usr/bin/cmake --install /home/sakshi/ClutterBot/build/turtlebot3_description
[4.994s] -- Install configuration: ""
[4.995s] -- Up-to-date: /home/sakshi/ClutterBot/install/turtlebot3_description/share/turtlebot3_description/meshes
[5.065s] -- Up-to-date: /home/sakshi/ClutterBot/install/turtlebot3_description/share/turtlebot3_description/meshes/wheels
[5.067s] -- Up-to-date: /home/sakshi/ClutterBot/install/turtlebot3_description/share/turtlebot3_description/meshes/wheels/left_tire.stl
[5.067s] -- Up-to-date: /home/sakshi/ClutterBot/install/turtlebot3_description/share/turtlebot3_description/meshes/wheels/right_tire.stl
[5.067s] -- Up-to-date: /home/sakshi/ClutterBot/install/turtlebot3_description/share/turtlebot3_description/meshes/bases
[5.068s] -- Up-to-date: /home/sakshi/ClutterBot/install/turtlebot3_description/share/turtlebot3_description/meshes/bases/waffle_pi_base.stl
[5.068s] -- Up-to-date: /home/sakshi/ClutterBot/install/turtlebot3_description/share/turtlebot3_description/meshes/bases/burger_base.stl
[5.068s] -- Up-to-date: /home/sakshi/ClutterBot/install/turtlebot3_description/share/turtlebot3_description/meshes/bases/waffle_base.stl
[5.069s] -- Up-to-date: /home/sakshi/ClutterBot/install/turtlebot3_description/share/turtlebot3_description/meshes/sensors
[5.079s] -- Up-to-date: /home/sakshi/ClutterBot/install/turtlebot3_description/share/turtlebot3_description/meshes/sensors/astra.jpg
[5.080s] -- Up-to-date: /home/sakshi/ClutterBot/install/turtlebot3_description/share/turtlebot3_description/meshes/sensors/astra.dae
[5.081s] -- Up-to-date: /home/sakshi/ClutterBot/install/turtlebot3_description/share/turtlebot3_description/meshes/sensors/lds.stl
[5.081s] -- Up-to-date: /home/sakshi/ClutterBot/install/turtlebot3_description/share/turtlebot3_description/meshes/sensors/r200.dae
[5.082s] -- Up-to-date: /home/sakshi/ClutterBot/install/turtlebot3_description/share/turtlebot3_description/meshes/sensors/r200.jpg
[5.082s] -- Up-to-date: /home/sakshi/ClutterBot/install/turtlebot3_description/share/turtlebot3_description/rviz
[5.083s] -- Up-to-date: /home/sakshi/ClutterBot/install/turtlebot3_description/share/turtlebot3_description/rviz/model.rviz
[5.084s] -- Up-to-date: /home/sakshi/ClutterBot/install/turtlebot3_description/share/turtlebot3_description/urdf
[5.084s] -- Up-to-date: /home/sakshi/ClutterBot/install/turtlebot3_description/share/turtlebot3_description/urdf/turtlebot3_burger.urdf
[5.964s] -- Up-to-date: /home/sakshi/ClutterBot/install/turtlebot3_description/share/turtlebot3_description/urdf/turtlebot3_waffle.urdf
[5.965s] -- Up-to-date: /home/sakshi/ClutterBot/install/turtlebot3_description/share/turtlebot3_description/urdf/common_properties.urdf
[5.965s] -- Up-to-date: /home/sakshi/ClutterBot/install/turtlebot3_description/share/turtlebot3_description/urdf/turtlebot3_waffle_pi.urdf
[5.966s] -- Up-to-date: /home/sakshi/ClutterBot/install/turtlebot3_description/share/ament_index/resource_index/package_run_dependencies/turtlebot3_description
[5.966s] -- Up-to-date: /home/sakshi/ClutterBot/install/turtlebot3_description/share/ament_index/resource_index/parent_prefix_path/turtlebot3_description
[5.967s] -- Up-to-date: /home/sakshi/ClutterBot/install/turtlebot3_description/share/turtlebot3_description/environment/ament_prefix_path.sh
[5.967s] -- Up-to-date: /home/sakshi/ClutterBot/install/turtlebot3_description/share/turtlebot3_description/environment/ament_prefix_path.dsv
[5.968s] -- Up-to-date: /home/sakshi/ClutterBot/install/turtlebot3_description/share/turtlebot3_description/environment/path.sh
[5.968s] -- Up-to-date: /home/sakshi/ClutterBot/install/turtlebot3_description/share/turtlebot3_description/environment/path.dsv
[5.968s] -- Up-to-date: /home/sakshi/ClutterBot/install/turtlebot3_description/share/turtlebot3_description/local_setup.bash
[5.969s] -- Up-to-date: /home/sakshi/ClutterBot/install/turtlebot3_description/share/turtlebot3_description/local_setup.sh
[5.969s] -- Up-to-date: /home/sakshi/ClutterBot/install/turtlebot3_description/share/turtlebot3_description/local_setup.zsh
[5.969s] -- Up-to-date: /home/sakshi/ClutterBot/install/turtlebot3_description/share/turtlebot3_description/local_setup.dsv
[5.969s] -- Installing: /home/sakshi/ClutterBot/install/turtlebot3_description/share/turtlebot3_description/package.dsv
[6.707s] -- Up-to-date: /home/sakshi/ClutterBot/install/turtlebot3_description/share/ament_index/resource_index/packages/turtlebot3_description
[6.708s] -- Up-to-date: /home/sakshi/ClutterBot/install/turtlebot3_description/share/turtlebot3_description/cmake/turtlebot3_descriptionConfig.cmake
[6.709s] -- Up-to-date: /home/sakshi/ClutterBot/install/turtlebot3_description/share/turtlebot3_description/cmake/turtlebot3_descriptionConfig-version.cmake
[6.710s] -- Up-to-date: /home/sakshi/ClutterBot/install/turtlebot3_description/share/turtlebot3_description/package.xml
[7.253s] Invoked command in '/home/sakshi/ClutterBot/build/turtlebot3_description' returned '0': CMAKE_PREFIX_PATH=${CMAKE_PREFIX_PATH}:/home/sakshi/ClutterBot/install/turtlebot3_teleop:/home/sakshi/ClutterBot/install/turtlebot3_example:/opt/ros/foxy /usr/bin/cmake --install /home/sakshi/ClutterBot/build/turtlebot3_description
