[0.202s] Invoking command in '/home/sakshi/ClutterBot/src/build/dynamixel_sdk': CMAKE_PREFIX_PATH=${CMAKE_PREFIX_PATH}:/home/sakshi/ClutterBot/install/turtlebot3_teleop:/home/sakshi/ClutterBot/install/turtlebot3_example:/opt/ros/foxy /usr/bin/cmake /home/sakshi/ClutterBot/src/utils/DynamixelSDK/dynamixel_sdk -DCMAKE_INSTALL_PREFIX=/home/sakshi/ClutterBot/src/install/dynamixel_sdk
[3.312s] -- The C compiler identification is GNU 9.4.0
[6.523s] -- The CXX compiler identification is GNU 9.4.0
[6.681s] -- Check for working C compiler: /usr/lib/ccache/cc
[7.084s] -- Check for working C compiler: /usr/lib/ccache/cc -- works
[7.085s] -- Detecting C compiler ABI info
[7.517s] -- Detecting C compiler ABI info - done
[7.544s] -- Detecting C compile features
[7.592s] -- Detecting C compile features - done
[7.598s] -- Check for working CXX compiler: /usr/lib/ccache/c++
[7.926s] -- Check for working CXX compiler: /usr/lib/ccache/c++ -- works
[7.928s] -- Detecting CXX compiler ABI info
[8.121s] -- Detecting CXX compiler ABI info - done
[8.142s] -- Detecting CXX compile features
[8.144s] -- Detecting CXX compile features - done
[8.149s] -- Found ament_cmake: 0.9.12 (/opt/ros/foxy/share/ament_cmake/cmake)
[8.259s] -- Found PythonInterp: /usr/bin/python3 (found suitable version "3.8.10", minimum required is "3") 
[8.259s] -- Using PYTHON_EXECUTABLE: /usr/bin/python3
[9.280s] -- Configuring done
[9.295s] -- Generating done
[9.296s] -- Build files have been written to: /home/sakshi/ClutterBot/src/build/dynamixel_sdk
[9.313s] Invoked command in '/home/sakshi/ClutterBot/src/build/dynamixel_sdk' returned '0': CMAKE_PREFIX_PATH=${CMAKE_PREFIX_PATH}:/home/sakshi/ClutterBot/install/turtlebot3_teleop:/home/sakshi/ClutterBot/install/turtlebot3_example:/opt/ros/foxy /usr/bin/cmake /home/sakshi/ClutterBot/src/utils/DynamixelSDK/dynamixel_sdk -DCMAKE_INSTALL_PREFIX=/home/sakshi/ClutterBot/src/install/dynamixel_sdk
[9.322s] Invoking command in '/home/sakshi/ClutterBot/src/build/dynamixel_sdk': CMAKE_PREFIX_PATH=${CMAKE_PREFIX_PATH}:/home/sakshi/ClutterBot/install/turtlebot3_teleop:/home/sakshi/ClutterBot/install/turtlebot3_example:/opt/ros/foxy /usr/bin/cmake --build /home/sakshi/ClutterBot/src/build/dynamixel_sdk -- -j8 -l8
[9.408s] [35m[1mScanning dependencies of target dynamixel_sdk[0m
[9.637s] [ 10%] [32mBuilding CXX object CMakeFiles/dynamixel_sdk.dir/src/dynamixel_sdk/protocol1_packet_handler.cpp.o[0m
[9.638s] [ 20%] [32mBuilding CXX object CMakeFiles/dynamixel_sdk.dir/src/dynamixel_sdk/group_sync_write.cpp.o[0m
[9.638s] [ 40%] [32mBuilding CXX object CMakeFiles/dynamixel_sdk.dir/src/dynamixel_sdk/group_sync_read.cpp.o[0m
[9.639s] [ 40%] [32mBuilding CXX object CMakeFiles/dynamixel_sdk.dir/src/dynamixel_sdk/packet_handler.cpp.o[0m
[9.639s] [ 50%] [32mBuilding CXX object CMakeFiles/dynamixel_sdk.dir/src/dynamixel_sdk/protocol2_packet_handler.cpp.o[0m
[9.650s] [ 60%] [32mBuilding CXX object CMakeFiles/dynamixel_sdk.dir/src/dynamixel_sdk/group_bulk_read.cpp.o[0m
[9.653s] [ 70%] [32mBuilding CXX object CMakeFiles/dynamixel_sdk.dir/src/dynamixel_sdk/group_bulk_write.cpp.o[0m
[9.656s] [ 80%] [32mBuilding CXX object CMakeFiles/dynamixel_sdk.dir/src/dynamixel_sdk/port_handler.cpp.o[0m
[10.433s] [ 90%] [32mBuilding CXX object CMakeFiles/dynamixel_sdk.dir/src/dynamixel_sdk/port_handler_linux.cpp.o[0m
[13.337s] [100%] [32m[1mLinking CXX shared library libdynamixel_sdk.so[0m
[13.524s] [100%] Built target dynamixel_sdk
[13.539s] Invoked command in '/home/sakshi/ClutterBot/src/build/dynamixel_sdk' returned '0': CMAKE_PREFIX_PATH=${CMAKE_PREFIX_PATH}:/home/sakshi/ClutterBot/install/turtlebot3_teleop:/home/sakshi/ClutterBot/install/turtlebot3_example:/opt/ros/foxy /usr/bin/cmake --build /home/sakshi/ClutterBot/src/build/dynamixel_sdk -- -j8 -l8
[13.646s] Invoking command in '/home/sakshi/ClutterBot/src/build/dynamixel_sdk': CMAKE_PREFIX_PATH=${CMAKE_PREFIX_PATH}:/home/sakshi/ClutterBot/install/turtlebot3_teleop:/home/sakshi/ClutterBot/install/turtlebot3_example:/opt/ros/foxy /usr/bin/cmake --install /home/sakshi/ClutterBot/src/build/dynamixel_sdk
[13.660s] -- Install configuration: ""
[13.660s] -- Installing: /home/sakshi/ClutterBot/src/install/dynamixel_sdk/include/
[13.660s] -- Installing: /home/sakshi/ClutterBot/src/install/dynamixel_sdk/include//dynamixel_sdk
[13.661s] -- Installing: /home/sakshi/ClutterBot/src/install/dynamixel_sdk/include//dynamixel_sdk/port_handler_mac.h
[13.661s] -- Installing: /home/sakshi/ClutterBot/src/install/dynamixel_sdk/include//dynamixel_sdk/port_handler.h
[13.661s] -- Installing: /home/sakshi/ClutterBot/src/install/dynamixel_sdk/include//dynamixel_sdk/port_handler_windows.h
[13.661s] -- Installing: /home/sakshi/ClutterBot/src/install/dynamixel_sdk/include//dynamixel_sdk/group_sync_write.h
[13.661s] -- Installing: /home/sakshi/ClutterBot/src/install/dynamixel_sdk/include//dynamixel_sdk/port_handler_linux.h
[13.661s] -- Installing: /home/sakshi/ClutterBot/src/install/dynamixel_sdk/include//dynamixel_sdk/dynamixel_sdk.h
[13.671s] -- Installing: /home/sakshi/ClutterBot/src/install/dynamixel_sdk/include//dynamixel_sdk/protocol2_packet_handler.h
[13.671s] -- Installing: /home/sakshi/ClutterBot/src/install/dynamixel_sdk/include//dynamixel_sdk/protocol1_packet_handler.h
[13.671s] -- Installing: /home/sakshi/ClutterBot/src/install/dynamixel_sdk/include//dynamixel_sdk/group_sync_read.h
[13.671s] -- Installing: /home/sakshi/ClutterBot/src/install/dynamixel_sdk/include//dynamixel_sdk/packet_handler.h
[13.671s] -- Installing: /home/sakshi/ClutterBot/src/install/dynamixel_sdk/include//dynamixel_sdk/port_handler_arduino.h
[13.672s] -- Installing: /home/sakshi/ClutterBot/src/install/dynamixel_sdk/include//dynamixel_sdk/group_bulk_read.h
[13.672s] -- Installing: /home/sakshi/ClutterBot/src/install/dynamixel_sdk/include//dynamixel_sdk/group_bulk_write.h
[13.672s] -- Installing: /home/sakshi/ClutterBot/src/install/dynamixel_sdk/lib/libdynamixel_sdk.so
[13.672s] -- Installing: /home/sakshi/ClutterBot/src/install/dynamixel_sdk/share/dynamixel_sdk/environment/library_path.sh
[13.672s] -- Installing: /home/sakshi/ClutterBot/src/install/dynamixel_sdk/share/dynamixel_sdk/environment/library_path.dsv
[13.673s] -- Installing: /home/sakshi/ClutterBot/src/install/dynamixel_sdk/share/ament_index/resource_index/package_run_dependencies/dynamixel_sdk
[13.673s] -- Installing: /home/sakshi/ClutterBot/src/install/dynamixel_sdk/share/ament_index/resource_index/parent_prefix_path/dynamixel_sdk
[13.673s] -- Installing: /home/sakshi/ClutterBot/src/install/dynamixel_sdk/share/dynamixel_sdk/environment/ament_prefix_path.sh
[13.673s] -- Installing: /home/sakshi/ClutterBot/src/install/dynamixel_sdk/share/dynamixel_sdk/environment/ament_prefix_path.dsv
[13.673s] -- Installing: /home/sakshi/ClutterBot/src/install/dynamixel_sdk/share/dynamixel_sdk/environment/path.sh
[13.673s] -- Installing: /home/sakshi/ClutterBot/src/install/dynamixel_sdk/share/dynamixel_sdk/environment/path.dsv
[13.674s] -- Installing: /home/sakshi/ClutterBot/src/install/dynamixel_sdk/share/dynamixel_sdk/local_setup.bash
[13.674s] -- Installing: /home/sakshi/ClutterBot/src/install/dynamixel_sdk/share/dynamixel_sdk/local_setup.sh
[13.675s] -- Installing: /home/sakshi/ClutterBot/src/install/dynamixel_sdk/share/dynamixel_sdk/local_setup.zsh
[13.675s] -- Installing: /home/sakshi/ClutterBot/src/install/dynamixel_sdk/share/dynamixel_sdk/local_setup.dsv
[13.675s] -- Installing: /home/sakshi/ClutterBot/src/install/dynamixel_sdk/share/dynamixel_sdk/package.dsv
[13.675s] -- Installing: /home/sakshi/ClutterBot/src/install/dynamixel_sdk/share/ament_index/resource_index/packages/dynamixel_sdk
[13.675s] -- Installing: /home/sakshi/ClutterBot/src/install/dynamixel_sdk/share/dynamixel_sdk/cmake/ament_cmake_export_include_directories-extras.cmake
[13.676s] -- Installing: /home/sakshi/ClutterBot/src/install/dynamixel_sdk/share/dynamixel_sdk/cmake/ament_cmake_export_libraries-extras.cmake
[13.676s] -- Installing: /home/sakshi/ClutterBot/src/install/dynamixel_sdk/share/dynamixel_sdk/cmake/dynamixel_sdkConfig.cmake
[13.676s] -- Installing: /home/sakshi/ClutterBot/src/install/dynamixel_sdk/share/dynamixel_sdk/cmake/dynamixel_sdkConfig-version.cmake
[13.676s] -- Installing: /home/sakshi/ClutterBot/src/install/dynamixel_sdk/share/dynamixel_sdk/package.xml
[13.699s] Invoked command in '/home/sakshi/ClutterBot/src/build/dynamixel_sdk' returned '0': CMAKE_PREFIX_PATH=${CMAKE_PREFIX_PATH}:/home/sakshi/ClutterBot/install/turtlebot3_teleop:/home/sakshi/ClutterBot/install/turtlebot3_example:/opt/ros/foxy /usr/bin/cmake --install /home/sakshi/ClutterBot/src/build/dynamixel_sdk
