[0.036s] Invoking command in '/home/sakshi/ClutterBot/build/task': CMAKE_PREFIX_PATH=${CMAKE_PREFIX_PATH}:/home/sakshi/ClutterBot/install/turtlebot3_teleop:/home/sakshi/ClutterBot/install/turtlebot3_example:/opt/ros/foxy CONDA_PROMPT_MODIFIER=(base) /usr/bin/cmake --build /home/sakshi/ClutterBot/build/task -- -j8 -l8
[0.123s] [35m[1mScanning dependencies of target noisyodom[0m
[0.182s] [ 50%] [32mBuilding CXX object CMakeFiles/noisyodom.dir/src/noisyodom.cpp.o[0m
[0.220s] [100%] [32m[1mLinking CXX executable noisyodom[0m
[1.020s] [100%] Built target noisyodom
[1.111s] Invoked command in '/home/sakshi/ClutterBot/build/task' returned '0': CMAKE_PREFIX_PATH=${CMAKE_PREFIX_PATH}:/home/sakshi/ClutterBot/install/turtlebot3_teleop:/home/sakshi/ClutterBot/install/turtlebot3_example:/opt/ros/foxy CONDA_PROMPT_MODIFIER=(base) /usr/bin/cmake --build /home/sakshi/ClutterBot/build/task -- -j8 -l8
[1.166s] Invoking command in '/home/sakshi/ClutterBot/build/task': CMAKE_PREFIX_PATH=${CMAKE_PREFIX_PATH}:/home/sakshi/ClutterBot/install/turtlebot3_teleop:/home/sakshi/ClutterBot/install/turtlebot3_example:/opt/ros/foxy CONDA_PROMPT_MODIFIER=(base) /usr/bin/cmake --install /home/sakshi/ClutterBot/build/task
[1.180s] -- Install configuration: ""
[1.181s] -- Installing: /home/sakshi/ClutterBot/install/task/lib/task/noisyodom
[1.186s] -- Set runtime path of "/home/sakshi/ClutterBot/install/task/lib/task/noisyodom" to ""
[1.186s] -- Up-to-date: /home/sakshi/ClutterBot/install/task/share/ament_index/resource_index/package_run_dependencies/task
[1.186s] -- Up-to-date: /home/sakshi/ClutterBot/install/task/share/ament_index/resource_index/parent_prefix_path/task
[1.186s] -- Up-to-date: /home/sakshi/ClutterBot/install/task/share/task/environment/ament_prefix_path.sh
[1.186s] -- Up-to-date: /home/sakshi/ClutterBot/install/task/share/task/environment/ament_prefix_path.dsv
[1.187s] -- Up-to-date: /home/sakshi/ClutterBot/install/task/share/task/environment/path.sh
[1.187s] -- Up-to-date: /home/sakshi/ClutterBot/install/task/share/task/environment/path.dsv
[1.187s] -- Up-to-date: /home/sakshi/ClutterBot/install/task/share/task/local_setup.bash
[1.187s] -- Up-to-date: /home/sakshi/ClutterBot/install/task/share/task/local_setup.sh
[1.187s] -- Up-to-date: /home/sakshi/ClutterBot/install/task/share/task/local_setup.zsh
[1.187s] -- Up-to-date: /home/sakshi/ClutterBot/install/task/share/task/local_setup.dsv
[1.187s] -- Installing: /home/sakshi/ClutterBot/install/task/share/task/package.dsv
[1.188s] -- Up-to-date: /home/sakshi/ClutterBot/install/task/share/ament_index/resource_index/packages/task
[1.188s] -- Up-to-date: /home/sakshi/ClutterBot/install/task/share/task/cmake/taskConfig.cmake
[1.188s] -- Up-to-date: /home/sakshi/ClutterBot/install/task/share/task/cmake/taskConfig-version.cmake
[1.188s] -- Up-to-date: /home/sakshi/ClutterBot/install/task/share/task/package.xml
[1.193s] Invoked command in '/home/sakshi/ClutterBot/build/task' returned '0': CMAKE_PREFIX_PATH=${CMAKE_PREFIX_PATH}:/home/sakshi/ClutterBot/install/turtlebot3_teleop:/home/sakshi/ClutterBot/install/turtlebot3_example:/opt/ros/foxy CONDA_PROMPT_MODIFIER=(base) /usr/bin/cmake --install /home/sakshi/ClutterBot/build/task
