[1.473s] Invoking command in '/home/sakshi/ClutterBot/build/hls_lfcd_lds_driver': CMAKE_PREFIX_PATH=${CMAKE_PREFIX_PATH}:/home/sakshi/ClutterBot/install/turtlebot3_teleop:/home/sakshi/ClutterBot/install/turtlebot3_example:/opt/ros/foxy /usr/bin/cmake --build /home/sakshi/ClutterBot/build/hls_lfcd_lds_driver -- -j8 -l8
[7.379s] [100%] Built target hlds_laser_publisher
[7.421s] Invoked command in '/home/sakshi/ClutterBot/build/hls_lfcd_lds_driver' returned '0': CMAKE_PREFIX_PATH=${CMAKE_PREFIX_PATH}:/home/sakshi/ClutterBot/install/turtlebot3_teleop:/home/sakshi/ClutterBot/install/turtlebot3_example:/opt/ros/foxy /usr/bin/cmake --build /home/sakshi/ClutterBot/build/hls_lfcd_lds_driver -- -j8 -l8
[7.661s] Invoking command in '/home/sakshi/ClutterBot/build/hls_lfcd_lds_driver': CMAKE_PREFIX_PATH=${CMAKE_PREFIX_PATH}:/home/sakshi/ClutterBot/install/turtlebot3_teleop:/home/sakshi/ClutterBot/install/turtlebot3_example:/opt/ros/foxy /usr/bin/cmake --install /home/sakshi/ClutterBot/build/hls_lfcd_lds_driver
[7.711s] -- Install configuration: ""
[7.713s] -- Up-to-date: /home/sakshi/ClutterBot/install/hls_lfcd_lds_driver/share/hls_lfcd_lds_driver/launch
[7.801s] -- Up-to-date: /home/sakshi/ClutterBot/install/hls_lfcd_lds_driver/share/hls_lfcd_lds_driver/launch/hlds_laser.launch.py
[7.801s] -- Up-to-date: /home/sakshi/ClutterBot/install/hls_lfcd_lds_driver/share/hls_lfcd_lds_driver/launch/view_hlds_laser.launch.py
[7.992s] -- Up-to-date: /home/sakshi/ClutterBot/install/hls_lfcd_lds_driver/share/hls_lfcd_lds_driver/rviz
[7.993s] -- Up-to-date: /home/sakshi/ClutterBot/install/hls_lfcd_lds_driver/share/hls_lfcd_lds_driver/rviz/hlds_laser.rviz
[8.186s] -- Up-to-date: /home/sakshi/ClutterBot/install/hls_lfcd_lds_driver/lib/hls_lfcd_lds_driver/hlds_laser_publisher
[9.239s] -- Up-to-date: /home/sakshi/ClutterBot/install/hls_lfcd_lds_driver/share/ament_index/resource_index/package_run_dependencies/hls_lfcd_lds_driver
[9.240s] -- Up-to-date: /home/sakshi/ClutterBot/install/hls_lfcd_lds_driver/share/ament_index/resource_index/parent_prefix_path/hls_lfcd_lds_driver
[9.240s] -- Up-to-date: /home/sakshi/ClutterBot/install/hls_lfcd_lds_driver/share/hls_lfcd_lds_driver/environment/ament_prefix_path.sh
[9.241s] -- Up-to-date: /home/sakshi/ClutterBot/install/hls_lfcd_lds_driver/share/hls_lfcd_lds_driver/environment/ament_prefix_path.dsv
[9.241s] -- Up-to-date: /home/sakshi/ClutterBot/install/hls_lfcd_lds_driver/share/hls_lfcd_lds_driver/environment/path.sh
[9.243s] -- Up-to-date: /home/sakshi/ClutterBot/install/hls_lfcd_lds_driver/share/hls_lfcd_lds_driver/environment/path.dsv
[9.244s] -- Up-to-date: /home/sakshi/ClutterBot/install/hls_lfcd_lds_driver/share/hls_lfcd_lds_driver/local_setup.bash
[9.244s] -- Up-to-date: /home/sakshi/ClutterBot/install/hls_lfcd_lds_driver/share/hls_lfcd_lds_driver/local_setup.sh
[9.245s] -- Up-to-date: /home/sakshi/ClutterBot/install/hls_lfcd_lds_driver/share/hls_lfcd_lds_driver/local_setup.zsh
[9.245s] -- Up-to-date: /home/sakshi/ClutterBot/install/hls_lfcd_lds_driver/share/hls_lfcd_lds_driver/local_setup.dsv
[9.245s] -- Installing: /home/sakshi/ClutterBot/install/hls_lfcd_lds_driver/share/hls_lfcd_lds_driver/package.dsv
[9.246s] -- Up-to-date: /home/sakshi/ClutterBot/install/hls_lfcd_lds_driver/share/ament_index/resource_index/packages/hls_lfcd_lds_driver
[9.246s] -- Up-to-date: /home/sakshi/ClutterBot/install/hls_lfcd_lds_driver/share/hls_lfcd_lds_driver/cmake/ament_cmake_export_dependencies-extras.cmake
[9.247s] -- Up-to-date: /home/sakshi/ClutterBot/install/hls_lfcd_lds_driver/share/hls_lfcd_lds_driver/cmake/ament_cmake_export_include_directories-extras.cmake
[9.248s] -- Up-to-date: /home/sakshi/ClutterBot/install/hls_lfcd_lds_driver/share/hls_lfcd_lds_driver/cmake/hls_lfcd_lds_driverConfig.cmake
[9.257s] -- Up-to-date: /home/sakshi/ClutterBot/install/hls_lfcd_lds_driver/share/hls_lfcd_lds_driver/cmake/hls_lfcd_lds_driverConfig-version.cmake
[9.258s] -- Up-to-date: /home/sakshi/ClutterBot/install/hls_lfcd_lds_driver/share/hls_lfcd_lds_driver/package.xml
[9.258s] Invoked command in '/home/sakshi/ClutterBot/build/hls_lfcd_lds_driver' returned '0': CMAKE_PREFIX_PATH=${CMAKE_PREFIX_PATH}:/home/sakshi/ClutterBot/install/turtlebot3_teleop:/home/sakshi/ClutterBot/install/turtlebot3_example:/opt/ros/foxy /usr/bin/cmake --install /home/sakshi/ClutterBot/build/hls_lfcd_lds_driver
