[0.019s] Invoking command in '/home/sakshi/ClutterBot/build/task': CMAKE_PREFIX_PATH=${CMAKE_PREFIX_PATH}:/home/sakshi/ClutterBot/install/turtlebot3_teleop:/home/sakshi/ClutterBot/install/turtlebot3_example:/opt/ros/foxy /usr/bin/cmake --build /home/sakshi/ClutterBot/build/task -- -j8 -l8
[0.051s] -- Found ament_cmake: 0.9.12 (/opt/ros/foxy/share/ament_cmake/cmake)
[0.076s] -- Using PYTHON_EXECUTABLE: /usr/bin/python3
[0.421s] -- Found rclcpp: 2.4.3 (/opt/ros/foxy/share/rclcpp/cmake)
[0.782s] -- Using all available rosidl_typesupport_c: rosidl_typesupport_fastrtps_c;rosidl_typesupport_introspection_c
[0.838s] -- Found rosidl_adapter: 1.3.1 (/opt/ros/foxy/share/rosidl_adapter/cmake)
[1.640s] -- Found OpenSSL: /usr/lib/x86_64-linux-gnu/libcrypto.so (found version "1.1.1f")  
[1.689s] -- Found FastRTPS: /opt/ros/foxy/include  
[1.860s] -- Using all available rosidl_typesupport_cpp: rosidl_typesupport_fastrtps_cpp;rosidl_typesupport_introspection_cpp
[2.075s] -- Found rmw_implementation_cmake: 1.0.4 (/opt/ros/foxy/share/rmw_implementation_cmake/cmake)
[2.095s] -- Using RMW implementation 'rmw_fastrtps_cpp' as default
[2.136s] -- Looking for pthread.h
[2.424s] -- Looking for pthread.h - found
[2.424s] -- Performing Test CMAKE_HAVE_LIBC_PTHREAD
[2.606s] -- Performing Test CMAKE_HAVE_LIBC_PTHREAD - Failed
[2.606s] -- Looking for pthread_create in pthreads
[2.703s] -- Looking for pthread_create in pthreads - not found
[2.703s] -- Looking for pthread_create in pthread
[2.798s] -- Looking for pthread_create in pthread - found
[2.800s] -- Found Threads: TRUE  
[3.083s] -- Found rclcpp_components: 2.4.3 (/opt/ros/foxy/share/rclcpp_components/cmake)
[3.185s] -- Found ament_lint_auto: 0.9.8 (/opt/ros/foxy/share/ament_lint_auto/cmake)
[3.252s] -- Added test 'copyright' to check source files copyright and LICENSE
[3.253s] -- Added test 'cppcheck' to perform static code analysis on C / C++ code
[3.253s] -- Configured cppcheck include dirs: $<BUILD_INTERFACE:/home/sakshi/ClutterBot/src/task/include>
[3.253s] -- Configured cppcheck exclude dirs and/or files: 
[3.254s] -- Added test 'cpplint' to check C / C++ code against the Google style
[3.254s] -- Configured cpplint exclude dirs and/or files: 
[3.254s] -- Added test 'lint_cmake' to check CMake code style
[3.255s] -- Added test 'uncrustify' to check C / C++ code style
[3.255s] -- Configured uncrustify additional arguments: 
[3.255s] -- Added test 'xmllint' to check XML markup files
[3.258s] -- Configuring done
[3.261s] -- Generating done
[3.263s] -- Build files have been written to: /home/sakshi/ClutterBot/build/task
[3.298s] [ 50%] [32mBuilding CXX object CMakeFiles/noisyodom.dir/src/noisyodom.cpp.o[0m
[3.310s] [01m[K/home/sakshi/ClutterBot/src/task/src/noisyodom.cpp:1:10:[m[K [01;31m[Kfatal error: [m[Krclcpp/rclcpp.hpp: No such file or directory
[3.310s]     1 | #include [01;31m[K<rclcpp/rclcpp.hpp>[m[K
[3.310s]       |          [01;31m[K^~~~~~~~~~~~~~~~~~~[m[K
[3.310s] compilation terminated.
[3.311s] make[2]: *** [CMakeFiles/noisyodom.dir/build.make:63: CMakeFiles/noisyodom.dir/src/noisyodom.cpp.o] Error 1
[3.311s] make[1]: *** [CMakeFiles/Makefile2:78: CMakeFiles/noisyodom.dir/all] Error 2
[3.311s] make: *** [Makefile:141: all] Error 2
[3.314s] Invoked command in '/home/sakshi/ClutterBot/build/task' returned '2': CMAKE_PREFIX_PATH=${CMAKE_PREFIX_PATH}:/home/sakshi/ClutterBot/install/turtlebot3_teleop:/home/sakshi/ClutterBot/install/turtlebot3_example:/opt/ros/foxy /usr/bin/cmake --build /home/sakshi/ClutterBot/build/task -- -j8 -l8
