[0.333s] Invoking command in '/home/sakshi/ClutterBot/build/turtlebot3_description': CMAKE_PREFIX_PATH=${CMAKE_PREFIX_PATH}:/home/sakshi/ClutterBot/install/turtlebot3_teleop:/home/sakshi/ClutterBot/install/turtlebot3_example:/opt/ros/foxy CONDA_PROMPT_MODIFIER=(base) /usr/bin/cmake --build /home/sakshi/ClutterBot/build/turtlebot3_description -- -j8 -l8
[1.186s] Invoked command in '/home/sakshi/ClutterBot/build/turtlebot3_description' returned '0': CMAKE_PREFIX_PATH=${CMAKE_PREFIX_PATH}:/home/sakshi/ClutterBot/install/turtlebot3_teleop:/home/sakshi/ClutterBot/install/turtlebot3_example:/opt/ros/foxy CONDA_PROMPT_MODIFIER=(base) /usr/bin/cmake --build /home/sakshi/ClutterBot/build/turtlebot3_description -- -j8 -l8
[1.257s] Invoking command in '/home/sakshi/ClutterBot/build/turtlebot3_description': CMAKE_PREFIX_PATH=${CMAKE_PREFIX_PATH}:/home/sakshi/ClutterBot/install/turtlebot3_teleop:/home/sakshi/ClutterBot/install/turtlebot3_example:/opt/ros/foxy CONDA_PROMPT_MODIFIER=(base) /usr/bin/cmake --install /home/sakshi/ClutterBot/build/turtlebot3_description
[1.273s] -- Install configuration: ""
[1.274s] -- Up-to-date: /home/sakshi/ClutterBot/install/turtlebot3_description/share/turtlebot3_description/meshes
[1.274s] -- Up-to-date: /home/sakshi/ClutterBot/install/turtlebot3_description/share/turtlebot3_description/meshes/wheels
[1.274s] -- Up-to-date: /home/sakshi/ClutterBot/install/turtlebot3_description/share/turtlebot3_description/meshes/wheels/left_tire.stl
[1.274s] -- Up-to-date: /home/sakshi/ClutterBot/install/turtlebot3_description/share/turtlebot3_description/meshes/wheels/right_tire.stl
[1.275s] -- Up-to-date: /home/sakshi/ClutterBot/install/turtlebot3_description/share/turtlebot3_description/meshes/bases
[1.275s] -- Up-to-date: /home/sakshi/ClutterBot/install/turtlebot3_description/share/turtlebot3_description/meshes/bases/waffle_pi_base.stl
[1.275s] -- Up-to-date: /home/sakshi/ClutterBot/install/turtlebot3_description/share/turtlebot3_description/meshes/bases/burger_base.stl
[1.275s] -- Up-to-date: /home/sakshi/ClutterBot/install/turtlebot3_description/share/turtlebot3_description/meshes/bases/waffle_base.stl
[1.275s] -- Up-to-date: /home/sakshi/ClutterBot/install/turtlebot3_description/share/turtlebot3_description/meshes/sensors
[1.275s] -- Up-to-date: /home/sakshi/ClutterBot/install/turtlebot3_description/share/turtlebot3_description/meshes/sensors/astra.jpg
[1.275s] -- Up-to-date: /home/sakshi/ClutterBot/install/turtlebot3_description/share/turtlebot3_description/meshes/sensors/astra.dae
[1.275s] -- Up-to-date: /home/sakshi/ClutterBot/install/turtlebot3_description/share/turtlebot3_description/meshes/sensors/lds.stl
[1.276s] -- Up-to-date: /home/sakshi/ClutterBot/install/turtlebot3_description/share/turtlebot3_description/meshes/sensors/r200.dae
[1.276s] -- Up-to-date: /home/sakshi/ClutterBot/install/turtlebot3_description/share/turtlebot3_description/meshes/sensors/r200.jpg
[1.276s] -- Up-to-date: /home/sakshi/ClutterBot/install/turtlebot3_description/share/turtlebot3_description/rviz
[1.276s] -- Up-to-date: /home/sakshi/ClutterBot/install/turtlebot3_description/share/turtlebot3_description/rviz/model.rviz
[1.276s] -- Up-to-date: /home/sakshi/ClutterBot/install/turtlebot3_description/share/turtlebot3_description/urdf
[1.276s] -- Up-to-date: /home/sakshi/ClutterBot/install/turtlebot3_description/share/turtlebot3_description/urdf/turtlebot3_burger.urdf
[1.276s] -- Up-to-date: /home/sakshi/ClutterBot/install/turtlebot3_description/share/turtlebot3_description/urdf/turtlebot3_waffle.urdf
[1.276s] -- Up-to-date: /home/sakshi/ClutterBot/install/turtlebot3_description/share/turtlebot3_description/urdf/common_properties.urdf
[1.276s] -- Up-to-date: /home/sakshi/ClutterBot/install/turtlebot3_description/share/turtlebot3_description/urdf/turtlebot3_waffle_pi.urdf
[1.277s] -- Up-to-date: /home/sakshi/ClutterBot/install/turtlebot3_description/share/ament_index/resource_index/package_run_dependencies/turtlebot3_description
[1.277s] -- Up-to-date: /home/sakshi/ClutterBot/install/turtlebot3_description/share/ament_index/resource_index/parent_prefix_path/turtlebot3_description
[1.277s] -- Up-to-date: /home/sakshi/ClutterBot/install/turtlebot3_description/share/turtlebot3_description/environment/ament_prefix_path.sh
[1.277s] -- Up-to-date: /home/sakshi/ClutterBot/install/turtlebot3_description/share/turtlebot3_description/environment/ament_prefix_path.dsv
[1.277s] -- Up-to-date: /home/sakshi/ClutterBot/install/turtlebot3_description/share/turtlebot3_description/environment/path.sh
[1.277s] -- Up-to-date: /home/sakshi/ClutterBot/install/turtlebot3_description/share/turtlebot3_description/environment/path.dsv
[1.277s] -- Up-to-date: /home/sakshi/ClutterBot/install/turtlebot3_description/share/turtlebot3_description/local_setup.bash
[1.278s] -- Up-to-date: /home/sakshi/ClutterBot/install/turtlebot3_description/share/turtlebot3_description/local_setup.sh
[1.278s] -- Up-to-date: /home/sakshi/ClutterBot/install/turtlebot3_description/share/turtlebot3_description/local_setup.zsh
[1.278s] -- Up-to-date: /home/sakshi/ClutterBot/install/turtlebot3_description/share/turtlebot3_description/local_setup.dsv
[1.278s] -- Installing: /home/sakshi/ClutterBot/install/turtlebot3_description/share/turtlebot3_description/package.dsv
[1.295s] -- Up-to-date: /home/sakshi/ClutterBot/install/turtlebot3_description/share/ament_index/resource_index/packages/turtlebot3_description
[1.297s] -- Up-to-date: /home/sakshi/ClutterBot/install/turtlebot3_description/share/turtlebot3_description/cmake/turtlebot3_descriptionConfig.cmake
[1.297s] -- Up-to-date: /home/sakshi/ClutterBot/install/turtlebot3_description/share/turtlebot3_description/cmake/turtlebot3_descriptionConfig-version.cmake
[1.297s] -- Up-to-date: /home/sakshi/ClutterBot/install/turtlebot3_description/share/turtlebot3_description/package.xml
[1.473s] Invoked command in '/home/sakshi/ClutterBot/build/turtlebot3_description' returned '0': CMAKE_PREFIX_PATH=${CMAKE_PREFIX_PATH}:/home/sakshi/ClutterBot/install/turtlebot3_teleop:/home/sakshi/ClutterBot/install/turtlebot3_example:/opt/ros/foxy CONDA_PROMPT_MODIFIER=(base) /usr/bin/cmake --install /home/sakshi/ClutterBot/build/turtlebot3_description
