[0.292s] Invoking command in '/home/sakshi/ClutterBot/build/dynamixel_sdk': CMAKE_PREFIX_PATH=${CMAKE_PREFIX_PATH}:/home/sakshi/ClutterBot/install/turtlebot3_teleop:/home/sakshi/ClutterBot/install/turtlebot3_example:/opt/ros/foxy /usr/bin/cmake --build /home/sakshi/ClutterBot/build/dynamixel_sdk -- -j8 -l8
[1.158s] [100%] Built target dynamixel_sdk
[1.189s] Invoked command in '/home/sakshi/ClutterBot/build/dynamixel_sdk' returned '0': CMAKE_PREFIX_PATH=${CMAKE_PREFIX_PATH}:/home/sakshi/ClutterBot/install/turtlebot3_teleop:/home/sakshi/ClutterBot/install/turtlebot3_example:/opt/ros/foxy /usr/bin/cmake --build /home/sakshi/ClutterBot/build/dynamixel_sdk -- -j8 -l8
[1.271s] Invoking command in '/home/sakshi/ClutterBot/build/dynamixel_sdk': CMAKE_PREFIX_PATH=${CMAKE_PREFIX_PATH}:/home/sakshi/ClutterBot/install/turtlebot3_teleop:/home/sakshi/ClutterBot/install/turtlebot3_example:/opt/ros/foxy /usr/bin/cmake --install /home/sakshi/ClutterBot/build/dynamixel_sdk
[1.372s] -- Install configuration: ""
[1.372s] -- Up-to-date: /home/sakshi/ClutterBot/install/dynamixel_sdk/include/
[1.372s] -- Up-to-date: /home/sakshi/ClutterBot/install/dynamixel_sdk/include//dynamixel_sdk
[1.372s] -- Up-to-date: /home/sakshi/ClutterBot/install/dynamixel_sdk/include//dynamixel_sdk/port_handler_mac.h
[1.372s] -- Up-to-date: /home/sakshi/ClutterBot/install/dynamixel_sdk/include//dynamixel_sdk/port_handler.h
[1.373s] -- Up-to-date: /home/sakshi/ClutterBot/install/dynamixel_sdk/include//dynamixel_sdk/port_handler_windows.h
[1.377s] -- Up-to-date: /home/sakshi/ClutterBot/install/dynamixel_sdk/include//dynamixel_sdk/group_sync_write.h
[1.378s] -- Up-to-date: /home/sakshi/ClutterBot/install/dynamixel_sdk/include//dynamixel_sdk/port_handler_linux.h
[1.378s] -- Up-to-date: /home/sakshi/ClutterBot/install/dynamixel_sdk/include//dynamixel_sdk/dynamixel_sdk.h
[1.449s] -- Up-to-date: /home/sakshi/ClutterBot/install/dynamixel_sdk/include//dynamixel_sdk/protocol2_packet_handler.h
[1.449s] -- Up-to-date: /home/sakshi/ClutterBot/install/dynamixel_sdk/include//dynamixel_sdk/protocol1_packet_handler.h
[1.449s] -- Up-to-date: /home/sakshi/ClutterBot/install/dynamixel_sdk/include//dynamixel_sdk/group_sync_read.h
[1.449s] -- Up-to-date: /home/sakshi/ClutterBot/install/dynamixel_sdk/include//dynamixel_sdk/packet_handler.h
[1.450s] -- Up-to-date: /home/sakshi/ClutterBot/install/dynamixel_sdk/include//dynamixel_sdk/port_handler_arduino.h
[1.458s] -- Up-to-date: /home/sakshi/ClutterBot/install/dynamixel_sdk/include//dynamixel_sdk/group_bulk_read.h
[1.459s] -- Up-to-date: /home/sakshi/ClutterBot/install/dynamixel_sdk/include//dynamixel_sdk/group_bulk_write.h
[1.503s] -- Up-to-date: /home/sakshi/ClutterBot/install/dynamixel_sdk/lib/libdynamixel_sdk.so
[1.540s] -- Up-to-date: /home/sakshi/ClutterBot/install/dynamixel_sdk/share/dynamixel_sdk/environment/library_path.sh
[1.541s] -- Up-to-date: /home/sakshi/ClutterBot/install/dynamixel_sdk/share/dynamixel_sdk/environment/library_path.dsv
[1.541s] -- Up-to-date: /home/sakshi/ClutterBot/install/dynamixel_sdk/share/ament_index/resource_index/package_run_dependencies/dynamixel_sdk
[1.541s] -- Up-to-date: /home/sakshi/ClutterBot/install/dynamixel_sdk/share/ament_index/resource_index/parent_prefix_path/dynamixel_sdk
[1.541s] -- Up-to-date: /home/sakshi/ClutterBot/install/dynamixel_sdk/share/dynamixel_sdk/environment/ament_prefix_path.sh
[1.541s] -- Up-to-date: /home/sakshi/ClutterBot/install/dynamixel_sdk/share/dynamixel_sdk/environment/ament_prefix_path.dsv
[1.541s] -- Up-to-date: /home/sakshi/ClutterBot/install/dynamixel_sdk/share/dynamixel_sdk/environment/path.sh
[1.541s] -- Up-to-date: /home/sakshi/ClutterBot/install/dynamixel_sdk/share/dynamixel_sdk/environment/path.dsv
[1.541s] -- Up-to-date: /home/sakshi/ClutterBot/install/dynamixel_sdk/share/dynamixel_sdk/local_setup.bash
[1.541s] -- Up-to-date: /home/sakshi/ClutterBot/install/dynamixel_sdk/share/dynamixel_sdk/local_setup.sh
[1.541s] -- Up-to-date: /home/sakshi/ClutterBot/install/dynamixel_sdk/share/dynamixel_sdk/local_setup.zsh
[1.542s] -- Up-to-date: /home/sakshi/ClutterBot/install/dynamixel_sdk/share/dynamixel_sdk/local_setup.dsv
[1.542s] -- Installing: /home/sakshi/ClutterBot/install/dynamixel_sdk/share/dynamixel_sdk/package.dsv
[1.542s] -- Up-to-date: /home/sakshi/ClutterBot/install/dynamixel_sdk/share/ament_index/resource_index/packages/dynamixel_sdk
[1.542s] -- Up-to-date: /home/sakshi/ClutterBot/install/dynamixel_sdk/share/dynamixel_sdk/cmake/ament_cmake_export_include_directories-extras.cmake
[1.542s] -- Up-to-date: /home/sakshi/ClutterBot/install/dynamixel_sdk/share/dynamixel_sdk/cmake/ament_cmake_export_libraries-extras.cmake
[1.542s] -- Up-to-date: /home/sakshi/ClutterBot/install/dynamixel_sdk/share/dynamixel_sdk/cmake/dynamixel_sdkConfig.cmake
[1.542s] -- Up-to-date: /home/sakshi/ClutterBot/install/dynamixel_sdk/share/dynamixel_sdk/cmake/dynamixel_sdkConfig-version.cmake
[1.542s] -- Up-to-date: /home/sakshi/ClutterBot/install/dynamixel_sdk/share/dynamixel_sdk/package.xml
[1.964s] Invoked command in '/home/sakshi/ClutterBot/build/dynamixel_sdk' returned '0': CMAKE_PREFIX_PATH=${CMAKE_PREFIX_PATH}:/home/sakshi/ClutterBot/install/turtlebot3_teleop:/home/sakshi/ClutterBot/install/turtlebot3_example:/opt/ros/foxy /usr/bin/cmake --install /home/sakshi/ClutterBot/build/dynamixel_sdk
