[0.038s] Invoking command in '/home/sakshi/ClutterBot/src/build/dynamixel_sdk_examples': AMENT_PREFIX_PATH=/home/sakshi/ClutterBot/src/install/dynamixel_sdk_custom_interfaces:/home/sakshi/ClutterBot/src/install/dynamixel_sdk:${AMENT_PREFIX_PATH} CMAKE_PREFIX_PATH=/home/sakshi/ClutterBot/src/install/dynamixel_sdk_custom_interfaces:/home/sakshi/ClutterBot/src/install/dynamixel_sdk:/home/sakshi/ClutterBot/install/turtlebot3:/home/sakshi/ClutterBot/install/turtlebot3_simulations:/home/sakshi/ClutterBot/install/turtlebot3_bringup:/home/sakshi/ClutterBot/install/turtlebot3_node:/home/sakshi/ClutterBot/install/turtlebot3_navigation2:/home/sakshi/ClutterBot/install/turtlebot3_fake_node:/home/sakshi/ClutterBot/install/turtlebot3_msgs:/home/sakshi/ClutterBot/install/turtlebot3_gazebo:/home/sakshi/ClutterBot/install/turtlebot3_description:/home/sakshi/ClutterBot/install/turtlebot3_cartographer:/home/sakshi/ClutterBot/install/hls_lfcd_lds_driver:/home/sakshi/ClutterBot/install/dynamixel_sdk_examples:/home/sakshi/ClutterBot/install/dynamixel_sdk_custom_interfaces:/home/sakshi/ClutterBot/install/dynamixel_sdk:/home/sakshi/ClutterBot/install/turtlebot3_teleop:/home/sakshi/ClutterBot/install/turtlebot3_example:/opt/ros/foxy LD_LIBRARY_PATH=/home/sakshi/ClutterBot/src/install/dynamixel_sdk_custom_interfaces/lib:/home/sakshi/ClutterBot/src/install/dynamixel_sdk/lib:${LD_LIBRARY_PATH} PYTHONPATH=/home/sakshi/ClutterBot/src/install/dynamixel_sdk_custom_interfaces/lib/python3.8/site-packages:${PYTHONPATH} /usr/bin/cmake /home/sakshi/ClutterBot/src/utils/DynamixelSDK/dynamixel_sdk_examples -DCMAKE_INSTALL_PREFIX=/home/sakshi/ClutterBot/src/install/dynamixel_sdk_examples
[0.256s] -- The C compiler identification is GNU 9.4.0
[0.338s] -- The CXX compiler identification is GNU 9.4.0
[0.345s] -- Check for working C compiler: /usr/lib/ccache/cc
[0.438s] -- Check for working C compiler: /usr/lib/ccache/cc -- works
[0.439s] -- Detecting C compiler ABI info
[0.538s] -- Detecting C compiler ABI info - done
[0.577s] -- Detecting C compile features
[0.578s] -- Detecting C compile features - done
[0.579s] -- Check for working CXX compiler: /usr/lib/ccache/c++
[0.722s] -- Check for working CXX compiler: /usr/lib/ccache/c++ -- works
[0.723s] -- Detecting CXX compiler ABI info
[0.822s] -- Detecting CXX compiler ABI info - done
[0.844s] -- Detecting CXX compile features
[0.845s] -- Detecting CXX compile features - done
[0.849s] -- Found ament_cmake: 0.9.12 (/opt/ros/foxy/share/ament_cmake/cmake)
[0.903s] -- Found PythonInterp: /usr/bin/python3 (found suitable version "3.8.10", minimum required is "3") 
[0.904s] -- Using PYTHON_EXECUTABLE: /usr/bin/python3
[1.481s] -- Found dynamixel_sdk: 3.7.40 (/home/sakshi/ClutterBot/src/install/dynamixel_sdk/share/dynamixel_sdk/cmake)
[1.484s] -- Found dynamixel_sdk_custom_interfaces: 3.7.40 (/home/sakshi/ClutterBot/src/install/dynamixel_sdk_custom_interfaces/share/dynamixel_sdk_custom_interfaces/cmake)
[1.537s] -- Using all available rosidl_typesupport_c: rosidl_typesupport_fastrtps_c;rosidl_typesupport_introspection_c
[1.547s] -- Found rosidl_adapter: 1.3.1 (/opt/ros/foxy/share/rosidl_adapter/cmake)
[1.728s] -- Found OpenSSL: /usr/lib/x86_64-linux-gnu/libcrypto.so (found version "1.1.1f")  
[1.768s] -- Found FastRTPS: /opt/ros/foxy/include  
[1.895s] -- Using all available rosidl_typesupport_cpp: rosidl_typesupport_fastrtps_cpp;rosidl_typesupport_introspection_cpp
[1.986s] -- Found rclcpp: 2.4.3 (/opt/ros/foxy/share/rclcpp/cmake)
[2.069s] -- Found rmw_implementation_cmake: 1.0.4 (/opt/ros/foxy/share/rmw_implementation_cmake/cmake)
[2.073s] -- Using RMW implementation 'rmw_fastrtps_cpp' as default
[2.074s] -- Looking for pthread.h
[2.248s] -- Looking for pthread.h - found
[2.248s] -- Performing Test CMAKE_HAVE_LIBC_PTHREAD
[2.886s] -- Performing Test CMAKE_HAVE_LIBC_PTHREAD - Failed
[2.887s] -- Looking for pthread_create in pthreads
[3.193s] -- Looking for pthread_create in pthreads - not found
[3.193s] -- Looking for pthread_create in pthread
[3.430s] -- Looking for pthread_create in pthread - found
[3.431s] -- Found Threads: TRUE  
[3.738s] -- Found ament_lint_auto: 0.9.8 (/opt/ros/foxy/share/ament_lint_auto/cmake)
[3.941s] -- Added test 'copyright' to check source files copyright and LICENSE
[3.944s] -- Added test 'cppcheck' to perform static code analysis on C / C++ code
[3.944s] -- Configured cppcheck include dirs: /home/sakshi/ClutterBot/src/utils/DynamixelSDK/dynamixel_sdk_examples/include
[3.944s] -- Configured cppcheck exclude dirs and/or files: 
[3.963s] -- Added test 'cpplint' to check C / C++ code against the Google style
[3.964s] -- Configured cpplint exclude dirs and/or files: 
[3.965s] -- Added test 'lint_cmake' to check CMake code style
[3.971s] -- Added test 'uncrustify' to check C / C++ code style
[3.971s] -- Configured uncrustify additional arguments: 
[3.972s] -- Added test 'xmllint' to check XML markup files
[3.977s] -- Configuring done
[3.993s] -- Generating done
[3.997s] -- Build files have been written to: /home/sakshi/ClutterBot/src/build/dynamixel_sdk_examples
[4.016s] Invoked command in '/home/sakshi/ClutterBot/src/build/dynamixel_sdk_examples' returned '0': AMENT_PREFIX_PATH=/home/sakshi/ClutterBot/src/install/dynamixel_sdk_custom_interfaces:/home/sakshi/ClutterBot/src/install/dynamixel_sdk:${AMENT_PREFIX_PATH} CMAKE_PREFIX_PATH=/home/sakshi/ClutterBot/src/install/dynamixel_sdk_custom_interfaces:/home/sakshi/ClutterBot/src/install/dynamixel_sdk:/home/sakshi/ClutterBot/install/turtlebot3:/home/sakshi/ClutterBot/install/turtlebot3_simulations:/home/sakshi/ClutterBot/install/turtlebot3_bringup:/home/sakshi/ClutterBot/install/turtlebot3_node:/home/sakshi/ClutterBot/install/turtlebot3_navigation2:/home/sakshi/ClutterBot/install/turtlebot3_fake_node:/home/sakshi/ClutterBot/install/turtlebot3_msgs:/home/sakshi/ClutterBot/install/turtlebot3_gazebo:/home/sakshi/ClutterBot/install/turtlebot3_description:/home/sakshi/ClutterBot/install/turtlebot3_cartographer:/home/sakshi/ClutterBot/install/hls_lfcd_lds_driver:/home/sakshi/ClutterBot/install/dynamixel_sdk_examples:/home/sakshi/ClutterBot/install/dynamixel_sdk_custom_interfaces:/home/sakshi/ClutterBot/install/dynamixel_sdk:/home/sakshi/ClutterBot/install/turtlebot3_teleop:/home/sakshi/ClutterBot/install/turtlebot3_example:/opt/ros/foxy LD_LIBRARY_PATH=/home/sakshi/ClutterBot/src/install/dynamixel_sdk_custom_interfaces/lib:/home/sakshi/ClutterBot/src/install/dynamixel_sdk/lib:${LD_LIBRARY_PATH} PYTHONPATH=/home/sakshi/ClutterBot/src/install/dynamixel_sdk_custom_interfaces/lib/python3.8/site-packages:${PYTHONPATH} /usr/bin/cmake /home/sakshi/ClutterBot/src/utils/DynamixelSDK/dynamixel_sdk_examples -DCMAKE_INSTALL_PREFIX=/home/sakshi/ClutterBot/src/install/dynamixel_sdk_examples
[4.021s] Invoking command in '/home/sakshi/ClutterBot/src/build/dynamixel_sdk_examples': AMENT_PREFIX_PATH=/home/sakshi/ClutterBot/src/install/dynamixel_sdk_custom_interfaces:/home/sakshi/ClutterBot/src/install/dynamixel_sdk:${AMENT_PREFIX_PATH} CMAKE_PREFIX_PATH=/home/sakshi/ClutterBot/src/install/dynamixel_sdk_custom_interfaces:/home/sakshi/ClutterBot/src/install/dynamixel_sdk:/home/sakshi/ClutterBot/install/turtlebot3:/home/sakshi/ClutterBot/install/turtlebot3_simulations:/home/sakshi/ClutterBot/install/turtlebot3_bringup:/home/sakshi/ClutterBot/install/turtlebot3_node:/home/sakshi/ClutterBot/install/turtlebot3_navigation2:/home/sakshi/ClutterBot/install/turtlebot3_fake_node:/home/sakshi/ClutterBot/install/turtlebot3_msgs:/home/sakshi/ClutterBot/install/turtlebot3_gazebo:/home/sakshi/ClutterBot/install/turtlebot3_description:/home/sakshi/ClutterBot/install/turtlebot3_cartographer:/home/sakshi/ClutterBot/install/hls_lfcd_lds_driver:/home/sakshi/ClutterBot/install/dynamixel_sdk_examples:/home/sakshi/ClutterBot/install/dynamixel_sdk_custom_interfaces:/home/sakshi/ClutterBot/install/dynamixel_sdk:/home/sakshi/ClutterBot/install/turtlebot3_teleop:/home/sakshi/ClutterBot/install/turtlebot3_example:/opt/ros/foxy LD_LIBRARY_PATH=/home/sakshi/ClutterBot/src/install/dynamixel_sdk_custom_interfaces/lib:/home/sakshi/ClutterBot/src/install/dynamixel_sdk/lib:${LD_LIBRARY_PATH} PYTHONPATH=/home/sakshi/ClutterBot/src/install/dynamixel_sdk_custom_interfaces/lib/python3.8/site-packages:${PYTHONPATH} /usr/bin/cmake --build /home/sakshi/ClutterBot/src/build/dynamixel_sdk_examples -- -j8 -l8
[4.084s] [35m[1mScanning dependencies of target read_write_node[0m
[4.543s] [ 50%] [32mBuilding CXX object CMakeFiles/read_write_node.dir/src/read_write_node.cpp.o[0m
[52.405s] [100%] [32m[1mLinking CXX executable read_write_node[0m
[67.252s] [100%] Built target read_write_node
[67.274s] Invoked command in '/home/sakshi/ClutterBot/src/build/dynamixel_sdk_examples' returned '0': AMENT_PREFIX_PATH=/home/sakshi/ClutterBot/src/install/dynamixel_sdk_custom_interfaces:/home/sakshi/ClutterBot/src/install/dynamixel_sdk:${AMENT_PREFIX_PATH} CMAKE_PREFIX_PATH=/home/sakshi/ClutterBot/src/install/dynamixel_sdk_custom_interfaces:/home/sakshi/ClutterBot/src/install/dynamixel_sdk:/home/sakshi/ClutterBot/install/turtlebot3:/home/sakshi/ClutterBot/install/turtlebot3_simulations:/home/sakshi/ClutterBot/install/turtlebot3_bringup:/home/sakshi/ClutterBot/install/turtlebot3_node:/home/sakshi/ClutterBot/install/turtlebot3_navigation2:/home/sakshi/ClutterBot/install/turtlebot3_fake_node:/home/sakshi/ClutterBot/install/turtlebot3_msgs:/home/sakshi/ClutterBot/install/turtlebot3_gazebo:/home/sakshi/ClutterBot/install/turtlebot3_description:/home/sakshi/ClutterBot/install/turtlebot3_cartographer:/home/sakshi/ClutterBot/install/hls_lfcd_lds_driver:/home/sakshi/ClutterBot/install/dynamixel_sdk_examples:/home/sakshi/ClutterBot/install/dynamixel_sdk_custom_interfaces:/home/sakshi/ClutterBot/install/dynamixel_sdk:/home/sakshi/ClutterBot/install/turtlebot3_teleop:/home/sakshi/ClutterBot/install/turtlebot3_example:/opt/ros/foxy LD_LIBRARY_PATH=/home/sakshi/ClutterBot/src/install/dynamixel_sdk_custom_interfaces/lib:/home/sakshi/ClutterBot/src/install/dynamixel_sdk/lib:${LD_LIBRARY_PATH} PYTHONPATH=/home/sakshi/ClutterBot/src/install/dynamixel_sdk_custom_interfaces/lib/python3.8/site-packages:${PYTHONPATH} /usr/bin/cmake --build /home/sakshi/ClutterBot/src/build/dynamixel_sdk_examples -- -j8 -l8
[67.308s] Invoking command in '/home/sakshi/ClutterBot/src/build/dynamixel_sdk_examples': AMENT_PREFIX_PATH=/home/sakshi/ClutterBot/src/install/dynamixel_sdk_custom_interfaces:/home/sakshi/ClutterBot/src/install/dynamixel_sdk:${AMENT_PREFIX_PATH} CMAKE_PREFIX_PATH=/home/sakshi/ClutterBot/src/install/dynamixel_sdk_custom_interfaces:/home/sakshi/ClutterBot/src/install/dynamixel_sdk:/home/sakshi/ClutterBot/install/turtlebot3:/home/sakshi/ClutterBot/install/turtlebot3_simulations:/home/sakshi/ClutterBot/install/turtlebot3_bringup:/home/sakshi/ClutterBot/install/turtlebot3_node:/home/sakshi/ClutterBot/install/turtlebot3_navigation2:/home/sakshi/ClutterBot/install/turtlebot3_fake_node:/home/sakshi/ClutterBot/install/turtlebot3_msgs:/home/sakshi/ClutterBot/install/turtlebot3_gazebo:/home/sakshi/ClutterBot/install/turtlebot3_description:/home/sakshi/ClutterBot/install/turtlebot3_cartographer:/home/sakshi/ClutterBot/install/hls_lfcd_lds_driver:/home/sakshi/ClutterBot/install/dynamixel_sdk_examples:/home/sakshi/ClutterBot/install/dynamixel_sdk_custom_interfaces:/home/sakshi/ClutterBot/install/dynamixel_sdk:/home/sakshi/ClutterBot/install/turtlebot3_teleop:/home/sakshi/ClutterBot/install/turtlebot3_example:/opt/ros/foxy LD_LIBRARY_PATH=/home/sakshi/ClutterBot/src/install/dynamixel_sdk_custom_interfaces/lib:/home/sakshi/ClutterBot/src/install/dynamixel_sdk/lib:${LD_LIBRARY_PATH} PYTHONPATH=/home/sakshi/ClutterBot/src/install/dynamixel_sdk_custom_interfaces/lib/python3.8/site-packages:${PYTHONPATH} /usr/bin/cmake --install /home/sakshi/ClutterBot/src/build/dynamixel_sdk_examples
[67.321s] -- Install configuration: ""
[67.322s] -- Installing: /home/sakshi/ClutterBot/src/install/dynamixel_sdk_examples/lib/dynamixel_sdk_examples/read_write_node
[67.323s] -- Set runtime path of "/home/sakshi/ClutterBot/src/install/dynamixel_sdk_examples/lib/dynamixel_sdk_examples/read_write_node" to ""
[67.324s] -- Installing: /home/sakshi/ClutterBot/src/install/dynamixel_sdk_examples/share/ament_index/resource_index/package_run_dependencies/dynamixel_sdk_examples
[67.324s] -- Installing: /home/sakshi/ClutterBot/src/install/dynamixel_sdk_examples/share/ament_index/resource_index/parent_prefix_path/dynamixel_sdk_examples
[67.324s] -- Installing: /home/sakshi/ClutterBot/src/install/dynamixel_sdk_examples/share/dynamixel_sdk_examples/environment/ament_prefix_path.sh
[67.324s] -- Installing: /home/sakshi/ClutterBot/src/install/dynamixel_sdk_examples/share/dynamixel_sdk_examples/environment/ament_prefix_path.dsv
[67.324s] -- Installing: /home/sakshi/ClutterBot/src/install/dynamixel_sdk_examples/share/dynamixel_sdk_examples/environment/path.sh
[67.324s] -- Installing: /home/sakshi/ClutterBot/src/install/dynamixel_sdk_examples/share/dynamixel_sdk_examples/environment/path.dsv
[67.325s] -- Installing: /home/sakshi/ClutterBot/src/install/dynamixel_sdk_examples/share/dynamixel_sdk_examples/local_setup.bash
[67.325s] -- Installing: /home/sakshi/ClutterBot/src/install/dynamixel_sdk_examples/share/dynamixel_sdk_examples/local_setup.sh
[67.325s] -- Installing: /home/sakshi/ClutterBot/src/install/dynamixel_sdk_examples/share/dynamixel_sdk_examples/local_setup.zsh
[67.325s] -- Installing: /home/sakshi/ClutterBot/src/install/dynamixel_sdk_examples/share/dynamixel_sdk_examples/local_setup.dsv
[67.325s] -- Installing: /home/sakshi/ClutterBot/src/install/dynamixel_sdk_examples/share/dynamixel_sdk_examples/package.dsv
[67.325s] -- Installing: /home/sakshi/ClutterBot/src/install/dynamixel_sdk_examples/share/ament_index/resource_index/packages/dynamixel_sdk_examples
[67.325s] -- Installing: /home/sakshi/ClutterBot/src/install/dynamixel_sdk_examples/share/dynamixel_sdk_examples/cmake/dynamixel_sdk_examplesConfig.cmake
[67.326s] -- Installing: /home/sakshi/ClutterBot/src/install/dynamixel_sdk_examples/share/dynamixel_sdk_examples/cmake/dynamixel_sdk_examplesConfig-version.cmake
[67.326s] -- Installing: /home/sakshi/ClutterBot/src/install/dynamixel_sdk_examples/share/dynamixel_sdk_examples/package.xml
[67.446s] Invoked command in '/home/sakshi/ClutterBot/src/build/dynamixel_sdk_examples' returned '0': AMENT_PREFIX_PATH=/home/sakshi/ClutterBot/src/install/dynamixel_sdk_custom_interfaces:/home/sakshi/ClutterBot/src/install/dynamixel_sdk:${AMENT_PREFIX_PATH} CMAKE_PREFIX_PATH=/home/sakshi/ClutterBot/src/install/dynamixel_sdk_custom_interfaces:/home/sakshi/ClutterBot/src/install/dynamixel_sdk:/home/sakshi/ClutterBot/install/turtlebot3:/home/sakshi/ClutterBot/install/turtlebot3_simulations:/home/sakshi/ClutterBot/install/turtlebot3_bringup:/home/sakshi/ClutterBot/install/turtlebot3_node:/home/sakshi/ClutterBot/install/turtlebot3_navigation2:/home/sakshi/ClutterBot/install/turtlebot3_fake_node:/home/sakshi/ClutterBot/install/turtlebot3_msgs:/home/sakshi/ClutterBot/install/turtlebot3_gazebo:/home/sakshi/ClutterBot/install/turtlebot3_description:/home/sakshi/ClutterBot/install/turtlebot3_cartographer:/home/sakshi/ClutterBot/install/hls_lfcd_lds_driver:/home/sakshi/ClutterBot/install/dynamixel_sdk_examples:/home/sakshi/ClutterBot/install/dynamixel_sdk_custom_interfaces:/home/sakshi/ClutterBot/install/dynamixel_sdk:/home/sakshi/ClutterBot/install/turtlebot3_teleop:/home/sakshi/ClutterBot/install/turtlebot3_example:/opt/ros/foxy LD_LIBRARY_PATH=/home/sakshi/ClutterBot/src/install/dynamixel_sdk_custom_interfaces/lib:/home/sakshi/ClutterBot/src/install/dynamixel_sdk/lib:${LD_LIBRARY_PATH} PYTHONPATH=/home/sakshi/ClutterBot/src/install/dynamixel_sdk_custom_interfaces/lib/python3.8/site-packages:${PYTHONPATH} /usr/bin/cmake --install /home/sakshi/ClutterBot/src/build/dynamixel_sdk_examples
