[0.159s] Invoking command in '/home/sakshi/ClutterBot/build/task': CMAKE_PREFIX_PATH=${CMAKE_PREFIX_PATH}:/home/sakshi/ClutterBot/install/turtlebot3_teleop:/home/sakshi/ClutterBot/install/turtlebot3_example:/opt/ros/foxy /usr/bin/cmake --build /home/sakshi/ClutterBot/build/task -- -j8 -l8
[0.213s] [100%] Built target noisyodom
[0.231s] Invoked command in '/home/sakshi/ClutterBot/build/task' returned '0': CMAKE_PREFIX_PATH=${CMAKE_PREFIX_PATH}:/home/sakshi/ClutterBot/install/turtlebot3_teleop:/home/sakshi/ClutterBot/install/turtlebot3_example:/opt/ros/foxy /usr/bin/cmake --build /home/sakshi/ClutterBot/build/task -- -j8 -l8
[0.310s] Invoking command in '/home/sakshi/ClutterBot/build/task': CMAKE_PREFIX_PATH=${CMAKE_PREFIX_PATH}:/home/sakshi/ClutterBot/install/turtlebot3_teleop:/home/sakshi/ClutterBot/install/turtlebot3_example:/opt/ros/foxy /usr/bin/cmake --install /home/sakshi/ClutterBot/build/task
[0.323s] -- Install configuration: ""
[0.323s] -- Up-to-date: /home/sakshi/ClutterBot/install/task/lib/task/noisyodom
[0.324s] -- Up-to-date: /home/sakshi/ClutterBot/install/task/share/ament_index/resource_index/package_run_dependencies/task
[0.324s] -- Up-to-date: /home/sakshi/ClutterBot/install/task/share/ament_index/resource_index/parent_prefix_path/task
[0.324s] -- Up-to-date: /home/sakshi/ClutterBot/install/task/share/task/environment/ament_prefix_path.sh
[0.324s] -- Up-to-date: /home/sakshi/ClutterBot/install/task/share/task/environment/ament_prefix_path.dsv
[0.324s] -- Up-to-date: /home/sakshi/ClutterBot/install/task/share/task/environment/path.sh
[0.324s] -- Up-to-date: /home/sakshi/ClutterBot/install/task/share/task/environment/path.dsv
[0.325s] -- Up-to-date: /home/sakshi/ClutterBot/install/task/share/task/local_setup.bash
[0.325s] -- Up-to-date: /home/sakshi/ClutterBot/install/task/share/task/local_setup.sh
[0.325s] -- Up-to-date: /home/sakshi/ClutterBot/install/task/share/task/local_setup.zsh
[0.325s] -- Up-to-date: /home/sakshi/ClutterBot/install/task/share/task/local_setup.dsv
[0.325s] -- Installing: /home/sakshi/ClutterBot/install/task/share/task/package.dsv
[0.325s] -- Up-to-date: /home/sakshi/ClutterBot/install/task/share/ament_index/resource_index/packages/task
[0.325s] -- Up-to-date: /home/sakshi/ClutterBot/install/task/share/task/cmake/taskConfig.cmake
[0.325s] -- Up-to-date: /home/sakshi/ClutterBot/install/task/share/task/cmake/taskConfig-version.cmake
[0.326s] -- Up-to-date: /home/sakshi/ClutterBot/install/task/share/task/package.xml
[0.331s] Invoked command in '/home/sakshi/ClutterBot/build/task' returned '0': CMAKE_PREFIX_PATH=${CMAKE_PREFIX_PATH}:/home/sakshi/ClutterBot/install/turtlebot3_teleop:/home/sakshi/ClutterBot/install/turtlebot3_example:/opt/ros/foxy /usr/bin/cmake --install /home/sakshi/ClutterBot/build/task
