[0.120s] Invoking command in '/home/sakshi/ClutterBot/src/build/turtlebot3_bringup': AMENT_PREFIX_PATH=/home/sakshi/ClutterBot/src/install/turtlebot3_node:/home/sakshi/ClutterBot/src/install/turtlebot3_msgs:/home/sakshi/ClutterBot/src/install/turtlebot3_description:/home/sakshi/ClutterBot/src/install/hls_lfcd_lds_driver:/home/sakshi/ClutterBot/src/install/dynamixel_sdk:${AMENT_PREFIX_PATH} CMAKE_PREFIX_PATH=/home/sakshi/ClutterBot/src/install/turtlebot3_node:/home/sakshi/ClutterBot/src/install/turtlebot3_msgs:/home/sakshi/ClutterBot/src/install/turtlebot3_description:/home/sakshi/ClutterBot/src/install/hls_lfcd_lds_driver:/home/sakshi/ClutterBot/src/install/dynamixel_sdk:/home/sakshi/ClutterBot/install/turtlebot3:/home/sakshi/ClutterBot/install/turtlebot3_simulations:/home/sakshi/ClutterBot/install/turtlebot3_bringup:/home/sakshi/ClutterBot/install/turtlebot3_node:/home/sakshi/ClutterBot/install/turtlebot3_navigation2:/home/sakshi/ClutterBot/install/turtlebot3_fake_node:/home/sakshi/ClutterBot/install/turtlebot3_msgs:/home/sakshi/ClutterBot/install/turtlebot3_gazebo:/home/sakshi/ClutterBot/install/turtlebot3_description:/home/sakshi/ClutterBot/install/turtlebot3_cartographer:/home/sakshi/ClutterBot/install/hls_lfcd_lds_driver:/home/sakshi/ClutterBot/install/dynamixel_sdk_examples:/home/sakshi/ClutterBot/install/dynamixel_sdk_custom_interfaces:/home/sakshi/ClutterBot/install/dynamixel_sdk:/home/sakshi/ClutterBot/install/turtlebot3_teleop:/home/sakshi/ClutterBot/install/turtlebot3_example:/opt/ros/foxy LD_LIBRARY_PATH=/home/sakshi/ClutterBot/src/install/turtlebot3_msgs/lib:/home/sakshi/ClutterBot/src/install/dynamixel_sdk/lib:${LD_LIBRARY_PATH} PYTHONPATH=/home/sakshi/ClutterBot/src/install/turtlebot3_msgs/lib/python3.8/site-packages:${PYTHONPATH} /usr/bin/cmake /home/sakshi/ClutterBot/src/turtlebot3/turtlebot3/turtlebot3_bringup -DCMAKE_INSTALL_PREFIX=/home/sakshi/ClutterBot/src/install/turtlebot3_bringup
[0.191s] -- The C compiler identification is GNU 9.4.0
[0.249s] -- The CXX compiler identification is GNU 9.4.0
[0.254s] -- Check for working C compiler: /usr/lib/ccache/cc
[0.400s] -- Check for working C compiler: /usr/lib/ccache/cc -- works
[0.401s] -- Detecting C compiler ABI info
[0.469s] -- Detecting C compiler ABI info - done
[0.485s] -- Detecting C compile features
[0.485s] -- Detecting C compile features - done
[0.488s] -- Check for working CXX compiler: /usr/lib/ccache/c++
[0.665s] -- Check for working CXX compiler: /usr/lib/ccache/c++ -- works
[0.668s] -- Detecting CXX compiler ABI info
[0.739s] -- Detecting CXX compiler ABI info - done
[0.753s] -- Detecting CXX compile features
[0.754s] -- Detecting CXX compile features - done
[0.757s] -- Found ament_cmake: 0.9.12 (/opt/ros/foxy/share/ament_cmake/cmake)
[0.787s] -- Found PythonInterp: /usr/bin/python3 (found suitable version "3.8.10", minimum required is "3") 
[0.788s] -- Using PYTHON_EXECUTABLE: /usr/bin/python3
[1.227s] -- Configuring done
[1.230s] -- Generating done
[1.230s] -- Build files have been written to: /home/sakshi/ClutterBot/src/build/turtlebot3_bringup
[1.234s] Invoked command in '/home/sakshi/ClutterBot/src/build/turtlebot3_bringup' returned '0': AMENT_PREFIX_PATH=/home/sakshi/ClutterBot/src/install/turtlebot3_node:/home/sakshi/ClutterBot/src/install/turtlebot3_msgs:/home/sakshi/ClutterBot/src/install/turtlebot3_description:/home/sakshi/ClutterBot/src/install/hls_lfcd_lds_driver:/home/sakshi/ClutterBot/src/install/dynamixel_sdk:${AMENT_PREFIX_PATH} CMAKE_PREFIX_PATH=/home/sakshi/ClutterBot/src/install/turtlebot3_node:/home/sakshi/ClutterBot/src/install/turtlebot3_msgs:/home/sakshi/ClutterBot/src/install/turtlebot3_description:/home/sakshi/ClutterBot/src/install/hls_lfcd_lds_driver:/home/sakshi/ClutterBot/src/install/dynamixel_sdk:/home/sakshi/ClutterBot/install/turtlebot3:/home/sakshi/ClutterBot/install/turtlebot3_simulations:/home/sakshi/ClutterBot/install/turtlebot3_bringup:/home/sakshi/ClutterBot/install/turtlebot3_node:/home/sakshi/ClutterBot/install/turtlebot3_navigation2:/home/sakshi/ClutterBot/install/turtlebot3_fake_node:/home/sakshi/ClutterBot/install/turtlebot3_msgs:/home/sakshi/ClutterBot/install/turtlebot3_gazebo:/home/sakshi/ClutterBot/install/turtlebot3_description:/home/sakshi/ClutterBot/install/turtlebot3_cartographer:/home/sakshi/ClutterBot/install/hls_lfcd_lds_driver:/home/sakshi/ClutterBot/install/dynamixel_sdk_examples:/home/sakshi/ClutterBot/install/dynamixel_sdk_custom_interfaces:/home/sakshi/ClutterBot/install/dynamixel_sdk:/home/sakshi/ClutterBot/install/turtlebot3_teleop:/home/sakshi/ClutterBot/install/turtlebot3_example:/opt/ros/foxy LD_LIBRARY_PATH=/home/sakshi/ClutterBot/src/install/turtlebot3_msgs/lib:/home/sakshi/ClutterBot/src/install/dynamixel_sdk/lib:${LD_LIBRARY_PATH} PYTHONPATH=/home/sakshi/ClutterBot/src/install/turtlebot3_msgs/lib/python3.8/site-packages:${PYTHONPATH} /usr/bin/cmake /home/sakshi/ClutterBot/src/turtlebot3/turtlebot3/turtlebot3_bringup -DCMAKE_INSTALL_PREFIX=/home/sakshi/ClutterBot/src/install/turtlebot3_bringup
[1.236s] Invoking command in '/home/sakshi/ClutterBot/src/build/turtlebot3_bringup': AMENT_PREFIX_PATH=/home/sakshi/ClutterBot/src/install/turtlebot3_node:/home/sakshi/ClutterBot/src/install/turtlebot3_msgs:/home/sakshi/ClutterBot/src/install/turtlebot3_description:/home/sakshi/ClutterBot/src/install/hls_lfcd_lds_driver:/home/sakshi/ClutterBot/src/install/dynamixel_sdk:${AMENT_PREFIX_PATH} CMAKE_PREFIX_PATH=/home/sakshi/ClutterBot/src/install/turtlebot3_node:/home/sakshi/ClutterBot/src/install/turtlebot3_msgs:/home/sakshi/ClutterBot/src/install/turtlebot3_description:/home/sakshi/ClutterBot/src/install/hls_lfcd_lds_driver:/home/sakshi/ClutterBot/src/install/dynamixel_sdk:/home/sakshi/ClutterBot/install/turtlebot3:/home/sakshi/ClutterBot/install/turtlebot3_simulations:/home/sakshi/ClutterBot/install/turtlebot3_bringup:/home/sakshi/ClutterBot/install/turtlebot3_node:/home/sakshi/ClutterBot/install/turtlebot3_navigation2:/home/sakshi/ClutterBot/install/turtlebot3_fake_node:/home/sakshi/ClutterBot/install/turtlebot3_msgs:/home/sakshi/ClutterBot/install/turtlebot3_gazebo:/home/sakshi/ClutterBot/install/turtlebot3_description:/home/sakshi/ClutterBot/install/turtlebot3_cartographer:/home/sakshi/ClutterBot/install/hls_lfcd_lds_driver:/home/sakshi/ClutterBot/install/dynamixel_sdk_examples:/home/sakshi/ClutterBot/install/dynamixel_sdk_custom_interfaces:/home/sakshi/ClutterBot/install/dynamixel_sdk:/home/sakshi/ClutterBot/install/turtlebot3_teleop:/home/sakshi/ClutterBot/install/turtlebot3_example:/opt/ros/foxy LD_LIBRARY_PATH=/home/sakshi/ClutterBot/src/install/turtlebot3_msgs/lib:/home/sakshi/ClutterBot/src/install/dynamixel_sdk/lib:${LD_LIBRARY_PATH} PYTHONPATH=/home/sakshi/ClutterBot/src/install/turtlebot3_msgs/lib/python3.8/site-packages:${PYTHONPATH} /usr/bin/cmake --build /home/sakshi/ClutterBot/src/build/turtlebot3_bringup -- -j8 -l8
[1.278s] Invoked command in '/home/sakshi/ClutterBot/src/build/turtlebot3_bringup' returned '0': AMENT_PREFIX_PATH=/home/sakshi/ClutterBot/src/install/turtlebot3_node:/home/sakshi/ClutterBot/src/install/turtlebot3_msgs:/home/sakshi/ClutterBot/src/install/turtlebot3_description:/home/sakshi/ClutterBot/src/install/hls_lfcd_lds_driver:/home/sakshi/ClutterBot/src/install/dynamixel_sdk:${AMENT_PREFIX_PATH} CMAKE_PREFIX_PATH=/home/sakshi/ClutterBot/src/install/turtlebot3_node:/home/sakshi/ClutterBot/src/install/turtlebot3_msgs:/home/sakshi/ClutterBot/src/install/turtlebot3_description:/home/sakshi/ClutterBot/src/install/hls_lfcd_lds_driver:/home/sakshi/ClutterBot/src/install/dynamixel_sdk:/home/sakshi/ClutterBot/install/turtlebot3:/home/sakshi/ClutterBot/install/turtlebot3_simulations:/home/sakshi/ClutterBot/install/turtlebot3_bringup:/home/sakshi/ClutterBot/install/turtlebot3_node:/home/sakshi/ClutterBot/install/turtlebot3_navigation2:/home/sakshi/ClutterBot/install/turtlebot3_fake_node:/home/sakshi/ClutterBot/install/turtlebot3_msgs:/home/sakshi/ClutterBot/install/turtlebot3_gazebo:/home/sakshi/ClutterBot/install/turtlebot3_description:/home/sakshi/ClutterBot/install/turtlebot3_cartographer:/home/sakshi/ClutterBot/install/hls_lfcd_lds_driver:/home/sakshi/ClutterBot/install/dynamixel_sdk_examples:/home/sakshi/ClutterBot/install/dynamixel_sdk_custom_interfaces:/home/sakshi/ClutterBot/install/dynamixel_sdk:/home/sakshi/ClutterBot/install/turtlebot3_teleop:/home/sakshi/ClutterBot/install/turtlebot3_example:/opt/ros/foxy LD_LIBRARY_PATH=/home/sakshi/ClutterBot/src/install/turtlebot3_msgs/lib:/home/sakshi/ClutterBot/src/install/dynamixel_sdk/lib:${LD_LIBRARY_PATH} PYTHONPATH=/home/sakshi/ClutterBot/src/install/turtlebot3_msgs/lib/python3.8/site-packages:${PYTHONPATH} /usr/bin/cmake --build /home/sakshi/ClutterBot/src/build/turtlebot3_bringup -- -j8 -l8
[1.305s] Invoking command in '/home/sakshi/ClutterBot/src/build/turtlebot3_bringup': AMENT_PREFIX_PATH=/home/sakshi/ClutterBot/src/install/turtlebot3_node:/home/sakshi/ClutterBot/src/install/turtlebot3_msgs:/home/sakshi/ClutterBot/src/install/turtlebot3_description:/home/sakshi/ClutterBot/src/install/hls_lfcd_lds_driver:/home/sakshi/ClutterBot/src/install/dynamixel_sdk:${AMENT_PREFIX_PATH} CMAKE_PREFIX_PATH=/home/sakshi/ClutterBot/src/install/turtlebot3_node:/home/sakshi/ClutterBot/src/install/turtlebot3_msgs:/home/sakshi/ClutterBot/src/install/turtlebot3_description:/home/sakshi/ClutterBot/src/install/hls_lfcd_lds_driver:/home/sakshi/ClutterBot/src/install/dynamixel_sdk:/home/sakshi/ClutterBot/install/turtlebot3:/home/sakshi/ClutterBot/install/turtlebot3_simulations:/home/sakshi/ClutterBot/install/turtlebot3_bringup:/home/sakshi/ClutterBot/install/turtlebot3_node:/home/sakshi/ClutterBot/install/turtlebot3_navigation2:/home/sakshi/ClutterBot/install/turtlebot3_fake_node:/home/sakshi/ClutterBot/install/turtlebot3_msgs:/home/sakshi/ClutterBot/install/turtlebot3_gazebo:/home/sakshi/ClutterBot/install/turtlebot3_description:/home/sakshi/ClutterBot/install/turtlebot3_cartographer:/home/sakshi/ClutterBot/install/hls_lfcd_lds_driver:/home/sakshi/ClutterBot/install/dynamixel_sdk_examples:/home/sakshi/ClutterBot/install/dynamixel_sdk_custom_interfaces:/home/sakshi/ClutterBot/install/dynamixel_sdk:/home/sakshi/ClutterBot/install/turtlebot3_teleop:/home/sakshi/ClutterBot/install/turtlebot3_example:/opt/ros/foxy LD_LIBRARY_PATH=/home/sakshi/ClutterBot/src/install/turtlebot3_msgs/lib:/home/sakshi/ClutterBot/src/install/dynamixel_sdk/lib:${LD_LIBRARY_PATH} PYTHONPATH=/home/sakshi/ClutterBot/src/install/turtlebot3_msgs/lib/python3.8/site-packages:${PYTHONPATH} /usr/bin/cmake --install /home/sakshi/ClutterBot/src/build/turtlebot3_bringup
[1.319s] -- Install configuration: ""
[1.319s] -- Installing: /home/sakshi/ClutterBot/src/install/turtlebot3_bringup/share/turtlebot3_bringup/launch
[1.319s] -- Installing: /home/sakshi/ClutterBot/src/install/turtlebot3_bringup/share/turtlebot3_bringup/launch/rviz2.launch.py
[1.320s] -- Installing: /home/sakshi/ClutterBot/src/install/turtlebot3_bringup/share/turtlebot3_bringup/launch/robot.launch.py
[1.320s] -- Installing: /home/sakshi/ClutterBot/src/install/turtlebot3_bringup/share/turtlebot3_bringup/launch/turtlebot3_state_publisher.launch.py
[1.320s] -- Installing: /home/sakshi/ClutterBot/src/install/turtlebot3_bringup/share/turtlebot3_bringup/param
[1.320s] -- Installing: /home/sakshi/ClutterBot/src/install/turtlebot3_bringup/share/turtlebot3_bringup/param/waffle_pi.yaml
[1.320s] -- Installing: /home/sakshi/ClutterBot/src/install/turtlebot3_bringup/share/turtlebot3_bringup/param/waffle.yaml
[1.321s] -- Installing: /home/sakshi/ClutterBot/src/install/turtlebot3_bringup/share/turtlebot3_bringup/param/burger.yaml
[1.321s] -- Installing: /home/sakshi/ClutterBot/src/install/turtlebot3_bringup/share/turtlebot3_bringup/script
[1.321s] -- Installing: /home/sakshi/ClutterBot/src/install/turtlebot3_bringup/share/turtlebot3_bringup/script/99-turtlebot3-cdc.rules
[1.321s] -- Installing: /home/sakshi/ClutterBot/src/install/turtlebot3_bringup/share/turtlebot3_bringup/script/create_udev_rules
[1.322s] -- Installing: /home/sakshi/ClutterBot/src/install/turtlebot3_bringup/share/ament_index/resource_index/package_run_dependencies/turtlebot3_bringup
[1.322s] -- Installing: /home/sakshi/ClutterBot/src/install/turtlebot3_bringup/share/ament_index/resource_index/parent_prefix_path/turtlebot3_bringup
[1.322s] -- Installing: /home/sakshi/ClutterBot/src/install/turtlebot3_bringup/share/turtlebot3_bringup/environment/ament_prefix_path.sh
[1.322s] -- Installing: /home/sakshi/ClutterBot/src/install/turtlebot3_bringup/share/turtlebot3_bringup/environment/ament_prefix_path.dsv
[1.323s] -- Installing: /home/sakshi/ClutterBot/src/install/turtlebot3_bringup/share/turtlebot3_bringup/environment/path.sh
[1.323s] -- Installing: /home/sakshi/ClutterBot/src/install/turtlebot3_bringup/share/turtlebot3_bringup/environment/path.dsv
[1.323s] -- Installing: /home/sakshi/ClutterBot/src/install/turtlebot3_bringup/share/turtlebot3_bringup/local_setup.bash
[1.323s] -- Installing: /home/sakshi/ClutterBot/src/install/turtlebot3_bringup/share/turtlebot3_bringup/local_setup.sh
[1.323s] -- Installing: /home/sakshi/ClutterBot/src/install/turtlebot3_bringup/share/turtlebot3_bringup/local_setup.zsh
[1.323s] -- Installing: /home/sakshi/ClutterBot/src/install/turtlebot3_bringup/share/turtlebot3_bringup/local_setup.dsv
[1.323s] -- Installing: /home/sakshi/ClutterBot/src/install/turtlebot3_bringup/share/turtlebot3_bringup/package.dsv
[1.323s] -- Installing: /home/sakshi/ClutterBot/src/install/turtlebot3_bringup/share/ament_index/resource_index/packages/turtlebot3_bringup
[1.324s] -- Installing: /home/sakshi/ClutterBot/src/install/turtlebot3_bringup/share/turtlebot3_bringup/cmake/turtlebot3_bringupConfig.cmake
[1.324s] -- Installing: /home/sakshi/ClutterBot/src/install/turtlebot3_bringup/share/turtlebot3_bringup/cmake/turtlebot3_bringupConfig-version.cmake
[1.324s] -- Installing: /home/sakshi/ClutterBot/src/install/turtlebot3_bringup/share/turtlebot3_bringup/package.xml
[1.330s] Invoked command in '/home/sakshi/ClutterBot/src/build/turtlebot3_bringup' returned '0': AMENT_PREFIX_PATH=/home/sakshi/ClutterBot/src/install/turtlebot3_node:/home/sakshi/ClutterBot/src/install/turtlebot3_msgs:/home/sakshi/ClutterBot/src/install/turtlebot3_description:/home/sakshi/ClutterBot/src/install/hls_lfcd_lds_driver:/home/sakshi/ClutterBot/src/install/dynamixel_sdk:${AMENT_PREFIX_PATH} CMAKE_PREFIX_PATH=/home/sakshi/ClutterBot/src/install/turtlebot3_node:/home/sakshi/ClutterBot/src/install/turtlebot3_msgs:/home/sakshi/ClutterBot/src/install/turtlebot3_description:/home/sakshi/ClutterBot/src/install/hls_lfcd_lds_driver:/home/sakshi/ClutterBot/src/install/dynamixel_sdk:/home/sakshi/ClutterBot/install/turtlebot3:/home/sakshi/ClutterBot/install/turtlebot3_simulations:/home/sakshi/ClutterBot/install/turtlebot3_bringup:/home/sakshi/ClutterBot/install/turtlebot3_node:/home/sakshi/ClutterBot/install/turtlebot3_navigation2:/home/sakshi/ClutterBot/install/turtlebot3_fake_node:/home/sakshi/ClutterBot/install/turtlebot3_msgs:/home/sakshi/ClutterBot/install/turtlebot3_gazebo:/home/sakshi/ClutterBot/install/turtlebot3_description:/home/sakshi/ClutterBot/install/turtlebot3_cartographer:/home/sakshi/ClutterBot/install/hls_lfcd_lds_driver:/home/sakshi/ClutterBot/install/dynamixel_sdk_examples:/home/sakshi/ClutterBot/install/dynamixel_sdk_custom_interfaces:/home/sakshi/ClutterBot/install/dynamixel_sdk:/home/sakshi/ClutterBot/install/turtlebot3_teleop:/home/sakshi/ClutterBot/install/turtlebot3_example:/opt/ros/foxy LD_LIBRARY_PATH=/home/sakshi/ClutterBot/src/install/turtlebot3_msgs/lib:/home/sakshi/ClutterBot/src/install/dynamixel_sdk/lib:${LD_LIBRARY_PATH} PYTHONPATH=/home/sakshi/ClutterBot/src/install/turtlebot3_msgs/lib/python3.8/site-packages:${PYTHONPATH} /usr/bin/cmake --install /home/sakshi/ClutterBot/src/build/turtlebot3_bringup
