[0.159s] Invoking command in '/home/sakshi/ClutterBot/src/build/openslam_gmapping': CMAKE_PREFIX_PATH=${CMAKE_PREFIX_PATH}:/home/sakshi/ClutterBot/install/turtlebot3_teleop:/home/sakshi/ClutterBot/install/turtlebot3_example:/opt/ros/foxy /usr/bin/cmake /home/sakshi/ClutterBot/src/slam_gmapping/openslam_gmapping -DCMAKE_INSTALL_PREFIX=/home/sakshi/ClutterBot/src/install/openslam_gmapping
[3.253s] -- The C compiler identification is GNU 9.4.0
[6.453s] -- The CXX compiler identification is GNU 9.4.0
[6.611s] -- Check for working C compiler: /usr/lib/ccache/cc
[7.205s] -- Check for working C compiler: /usr/lib/ccache/cc -- works
[7.206s] -- Detecting C compiler ABI info
[7.494s] -- Detecting C compiler ABI info - done
[7.507s] -- Detecting C compile features
[7.524s] -- Detecting C compile features - done
[7.528s] -- Check for working CXX compiler: /usr/lib/ccache/c++
[7.670s] -- Check for working CXX compiler: /usr/lib/ccache/c++ -- works
[7.672s] -- Detecting CXX compiler ABI info
[7.925s] -- Detecting CXX compiler ABI info - done
[7.949s] -- Detecting CXX compile features
[7.951s] -- Detecting CXX compile features - done
[8.034s] -- Found ament_cmake: 0.9.12 (/opt/ros/foxy/share/ament_cmake/cmake)
[8.191s] -- Found PythonInterp: /usr/bin/python3 (found suitable version "3.8.10", minimum required is "3") 
[8.192s] -- Using PYTHON_EXECUTABLE: /usr/bin/python3
[9.217s] -- Configuring done
[9.253s] -- Generating done
[9.257s] -- Build files have been written to: /home/sakshi/ClutterBot/src/build/openslam_gmapping
[9.259s] Invoked command in '/home/sakshi/ClutterBot/src/build/openslam_gmapping' returned '0': CMAKE_PREFIX_PATH=${CMAKE_PREFIX_PATH}:/home/sakshi/ClutterBot/install/turtlebot3_teleop:/home/sakshi/ClutterBot/install/turtlebot3_example:/opt/ros/foxy /usr/bin/cmake /home/sakshi/ClutterBot/src/slam_gmapping/openslam_gmapping -DCMAKE_INSTALL_PREFIX=/home/sakshi/ClutterBot/src/install/openslam_gmapping
[9.259s] Invoking command in '/home/sakshi/ClutterBot/src/build/openslam_gmapping': CMAKE_PREFIX_PATH=${CMAKE_PREFIX_PATH}:/home/sakshi/ClutterBot/install/turtlebot3_teleop:/home/sakshi/ClutterBot/install/turtlebot3_example:/opt/ros/foxy /usr/bin/cmake --build /home/sakshi/ClutterBot/src/build/openslam_gmapping -- -j8 -l8
[9.388s] [35m[1mScanning dependencies of target utils[0m
[9.405s] [35m[1mScanning dependencies of target sensor_base[0m
[9.429s] [  4%] [32mBuilding CXX object utils/CMakeFiles/utils.dir/stat.cpp.o[0m
[9.431s] [  9%] [32mBuilding CXX object utils/CMakeFiles/utils.dir/movement.cpp.o[0m
[9.456s] [ 13%] [32mBuilding CXX object sensor/sensor_base/CMakeFiles/sensor_base.dir/sensor.cpp.o[0m
[9.461s] [ 18%] [32mBuilding CXX object sensor/sensor_base/CMakeFiles/sensor_base.dir/sensorreading.cpp.o[0m
[12.682s] [ 22%] [32m[1mLinking CXX static library libsensor_base.a[0m
[12.754s] [ 27%] [32m[1mLinking CXX static library libutils.a[0m
[12.955s] [ 27%] Built target utils
[12.957s] [ 27%] Built target sensor_base
[12.997s] [35m[1mScanning dependencies of target sensor_range[0m
[12.999s] [35m[1mScanning dependencies of target sensor_odometry[0m
[13.041s] [ 31%] [32mBuilding CXX object sensor/sensor_range/CMakeFiles/sensor_range.dir/rangereading.cpp.o[0m
[13.041s] [ 36%] [32mBuilding CXX object sensor/sensor_range/CMakeFiles/sensor_range.dir/rangesensor.cpp.o[0m
[13.046s] [ 45%] [32mBuilding CXX object sensor/sensor_odometry/CMakeFiles/sensor_odometry.dir/odometryreading.cpp.o[0m
[13.046s] [ 45%] [32mBuilding CXX object sensor/sensor_odometry/CMakeFiles/sensor_odometry.dir/odometrysensor.cpp.o[0m
[13.644s] [ 50%] [32m[1mLinking CXX static library libsensor_odometry.a[0m
[13.707s] [ 50%] Built target sensor_odometry
[14.095s] [ 54%] [32m[1mLinking CXX static library libsensor_range.a[0m
[14.139s] [ 54%] Built target sensor_range
[14.154s] [35m[1mScanning dependencies of target scanmatcher[0m
[14.178s] [ 59%] [32mBuilding CXX object scanmatcher/CMakeFiles/scanmatcher.dir/eig3.cpp.o[0m
[14.179s] [ 63%] [32mBuilding CXX object scanmatcher/CMakeFiles/scanmatcher.dir/scanmatcher.cpp.o[0m
[14.183s] [ 68%] [32mBuilding CXX object scanmatcher/CMakeFiles/scanmatcher.dir/smmap.cpp.o[0m
[14.188s] [ 72%] [32mBuilding CXX object scanmatcher/CMakeFiles/scanmatcher.dir/scanmatcherprocessor.cpp.o[0m
[16.630s] [ 77%] [32m[1mLinking CXX static library libscanmatcher.a[0m
[16.668s] [ 77%] Built target scanmatcher
[16.682s] [35m[1mScanning dependencies of target gridfastslam[0m
[16.700s] [ 90%] [32mBuilding CXX object gridfastslam/CMakeFiles/gridfastslam.dir/motionmodel.cpp.o[0m
[16.700s] [ 90%] [32mBuilding CXX object gridfastslam/CMakeFiles/gridfastslam.dir/gridslamprocessor_tree.cpp.o[0m
[16.700s] [ 90%] [32mBuilding CXX object gridfastslam/CMakeFiles/gridfastslam.dir/gfsreader.cpp.o[0m
[16.700s] [ 95%] [32mBuilding CXX object gridfastslam/CMakeFiles/gridfastslam.dir/gridslamprocessor.cpp.o[0m
[20.269s] [100%] [32m[1mLinking CXX static library libgridfastslam.a[0m
[20.489s] [100%] Built target gridfastslam
[20.563s] Invoked command in '/home/sakshi/ClutterBot/src/build/openslam_gmapping' returned '0': CMAKE_PREFIX_PATH=${CMAKE_PREFIX_PATH}:/home/sakshi/ClutterBot/install/turtlebot3_teleop:/home/sakshi/ClutterBot/install/turtlebot3_example:/opt/ros/foxy /usr/bin/cmake --build /home/sakshi/ClutterBot/src/build/openslam_gmapping -- -j8 -l8
[20.602s] Invoking command in '/home/sakshi/ClutterBot/src/build/openslam_gmapping': CMAKE_PREFIX_PATH=${CMAKE_PREFIX_PATH}:/home/sakshi/ClutterBot/install/turtlebot3_teleop:/home/sakshi/ClutterBot/install/turtlebot3_example:/opt/ros/foxy /usr/bin/cmake --install /home/sakshi/ClutterBot/src/build/openslam_gmapping
[20.612s] -- Install configuration: ""
[20.612s] -- Installing: /home/sakshi/ClutterBot/src/install/openslam_gmapping/share/openslam_gmapping/environment/library_path.sh
[20.613s] -- Installing: /home/sakshi/ClutterBot/src/install/openslam_gmapping/share/openslam_gmapping/environment/library_path.dsv
[20.613s] -- Installing: /home/sakshi/ClutterBot/src/install/openslam_gmapping/include/
[20.613s] -- Installing: /home/sakshi/ClutterBot/src/install/openslam_gmapping/include//gmapping
[20.613s] -- Installing: /home/sakshi/ClutterBot/src/install/openslam_gmapping/include//gmapping/sensor
[20.613s] -- Installing: /home/sakshi/ClutterBot/src/install/openslam_gmapping/include//gmapping/sensor/sensor_base
[20.613s] -- Installing: /home/sakshi/ClutterBot/src/install/openslam_gmapping/include//gmapping/sensor/sensor_base/sensorreading.h
[20.614s] -- Installing: /home/sakshi/ClutterBot/src/install/openslam_gmapping/include//gmapping/sensor/sensor_base/sensor.h
[20.614s] -- Installing: /home/sakshi/ClutterBot/src/install/openslam_gmapping/include//gmapping/sensor/sensor_odometry
[20.614s] -- Installing: /home/sakshi/ClutterBot/src/install/openslam_gmapping/include//gmapping/sensor/sensor_odometry/odometrysensor.h
[20.614s] -- Installing: /home/sakshi/ClutterBot/src/install/openslam_gmapping/include//gmapping/sensor/sensor_odometry/odometryreading.h
[20.614s] -- Installing: /home/sakshi/ClutterBot/src/install/openslam_gmapping/include//gmapping/sensor/sensor_range
[20.614s] -- Installing: /home/sakshi/ClutterBot/src/install/openslam_gmapping/include//gmapping/sensor/sensor_range/rangesensor.h
[20.614s] -- Installing: /home/sakshi/ClutterBot/src/install/openslam_gmapping/include//gmapping/sensor/sensor_range/rangereading.h
[20.614s] -- Installing: /home/sakshi/ClutterBot/src/install/openslam_gmapping/include//gmapping/gridfastslam
[20.614s] -- Installing: /home/sakshi/ClutterBot/src/install/openslam_gmapping/include//gmapping/gridfastslam/gridslamprocessor.h
[20.615s] -- Installing: /home/sakshi/ClutterBot/src/install/openslam_gmapping/include//gmapping/gridfastslam/motionmodel.h
[20.615s] -- Installing: /home/sakshi/ClutterBot/src/install/openslam_gmapping/include//gmapping/gridfastslam/gridslamprocessor.hxx
[20.615s] -- Installing: /home/sakshi/ClutterBot/src/install/openslam_gmapping/include//gmapping/particlefilter
[20.615s] -- Installing: /home/sakshi/ClutterBot/src/install/openslam_gmapping/include//gmapping/particlefilter/particlefilter.h
[20.615s] -- Installing: /home/sakshi/ClutterBot/src/install/openslam_gmapping/include//gmapping/utils
[20.615s] -- Installing: /home/sakshi/ClutterBot/src/install/openslam_gmapping/include//gmapping/utils/macro_params.h
[20.615s] -- Installing: /home/sakshi/ClutterBot/src/install/openslam_gmapping/include//gmapping/utils/autoptr.h
[20.616s] -- Installing: /home/sakshi/ClutterBot/src/install/openslam_gmapping/include//gmapping/utils/stat.h
[20.616s] -- Installing: /home/sakshi/ClutterBot/src/install/openslam_gmapping/include//gmapping/utils/point.h
[20.616s] -- Installing: /home/sakshi/ClutterBot/src/install/openslam_gmapping/include//gmapping/utils/commandline.h
[20.617s] -- Installing: /home/sakshi/ClutterBot/src/install/openslam_gmapping/include//gmapping/utils/gvalues.h
[20.617s] -- Installing: /home/sakshi/ClutterBot/src/install/openslam_gmapping/include//gmapping/scanmatcher
[20.617s] -- Installing: /home/sakshi/ClutterBot/src/install/openslam_gmapping/include//gmapping/scanmatcher/scanmatcher.h
[20.618s] -- Installing: /home/sakshi/ClutterBot/src/install/openslam_gmapping/include//gmapping/scanmatcher/icp.h
[20.618s] -- Installing: /home/sakshi/ClutterBot/src/install/openslam_gmapping/include//gmapping/scanmatcher/smmap.h
[20.618s] -- Installing: /home/sakshi/ClutterBot/src/install/openslam_gmapping/include//gmapping/log
[20.618s] -- Installing: /home/sakshi/ClutterBot/src/install/openslam_gmapping/include//gmapping/log/configuration.h
[20.618s] -- Installing: /home/sakshi/ClutterBot/src/install/openslam_gmapping/include//gmapping/log/sensorlog.h
[20.618s] -- Installing: /home/sakshi/ClutterBot/src/install/openslam_gmapping/include//gmapping/grid
[20.618s] -- Installing: /home/sakshi/ClutterBot/src/install/openslam_gmapping/include//gmapping/grid/accessstate.h
[20.618s] -- Installing: /home/sakshi/ClutterBot/src/install/openslam_gmapping/include//gmapping/grid/array2d.h
[20.619s] -- Installing: /home/sakshi/ClutterBot/src/install/openslam_gmapping/include//gmapping/grid/harray2d.h
[20.619s] -- Installing: /home/sakshi/ClutterBot/src/install/openslam_gmapping/include//gmapping/grid/map.h
[20.619s] -- Installing: /home/sakshi/ClutterBot/src/install/openslam_gmapping/share/ament_index/resource_index/package_run_dependencies/openslam_gmapping
[20.619s] -- Installing: /home/sakshi/ClutterBot/src/install/openslam_gmapping/share/ament_index/resource_index/parent_prefix_path/openslam_gmapping
[20.619s] -- Installing: /home/sakshi/ClutterBot/src/install/openslam_gmapping/share/openslam_gmapping/environment/ament_prefix_path.sh
[20.619s] -- Installing: /home/sakshi/ClutterBot/src/install/openslam_gmapping/share/openslam_gmapping/environment/ament_prefix_path.dsv
[20.619s] -- Installing: /home/sakshi/ClutterBot/src/install/openslam_gmapping/share/openslam_gmapping/environment/path.sh
[20.619s] -- Installing: /home/sakshi/ClutterBot/src/install/openslam_gmapping/share/openslam_gmapping/environment/path.dsv
[20.620s] -- Installing: /home/sakshi/ClutterBot/src/install/openslam_gmapping/share/openslam_gmapping/local_setup.bash
[20.620s] -- Installing: /home/sakshi/ClutterBot/src/install/openslam_gmapping/share/openslam_gmapping/local_setup.sh
[20.620s] -- Installing: /home/sakshi/ClutterBot/src/install/openslam_gmapping/share/openslam_gmapping/local_setup.zsh
[20.620s] -- Installing: /home/sakshi/ClutterBot/src/install/openslam_gmapping/share/openslam_gmapping/local_setup.dsv
[20.620s] -- Installing: /home/sakshi/ClutterBot/src/install/openslam_gmapping/share/openslam_gmapping/package.dsv
[20.620s] -- Installing: /home/sakshi/ClutterBot/src/install/openslam_gmapping/share/ament_index/resource_index/packages/openslam_gmapping
[20.620s] -- Installing: /home/sakshi/ClutterBot/src/install/openslam_gmapping/share/openslam_gmapping/cmake/ament_cmake_export_libraries-extras.cmake
[20.620s] -- Installing: /home/sakshi/ClutterBot/src/install/openslam_gmapping/share/openslam_gmapping/cmake/ament_cmake_export_include_directories-extras.cmake
[20.621s] -- Installing: /home/sakshi/ClutterBot/src/install/openslam_gmapping/share/openslam_gmapping/cmake/openslam_gmappingConfig.cmake
[20.621s] -- Installing: /home/sakshi/ClutterBot/src/install/openslam_gmapping/share/openslam_gmapping/cmake/openslam_gmappingConfig-version.cmake
[20.621s] -- Installing: /home/sakshi/ClutterBot/src/install/openslam_gmapping/share/openslam_gmapping/package.xml
[20.621s] -- Installing: /home/sakshi/ClutterBot/src/install/openslam_gmapping/lib/libgridfastslam.a
[20.621s] -- Installing: /home/sakshi/ClutterBot/src/install/openslam_gmapping/lib/libscanmatcher.a
[20.621s] -- Up-to-date: /home/sakshi/ClutterBot/src/install/openslam_gmapping/share/openslam_gmapping/environment/library_path.sh
[20.621s] -- Up-to-date: /home/sakshi/ClutterBot/src/install/openslam_gmapping/share/openslam_gmapping/environment/library_path.dsv
[20.621s] -- Installing: /home/sakshi/ClutterBot/src/install/openslam_gmapping/lib/libsensor_base.a
[20.621s] -- Up-to-date: /home/sakshi/ClutterBot/src/install/openslam_gmapping/share/openslam_gmapping/environment/library_path.sh
[20.622s] -- Up-to-date: /home/sakshi/ClutterBot/src/install/openslam_gmapping/share/openslam_gmapping/environment/library_path.dsv
[20.622s] -- Installing: /home/sakshi/ClutterBot/src/install/openslam_gmapping/lib/libsensor_odometry.a
[20.622s] -- Installing: /home/sakshi/ClutterBot/src/install/openslam_gmapping/lib/libsensor_range.a
[20.628s] -- Installing: /home/sakshi/ClutterBot/src/install/openslam_gmapping/lib/libutils.a
[20.629s] -- Up-to-date: /home/sakshi/ClutterBot/src/install/openslam_gmapping/share/openslam_gmapping/environment/library_path.sh
[20.631s] -- Up-to-date: /home/sakshi/ClutterBot/src/install/openslam_gmapping/share/openslam_gmapping/environment/library_path.dsv
[20.631s] Invoked command in '/home/sakshi/ClutterBot/src/build/openslam_gmapping' returned '0': CMAKE_PREFIX_PATH=${CMAKE_PREFIX_PATH}:/home/sakshi/ClutterBot/install/turtlebot3_teleop:/home/sakshi/ClutterBot/install/turtlebot3_example:/opt/ros/foxy /usr/bin/cmake --install /home/sakshi/ClutterBot/src/build/openslam_gmapping
