[0.382s] Invoking command in '/home/sakshi/ClutterBot/src/build/turtlebot3_cartographer': CMAKE_PREFIX_PATH=${CMAKE_PREFIX_PATH}:/home/sakshi/ClutterBot/install/turtlebot3_teleop:/home/sakshi/ClutterBot/install/turtlebot3_example:/opt/ros/foxy /usr/bin/cmake --build /home/sakshi/ClutterBot/src/build/turtlebot3_cartographer -- -j8 -l8
[1.129s] Invoked command in '/home/sakshi/ClutterBot/src/build/turtlebot3_cartographer' returned '0': CMAKE_PREFIX_PATH=${CMAKE_PREFIX_PATH}:/home/sakshi/ClutterBot/install/turtlebot3_teleop:/home/sakshi/ClutterBot/install/turtlebot3_example:/opt/ros/foxy /usr/bin/cmake --build /home/sakshi/ClutterBot/src/build/turtlebot3_cartographer -- -j8 -l8
[1.204s] Invoking command in '/home/sakshi/ClutterBot/src/build/turtlebot3_cartographer': CMAKE_PREFIX_PATH=${CMAKE_PREFIX_PATH}:/home/sakshi/ClutterBot/install/turtlebot3_teleop:/home/sakshi/ClutterBot/install/turtlebot3_example:/opt/ros/foxy /usr/bin/cmake --install /home/sakshi/ClutterBot/src/build/turtlebot3_cartographer
[1.313s] -- Install configuration: ""
[1.314s] -- Up-to-date: /home/sakshi/ClutterBot/src/install/turtlebot3_cartographer/share/turtlebot3_cartographer/config
[1.314s] -- Up-to-date: /home/sakshi/ClutterBot/src/install/turtlebot3_cartographer/share/turtlebot3_cartographer/config/turtlebot3_lds_2d.lua
[1.314s] -- Up-to-date: /home/sakshi/ClutterBot/src/install/turtlebot3_cartographer/share/turtlebot3_cartographer/launch
[1.314s] -- Up-to-date: /home/sakshi/ClutterBot/src/install/turtlebot3_cartographer/share/turtlebot3_cartographer/launch/occupancy_grid.launch.py
[1.315s] -- Up-to-date: /home/sakshi/ClutterBot/src/install/turtlebot3_cartographer/share/turtlebot3_cartographer/launch/cartographer.launch.py
[1.315s] -- Up-to-date: /home/sakshi/ClutterBot/src/install/turtlebot3_cartographer/share/turtlebot3_cartographer/rviz
[1.317s] -- Up-to-date: /home/sakshi/ClutterBot/src/install/turtlebot3_cartographer/share/turtlebot3_cartographer/rviz/tb3_cartographer.rviz
[1.318s] -- Up-to-date: /home/sakshi/ClutterBot/src/install/turtlebot3_cartographer/share/ament_index/resource_index/package_run_dependencies/turtlebot3_cartographer
[1.318s] -- Up-to-date: /home/sakshi/ClutterBot/src/install/turtlebot3_cartographer/share/ament_index/resource_index/parent_prefix_path/turtlebot3_cartographer
[1.318s] -- Up-to-date: /home/sakshi/ClutterBot/src/install/turtlebot3_cartographer/share/turtlebot3_cartographer/environment/ament_prefix_path.sh
[1.318s] -- Up-to-date: /home/sakshi/ClutterBot/src/install/turtlebot3_cartographer/share/turtlebot3_cartographer/environment/ament_prefix_path.dsv
[1.319s] -- Up-to-date: /home/sakshi/ClutterBot/src/install/turtlebot3_cartographer/share/turtlebot3_cartographer/environment/path.sh
[1.320s] -- Up-to-date: /home/sakshi/ClutterBot/src/install/turtlebot3_cartographer/share/turtlebot3_cartographer/environment/path.dsv
[1.327s] -- Up-to-date: /home/sakshi/ClutterBot/src/install/turtlebot3_cartographer/share/turtlebot3_cartographer/local_setup.bash
[1.330s] -- Up-to-date: /home/sakshi/ClutterBot/src/install/turtlebot3_cartographer/share/turtlebot3_cartographer/local_setup.sh
[1.331s] -- Up-to-date: /home/sakshi/ClutterBot/src/install/turtlebot3_cartographer/share/turtlebot3_cartographer/local_setup.zsh
[1.331s] -- Up-to-date: /home/sakshi/ClutterBot/src/install/turtlebot3_cartographer/share/turtlebot3_cartographer/local_setup.dsv
[1.331s] -- Installing: /home/sakshi/ClutterBot/src/install/turtlebot3_cartographer/share/turtlebot3_cartographer/package.dsv
[1.332s] -- Up-to-date: /home/sakshi/ClutterBot/src/install/turtlebot3_cartographer/share/ament_index/resource_index/packages/turtlebot3_cartographer
[1.332s] -- Up-to-date: /home/sakshi/ClutterBot/src/install/turtlebot3_cartographer/share/turtlebot3_cartographer/cmake/turtlebot3_cartographerConfig.cmake
[1.332s] -- Up-to-date: /home/sakshi/ClutterBot/src/install/turtlebot3_cartographer/share/turtlebot3_cartographer/cmake/turtlebot3_cartographerConfig-version.cmake
[1.343s] -- Up-to-date: /home/sakshi/ClutterBot/src/install/turtlebot3_cartographer/share/turtlebot3_cartographer/package.xml
[1.408s] Invoked command in '/home/sakshi/ClutterBot/src/build/turtlebot3_cartographer' returned '0': CMAKE_PREFIX_PATH=${CMAKE_PREFIX_PATH}:/home/sakshi/ClutterBot/install/turtlebot3_teleop:/home/sakshi/ClutterBot/install/turtlebot3_example:/opt/ros/foxy /usr/bin/cmake --install /home/sakshi/ClutterBot/src/build/turtlebot3_cartographer
