[0.103s] Invoking command in '/home/sakshi/ClutterBot/build/task': CMAKE_PREFIX_PATH=${CMAKE_PREFIX_PATH}:/home/sakshi/ClutterBot/install/turtlebot3_teleop:/home/sakshi/ClutterBot/install/turtlebot3_example:/opt/ros/foxy: /usr/bin/cmake --build /home/sakshi/ClutterBot/build/task -- -j8 -l8
[0.369s] [35m[1mScanning dependencies of target noisyodom[0m
[0.481s] [ 50%] [32mBuilding CXX object CMakeFiles/noisyodom.dir/src/noisyodom.cpp.o[0m
[34.968s] [100%] [32m[1mLinking CXX executable noisyodom[0m
[37.286s] [100%] Built target noisyodom
[37.355s] Invoked command in '/home/sakshi/ClutterBot/build/task' returned '0': CMAKE_PREFIX_PATH=${CMAKE_PREFIX_PATH}:/home/sakshi/ClutterBot/install/turtlebot3_teleop:/home/sakshi/ClutterBot/install/turtlebot3_example:/opt/ros/foxy: /usr/bin/cmake --build /home/sakshi/ClutterBot/build/task -- -j8 -l8
[37.566s] Invoking command in '/home/sakshi/ClutterBot/build/task': CMAKE_PREFIX_PATH=${CMAKE_PREFIX_PATH}:/home/sakshi/ClutterBot/install/turtlebot3_teleop:/home/sakshi/ClutterBot/install/turtlebot3_example:/opt/ros/foxy: /usr/bin/cmake --install /home/sakshi/ClutterBot/build/task
[37.630s] -- Install configuration: ""
[37.632s] -- Installing: /home/sakshi/ClutterBot/install/task/lib/task/noisyodom
[37.639s] -- Set runtime path of "/home/sakshi/ClutterBot/install/task/lib/task/noisyodom" to ""
[37.640s] -- Up-to-date: /home/sakshi/ClutterBot/install/task/share/ament_index/resource_index/package_run_dependencies/task
[37.645s] -- Up-to-date: /home/sakshi/ClutterBot/install/task/share/ament_index/resource_index/parent_prefix_path/task
[37.647s] -- Up-to-date: /home/sakshi/ClutterBot/install/task/share/task/environment/ament_prefix_path.sh
[37.647s] -- Up-to-date: /home/sakshi/ClutterBot/install/task/share/task/environment/ament_prefix_path.dsv
[37.648s] -- Up-to-date: /home/sakshi/ClutterBot/install/task/share/task/environment/path.sh
[37.649s] -- Up-to-date: /home/sakshi/ClutterBot/install/task/share/task/environment/path.dsv
[37.649s] -- Up-to-date: /home/sakshi/ClutterBot/install/task/share/task/local_setup.bash
[37.650s] -- Up-to-date: /home/sakshi/ClutterBot/install/task/share/task/local_setup.sh
[37.650s] -- Up-to-date: /home/sakshi/ClutterBot/install/task/share/task/local_setup.zsh
[37.650s] -- Up-to-date: /home/sakshi/ClutterBot/install/task/share/task/local_setup.dsv
[37.651s] -- Installing: /home/sakshi/ClutterBot/install/task/share/task/package.dsv
[37.652s] -- Up-to-date: /home/sakshi/ClutterBot/install/task/share/ament_index/resource_index/packages/task
[37.653s] -- Up-to-date: /home/sakshi/ClutterBot/install/task/share/task/cmake/taskConfig.cmake
[37.653s] -- Up-to-date: /home/sakshi/ClutterBot/install/task/share/task/cmake/taskConfig-version.cmake
[37.654s] -- Up-to-date: /home/sakshi/ClutterBot/install/task/share/task/package.xml
[37.667s] Invoked command in '/home/sakshi/ClutterBot/build/task' returned '0': CMAKE_PREFIX_PATH=${CMAKE_PREFIX_PATH}:/home/sakshi/ClutterBot/install/turtlebot3_teleop:/home/sakshi/ClutterBot/install/turtlebot3_example:/opt/ros/foxy: /usr/bin/cmake --install /home/sakshi/ClutterBot/build/task
