[0.383s] Invoking command in '/home/sakshi/ClutterBot/build/turtlebot3_gazebo': CMAKE_PREFIX_PATH=/home/sakshi/ClutterBot/install/turtlebot3_description:/home/sakshi/ClutterBot/install/turtlebot3:/home/sakshi/ClutterBot/install/turtlebot3_simulations:/home/sakshi/ClutterBot/install/turtlebot3_bringup:/home/sakshi/ClutterBot/install/turtlebot3_node:/home/sakshi/ClutterBot/install/turtlebot3_navigation2:/home/sakshi/ClutterBot/install/turtlebot3_fake_node:/home/sakshi/ClutterBot/install/turtlebot3_msgs:/home/sakshi/ClutterBot/install/turtlebot3_gazebo:/home/sakshi/ClutterBot/install/turtlebot3_cartographer:/home/sakshi/ClutterBot/install/task:/home/sakshi/ClutterBot/install/hls_lfcd_lds_driver:/home/sakshi/ClutterBot/install/dynamixel_sdk_examples:/home/sakshi/ClutterBot/install/dynamixel_sdk_custom_interfaces:/home/sakshi/ClutterBot/install/dynamixel_sdk:/home/sakshi/ClutterBot/install/turtlebot3_teleop:/home/sakshi/ClutterBot/install/turtlebot3_example:/opt/ros/foxy CONDA_PROMPT_MODIFIER=(base) /usr/bin/cmake --build /home/sakshi/ClutterBot/build/turtlebot3_gazebo -- -j8 -l8
[4.742s] [ 25%] Built target turtlebot3_drive
[7.515s] [ 50%] Built target obstacle1
[7.521s] [ 87%] Built target obstacles
[7.522s] [100%] Built target obstacle2
[7.536s] Invoked command in '/home/sakshi/ClutterBot/build/turtlebot3_gazebo' returned '0': CMAKE_PREFIX_PATH=/home/sakshi/ClutterBot/install/turtlebot3_description:/home/sakshi/ClutterBot/install/turtlebot3:/home/sakshi/ClutterBot/install/turtlebot3_simulations:/home/sakshi/ClutterBot/install/turtlebot3_bringup:/home/sakshi/ClutterBot/install/turtlebot3_node:/home/sakshi/ClutterBot/install/turtlebot3_navigation2:/home/sakshi/ClutterBot/install/turtlebot3_fake_node:/home/sakshi/ClutterBot/install/turtlebot3_msgs:/home/sakshi/ClutterBot/install/turtlebot3_gazebo:/home/sakshi/ClutterBot/install/turtlebot3_cartographer:/home/sakshi/ClutterBot/install/task:/home/sakshi/ClutterBot/install/hls_lfcd_lds_driver:/home/sakshi/ClutterBot/install/dynamixel_sdk_examples:/home/sakshi/ClutterBot/install/dynamixel_sdk_custom_interfaces:/home/sakshi/ClutterBot/install/dynamixel_sdk:/home/sakshi/ClutterBot/install/turtlebot3_teleop:/home/sakshi/ClutterBot/install/turtlebot3_example:/opt/ros/foxy CONDA_PROMPT_MODIFIER=(base) /usr/bin/cmake --build /home/sakshi/ClutterBot/build/turtlebot3_gazebo -- -j8 -l8
[7.563s] Invoking command in '/home/sakshi/ClutterBot/build/turtlebot3_gazebo': CMAKE_PREFIX_PATH=/home/sakshi/ClutterBot/install/turtlebot3_description:/home/sakshi/ClutterBot/install/turtlebot3:/home/sakshi/ClutterBot/install/turtlebot3_simulations:/home/sakshi/ClutterBot/install/turtlebot3_bringup:/home/sakshi/ClutterBot/install/turtlebot3_node:/home/sakshi/ClutterBot/install/turtlebot3_navigation2:/home/sakshi/ClutterBot/install/turtlebot3_fake_node:/home/sakshi/ClutterBot/install/turtlebot3_msgs:/home/sakshi/ClutterBot/install/turtlebot3_gazebo:/home/sakshi/ClutterBot/install/turtlebot3_cartographer:/home/sakshi/ClutterBot/install/task:/home/sakshi/ClutterBot/install/hls_lfcd_lds_driver:/home/sakshi/ClutterBot/install/dynamixel_sdk_examples:/home/sakshi/ClutterBot/install/dynamixel_sdk_custom_interfaces:/home/sakshi/ClutterBot/install/dynamixel_sdk:/home/sakshi/ClutterBot/install/turtlebot3_teleop:/home/sakshi/ClutterBot/install/turtlebot3_example:/opt/ros/foxy CONDA_PROMPT_MODIFIER=(base) /usr/bin/cmake --install /home/sakshi/ClutterBot/build/turtlebot3_gazebo
[7.647s] -- Install configuration: ""
[7.824s] -- Up-to-date: /home/sakshi/ClutterBot/install/turtlebot3_gazebo/lib/turtlebot3_gazebo/turtlebot3_drive
[7.825s] -- Up-to-date: /home/sakshi/ClutterBot/install/turtlebot3_gazebo/share/turtlebot3_gazebo//launch
[7.865s] -- Up-to-date: /home/sakshi/ClutterBot/install/turtlebot3_gazebo/share/turtlebot3_gazebo//launch/turtlebot3_dqn_stage2.launch.py
[7.865s] -- Up-to-date: /home/sakshi/ClutterBot/install/turtlebot3_gazebo/share/turtlebot3_gazebo//launch/empty_world.launch.py
[7.866s] -- Up-to-date: /home/sakshi/ClutterBot/install/turtlebot3_gazebo/share/turtlebot3_gazebo//launch/turtlebot3_autorace.launch.py
[7.866s] -- Up-to-date: /home/sakshi/ClutterBot/install/turtlebot3_gazebo/share/turtlebot3_gazebo//launch/turtlebot3_house.launch.py
[7.866s] -- Up-to-date: /home/sakshi/ClutterBot/install/turtlebot3_gazebo/share/turtlebot3_gazebo//launch/turtlebot3_dqn_stage4.launch.py
[7.866s] -- Up-to-date: /home/sakshi/ClutterBot/install/turtlebot3_gazebo/share/turtlebot3_gazebo//launch/turtlebot3_world.launch.py
[7.867s] -- Up-to-date: /home/sakshi/ClutterBot/install/turtlebot3_gazebo/share/turtlebot3_gazebo//launch/turtlebot3_dqn_stage3.launch.py
[7.867s] -- Up-to-date: /home/sakshi/ClutterBot/install/turtlebot3_gazebo/share/turtlebot3_gazebo//launch/robot_state_publisher.launch.py
[7.867s] -- Up-to-date: /home/sakshi/ClutterBot/install/turtlebot3_gazebo/share/turtlebot3_gazebo//launch/turtlebot3_dqn_stage1.launch.py
[7.867s] -- Up-to-date: /home/sakshi/ClutterBot/install/turtlebot3_gazebo/share/turtlebot3_gazebo//models
[7.868s] -- Up-to-date: /home/sakshi/ClutterBot/install/turtlebot3_gazebo/share/turtlebot3_gazebo//models/turtlebot3_house
[7.899s] -- Up-to-date: /home/sakshi/ClutterBot/install/turtlebot3_gazebo/share/turtlebot3_gazebo//models/turtlebot3_house/model.config
[7.899s] -- Up-to-date: /home/sakshi/ClutterBot/install/turtlebot3_gazebo/share/turtlebot3_gazebo//models/turtlebot3_house/model.sdf
[7.899s] -- Up-to-date: /home/sakshi/ClutterBot/install/turtlebot3_gazebo/share/turtlebot3_gazebo//models/turtlebot3_autorace
[7.909s] -- Up-to-date: /home/sakshi/ClutterBot/install/turtlebot3_gazebo/share/turtlebot3_gazebo//models/turtlebot3_autorace/model.config
[7.910s] -- Up-to-date: /home/sakshi/ClutterBot/install/turtlebot3_gazebo/share/turtlebot3_gazebo//models/turtlebot3_autorace/course
[7.910s] -- Up-to-date: /home/sakshi/ClutterBot/install/turtlebot3_gazebo/share/turtlebot3_gazebo//models/turtlebot3_autorace/course/model.config
[7.910s] -- Up-to-date: /home/sakshi/ClutterBot/install/turtlebot3_gazebo/share/turtlebot3_gazebo//models/turtlebot3_autorace/course/materials
[7.911s] -- Up-to-date: /home/sakshi/ClutterBot/install/turtlebot3_gazebo/share/turtlebot3_gazebo//models/turtlebot3_autorace/course/materials/scripts
[7.911s] -- Up-to-date: /home/sakshi/ClutterBot/install/turtlebot3_gazebo/share/turtlebot3_gazebo//models/turtlebot3_autorace/course/materials/scripts/course.material
[7.912s] -- Up-to-date: /home/sakshi/ClutterBot/install/turtlebot3_gazebo/share/turtlebot3_gazebo//models/turtlebot3_autorace/course/materials/textures
[7.912s] -- Up-to-date: /home/sakshi/ClutterBot/install/turtlebot3_gazebo/share/turtlebot3_gazebo//models/turtlebot3_autorace/course/materials/textures/course.png
[7.912s] -- Up-to-date: /home/sakshi/ClutterBot/install/turtlebot3_gazebo/share/turtlebot3_gazebo//models/turtlebot3_autorace/course/model.sdf
[7.912s] -- Up-to-date: /home/sakshi/ClutterBot/install/turtlebot3_gazebo/share/turtlebot3_gazebo//models/turtlebot3_autorace/traffic_stop
[7.919s] -- Up-to-date: /home/sakshi/ClutterBot/install/turtlebot3_gazebo/share/turtlebot3_gazebo//models/turtlebot3_autorace/traffic_stop/model.config
[7.919s] -- Up-to-date: /home/sakshi/ClutterBot/install/turtlebot3_gazebo/share/turtlebot3_gazebo//models/turtlebot3_autorace/traffic_stop/materials
[7.920s] -- Up-to-date: /home/sakshi/ClutterBot/install/turtlebot3_gazebo/share/turtlebot3_gazebo//models/turtlebot3_autorace/traffic_stop/materials/scripts
[7.927s] -- Up-to-date: /home/sakshi/ClutterBot/install/turtlebot3_gazebo/share/turtlebot3_gazebo//models/turtlebot3_autorace/traffic_stop/materials/scripts/traffic_stop.material
[7.927s] -- Up-to-date: /home/sakshi/ClutterBot/install/turtlebot3_gazebo/share/turtlebot3_gazebo//models/turtlebot3_autorace/traffic_stop/materials/textures
[7.928s] -- Up-to-date: /home/sakshi/ClutterBot/install/turtlebot3_gazebo/share/turtlebot3_gazebo//models/turtlebot3_autorace/traffic_stop/materials/textures/traffic_stop.png
[7.928s] -- Up-to-date: /home/sakshi/ClutterBot/install/turtlebot3_gazebo/share/turtlebot3_gazebo//models/turtlebot3_autorace/traffic_stop/model.sdf
[7.928s] -- Up-to-date: /home/sakshi/ClutterBot/install/turtlebot3_gazebo/share/turtlebot3_gazebo//models/turtlebot3_autorace/traffic_light_red
[7.928s] -- Up-to-date: /home/sakshi/ClutterBot/install/turtlebot3_gazebo/share/turtlebot3_gazebo//models/turtlebot3_autorace/traffic_light_red/model.config
[7.929s] -- Up-to-date: /home/sakshi/ClutterBot/install/turtlebot3_gazebo/share/turtlebot3_gazebo//models/turtlebot3_autorace/traffic_light_red/model.sdf
[7.929s] -- Up-to-date: /home/sakshi/ClutterBot/install/turtlebot3_gazebo/share/turtlebot3_gazebo//models/turtlebot3_autorace/ground
[7.929s] -- Up-to-date: /home/sakshi/ClutterBot/install/turtlebot3_gazebo/share/turtlebot3_gazebo//models/turtlebot3_autorace/ground/model.config
[7.929s] -- Up-to-date: /home/sakshi/ClutterBot/install/turtlebot3_gazebo/share/turtlebot3_gazebo//models/turtlebot3_autorace/ground/model.sdf
[7.929s] -- Up-to-date: /home/sakshi/ClutterBot/install/turtlebot3_gazebo/share/turtlebot3_gazebo//models/turtlebot3_autorace/lights
[7.930s] -- Up-to-date: /home/sakshi/ClutterBot/install/turtlebot3_gazebo/share/turtlebot3_gazebo//models/turtlebot3_autorace/lights/model.config
[7.930s] -- Up-to-date: /home/sakshi/ClutterBot/install/turtlebot3_gazebo/share/turtlebot3_gazebo//models/turtlebot3_autorace/lights/model.sdf
[7.930s] -- Up-to-date: /home/sakshi/ClutterBot/install/turtlebot3_gazebo/share/turtlebot3_gazebo//models/turtlebot3_autorace/traffic_tunnel
[7.930s] -- Up-to-date: /home/sakshi/ClutterBot/install/turtlebot3_gazebo/share/turtlebot3_gazebo//models/turtlebot3_autorace/traffic_tunnel/model.config
[7.930s] -- Up-to-date: /home/sakshi/ClutterBot/install/turtlebot3_gazebo/share/turtlebot3_gazebo//models/turtlebot3_autorace/traffic_tunnel/materials
[7.930s] -- Up-to-date: /home/sakshi/ClutterBot/install/turtlebot3_gazebo/share/turtlebot3_gazebo//models/turtlebot3_autorace/traffic_tunnel/materials/scripts
[7.930s] -- Up-to-date: /home/sakshi/ClutterBot/install/turtlebot3_gazebo/share/turtlebot3_gazebo//models/turtlebot3_autorace/traffic_tunnel/materials/scripts/tunnel.material
[7.930s] -- Up-to-date: /home/sakshi/ClutterBot/install/turtlebot3_gazebo/share/turtlebot3_gazebo//models/turtlebot3_autorace/traffic_tunnel/materials/textures
[7.995s] -- Up-to-date: /home/sakshi/ClutterBot/install/turtlebot3_gazebo/share/turtlebot3_gazebo//models/turtlebot3_autorace/traffic_tunnel/materials/textures/tunnel.png
[7.996s] -- Up-to-date: /home/sakshi/ClutterBot/install/turtlebot3_gazebo/share/turtlebot3_gazebo//models/turtlebot3_autorace/traffic_tunnel/model.sdf
[7.996s] -- Up-to-date: /home/sakshi/ClutterBot/install/turtlebot3_gazebo/share/turtlebot3_gazebo//models/turtlebot3_autorace/tunnel_obstacles
[7.996s] -- Up-to-date: /home/sakshi/ClutterBot/install/turtlebot3_gazebo/share/turtlebot3_gazebo//models/turtlebot3_autorace/tunnel_obstacles/model.config
[7.997s] -- Up-to-date: /home/sakshi/ClutterBot/install/turtlebot3_gazebo/share/turtlebot3_gazebo//models/turtlebot3_autorace/tunnel_obstacles/model.sdf
[7.997s] -- Up-to-date: /home/sakshi/ClutterBot/install/turtlebot3_gazebo/share/turtlebot3_gazebo//models/turtlebot3_autorace/traffic_light_green
[7.998s] -- Up-to-date: /home/sakshi/ClutterBot/install/turtlebot3_gazebo/share/turtlebot3_gazebo//models/turtlebot3_autorace/traffic_light_green/model.config
[7.998s] -- Up-to-date: /home/sakshi/ClutterBot/install/turtlebot3_gazebo/share/turtlebot3_gazebo//models/turtlebot3_autorace/traffic_light_green/model.sdf
[7.999s] -- Up-to-date: /home/sakshi/ClutterBot/install/turtlebot3_gazebo/share/turtlebot3_gazebo//models/turtlebot3_autorace/tunnel_wall
[7.999s] -- Up-to-date: /home/sakshi/ClutterBot/install/turtlebot3_gazebo/share/turtlebot3_gazebo//models/turtlebot3_autorace/tunnel_wall/model.config
[7.999s] -- Up-to-date: /home/sakshi/ClutterBot/install/turtlebot3_gazebo/share/turtlebot3_gazebo//models/turtlebot3_autorace/tunnel_wall/model.sdf
[8.000s] -- Up-to-date: /home/sakshi/ClutterBot/install/turtlebot3_gazebo/share/turtlebot3_gazebo//models/turtlebot3_autorace/traffic_light_yellow
[8.000s] -- Up-to-date: /home/sakshi/ClutterBot/install/turtlebot3_gazebo/share/turtlebot3_gazebo//models/turtlebot3_autorace/traffic_light_yellow/model.config
[8.000s] -- Up-to-date: /home/sakshi/ClutterBot/install/turtlebot3_gazebo/share/turtlebot3_gazebo//models/turtlebot3_autorace/traffic_light_yellow/model.sdf
[8.001s] -- Up-to-date: /home/sakshi/ClutterBot/install/turtlebot3_gazebo/share/turtlebot3_gazebo//models/turtlebot3_autorace/traffic_parking
[8.001s] -- Up-to-date: /home/sakshi/ClutterBot/install/turtlebot3_gazebo/share/turtlebot3_gazebo//models/turtlebot3_autorace/traffic_parking/model.config
[8.001s] -- Up-to-date: /home/sakshi/ClutterBot/install/turtlebot3_gazebo/share/turtlebot3_gazebo//models/turtlebot3_autorace/traffic_parking/materials
[8.002s] -- Up-to-date: /home/sakshi/ClutterBot/install/turtlebot3_gazebo/share/turtlebot3_gazebo//models/turtlebot3_autorace/traffic_parking/materials/scripts
[8.002s] -- Up-to-date: /home/sakshi/ClutterBot/install/turtlebot3_gazebo/share/turtlebot3_gazebo//models/turtlebot3_autorace/traffic_parking/materials/scripts/traffic_parking.material
[8.002s] -- Up-to-date: /home/sakshi/ClutterBot/install/turtlebot3_gazebo/share/turtlebot3_gazebo//models/turtlebot3_autorace/traffic_parking/materials/textures
[8.003s] -- Up-to-date: /home/sakshi/ClutterBot/install/turtlebot3_gazebo/share/turtlebot3_gazebo//models/turtlebot3_autorace/traffic_parking/materials/textures/traffic_parking.png
[8.003s] -- Up-to-date: /home/sakshi/ClutterBot/install/turtlebot3_gazebo/share/turtlebot3_gazebo//models/turtlebot3_autorace/traffic_parking/model.sdf
[8.003s] -- Up-to-date: /home/sakshi/ClutterBot/install/turtlebot3_gazebo/share/turtlebot3_gazebo//models/turtlebot3_autorace/traffic_bar_up
[8.004s] -- Up-to-date: /home/sakshi/ClutterBot/install/turtlebot3_gazebo/share/turtlebot3_gazebo//models/turtlebot3_autorace/traffic_bar_up/model.config
[8.004s] -- Up-to-date: /home/sakshi/ClutterBot/install/turtlebot3_gazebo/share/turtlebot3_gazebo//models/turtlebot3_autorace/traffic_bar_up/materials
[8.004s] -- Up-to-date: /home/sakshi/ClutterBot/install/turtlebot3_gazebo/share/turtlebot3_gazebo//models/turtlebot3_autorace/traffic_bar_up/materials/scripts
[8.005s] -- Up-to-date: /home/sakshi/ClutterBot/install/turtlebot3_gazebo/share/turtlebot3_gazebo//models/turtlebot3_autorace/traffic_bar_up/materials/scripts/traffic_bar.material
[8.005s] -- Up-to-date: /home/sakshi/ClutterBot/install/turtlebot3_gazebo/share/turtlebot3_gazebo//models/turtlebot3_autorace/traffic_bar_up/materials/textures
[8.005s] -- Up-to-date: /home/sakshi/ClutterBot/install/turtlebot3_gazebo/share/turtlebot3_gazebo//models/turtlebot3_autorace/traffic_bar_up/materials/textures/traffic_bar.png
[8.005s] -- Up-to-date: /home/sakshi/ClutterBot/install/turtlebot3_gazebo/share/turtlebot3_gazebo//models/turtlebot3_autorace/traffic_bar_up/model.sdf
[8.006s] -- Up-to-date: /home/sakshi/ClutterBot/install/turtlebot3_gazebo/share/turtlebot3_gazebo//models/turtlebot3_autorace/traffic_bar_down
[8.006s] -- Up-to-date: /home/sakshi/ClutterBot/install/turtlebot3_gazebo/share/turtlebot3_gazebo//models/turtlebot3_autorace/traffic_bar_down/model.config
[8.006s] -- Up-to-date: /home/sakshi/ClutterBot/install/turtlebot3_gazebo/share/turtlebot3_gazebo//models/turtlebot3_autorace/traffic_bar_down/materials
[8.007s] -- Up-to-date: /home/sakshi/ClutterBot/install/turtlebot3_gazebo/share/turtlebot3_gazebo//models/turtlebot3_autorace/traffic_bar_down/materials/scripts
[8.007s] -- Up-to-date: /home/sakshi/ClutterBot/install/turtlebot3_gazebo/share/turtlebot3_gazebo//models/turtlebot3_autorace/traffic_bar_down/materials/scripts/traffic_bar.material
[8.008s] -- Up-to-date: /home/sakshi/ClutterBot/install/turtlebot3_gazebo/share/turtlebot3_gazebo//models/turtlebot3_autorace/traffic_bar_down/materials/textures
[8.008s] -- Up-to-date: /home/sakshi/ClutterBot/install/turtlebot3_gazebo/share/turtlebot3_gazebo//models/turtlebot3_autorace/traffic_bar_down/materials/textures/traffic_bar.png
[8.008s] -- Up-to-date: /home/sakshi/ClutterBot/install/turtlebot3_gazebo/share/turtlebot3_gazebo//models/turtlebot3_autorace/traffic_bar_down/model.sdf
[8.008s] -- Up-to-date: /home/sakshi/ClutterBot/install/turtlebot3_gazebo/share/turtlebot3_gazebo//models/turtlebot3_waffle_pi
[8.009s] -- Up-to-date: /home/sakshi/ClutterBot/install/turtlebot3_gazebo/share/turtlebot3_gazebo//models/turtlebot3_waffle_pi/model.config
[8.010s] -- Up-to-date: /home/sakshi/ClutterBot/install/turtlebot3_gazebo/share/turtlebot3_gazebo//models/turtlebot3_waffle_pi/model-1_4_.sdf
[8.010s] -- Up-to-date: /home/sakshi/ClutterBot/install/turtlebot3_gazebo/share/turtlebot3_gazebo//models/turtlebot3_waffle_pi/meshes
[8.010s] -- Up-to-date: /home/sakshi/ClutterBot/install/turtlebot3_gazebo/share/turtlebot3_gazebo//models/turtlebot3_waffle_pi/meshes/tire.dae
[8.010s] -- Up-to-date: /home/sakshi/ClutterBot/install/turtlebot3_gazebo/share/turtlebot3_gazebo//models/turtlebot3_waffle_pi/meshes/lds.dae
[8.011s] -- Up-to-date: /home/sakshi/ClutterBot/install/turtlebot3_gazebo/share/turtlebot3_gazebo//models/turtlebot3_waffle_pi/meshes/waffle_pi_base.dae
[8.011s] -- Up-to-date: /home/sakshi/ClutterBot/install/turtlebot3_gazebo/share/turtlebot3_gazebo//models/turtlebot3_waffle_pi/model.sdf
[8.011s] -- Up-to-date: /home/sakshi/ClutterBot/install/turtlebot3_gazebo/share/turtlebot3_gazebo//models/turtlebot3_burger
[8.011s] -- Up-to-date: /home/sakshi/ClutterBot/install/turtlebot3_gazebo/share/turtlebot3_gazebo//models/turtlebot3_burger/model.config
[8.012s] -- Up-to-date: /home/sakshi/ClutterBot/install/turtlebot3_gazebo/share/turtlebot3_gazebo//models/turtlebot3_burger/meshes
[8.012s] -- Up-to-date: /home/sakshi/ClutterBot/install/turtlebot3_gazebo/share/turtlebot3_gazebo//models/turtlebot3_burger/meshes/tire.dae
[8.012s] -- Up-to-date: /home/sakshi/ClutterBot/install/turtlebot3_gazebo/share/turtlebot3_gazebo//models/turtlebot3_burger/meshes/burger_base.dae
[8.012s] -- Up-to-date: /home/sakshi/ClutterBot/install/turtlebot3_gazebo/share/turtlebot3_gazebo//models/turtlebot3_burger/meshes/lds.dae
[8.013s] -- Up-to-date: /home/sakshi/ClutterBot/install/turtlebot3_gazebo/share/turtlebot3_gazebo//models/turtlebot3_burger/model-1_4.sdf
[8.013s] -- Up-to-date: /home/sakshi/ClutterBot/install/turtlebot3_gazebo/share/turtlebot3_gazebo//models/turtlebot3_burger/model.sdf
[8.013s] -- Up-to-date: /home/sakshi/ClutterBot/install/turtlebot3_gazebo/share/turtlebot3_gazebo//models/turtlebot3_waffle
[8.014s] -- Up-to-date: /home/sakshi/ClutterBot/install/turtlebot3_gazebo/share/turtlebot3_gazebo//models/turtlebot3_waffle/model.config
[8.014s] -- Up-to-date: /home/sakshi/ClutterBot/install/turtlebot3_gazebo/share/turtlebot3_gazebo//models/turtlebot3_waffle/meshes
[8.014s] -- Up-to-date: /home/sakshi/ClutterBot/install/turtlebot3_gazebo/share/turtlebot3_gazebo//models/turtlebot3_waffle/meshes/waffle_base.dae
[8.014s] -- Up-to-date: /home/sakshi/ClutterBot/install/turtlebot3_gazebo/share/turtlebot3_gazebo//models/turtlebot3_waffle/meshes/tire.dae
[8.015s] -- Up-to-date: /home/sakshi/ClutterBot/install/turtlebot3_gazebo/share/turtlebot3_gazebo//models/turtlebot3_waffle/meshes/r200.dae
[8.015s] -- Up-to-date: /home/sakshi/ClutterBot/install/turtlebot3_gazebo/share/turtlebot3_gazebo//models/turtlebot3_waffle/meshes/lds.dae
[8.015s] -- Up-to-date: /home/sakshi/ClutterBot/install/turtlebot3_gazebo/share/turtlebot3_gazebo//models/turtlebot3_waffle/model-1_4.sdf
[8.015s] -- Up-to-date: /home/sakshi/ClutterBot/install/turtlebot3_gazebo/share/turtlebot3_gazebo//models/turtlebot3_waffle/model.sdf
[8.016s] -- Up-to-date: /home/sakshi/ClutterBot/install/turtlebot3_gazebo/share/turtlebot3_gazebo//models/turtlebot3_dqn_world
[8.016s] -- Up-to-date: /home/sakshi/ClutterBot/install/turtlebot3_gazebo/share/turtlebot3_gazebo//models/turtlebot3_dqn_world/obstacle1
[8.048s] -- Up-to-date: /home/sakshi/ClutterBot/install/turtlebot3_gazebo/share/turtlebot3_gazebo//models/turtlebot3_dqn_world/obstacle1/model.config
[8.048s] -- Up-to-date: /home/sakshi/ClutterBot/install/turtlebot3_gazebo/share/turtlebot3_gazebo//models/turtlebot3_dqn_world/obstacle1/model.sdf
[8.048s] -- Up-to-date: /home/sakshi/ClutterBot/install/turtlebot3_gazebo/share/turtlebot3_gazebo//models/turtlebot3_dqn_world/model.config
[8.048s] -- Up-to-date: /home/sakshi/ClutterBot/install/turtlebot3_gazebo/share/turtlebot3_gazebo//models/turtlebot3_dqn_world/obstacle_plugin
[8.048s] -- Up-to-date: /home/sakshi/ClutterBot/install/turtlebot3_gazebo/share/turtlebot3_gazebo//models/turtlebot3_dqn_world/obstacle_plugin/obstacles.cc
[8.049s] -- Up-to-date: /home/sakshi/ClutterBot/install/turtlebot3_gazebo/share/turtlebot3_gazebo//models/turtlebot3_dqn_world/obstacle_plugin/obstacle1.cc
[8.049s] -- Up-to-date: /home/sakshi/ClutterBot/install/turtlebot3_gazebo/share/turtlebot3_gazebo//models/turtlebot3_dqn_world/obstacle_plugin/CMakeLists.txt
[8.049s] -- Up-to-date: /home/sakshi/ClutterBot/install/turtlebot3_gazebo/share/turtlebot3_gazebo//models/turtlebot3_dqn_world/obstacle_plugin/obstacle2.cc
[8.049s] -- Up-to-date: /home/sakshi/ClutterBot/install/turtlebot3_gazebo/share/turtlebot3_gazebo//models/turtlebot3_dqn_world/inner_walls
[8.056s] -- Up-to-date: /home/sakshi/ClutterBot/install/turtlebot3_gazebo/share/turtlebot3_gazebo//models/turtlebot3_dqn_world/inner_walls/model.config
[8.056s] -- Up-to-date: /home/sakshi/ClutterBot/install/turtlebot3_gazebo/share/turtlebot3_gazebo//models/turtlebot3_dqn_world/inner_walls/model.sdf
[8.056s] -- Up-to-date: /home/sakshi/ClutterBot/install/turtlebot3_gazebo/share/turtlebot3_gazebo//models/turtlebot3_dqn_world/obstacles
[8.056s] -- Up-to-date: /home/sakshi/ClutterBot/install/turtlebot3_gazebo/share/turtlebot3_gazebo//models/turtlebot3_dqn_world/obstacles/model.config
[8.056s] -- Up-to-date: /home/sakshi/ClutterBot/install/turtlebot3_gazebo/share/turtlebot3_gazebo//models/turtlebot3_dqn_world/obstacles/model.sdf
[8.056s] -- Up-to-date: /home/sakshi/ClutterBot/install/turtlebot3_gazebo/share/turtlebot3_gazebo//models/turtlebot3_dqn_world/goal_box
[8.063s] -- Up-to-date: /home/sakshi/ClutterBot/install/turtlebot3_gazebo/share/turtlebot3_gazebo//models/turtlebot3_dqn_world/goal_box/model.config
[8.063s] -- Up-to-date: /home/sakshi/ClutterBot/install/turtlebot3_gazebo/share/turtlebot3_gazebo//models/turtlebot3_dqn_world/goal_box/model.sdf
[8.063s] -- Up-to-date: /home/sakshi/ClutterBot/install/turtlebot3_gazebo/share/turtlebot3_gazebo//models/turtlebot3_dqn_world/model.sdf
[8.063s] -- Up-to-date: /home/sakshi/ClutterBot/install/turtlebot3_gazebo/share/turtlebot3_gazebo//models/turtlebot3_dqn_world/obstacle2
[8.063s] -- Up-to-date: /home/sakshi/ClutterBot/install/turtlebot3_gazebo/share/turtlebot3_gazebo//models/turtlebot3_dqn_world/obstacle2/model.config
[8.064s] -- Up-to-date: /home/sakshi/ClutterBot/install/turtlebot3_gazebo/share/turtlebot3_gazebo//models/turtlebot3_dqn_world/obstacle2/model.sdf
[8.064s] -- Up-to-date: /home/sakshi/ClutterBot/install/turtlebot3_gazebo/share/turtlebot3_gazebo//models/turtlebot3_world
[8.064s] -- Up-to-date: /home/sakshi/ClutterBot/install/turtlebot3_gazebo/share/turtlebot3_gazebo//models/turtlebot3_world/model.config
[8.064s] -- Up-to-date: /home/sakshi/ClutterBot/install/turtlebot3_gazebo/share/turtlebot3_gazebo//models/turtlebot3_world/meshes
[8.064s] -- Up-to-date: /home/sakshi/ClutterBot/install/turtlebot3_gazebo/share/turtlebot3_gazebo//models/turtlebot3_world/meshes/hexagon.dae
[8.064s] -- Up-to-date: /home/sakshi/ClutterBot/install/turtlebot3_gazebo/share/turtlebot3_gazebo//models/turtlebot3_world/meshes/wall.dae
[8.064s] -- Up-to-date: /home/sakshi/ClutterBot/install/turtlebot3_gazebo/share/turtlebot3_gazebo//models/turtlebot3_world/model-1_4.sdf
[8.064s] -- Up-to-date: /home/sakshi/ClutterBot/install/turtlebot3_gazebo/share/turtlebot3_gazebo//models/turtlebot3_world/model.sdf
[8.064s] -- Up-to-date: /home/sakshi/ClutterBot/install/turtlebot3_gazebo/share/turtlebot3_gazebo//rviz
[8.065s] -- Up-to-date: /home/sakshi/ClutterBot/install/turtlebot3_gazebo/share/turtlebot3_gazebo//rviz/tb3_gazebo.rviz
[8.065s] -- Up-to-date: /home/sakshi/ClutterBot/install/turtlebot3_gazebo/share/turtlebot3_gazebo//worlds
[8.065s] -- Up-to-date: /home/sakshi/ClutterBot/install/turtlebot3_gazebo/share/turtlebot3_gazebo//worlds/turtlebot3_dqn_stage2
[8.065s] -- Up-to-date: /home/sakshi/ClutterBot/install/turtlebot3_gazebo/share/turtlebot3_gazebo//worlds/turtlebot3_dqn_stage2/waffle_pi.model
[8.065s] -- Up-to-date: /home/sakshi/ClutterBot/install/turtlebot3_gazebo/share/turtlebot3_gazebo//worlds/turtlebot3_dqn_stage2/burger.model
[8.065s] -- Up-to-date: /home/sakshi/ClutterBot/install/turtlebot3_gazebo/share/turtlebot3_gazebo//worlds/turtlebot3_dqn_stage2/waffle.model
[8.065s] -- Up-to-date: /home/sakshi/ClutterBot/install/turtlebot3_gazebo/share/turtlebot3_gazebo//worlds/turtlebot3_houses
[8.094s] -- Up-to-date: /home/sakshi/ClutterBot/install/turtlebot3_gazebo/share/turtlebot3_gazebo//worlds/turtlebot3_houses/waffle_pi.model
[8.094s] -- Up-to-date: /home/sakshi/ClutterBot/install/turtlebot3_gazebo/share/turtlebot3_gazebo//worlds/turtlebot3_houses/burger.model
[8.094s] -- Up-to-date: /home/sakshi/ClutterBot/install/turtlebot3_gazebo/share/turtlebot3_gazebo//worlds/turtlebot3_houses/waffle.model
[8.094s] -- Up-to-date: /home/sakshi/ClutterBot/install/turtlebot3_gazebo/share/turtlebot3_gazebo//worlds/turtlebot3_dqn_stage3
[8.095s] -- Up-to-date: /home/sakshi/ClutterBot/install/turtlebot3_gazebo/share/turtlebot3_gazebo//worlds/turtlebot3_dqn_stage3/waffle_pi.model
[8.095s] -- Up-to-date: /home/sakshi/ClutterBot/install/turtlebot3_gazebo/share/turtlebot3_gazebo//worlds/turtlebot3_dqn_stage3/burger.model
[8.095s] -- Up-to-date: /home/sakshi/ClutterBot/install/turtlebot3_gazebo/share/turtlebot3_gazebo//worlds/turtlebot3_dqn_stage3/waffle.model
[8.095s] -- Up-to-date: /home/sakshi/ClutterBot/install/turtlebot3_gazebo/share/turtlebot3_gazebo//worlds/turtlebot3_dqn_stage4
[8.095s] -- Up-to-date: /home/sakshi/ClutterBot/install/turtlebot3_gazebo/share/turtlebot3_gazebo//worlds/turtlebot3_dqn_stage4/waffle_pi.model
[8.095s] -- Up-to-date: /home/sakshi/ClutterBot/install/turtlebot3_gazebo/share/turtlebot3_gazebo//worlds/turtlebot3_dqn_stage4/burger.model
[8.095s] -- Up-to-date: /home/sakshi/ClutterBot/install/turtlebot3_gazebo/share/turtlebot3_gazebo//worlds/turtlebot3_dqn_stage4/waffle.model
[8.095s] -- Up-to-date: /home/sakshi/ClutterBot/install/turtlebot3_gazebo/share/turtlebot3_gazebo//worlds/turtlebot3_worlds
[8.096s] -- Up-to-date: /home/sakshi/ClutterBot/install/turtlebot3_gazebo/share/turtlebot3_gazebo//worlds/turtlebot3_worlds/waffle_pi.model
[8.096s] -- Up-to-date: /home/sakshi/ClutterBot/install/turtlebot3_gazebo/share/turtlebot3_gazebo//worlds/turtlebot3_worlds/burger.model
[8.096s] -- Up-to-date: /home/sakshi/ClutterBot/install/turtlebot3_gazebo/share/turtlebot3_gazebo//worlds/turtlebot3_worlds/waffle.model
[8.096s] -- Up-to-date: /home/sakshi/ClutterBot/install/turtlebot3_gazebo/share/turtlebot3_gazebo//worlds/empty_worlds
[8.096s] -- Up-to-date: /home/sakshi/ClutterBot/install/turtlebot3_gazebo/share/turtlebot3_gazebo//worlds/empty_worlds/waffle_pi.model
[8.096s] -- Up-to-date: /home/sakshi/ClutterBot/install/turtlebot3_gazebo/share/turtlebot3_gazebo//worlds/empty_worlds/burger.model
[8.097s] -- Up-to-date: /home/sakshi/ClutterBot/install/turtlebot3_gazebo/share/turtlebot3_gazebo//worlds/empty_worlds/waffle.model
[8.097s] -- Up-to-date: /home/sakshi/ClutterBot/install/turtlebot3_gazebo/share/turtlebot3_gazebo//worlds/turtlebot3_dqn_stage1
[8.097s] -- Up-to-date: /home/sakshi/ClutterBot/install/turtlebot3_gazebo/share/turtlebot3_gazebo//worlds/turtlebot3_dqn_stage1/waffle_pi.model
[8.097s] -- Up-to-date: /home/sakshi/ClutterBot/install/turtlebot3_gazebo/share/turtlebot3_gazebo//worlds/turtlebot3_dqn_stage1/burger.model
[8.097s] -- Up-to-date: /home/sakshi/ClutterBot/install/turtlebot3_gazebo/share/turtlebot3_gazebo//worlds/turtlebot3_dqn_stage1/waffle.model
[8.097s] -- Up-to-date: /home/sakshi/ClutterBot/install/turtlebot3_gazebo/share/turtlebot3_gazebo//worlds/turtlebot3_autoraces
[8.097s] -- Up-to-date: /home/sakshi/ClutterBot/install/turtlebot3_gazebo/share/turtlebot3_gazebo//worlds/turtlebot3_autoraces/waffle_pi.model
[8.097s] -- Up-to-date: /home/sakshi/ClutterBot/install/turtlebot3_gazebo/share/turtlebot3_gazebo//worlds/turtlebot3_autoraces/burger.model
[8.097s] -- Up-to-date: /home/sakshi/ClutterBot/install/turtlebot3_gazebo/share/turtlebot3_gazebo//worlds/turtlebot3_autoraces/waffle.model
[8.097s] -- Up-to-date: /home/sakshi/ClutterBot/install/turtlebot3_gazebo/include/
[8.097s] -- Up-to-date: /home/sakshi/ClutterBot/install/turtlebot3_gazebo/include//turtlebot3_gazebo
[8.097s] -- Up-to-date: /home/sakshi/ClutterBot/install/turtlebot3_gazebo/include//turtlebot3_gazebo/turtlebot3_drive.hpp
[8.098s] -- Up-to-date: /home/sakshi/ClutterBot/install/turtlebot3_gazebo/share/ament_index/resource_index/package_run_dependencies/turtlebot3_gazebo
[8.098s] -- Up-to-date: /home/sakshi/ClutterBot/install/turtlebot3_gazebo/share/ament_index/resource_index/parent_prefix_path/turtlebot3_gazebo
[8.098s] -- Up-to-date: /home/sakshi/ClutterBot/install/turtlebot3_gazebo/share/turtlebot3_gazebo/environment/ament_prefix_path.sh
[8.098s] -- Up-to-date: /home/sakshi/ClutterBot/install/turtlebot3_gazebo/share/turtlebot3_gazebo/environment/ament_prefix_path.dsv
[8.098s] -- Up-to-date: /home/sakshi/ClutterBot/install/turtlebot3_gazebo/share/turtlebot3_gazebo/environment/path.sh
[8.098s] -- Up-to-date: /home/sakshi/ClutterBot/install/turtlebot3_gazebo/share/turtlebot3_gazebo/environment/path.dsv
[8.098s] -- Up-to-date: /home/sakshi/ClutterBot/install/turtlebot3_gazebo/share/turtlebot3_gazebo/local_setup.bash
[8.099s] -- Up-to-date: /home/sakshi/ClutterBot/install/turtlebot3_gazebo/share/turtlebot3_gazebo/local_setup.sh
[8.099s] -- Up-to-date: /home/sakshi/ClutterBot/install/turtlebot3_gazebo/share/turtlebot3_gazebo/local_setup.zsh
[8.099s] -- Up-to-date: /home/sakshi/ClutterBot/install/turtlebot3_gazebo/share/turtlebot3_gazebo/local_setup.dsv
[8.099s] -- Installing: /home/sakshi/ClutterBot/install/turtlebot3_gazebo/share/turtlebot3_gazebo/package.dsv
[8.169s] -- Up-to-date: /home/sakshi/ClutterBot/install/turtlebot3_gazebo/share/ament_index/resource_index/packages/turtlebot3_gazebo
[8.169s] -- Up-to-date: /home/sakshi/ClutterBot/install/turtlebot3_gazebo/share/turtlebot3_gazebo/cmake/ament_cmake_export_include_directories-extras.cmake
[8.170s] -- Up-to-date: /home/sakshi/ClutterBot/install/turtlebot3_gazebo/share/turtlebot3_gazebo/cmake/ament_cmake_export_dependencies-extras.cmake
[8.170s] -- Up-to-date: /home/sakshi/ClutterBot/install/turtlebot3_gazebo/share/turtlebot3_gazebo/cmake/turtlebot3_gazeboConfig.cmake
[8.170s] -- Up-to-date: /home/sakshi/ClutterBot/install/turtlebot3_gazebo/share/turtlebot3_gazebo/cmake/turtlebot3_gazeboConfig-version.cmake
[8.170s] -- Up-to-date: /home/sakshi/ClutterBot/install/turtlebot3_gazebo/share/turtlebot3_gazebo/package.xml
[8.183s] Invoked command in '/home/sakshi/ClutterBot/build/turtlebot3_gazebo' returned '0': CMAKE_PREFIX_PATH=/home/sakshi/ClutterBot/install/turtlebot3_description:/home/sakshi/ClutterBot/install/turtlebot3:/home/sakshi/ClutterBot/install/turtlebot3_simulations:/home/sakshi/ClutterBot/install/turtlebot3_bringup:/home/sakshi/ClutterBot/install/turtlebot3_node:/home/sakshi/ClutterBot/install/turtlebot3_navigation2:/home/sakshi/ClutterBot/install/turtlebot3_fake_node:/home/sakshi/ClutterBot/install/turtlebot3_msgs:/home/sakshi/ClutterBot/install/turtlebot3_gazebo:/home/sakshi/ClutterBot/install/turtlebot3_cartographer:/home/sakshi/ClutterBot/install/task:/home/sakshi/ClutterBot/install/hls_lfcd_lds_driver:/home/sakshi/ClutterBot/install/dynamixel_sdk_examples:/home/sakshi/ClutterBot/install/dynamixel_sdk_custom_interfaces:/home/sakshi/ClutterBot/install/dynamixel_sdk:/home/sakshi/ClutterBot/install/turtlebot3_teleop:/home/sakshi/ClutterBot/install/turtlebot3_example:/opt/ros/foxy CONDA_PROMPT_MODIFIER=(base) /usr/bin/cmake --install /home/sakshi/ClutterBot/build/turtlebot3_gazebo
