[0.017s] Invoking command in '/home/sakshi/ClutterBot/build/task': CMAKE_PREFIX_PATH=${CMAKE_PREFIX_PATH}:/home/sakshi/ClutterBot/install/turtlebot3_teleop:/home/sakshi/ClutterBot/install/turtlebot3_example:/opt/ros/foxy /usr/bin/cmake --build /home/sakshi/ClutterBot/build/task -- -j8 -l8
[0.046s] -- Found ament_cmake: 0.9.12 (/opt/ros/foxy/share/ament_cmake/cmake)
[0.071s] -- Using PYTHON_EXECUTABLE: /usr/bin/python3
[0.332s] -- Found rclcpp: 2.4.3 (/opt/ros/foxy/share/rclcpp/cmake)
[0.366s] -- Using all available rosidl_typesupport_c: rosidl_typesupport_fastrtps_c;rosidl_typesupport_introspection_c
[0.369s] -- Found rosidl_adapter: 1.3.1 (/opt/ros/foxy/share/rosidl_adapter/cmake)
[0.482s] -- Using all available rosidl_typesupport_cpp: rosidl_typesupport_fastrtps_cpp;rosidl_typesupport_introspection_cpp
[0.547s] -- Found rmw_implementation_cmake: 1.0.4 (/opt/ros/foxy/share/rmw_implementation_cmake/cmake)
[0.550s] -- Using RMW implementation 'rmw_fastrtps_cpp' as default
[0.701s] -- Found ament_lint_auto: 0.9.8 (/opt/ros/foxy/share/ament_lint_auto/cmake)
[0.764s] -- Added test 'copyright' to check source files copyright and LICENSE
[0.765s] -- Added test 'cppcheck' to perform static code analysis on C / C++ code
[0.765s] -- Configured cppcheck include dirs: $<BUILD_INTERFACE:/home/sakshi/ClutterBot/src/task/include>
[0.765s] -- Configured cppcheck exclude dirs and/or files: 
[0.766s] -- Added test 'cpplint' to check C / C++ code against the Google style
[0.766s] -- Configured cpplint exclude dirs and/or files: 
[0.766s] -- Added test 'lint_cmake' to check CMake code style
[0.767s] -- Added test 'uncrustify' to check C / C++ code style
[0.767s] -- Configured uncrustify additional arguments: 
[0.767s] -- Added test 'xmllint' to check XML markup files
[0.769s] -- Configuring done
[0.776s] -- Generating done
[0.777s] -- Build files have been written to: /home/sakshi/ClutterBot/build/task
[0.802s] [35m[1mScanning dependencies of target noisyodom[0m
[1.843s] [ 50%] [32mBuilding CXX object CMakeFiles/noisyodom.dir/src/noisyodom.cpp.o[0m
[5.974s] /home/sakshi/ClutterBot/src/task/src/noisyodom.cpp: In member function ‘void NoiseNode::odomCallback(nav_msgs::msg::Odometry_<std::allocator<void> >::SharedPtr)’:
[5.974s] /home/sakshi/ClutterBot/src/task/src/noisyodom.cpp:46:34: error: ‘toMsg’ is not a member of ‘tf2’
[5.974s]    46 |     tf.transform.rotation = tf2::toMsg(q);
[5.974s]       |                                  ^~~~~
[5.974s] /home/sakshi/ClutterBot/src/task/src/noisyodom.cpp: In member function ‘double NoiseNode::getNoise()’:
[5.974s] /home/sakshi/ClutterBot/src/task/src/noisyodom.cpp:53:17: error: ‘random_device’ in namespace ‘std’ does not name a type
[5.974s]    53 |     static std::random_device rd;
[5.975s]       |                 ^~~~~~~~~~~~~
[5.975s] /home/sakshi/ClutterBot/src/task/src/noisyodom.cpp:54:17: error: ‘mt19937’ in namespace ‘std’ does not name a type
[5.975s]    54 |     static std::mt19937 gen(rd());
[5.975s]       |                 ^~~~~~~
[5.975s] /home/sakshi/ClutterBot/src/task/src/noisyodom.cpp:55:17: error: ‘normal_distribution’ in namespace ‘std’ does not name a template type; did you mean ‘uniform_int_distribution’?
[5.975s]    55 |     static std::normal_distribution<> d(0.0, 0.1); // Mean 0, standard deviation 0.1
[5.975s]       |                 ^~~~~~~~~~~~~~~~~~~
[5.975s]       |                 uniform_int_distribution
[5.975s] /home/sakshi/ClutterBot/src/task/src/noisyodom.cpp:56:14: error: ‘gen’ was not declared in this scope
[5.975s]    56 |     return d(gen);
[5.975s]       |              ^~~
[5.975s] /home/sakshi/ClutterBot/src/task/src/noisyodom.cpp:56:12: error: ‘d’ was not declared in this scope
[5.976s]    56 |     return d(gen);
[5.976s]       |            ^
[5.976s] make[2]: *** [CMakeFiles/noisyodom.dir/build.make:63: CMakeFiles/noisyodom.dir/src/noisyodom.cpp.o] Error 1
[5.976s] make[1]: *** [CMakeFiles/Makefile2:78: CMakeFiles/noisyodom.dir/all] Error 2
[5.976s] make: *** [Makefile:141: all] Error 2
[5.977s] Invoked command in '/home/sakshi/ClutterBot/build/task' returned '2': CMAKE_PREFIX_PATH=${CMAKE_PREFIX_PATH}:/home/sakshi/ClutterBot/install/turtlebot3_teleop:/home/sakshi/ClutterBot/install/turtlebot3_example:/opt/ros/foxy /usr/bin/cmake --build /home/sakshi/ClutterBot/build/task -- -j8 -l8
