[0.262s] Invoking command in '/home/sakshi/ClutterBot/build/hls_lfcd_lds_driver': CMAKE_PREFIX_PATH=${CMAKE_PREFIX_PATH}:/home/sakshi/ClutterBot/install/turtlebot3_teleop:/home/sakshi/ClutterBot/install/turtlebot3_example:/opt/ros/foxy /usr/bin/cmake --build /home/sakshi/ClutterBot/build/hls_lfcd_lds_driver -- -j8 -l8
[2.322s] [100%] Built target hlds_laser_publisher
[2.328s] Invoked command in '/home/sakshi/ClutterBot/build/hls_lfcd_lds_driver' returned '0': CMAKE_PREFIX_PATH=${CMAKE_PREFIX_PATH}:/home/sakshi/ClutterBot/install/turtlebot3_teleop:/home/sakshi/ClutterBot/install/turtlebot3_example:/opt/ros/foxy /usr/bin/cmake --build /home/sakshi/ClutterBot/build/hls_lfcd_lds_driver -- -j8 -l8
[2.479s] Invoking command in '/home/sakshi/ClutterBot/build/hls_lfcd_lds_driver': CMAKE_PREFIX_PATH=${CMAKE_PREFIX_PATH}:/home/sakshi/ClutterBot/install/turtlebot3_teleop:/home/sakshi/ClutterBot/install/turtlebot3_example:/opt/ros/foxy /usr/bin/cmake --install /home/sakshi/ClutterBot/build/hls_lfcd_lds_driver
[2.546s] -- Install configuration: ""
[2.547s] -- Up-to-date: /home/sakshi/ClutterBot/install/hls_lfcd_lds_driver/share/hls_lfcd_lds_driver/launch
[2.548s] -- Up-to-date: /home/sakshi/ClutterBot/install/hls_lfcd_lds_driver/share/hls_lfcd_lds_driver/launch/hlds_laser.launch.py
[2.548s] -- Up-to-date: /home/sakshi/ClutterBot/install/hls_lfcd_lds_driver/share/hls_lfcd_lds_driver/launch/view_hlds_laser.launch.py
[2.548s] -- Up-to-date: /home/sakshi/ClutterBot/install/hls_lfcd_lds_driver/share/hls_lfcd_lds_driver/rviz
[2.548s] -- Up-to-date: /home/sakshi/ClutterBot/install/hls_lfcd_lds_driver/share/hls_lfcd_lds_driver/rviz/hlds_laser.rviz
[2.791s] -- Up-to-date: /home/sakshi/ClutterBot/install/hls_lfcd_lds_driver/lib/hls_lfcd_lds_driver/hlds_laser_publisher
[2.792s] -- Up-to-date: /home/sakshi/ClutterBot/install/hls_lfcd_lds_driver/share/ament_index/resource_index/package_run_dependencies/hls_lfcd_lds_driver
[2.792s] -- Up-to-date: /home/sakshi/ClutterBot/install/hls_lfcd_lds_driver/share/ament_index/resource_index/parent_prefix_path/hls_lfcd_lds_driver
[2.792s] -- Up-to-date: /home/sakshi/ClutterBot/install/hls_lfcd_lds_driver/share/hls_lfcd_lds_driver/environment/ament_prefix_path.sh
[2.792s] -- Up-to-date: /home/sakshi/ClutterBot/install/hls_lfcd_lds_driver/share/hls_lfcd_lds_driver/environment/ament_prefix_path.dsv
[2.792s] -- Up-to-date: /home/sakshi/ClutterBot/install/hls_lfcd_lds_driver/share/hls_lfcd_lds_driver/environment/path.sh
[2.792s] -- Up-to-date: /home/sakshi/ClutterBot/install/hls_lfcd_lds_driver/share/hls_lfcd_lds_driver/environment/path.dsv
[2.792s] -- Up-to-date: /home/sakshi/ClutterBot/install/hls_lfcd_lds_driver/share/hls_lfcd_lds_driver/local_setup.bash
[2.792s] -- Up-to-date: /home/sakshi/ClutterBot/install/hls_lfcd_lds_driver/share/hls_lfcd_lds_driver/local_setup.sh
[2.793s] -- Up-to-date: /home/sakshi/ClutterBot/install/hls_lfcd_lds_driver/share/hls_lfcd_lds_driver/local_setup.zsh
[2.793s] -- Up-to-date: /home/sakshi/ClutterBot/install/hls_lfcd_lds_driver/share/hls_lfcd_lds_driver/local_setup.dsv
[2.793s] -- Installing: /home/sakshi/ClutterBot/install/hls_lfcd_lds_driver/share/hls_lfcd_lds_driver/package.dsv
[2.794s] -- Up-to-date: /home/sakshi/ClutterBot/install/hls_lfcd_lds_driver/share/ament_index/resource_index/packages/hls_lfcd_lds_driver
[2.794s] -- Up-to-date: /home/sakshi/ClutterBot/install/hls_lfcd_lds_driver/share/hls_lfcd_lds_driver/cmake/ament_cmake_export_dependencies-extras.cmake
[2.794s] -- Up-to-date: /home/sakshi/ClutterBot/install/hls_lfcd_lds_driver/share/hls_lfcd_lds_driver/cmake/ament_cmake_export_include_directories-extras.cmake
[2.794s] -- Up-to-date: /home/sakshi/ClutterBot/install/hls_lfcd_lds_driver/share/hls_lfcd_lds_driver/cmake/hls_lfcd_lds_driverConfig.cmake
[2.794s] -- Up-to-date: /home/sakshi/ClutterBot/install/hls_lfcd_lds_driver/share/hls_lfcd_lds_driver/cmake/hls_lfcd_lds_driverConfig-version.cmake
[2.794s] -- Up-to-date: /home/sakshi/ClutterBot/install/hls_lfcd_lds_driver/share/hls_lfcd_lds_driver/package.xml
[2.871s] Invoked command in '/home/sakshi/ClutterBot/build/hls_lfcd_lds_driver' returned '0': CMAKE_PREFIX_PATH=${CMAKE_PREFIX_PATH}:/home/sakshi/ClutterBot/install/turtlebot3_teleop:/home/sakshi/ClutterBot/install/turtlebot3_example:/opt/ros/foxy /usr/bin/cmake --install /home/sakshi/ClutterBot/build/hls_lfcd_lds_driver
