[0.024s] Invoking command in '/home/sakshi/ClutterBot/build/task': CMAKE_PREFIX_PATH=${CMAKE_PREFIX_PATH}:/home/sakshi/ClutterBot/install/turtlebot3_teleop:/home/sakshi/ClutterBot/install/turtlebot3_example:/opt/ros/foxy: /usr/bin/cmake --build /home/sakshi/ClutterBot/build/task -- -j8 -l8
[0.207s] [35m[1mScanning dependencies of target noisyodom[0m
[0.252s] [ 50%] [32mBuilding CXX object CMakeFiles/noisyodom.dir/src/noisyodom.cpp.o[0m
[8.273s] [100%] [32m[1mLinking CXX executable noisyodom[0m
[8.786s] [100%] Built target noisyodom
[8.801s] Invoked command in '/home/sakshi/ClutterBot/build/task' returned '0': CMAKE_PREFIX_PATH=${CMAKE_PREFIX_PATH}:/home/sakshi/ClutterBot/install/turtlebot3_teleop:/home/sakshi/ClutterBot/install/turtlebot3_example:/opt/ros/foxy: /usr/bin/cmake --build /home/sakshi/ClutterBot/build/task -- -j8 -l8
[8.851s] Invoking command in '/home/sakshi/ClutterBot/build/task': CMAKE_PREFIX_PATH=${CMAKE_PREFIX_PATH}:/home/sakshi/ClutterBot/install/turtlebot3_teleop:/home/sakshi/ClutterBot/install/turtlebot3_example:/opt/ros/foxy: /usr/bin/cmake --install /home/sakshi/ClutterBot/build/task
[8.864s] -- Install configuration: ""
[8.864s] -- Installing: /home/sakshi/ClutterBot/install/task/lib/task/noisyodom
[8.868s] -- Set runtime path of "/home/sakshi/ClutterBot/install/task/lib/task/noisyodom" to ""
[8.868s] -- Up-to-date: /home/sakshi/ClutterBot/install/task/share/ament_index/resource_index/package_run_dependencies/task
[8.868s] -- Up-to-date: /home/sakshi/ClutterBot/install/task/share/ament_index/resource_index/parent_prefix_path/task
[8.868s] -- Up-to-date: /home/sakshi/ClutterBot/install/task/share/task/environment/ament_prefix_path.sh
[8.868s] -- Up-to-date: /home/sakshi/ClutterBot/install/task/share/task/environment/ament_prefix_path.dsv
[8.868s] -- Up-to-date: /home/sakshi/ClutterBot/install/task/share/task/environment/path.sh
[8.868s] -- Up-to-date: /home/sakshi/ClutterBot/install/task/share/task/environment/path.dsv
[8.869s] -- Up-to-date: /home/sakshi/ClutterBot/install/task/share/task/local_setup.bash
[8.869s] -- Up-to-date: /home/sakshi/ClutterBot/install/task/share/task/local_setup.sh
[8.869s] -- Up-to-date: /home/sakshi/ClutterBot/install/task/share/task/local_setup.zsh
[8.869s] -- Up-to-date: /home/sakshi/ClutterBot/install/task/share/task/local_setup.dsv
[8.869s] -- Installing: /home/sakshi/ClutterBot/install/task/share/task/package.dsv
[8.869s] -- Up-to-date: /home/sakshi/ClutterBot/install/task/share/ament_index/resource_index/packages/task
[8.869s] -- Up-to-date: /home/sakshi/ClutterBot/install/task/share/task/cmake/taskConfig.cmake
[8.869s] -- Up-to-date: /home/sakshi/ClutterBot/install/task/share/task/cmake/taskConfig-version.cmake
[8.870s] -- Up-to-date: /home/sakshi/ClutterBot/install/task/share/task/package.xml
[8.873s] Invoked command in '/home/sakshi/ClutterBot/build/task' returned '0': CMAKE_PREFIX_PATH=${CMAKE_PREFIX_PATH}:/home/sakshi/ClutterBot/install/turtlebot3_teleop:/home/sakshi/ClutterBot/install/turtlebot3_example:/opt/ros/foxy: /usr/bin/cmake --install /home/sakshi/ClutterBot/build/task
