[0.348s] Invoking command in '/home/sakshi/ClutterBot/src/build/dynamixel_sdk_custom_interfaces': CMAKE_PREFIX_PATH=${CMAKE_PREFIX_PATH}:/home/sakshi/ClutterBot/install/turtlebot3_teleop:/home/sakshi/ClutterBot/install/turtlebot3_example:/opt/ros/foxy /usr/bin/cmake --build /home/sakshi/ClutterBot/src/build/dynamixel_sdk_custom_interfaces -- -j8 -l8
[1.122s] [  2%] Built target dynamixel_sdk_custom_interfaces__cpp
[1.122s] [ 12%] Built target dynamixel_sdk_custom_interfaces__rosidl_generator_c
[1.123s] [ 23%] Built target dynamixel_sdk_custom_interfaces__rosidl_typesupport_cpp
[1.123s] [ 33%] Built target dynamixel_sdk_custom_interfaces__rosidl_typesupport_introspection_cpp
[1.124s] [ 43%] Built target dynamixel_sdk_custom_interfaces__rosidl_typesupport_introspection_c
[1.125s] [ 53%] Built target dynamixel_sdk_custom_interfaces__rosidl_typesupport_fastrtps_cpp
[1.125s] [ 64%] Built target dynamixel_sdk_custom_interfaces__rosidl_typesupport_c
[1.125s] [ 74%] Built target dynamixel_sdk_custom_interfaces__rosidl_typesupport_fastrtps_c
[1.125s] [ 74%] Built target dynamixel_sdk_custom_interfaces
[1.125s] [ 76%] Built target dynamixel_sdk_custom_interfaces__py
[1.125s] [ 84%] Built target dynamixel_sdk_custom_interfaces__python
[1.125s] [ 89%] Built target dynamixel_sdk_custom_interfaces__rosidl_typesupport_introspection_c__pyext
[1.125s] [ 94%] Built target dynamixel_sdk_custom_interfaces__rosidl_typesupport_c__pyext
[1.125s] [100%] Built target dynamixel_sdk_custom_interfaces__rosidl_typesupport_fastrtps_c__pyext
[1.133s] Invoked command in '/home/sakshi/ClutterBot/src/build/dynamixel_sdk_custom_interfaces' returned '0': CMAKE_PREFIX_PATH=${CMAKE_PREFIX_PATH}:/home/sakshi/ClutterBot/install/turtlebot3_teleop:/home/sakshi/ClutterBot/install/turtlebot3_example:/opt/ros/foxy /usr/bin/cmake --build /home/sakshi/ClutterBot/src/build/dynamixel_sdk_custom_interfaces -- -j8 -l8
[1.267s] Invoking command in '/home/sakshi/ClutterBot/src/build/dynamixel_sdk_custom_interfaces': CMAKE_PREFIX_PATH=${CMAKE_PREFIX_PATH}:/home/sakshi/ClutterBot/install/turtlebot3_teleop:/home/sakshi/ClutterBot/install/turtlebot3_example:/opt/ros/foxy /usr/bin/cmake --install /home/sakshi/ClutterBot/src/build/dynamixel_sdk_custom_interfaces
[1.362s] -- Install configuration: ""
[1.364s] -- Up-to-date: /home/sakshi/ClutterBot/src/install/dynamixel_sdk_custom_interfaces/share/ament_index/resource_index/rosidl_interfaces/dynamixel_sdk_custom_interfaces
[1.364s] -- Up-to-date: /home/sakshi/ClutterBot/src/install/dynamixel_sdk_custom_interfaces/include/dynamixel_sdk_custom_interfaces
[1.364s] -- Up-to-date: /home/sakshi/ClutterBot/src/install/dynamixel_sdk_custom_interfaces/include/dynamixel_sdk_custom_interfaces/msg
[1.364s] -- Up-to-date: /home/sakshi/ClutterBot/src/install/dynamixel_sdk_custom_interfaces/include/dynamixel_sdk_custom_interfaces/msg/rosidl_generator_c__visibility_control.h
[1.365s] -- Up-to-date: /home/sakshi/ClutterBot/src/install/dynamixel_sdk_custom_interfaces/include/dynamixel_sdk_custom_interfaces/msg/detail
[1.366s] -- Up-to-date: /home/sakshi/ClutterBot/src/install/dynamixel_sdk_custom_interfaces/include/dynamixel_sdk_custom_interfaces/msg/detail/set_position__type_support.h
[1.366s] -- Up-to-date: /home/sakshi/ClutterBot/src/install/dynamixel_sdk_custom_interfaces/include/dynamixel_sdk_custom_interfaces/msg/detail/set_position__functions.h
[1.367s] -- Up-to-date: /home/sakshi/ClutterBot/src/install/dynamixel_sdk_custom_interfaces/include/dynamixel_sdk_custom_interfaces/msg/detail/set_position__functions.c
[1.368s] -- Up-to-date: /home/sakshi/ClutterBot/src/install/dynamixel_sdk_custom_interfaces/include/dynamixel_sdk_custom_interfaces/msg/detail/set_position__struct.h
[1.368s] -- Up-to-date: /home/sakshi/ClutterBot/src/install/dynamixel_sdk_custom_interfaces/include/dynamixel_sdk_custom_interfaces/msg/set_position.h
[1.372s] -- Up-to-date: /home/sakshi/ClutterBot/src/install/dynamixel_sdk_custom_interfaces/include/dynamixel_sdk_custom_interfaces/srv
[1.373s] -- Up-to-date: /home/sakshi/ClutterBot/src/install/dynamixel_sdk_custom_interfaces/include/dynamixel_sdk_custom_interfaces/srv/get_position.h
[1.375s] -- Up-to-date: /home/sakshi/ClutterBot/src/install/dynamixel_sdk_custom_interfaces/include/dynamixel_sdk_custom_interfaces/srv/detail
[1.375s] -- Up-to-date: /home/sakshi/ClutterBot/src/install/dynamixel_sdk_custom_interfaces/include/dynamixel_sdk_custom_interfaces/srv/detail/get_position__functions.c
[1.376s] -- Up-to-date: /home/sakshi/ClutterBot/src/install/dynamixel_sdk_custom_interfaces/include/dynamixel_sdk_custom_interfaces/srv/detail/get_position__functions.h
[1.376s] -- Up-to-date: /home/sakshi/ClutterBot/src/install/dynamixel_sdk_custom_interfaces/include/dynamixel_sdk_custom_interfaces/srv/detail/get_position__struct.h
[1.376s] -- Up-to-date: /home/sakshi/ClutterBot/src/install/dynamixel_sdk_custom_interfaces/include/dynamixel_sdk_custom_interfaces/srv/detail/get_position__type_support.h
[1.379s] -- Up-to-date: /home/sakshi/ClutterBot/src/install/dynamixel_sdk_custom_interfaces/share/dynamixel_sdk_custom_interfaces/environment/library_path.sh
[1.379s] -- Up-to-date: /home/sakshi/ClutterBot/src/install/dynamixel_sdk_custom_interfaces/share/dynamixel_sdk_custom_interfaces/environment/library_path.dsv
[1.380s] -- Up-to-date: /home/sakshi/ClutterBot/src/install/dynamixel_sdk_custom_interfaces/lib/libdynamixel_sdk_custom_interfaces__rosidl_generator_c.so
[1.380s] -- Up-to-date: /home/sakshi/ClutterBot/src/install/dynamixel_sdk_custom_interfaces/include/dynamixel_sdk_custom_interfaces
[1.380s] -- Up-to-date: /home/sakshi/ClutterBot/src/install/dynamixel_sdk_custom_interfaces/include/dynamixel_sdk_custom_interfaces/msg
[1.380s] -- Up-to-date: /home/sakshi/ClutterBot/src/install/dynamixel_sdk_custom_interfaces/include/dynamixel_sdk_custom_interfaces/msg/rosidl_typesupport_fastrtps_c__visibility_control.h
[1.380s] -- Up-to-date: /home/sakshi/ClutterBot/src/install/dynamixel_sdk_custom_interfaces/include/dynamixel_sdk_custom_interfaces/msg/detail
[1.387s] -- Up-to-date: /home/sakshi/ClutterBot/src/install/dynamixel_sdk_custom_interfaces/include/dynamixel_sdk_custom_interfaces/msg/detail/set_position__rosidl_typesupport_fastrtps_c.h
[1.388s] -- Up-to-date: /home/sakshi/ClutterBot/src/install/dynamixel_sdk_custom_interfaces/include/dynamixel_sdk_custom_interfaces/srv
[1.389s] -- Up-to-date: /home/sakshi/ClutterBot/src/install/dynamixel_sdk_custom_interfaces/include/dynamixel_sdk_custom_interfaces/srv/detail
[1.389s] -- Up-to-date: /home/sakshi/ClutterBot/src/install/dynamixel_sdk_custom_interfaces/include/dynamixel_sdk_custom_interfaces/srv/detail/get_position__rosidl_typesupport_fastrtps_c.h
[1.395s] -- Up-to-date: /home/sakshi/ClutterBot/src/install/dynamixel_sdk_custom_interfaces/lib/libdynamixel_sdk_custom_interfaces__rosidl_typesupport_fastrtps_c.so
[1.397s] -- Up-to-date: /home/sakshi/ClutterBot/src/install/dynamixel_sdk_custom_interfaces/include/dynamixel_sdk_custom_interfaces
[1.397s] -- Up-to-date: /home/sakshi/ClutterBot/src/install/dynamixel_sdk_custom_interfaces/include/dynamixel_sdk_custom_interfaces/msg
[1.397s] -- Up-to-date: /home/sakshi/ClutterBot/src/install/dynamixel_sdk_custom_interfaces/include/dynamixel_sdk_custom_interfaces/msg/detail
[1.397s] -- Up-to-date: /home/sakshi/ClutterBot/src/install/dynamixel_sdk_custom_interfaces/include/dynamixel_sdk_custom_interfaces/msg/detail/set_position__rosidl_typesupport_fastrtps_cpp.hpp
[1.398s] -- Up-to-date: /home/sakshi/ClutterBot/src/install/dynamixel_sdk_custom_interfaces/include/dynamixel_sdk_custom_interfaces/msg/detail/dds_fastrtps
[1.398s] -- Up-to-date: /home/sakshi/ClutterBot/src/install/dynamixel_sdk_custom_interfaces/include/dynamixel_sdk_custom_interfaces/msg/rosidl_typesupport_fastrtps_cpp__visibility_control.h
[1.398s] -- Up-to-date: /home/sakshi/ClutterBot/src/install/dynamixel_sdk_custom_interfaces/include/dynamixel_sdk_custom_interfaces/srv
[1.402s] -- Up-to-date: /home/sakshi/ClutterBot/src/install/dynamixel_sdk_custom_interfaces/include/dynamixel_sdk_custom_interfaces/srv/detail
[1.402s] -- Up-to-date: /home/sakshi/ClutterBot/src/install/dynamixel_sdk_custom_interfaces/include/dynamixel_sdk_custom_interfaces/srv/detail/get_position__rosidl_typesupport_fastrtps_cpp.hpp
[1.403s] -- Up-to-date: /home/sakshi/ClutterBot/src/install/dynamixel_sdk_custom_interfaces/include/dynamixel_sdk_custom_interfaces/srv/detail/dds_fastrtps
[1.403s] -- Up-to-date: /home/sakshi/ClutterBot/src/install/dynamixel_sdk_custom_interfaces/lib/libdynamixel_sdk_custom_interfaces__rosidl_typesupport_fastrtps_cpp.so
[1.405s] -- Up-to-date: /home/sakshi/ClutterBot/src/install/dynamixel_sdk_custom_interfaces/include/dynamixel_sdk_custom_interfaces
[1.406s] -- Up-to-date: /home/sakshi/ClutterBot/src/install/dynamixel_sdk_custom_interfaces/include/dynamixel_sdk_custom_interfaces/msg
[1.409s] -- Up-to-date: /home/sakshi/ClutterBot/src/install/dynamixel_sdk_custom_interfaces/include/dynamixel_sdk_custom_interfaces/msg/rosidl_typesupport_introspection_c__visibility_control.h
[1.409s] -- Up-to-date: /home/sakshi/ClutterBot/src/install/dynamixel_sdk_custom_interfaces/include/dynamixel_sdk_custom_interfaces/msg/detail
[1.410s] -- Up-to-date: /home/sakshi/ClutterBot/src/install/dynamixel_sdk_custom_interfaces/include/dynamixel_sdk_custom_interfaces/msg/detail/set_position__rosidl_typesupport_introspection_c.h
[1.410s] -- Up-to-date: /home/sakshi/ClutterBot/src/install/dynamixel_sdk_custom_interfaces/include/dynamixel_sdk_custom_interfaces/msg/detail/set_position__type_support.c
[1.412s] -- Up-to-date: /home/sakshi/ClutterBot/src/install/dynamixel_sdk_custom_interfaces/include/dynamixel_sdk_custom_interfaces/srv
[1.412s] -- Up-to-date: /home/sakshi/ClutterBot/src/install/dynamixel_sdk_custom_interfaces/include/dynamixel_sdk_custom_interfaces/srv/detail
[1.412s] -- Up-to-date: /home/sakshi/ClutterBot/src/install/dynamixel_sdk_custom_interfaces/include/dynamixel_sdk_custom_interfaces/srv/detail/get_position__rosidl_typesupport_introspection_c.h
[1.412s] -- Up-to-date: /home/sakshi/ClutterBot/src/install/dynamixel_sdk_custom_interfaces/include/dynamixel_sdk_custom_interfaces/srv/detail/get_position__type_support.c
[1.413s] -- Up-to-date: /home/sakshi/ClutterBot/src/install/dynamixel_sdk_custom_interfaces/lib/libdynamixel_sdk_custom_interfaces__rosidl_typesupport_introspection_c.so
[1.413s] -- Up-to-date: /home/sakshi/ClutterBot/src/install/dynamixel_sdk_custom_interfaces/lib/libdynamixel_sdk_custom_interfaces__rosidl_typesupport_c.so
[1.413s] -- Up-to-date: /home/sakshi/ClutterBot/src/install/dynamixel_sdk_custom_interfaces/include/dynamixel_sdk_custom_interfaces
[1.413s] -- Up-to-date: /home/sakshi/ClutterBot/src/install/dynamixel_sdk_custom_interfaces/include/dynamixel_sdk_custom_interfaces/msg
[1.414s] -- Up-to-date: /home/sakshi/ClutterBot/src/install/dynamixel_sdk_custom_interfaces/include/dynamixel_sdk_custom_interfaces/msg/set_position.hpp
[1.414s] -- Up-to-date: /home/sakshi/ClutterBot/src/install/dynamixel_sdk_custom_interfaces/include/dynamixel_sdk_custom_interfaces/msg/detail
[1.414s] -- Up-to-date: /home/sakshi/ClutterBot/src/install/dynamixel_sdk_custom_interfaces/include/dynamixel_sdk_custom_interfaces/msg/detail/set_position__traits.hpp
[1.414s] -- Up-to-date: /home/sakshi/ClutterBot/src/install/dynamixel_sdk_custom_interfaces/include/dynamixel_sdk_custom_interfaces/msg/detail/set_position__type_support.hpp
[1.414s] -- Up-to-date: /home/sakshi/ClutterBot/src/install/dynamixel_sdk_custom_interfaces/include/dynamixel_sdk_custom_interfaces/msg/detail/set_position__builder.hpp
[1.415s] -- Up-to-date: /home/sakshi/ClutterBot/src/install/dynamixel_sdk_custom_interfaces/include/dynamixel_sdk_custom_interfaces/msg/detail/set_position__struct.hpp
[1.416s] -- Up-to-date: /home/sakshi/ClutterBot/src/install/dynamixel_sdk_custom_interfaces/include/dynamixel_sdk_custom_interfaces/msg/rosidl_generator_cpp__visibility_control.hpp
[1.416s] -- Up-to-date: /home/sakshi/ClutterBot/src/install/dynamixel_sdk_custom_interfaces/include/dynamixel_sdk_custom_interfaces/srv
[1.416s] -- Up-to-date: /home/sakshi/ClutterBot/src/install/dynamixel_sdk_custom_interfaces/include/dynamixel_sdk_custom_interfaces/srv/detail
[1.416s] -- Up-to-date: /home/sakshi/ClutterBot/src/install/dynamixel_sdk_custom_interfaces/include/dynamixel_sdk_custom_interfaces/srv/detail/get_position__builder.hpp
[1.416s] -- Up-to-date: /home/sakshi/ClutterBot/src/install/dynamixel_sdk_custom_interfaces/include/dynamixel_sdk_custom_interfaces/srv/detail/get_position__type_support.hpp
[1.416s] -- Up-to-date: /home/sakshi/ClutterBot/src/install/dynamixel_sdk_custom_interfaces/include/dynamixel_sdk_custom_interfaces/srv/detail/get_position__traits.hpp
[1.417s] -- Up-to-date: /home/sakshi/ClutterBot/src/install/dynamixel_sdk_custom_interfaces/include/dynamixel_sdk_custom_interfaces/srv/detail/get_position__struct.hpp
[1.417s] -- Up-to-date: /home/sakshi/ClutterBot/src/install/dynamixel_sdk_custom_interfaces/include/dynamixel_sdk_custom_interfaces/srv/get_position.hpp
[1.418s] -- Up-to-date: /home/sakshi/ClutterBot/src/install/dynamixel_sdk_custom_interfaces/include/dynamixel_sdk_custom_interfaces
[1.418s] -- Up-to-date: /home/sakshi/ClutterBot/src/install/dynamixel_sdk_custom_interfaces/include/dynamixel_sdk_custom_interfaces/msg
[1.419s] -- Up-to-date: /home/sakshi/ClutterBot/src/install/dynamixel_sdk_custom_interfaces/include/dynamixel_sdk_custom_interfaces/msg/detail
[1.419s] -- Up-to-date: /home/sakshi/ClutterBot/src/install/dynamixel_sdk_custom_interfaces/include/dynamixel_sdk_custom_interfaces/msg/detail/set_position__rosidl_typesupport_introspection_cpp.hpp
[1.425s] -- Up-to-date: /home/sakshi/ClutterBot/src/install/dynamixel_sdk_custom_interfaces/include/dynamixel_sdk_custom_interfaces/msg/detail/set_position__type_support.cpp
[1.425s] -- Up-to-date: /home/sakshi/ClutterBot/src/install/dynamixel_sdk_custom_interfaces/include/dynamixel_sdk_custom_interfaces/srv
[1.426s] -- Up-to-date: /home/sakshi/ClutterBot/src/install/dynamixel_sdk_custom_interfaces/include/dynamixel_sdk_custom_interfaces/srv/detail
[1.426s] -- Up-to-date: /home/sakshi/ClutterBot/src/install/dynamixel_sdk_custom_interfaces/include/dynamixel_sdk_custom_interfaces/srv/detail/get_position__rosidl_typesupport_introspection_cpp.hpp
[1.426s] -- Up-to-date: /home/sakshi/ClutterBot/src/install/dynamixel_sdk_custom_interfaces/include/dynamixel_sdk_custom_interfaces/srv/detail/get_position__type_support.cpp
[1.426s] -- Up-to-date: /home/sakshi/ClutterBot/src/install/dynamixel_sdk_custom_interfaces/lib/libdynamixel_sdk_custom_interfaces__rosidl_typesupport_introspection_cpp.so
[1.427s] -- Up-to-date: /home/sakshi/ClutterBot/src/install/dynamixel_sdk_custom_interfaces/lib/libdynamixel_sdk_custom_interfaces__rosidl_typesupport_cpp.so
[1.428s] -- Up-to-date: /home/sakshi/ClutterBot/src/install/dynamixel_sdk_custom_interfaces/share/dynamixel_sdk_custom_interfaces/environment/pythonpath.sh
[1.428s] -- Up-to-date: /home/sakshi/ClutterBot/src/install/dynamixel_sdk_custom_interfaces/share/dynamixel_sdk_custom_interfaces/environment/pythonpath.dsv
[1.428s] -- Up-to-date: /home/sakshi/ClutterBot/src/install/dynamixel_sdk_custom_interfaces/lib/python3.8/site-packages/dynamixel_sdk_custom_interfaces/__init__.py
[1.437s] -- Up-to-date: /home/sakshi/ClutterBot/src/install/dynamixel_sdk_custom_interfaces/lib/python3.8/site-packages/dynamixel_sdk_custom_interfaces/msg
[1.437s] -- Up-to-date: /home/sakshi/ClutterBot/src/install/dynamixel_sdk_custom_interfaces/lib/python3.8/site-packages/dynamixel_sdk_custom_interfaces/msg/_set_position.py
[1.437s] -- Up-to-date: /home/sakshi/ClutterBot/src/install/dynamixel_sdk_custom_interfaces/lib/python3.8/site-packages/dynamixel_sdk_custom_interfaces/msg/_set_position_s.c
[1.438s] -- Up-to-date: /home/sakshi/ClutterBot/src/install/dynamixel_sdk_custom_interfaces/lib/python3.8/site-packages/dynamixel_sdk_custom_interfaces/msg/__init__.py
[1.438s] -- Up-to-date: /home/sakshi/ClutterBot/src/install/dynamixel_sdk_custom_interfaces/lib/python3.8/site-packages/dynamixel_sdk_custom_interfaces/srv
[1.438s] -- Up-to-date: /home/sakshi/ClutterBot/src/install/dynamixel_sdk_custom_interfaces/lib/python3.8/site-packages/dynamixel_sdk_custom_interfaces/srv/_get_position_s.c
[1.438s] -- Up-to-date: /home/sakshi/ClutterBot/src/install/dynamixel_sdk_custom_interfaces/lib/python3.8/site-packages/dynamixel_sdk_custom_interfaces/srv/_get_position.py
[1.438s] -- Up-to-date: /home/sakshi/ClutterBot/src/install/dynamixel_sdk_custom_interfaces/lib/python3.8/site-packages/dynamixel_sdk_custom_interfaces/srv/__init__.py
[1.438s] -- Up-to-date: /home/sakshi/ClutterBot/src/install/dynamixel_sdk_custom_interfaces/lib/python3.8/site-packages/dynamixel_sdk_custom_interfaces/dynamixel_sdk_custom_interfaces_s__rosidl_typesupport_fastrtps_c.cpython-38-x86_64-linux-gnu.so
[1.438s] -- Up-to-date: /home/sakshi/ClutterBot/src/install/dynamixel_sdk_custom_interfaces/lib/python3.8/site-packages/dynamixel_sdk_custom_interfaces/dynamixel_sdk_custom_interfaces_s__rosidl_typesupport_introspection_c.cpython-38-x86_64-linux-gnu.so
[1.438s] -- Up-to-date: /home/sakshi/ClutterBot/src/install/dynamixel_sdk_custom_interfaces/lib/python3.8/site-packages/dynamixel_sdk_custom_interfaces/dynamixel_sdk_custom_interfaces_s__rosidl_typesupport_c.cpython-38-x86_64-linux-gnu.so
[1.439s] -- Up-to-date: /home/sakshi/ClutterBot/src/install/dynamixel_sdk_custom_interfaces/lib/libdynamixel_sdk_custom_interfaces__python.so
[1.439s] -- Up-to-date: /home/sakshi/ClutterBot/src/install/dynamixel_sdk_custom_interfaces/share/dynamixel_sdk_custom_interfaces/msg/SetPosition.idl
[1.439s] -- Up-to-date: /home/sakshi/ClutterBot/src/install/dynamixel_sdk_custom_interfaces/share/dynamixel_sdk_custom_interfaces/srv/GetPosition.idl
[1.439s] -- Up-to-date: /home/sakshi/ClutterBot/src/install/dynamixel_sdk_custom_interfaces/share/dynamixel_sdk_custom_interfaces/msg/SetPosition.msg
[1.439s] -- Up-to-date: /home/sakshi/ClutterBot/src/install/dynamixel_sdk_custom_interfaces/share/dynamixel_sdk_custom_interfaces/srv/GetPosition.srv
[1.439s] -- Up-to-date: /home/sakshi/ClutterBot/src/install/dynamixel_sdk_custom_interfaces/share/dynamixel_sdk_custom_interfaces/srv/GetPosition_Request.msg
[1.439s] -- Up-to-date: /home/sakshi/ClutterBot/src/install/dynamixel_sdk_custom_interfaces/share/dynamixel_sdk_custom_interfaces/srv/GetPosition_Response.msg
[1.439s] -- Up-to-date: /home/sakshi/ClutterBot/src/install/dynamixel_sdk_custom_interfaces/share/ament_index/resource_index/package_run_dependencies/dynamixel_sdk_custom_interfaces
[1.440s] -- Up-to-date: /home/sakshi/ClutterBot/src/install/dynamixel_sdk_custom_interfaces/share/ament_index/resource_index/parent_prefix_path/dynamixel_sdk_custom_interfaces
[1.440s] -- Up-to-date: /home/sakshi/ClutterBot/src/install/dynamixel_sdk_custom_interfaces/share/dynamixel_sdk_custom_interfaces/environment/ament_prefix_path.sh
[1.440s] -- Up-to-date: /home/sakshi/ClutterBot/src/install/dynamixel_sdk_custom_interfaces/share/dynamixel_sdk_custom_interfaces/environment/ament_prefix_path.dsv
[1.440s] -- Up-to-date: /home/sakshi/ClutterBot/src/install/dynamixel_sdk_custom_interfaces/share/dynamixel_sdk_custom_interfaces/environment/path.sh
[1.440s] -- Up-to-date: /home/sakshi/ClutterBot/src/install/dynamixel_sdk_custom_interfaces/share/dynamixel_sdk_custom_interfaces/environment/path.dsv
[1.440s] -- Up-to-date: /home/sakshi/ClutterBot/src/install/dynamixel_sdk_custom_interfaces/share/dynamixel_sdk_custom_interfaces/local_setup.bash
[1.440s] -- Up-to-date: /home/sakshi/ClutterBot/src/install/dynamixel_sdk_custom_interfaces/share/dynamixel_sdk_custom_interfaces/local_setup.sh
[1.440s] -- Up-to-date: /home/sakshi/ClutterBot/src/install/dynamixel_sdk_custom_interfaces/share/dynamixel_sdk_custom_interfaces/local_setup.zsh
[1.440s] -- Up-to-date: /home/sakshi/ClutterBot/src/install/dynamixel_sdk_custom_interfaces/share/dynamixel_sdk_custom_interfaces/local_setup.dsv
[1.441s] -- Installing: /home/sakshi/ClutterBot/src/install/dynamixel_sdk_custom_interfaces/share/dynamixel_sdk_custom_interfaces/package.dsv
[1.441s] -- Up-to-date: /home/sakshi/ClutterBot/src/install/dynamixel_sdk_custom_interfaces/share/ament_index/resource_index/packages/dynamixel_sdk_custom_interfaces
[1.441s] -- Up-to-date: /home/sakshi/ClutterBot/src/install/dynamixel_sdk_custom_interfaces/share/dynamixel_sdk_custom_interfaces/cmake/dynamixel_sdk_custom_interfaces__rosidl_generator_cExport.cmake
[1.441s] -- Up-to-date: /home/sakshi/ClutterBot/src/install/dynamixel_sdk_custom_interfaces/share/dynamixel_sdk_custom_interfaces/cmake/dynamixel_sdk_custom_interfaces__rosidl_generator_cExport-noconfig.cmake
[1.441s] -- Up-to-date: /home/sakshi/ClutterBot/src/install/dynamixel_sdk_custom_interfaces/share/dynamixel_sdk_custom_interfaces/cmake/dynamixel_sdk_custom_interfaces__rosidl_typesupport_introspection_cExport.cmake
[1.441s] -- Up-to-date: /home/sakshi/ClutterBot/src/install/dynamixel_sdk_custom_interfaces/share/dynamixel_sdk_custom_interfaces/cmake/dynamixel_sdk_custom_interfaces__rosidl_typesupport_introspection_cExport-noconfig.cmake
[1.442s] -- Up-to-date: /home/sakshi/ClutterBot/src/install/dynamixel_sdk_custom_interfaces/share/dynamixel_sdk_custom_interfaces/cmake/dynamixel_sdk_custom_interfaces__rosidl_typesupport_cExport.cmake
[1.442s] -- Up-to-date: /home/sakshi/ClutterBot/src/install/dynamixel_sdk_custom_interfaces/share/dynamixel_sdk_custom_interfaces/cmake/dynamixel_sdk_custom_interfaces__rosidl_typesupport_cExport-noconfig.cmake
[1.442s] -- Up-to-date: /home/sakshi/ClutterBot/src/install/dynamixel_sdk_custom_interfaces/share/dynamixel_sdk_custom_interfaces/cmake/dynamixel_sdk_custom_interfaces__rosidl_generator_cppExport.cmake
[1.443s] -- Up-to-date: /home/sakshi/ClutterBot/src/install/dynamixel_sdk_custom_interfaces/share/dynamixel_sdk_custom_interfaces/cmake/dynamixel_sdk_custom_interfaces__rosidl_typesupport_introspection_cppExport.cmake
[1.443s] -- Up-to-date: /home/sakshi/ClutterBot/src/install/dynamixel_sdk_custom_interfaces/share/dynamixel_sdk_custom_interfaces/cmake/dynamixel_sdk_custom_interfaces__rosidl_typesupport_introspection_cppExport-noconfig.cmake
[1.443s] -- Up-to-date: /home/sakshi/ClutterBot/src/install/dynamixel_sdk_custom_interfaces/share/dynamixel_sdk_custom_interfaces/cmake/dynamixel_sdk_custom_interfaces__rosidl_typesupport_cppExport.cmake
[1.443s] -- Up-to-date: /home/sakshi/ClutterBot/src/install/dynamixel_sdk_custom_interfaces/share/dynamixel_sdk_custom_interfaces/cmake/dynamixel_sdk_custom_interfaces__rosidl_typesupport_cppExport-noconfig.cmake
[1.444s] -- Up-to-date: /home/sakshi/ClutterBot/src/install/dynamixel_sdk_custom_interfaces/share/dynamixel_sdk_custom_interfaces/cmake/rosidl_cmake-extras.cmake
[1.444s] -- Up-to-date: /home/sakshi/ClutterBot/src/install/dynamixel_sdk_custom_interfaces/share/dynamixel_sdk_custom_interfaces/cmake/ament_cmake_export_dependencies-extras.cmake
[1.445s] -- Up-to-date: /home/sakshi/ClutterBot/src/install/dynamixel_sdk_custom_interfaces/share/dynamixel_sdk_custom_interfaces/cmake/ament_cmake_export_libraries-extras.cmake
[1.445s] -- Up-to-date: /home/sakshi/ClutterBot/src/install/dynamixel_sdk_custom_interfaces/share/dynamixel_sdk_custom_interfaces/cmake/ament_cmake_export_targets-extras.cmake
[1.449s] -- Up-to-date: /home/sakshi/ClutterBot/src/install/dynamixel_sdk_custom_interfaces/share/dynamixel_sdk_custom_interfaces/cmake/ament_cmake_export_include_directories-extras.cmake
[1.450s] -- Up-to-date: /home/sakshi/ClutterBot/src/install/dynamixel_sdk_custom_interfaces/share/dynamixel_sdk_custom_interfaces/cmake/rosidl_cmake_export_typesupport_libraries-extras.cmake
[1.450s] -- Up-to-date: /home/sakshi/ClutterBot/src/install/dynamixel_sdk_custom_interfaces/share/dynamixel_sdk_custom_interfaces/cmake/rosidl_cmake_export_typesupport_targets-extras.cmake
[1.450s] -- Up-to-date: /home/sakshi/ClutterBot/src/install/dynamixel_sdk_custom_interfaces/share/dynamixel_sdk_custom_interfaces/cmake/dynamixel_sdk_custom_interfacesConfig.cmake
[1.450s] -- Up-to-date: /home/sakshi/ClutterBot/src/install/dynamixel_sdk_custom_interfaces/share/dynamixel_sdk_custom_interfaces/cmake/dynamixel_sdk_custom_interfacesConfig-version.cmake
[1.451s] -- Up-to-date: /home/sakshi/ClutterBot/src/install/dynamixel_sdk_custom_interfaces/share/dynamixel_sdk_custom_interfaces/package.xml
[1.496s] Invoked command in '/home/sakshi/ClutterBot/src/build/dynamixel_sdk_custom_interfaces' returned '0': CMAKE_PREFIX_PATH=${CMAKE_PREFIX_PATH}:/home/sakshi/ClutterBot/install/turtlebot3_teleop:/home/sakshi/ClutterBot/install/turtlebot3_example:/opt/ros/foxy /usr/bin/cmake --install /home/sakshi/ClutterBot/src/build/dynamixel_sdk_custom_interfaces
