[1.007s] Invoking command in '/home/sakshi/ClutterBot/build/turtlebot3_cartographer': CMAKE_PREFIX_PATH=${CMAKE_PREFIX_PATH}:/home/sakshi/ClutterBot/install/turtlebot3_teleop:/home/sakshi/ClutterBot/install/turtlebot3_example:/opt/ros/foxy /usr/bin/cmake --build /home/sakshi/ClutterBot/build/turtlebot3_cartographer -- -j8 -l8
[2.312s] Invoked command in '/home/sakshi/ClutterBot/build/turtlebot3_cartographer' returned '0': CMAKE_PREFIX_PATH=${CMAKE_PREFIX_PATH}:/home/sakshi/ClutterBot/install/turtlebot3_teleop:/home/sakshi/ClutterBot/install/turtlebot3_example:/opt/ros/foxy /usr/bin/cmake --build /home/sakshi/ClutterBot/build/turtlebot3_cartographer -- -j8 -l8
[2.472s] Invoking command in '/home/sakshi/ClutterBot/build/turtlebot3_cartographer': CMAKE_PREFIX_PATH=${CMAKE_PREFIX_PATH}:/home/sakshi/ClutterBot/install/turtlebot3_teleop:/home/sakshi/ClutterBot/install/turtlebot3_example:/opt/ros/foxy /usr/bin/cmake --install /home/sakshi/ClutterBot/build/turtlebot3_cartographer
[2.508s] -- Install configuration: ""
[2.509s] -- Up-to-date: /home/sakshi/ClutterBot/install/turtlebot3_cartographer/share/turtlebot3_cartographer/config
[2.509s] -- Up-to-date: /home/sakshi/ClutterBot/install/turtlebot3_cartographer/share/turtlebot3_cartographer/config/turtlebot3_lds_2d.lua
[2.509s] -- Up-to-date: /home/sakshi/ClutterBot/install/turtlebot3_cartographer/share/turtlebot3_cartographer/launch
[2.509s] -- Up-to-date: /home/sakshi/ClutterBot/install/turtlebot3_cartographer/share/turtlebot3_cartographer/launch/occupancy_grid.launch.py
[2.660s] -- Up-to-date: /home/sakshi/ClutterBot/install/turtlebot3_cartographer/share/turtlebot3_cartographer/launch/cartographer.launch.py
[2.661s] -- Up-to-date: /home/sakshi/ClutterBot/install/turtlebot3_cartographer/share/turtlebot3_cartographer/rviz
[2.661s] -- Up-to-date: /home/sakshi/ClutterBot/install/turtlebot3_cartographer/share/turtlebot3_cartographer/rviz/tb3_cartographer.rviz
[2.661s] -- Up-to-date: /home/sakshi/ClutterBot/install/turtlebot3_cartographer/share/ament_index/resource_index/package_run_dependencies/turtlebot3_cartographer
[2.661s] -- Up-to-date: /home/sakshi/ClutterBot/install/turtlebot3_cartographer/share/ament_index/resource_index/parent_prefix_path/turtlebot3_cartographer
[2.661s] -- Up-to-date: /home/sakshi/ClutterBot/install/turtlebot3_cartographer/share/turtlebot3_cartographer/environment/ament_prefix_path.sh
[2.661s] -- Up-to-date: /home/sakshi/ClutterBot/install/turtlebot3_cartographer/share/turtlebot3_cartographer/environment/ament_prefix_path.dsv
[2.661s] -- Up-to-date: /home/sakshi/ClutterBot/install/turtlebot3_cartographer/share/turtlebot3_cartographer/environment/path.sh
[2.661s] -- Up-to-date: /home/sakshi/ClutterBot/install/turtlebot3_cartographer/share/turtlebot3_cartographer/environment/path.dsv
[2.661s] -- Up-to-date: /home/sakshi/ClutterBot/install/turtlebot3_cartographer/share/turtlebot3_cartographer/local_setup.bash
[2.662s] -- Up-to-date: /home/sakshi/ClutterBot/install/turtlebot3_cartographer/share/turtlebot3_cartographer/local_setup.sh
[2.662s] -- Up-to-date: /home/sakshi/ClutterBot/install/turtlebot3_cartographer/share/turtlebot3_cartographer/local_setup.zsh
[2.662s] -- Up-to-date: /home/sakshi/ClutterBot/install/turtlebot3_cartographer/share/turtlebot3_cartographer/local_setup.dsv
[2.662s] -- Installing: /home/sakshi/ClutterBot/install/turtlebot3_cartographer/share/turtlebot3_cartographer/package.dsv
[2.727s] -- Up-to-date: /home/sakshi/ClutterBot/install/turtlebot3_cartographer/share/ament_index/resource_index/packages/turtlebot3_cartographer
[2.727s] -- Up-to-date: /home/sakshi/ClutterBot/install/turtlebot3_cartographer/share/turtlebot3_cartographer/cmake/turtlebot3_cartographerConfig.cmake
[2.728s] -- Up-to-date: /home/sakshi/ClutterBot/install/turtlebot3_cartographer/share/turtlebot3_cartographer/cmake/turtlebot3_cartographerConfig-version.cmake
[2.728s] -- Up-to-date: /home/sakshi/ClutterBot/install/turtlebot3_cartographer/share/turtlebot3_cartographer/package.xml
[2.731s] Invoked command in '/home/sakshi/ClutterBot/build/turtlebot3_cartographer' returned '0': CMAKE_PREFIX_PATH=${CMAKE_PREFIX_PATH}:/home/sakshi/ClutterBot/install/turtlebot3_teleop:/home/sakshi/ClutterBot/install/turtlebot3_example:/opt/ros/foxy /usr/bin/cmake --install /home/sakshi/ClutterBot/build/turtlebot3_cartographer
