[0.020s] Invoking command in '/home/sakshi/ClutterBot/build/task': CMAKE_PREFIX_PATH=${CMAKE_PREFIX_PATH}:/home/sakshi/ClutterBot/install/turtlebot3_teleop:/home/sakshi/ClutterBot/install/turtlebot3_example:/opt/ros/foxy: /usr/bin/cmake --build /home/sakshi/ClutterBot/build/task -- -j8 -l8
[0.542s] [100%] Built target noisyodom
[0.555s] Invoked command in '/home/sakshi/ClutterBot/build/task' returned '0': CMAKE_PREFIX_PATH=${CMAKE_PREFIX_PATH}:/home/sakshi/ClutterBot/install/turtlebot3_teleop:/home/sakshi/ClutterBot/install/turtlebot3_example:/opt/ros/foxy: /usr/bin/cmake --build /home/sakshi/ClutterBot/build/task -- -j8 -l8
[0.596s] Invoking command in '/home/sakshi/ClutterBot/build/task': CMAKE_PREFIX_PATH=${CMAKE_PREFIX_PATH}:/home/sakshi/ClutterBot/install/turtlebot3_teleop:/home/sakshi/ClutterBot/install/turtlebot3_example:/opt/ros/foxy: /usr/bin/cmake --install /home/sakshi/ClutterBot/build/task
[0.609s] -- Install configuration: ""
[0.609s] -- Up-to-date: /home/sakshi/ClutterBot/install/task/lib/task/noisyodom
[0.610s] -- Up-to-date: /home/sakshi/ClutterBot/install/task/share/ament_index/resource_index/package_run_dependencies/task
[0.610s] -- Up-to-date: /home/sakshi/ClutterBot/install/task/share/ament_index/resource_index/parent_prefix_path/task
[0.610s] -- Up-to-date: /home/sakshi/ClutterBot/install/task/share/task/environment/ament_prefix_path.sh
[0.611s] -- Up-to-date: /home/sakshi/ClutterBot/install/task/share/task/environment/ament_prefix_path.dsv
[0.611s] -- Up-to-date: /home/sakshi/ClutterBot/install/task/share/task/environment/path.sh
[0.611s] -- Up-to-date: /home/sakshi/ClutterBot/install/task/share/task/environment/path.dsv
[0.611s] -- Up-to-date: /home/sakshi/ClutterBot/install/task/share/task/local_setup.bash
[0.612s] -- Up-to-date: /home/sakshi/ClutterBot/install/task/share/task/local_setup.sh
[0.612s] -- Up-to-date: /home/sakshi/ClutterBot/install/task/share/task/local_setup.zsh
[0.612s] -- Up-to-date: /home/sakshi/ClutterBot/install/task/share/task/local_setup.dsv
[0.612s] -- Installing: /home/sakshi/ClutterBot/install/task/share/task/package.dsv
[0.612s] -- Up-to-date: /home/sakshi/ClutterBot/install/task/share/ament_index/resource_index/packages/task
[0.612s] -- Up-to-date: /home/sakshi/ClutterBot/install/task/share/task/cmake/taskConfig.cmake
[0.612s] -- Up-to-date: /home/sakshi/ClutterBot/install/task/share/task/cmake/taskConfig-version.cmake
[0.612s] -- Up-to-date: /home/sakshi/ClutterBot/install/task/share/task/package.xml
[0.614s] Invoked command in '/home/sakshi/ClutterBot/build/task' returned '0': CMAKE_PREFIX_PATH=${CMAKE_PREFIX_PATH}:/home/sakshi/ClutterBot/install/turtlebot3_teleop:/home/sakshi/ClutterBot/install/turtlebot3_example:/opt/ros/foxy: /usr/bin/cmake --install /home/sakshi/ClutterBot/build/task
