[0.219s] Invoking command in '/home/sakshi/ClutterBot/build/turtlebot3_msgs': CMAKE_PREFIX_PATH=${CMAKE_PREFIX_PATH}:/home/sakshi/ClutterBot/install/turtlebot3_teleop:/home/sakshi/ClutterBot/install/turtlebot3_example:/opt/ros/foxy CONDA_PROMPT_MODIFIER=(base) /usr/bin/cmake --build /home/sakshi/ClutterBot/build/turtlebot3_msgs -- -j8 -l8
[1.265s] [  9%] Built target turtlebot3_msgs__cpp
[1.266s] [ 12%] Built target turtlebot3_msgs__rosidl_generator_c
[1.266s] [ 23%] Built target turtlebot3_msgs__rosidl_typesupport_cpp
[1.267s] [ 35%] Built target turtlebot3_msgs__rosidl_typesupport_fastrtps_cpp
[1.268s] [ 46%] Built target turtlebot3_msgs__rosidl_typesupport_c
[1.269s] [ 57%] Built target turtlebot3_msgs__rosidl_typesupport_introspection_c
[1.269s] [ 69%] Built target turtlebot3_msgs__rosidl_typesupport_introspection_cpp
[1.270s] [ 80%] Built target turtlebot3_msgs__rosidl_typesupport_fastrtps_c
[1.270s] [ 80%] Built target turtlebot3_msgs
[1.271s] [ 81%] Built target turtlebot3_msgs__py
[1.272s] [ 91%] Built target turtlebot3_msgs__python
[1.272s] [ 94%] Built target turtlebot3_msgs__rosidl_typesupport_c__pyext
[1.273s] [ 97%] Built target turtlebot3_msgs__rosidl_typesupport_fastrtps_c__pyext
[1.273s] [100%] Built target turtlebot3_msgs__rosidl_typesupport_introspection_c__pyext
[1.275s] Invoked command in '/home/sakshi/ClutterBot/build/turtlebot3_msgs' returned '0': CMAKE_PREFIX_PATH=${CMAKE_PREFIX_PATH}:/home/sakshi/ClutterBot/install/turtlebot3_teleop:/home/sakshi/ClutterBot/install/turtlebot3_example:/opt/ros/foxy CONDA_PROMPT_MODIFIER=(base) /usr/bin/cmake --build /home/sakshi/ClutterBot/build/turtlebot3_msgs -- -j8 -l8
[1.606s] Invoking command in '/home/sakshi/ClutterBot/build/turtlebot3_msgs': CMAKE_PREFIX_PATH=${CMAKE_PREFIX_PATH}:/home/sakshi/ClutterBot/install/turtlebot3_teleop:/home/sakshi/ClutterBot/install/turtlebot3_example:/opt/ros/foxy CONDA_PROMPT_MODIFIER=(base) /usr/bin/cmake --install /home/sakshi/ClutterBot/build/turtlebot3_msgs
[1.652s] -- Install configuration: ""
[1.653s] -- Up-to-date: /home/sakshi/ClutterBot/install/turtlebot3_msgs/share/ament_index/resource_index/rosidl_interfaces/turtlebot3_msgs
[1.653s] -- Up-to-date: /home/sakshi/ClutterBot/install/turtlebot3_msgs/include/turtlebot3_msgs
[1.653s] -- Up-to-date: /home/sakshi/ClutterBot/install/turtlebot3_msgs/include/turtlebot3_msgs/msg
[1.654s] -- Up-to-date: /home/sakshi/ClutterBot/install/turtlebot3_msgs/include/turtlebot3_msgs/msg/sensor_state.h
[1.654s] -- Up-to-date: /home/sakshi/ClutterBot/install/turtlebot3_msgs/include/turtlebot3_msgs/msg/rosidl_generator_c__visibility_control.h
[1.654s] -- Up-to-date: /home/sakshi/ClutterBot/install/turtlebot3_msgs/include/turtlebot3_msgs/msg/detail
[1.654s] -- Up-to-date: /home/sakshi/ClutterBot/install/turtlebot3_msgs/include/turtlebot3_msgs/msg/detail/sensor_state__type_support.h
[1.654s] -- Up-to-date: /home/sakshi/ClutterBot/install/turtlebot3_msgs/include/turtlebot3_msgs/msg/detail/version_info__functions.h
[1.654s] -- Up-to-date: /home/sakshi/ClutterBot/install/turtlebot3_msgs/include/turtlebot3_msgs/msg/detail/sensor_state__functions.c
[1.655s] -- Up-to-date: /home/sakshi/ClutterBot/install/turtlebot3_msgs/include/turtlebot3_msgs/msg/detail/version_info__functions.c
[1.656s] -- Up-to-date: /home/sakshi/ClutterBot/install/turtlebot3_msgs/include/turtlebot3_msgs/msg/detail/sound__struct.h
[1.656s] -- Up-to-date: /home/sakshi/ClutterBot/install/turtlebot3_msgs/include/turtlebot3_msgs/msg/detail/sound__functions.h
[1.656s] -- Up-to-date: /home/sakshi/ClutterBot/install/turtlebot3_msgs/include/turtlebot3_msgs/msg/detail/version_info__struct.h
[1.657s] -- Up-to-date: /home/sakshi/ClutterBot/install/turtlebot3_msgs/include/turtlebot3_msgs/msg/detail/sensor_state__struct.h
[1.658s] -- Up-to-date: /home/sakshi/ClutterBot/install/turtlebot3_msgs/include/turtlebot3_msgs/msg/detail/sound__type_support.h
[1.658s] -- Up-to-date: /home/sakshi/ClutterBot/install/turtlebot3_msgs/include/turtlebot3_msgs/msg/detail/version_info__type_support.h
[1.658s] -- Up-to-date: /home/sakshi/ClutterBot/install/turtlebot3_msgs/include/turtlebot3_msgs/msg/detail/sound__functions.c
[1.658s] -- Up-to-date: /home/sakshi/ClutterBot/install/turtlebot3_msgs/include/turtlebot3_msgs/msg/detail/sensor_state__functions.h
[1.658s] -- Up-to-date: /home/sakshi/ClutterBot/install/turtlebot3_msgs/include/turtlebot3_msgs/msg/version_info.h
[1.659s] -- Up-to-date: /home/sakshi/ClutterBot/install/turtlebot3_msgs/include/turtlebot3_msgs/msg/sound.h
[1.664s] -- Up-to-date: /home/sakshi/ClutterBot/install/turtlebot3_msgs/include/turtlebot3_msgs/action
[1.664s] -- Up-to-date: /home/sakshi/ClutterBot/install/turtlebot3_msgs/include/turtlebot3_msgs/action/patrol.h
[1.664s] -- Up-to-date: /home/sakshi/ClutterBot/install/turtlebot3_msgs/include/turtlebot3_msgs/action/detail
[1.664s] -- Up-to-date: /home/sakshi/ClutterBot/install/turtlebot3_msgs/include/turtlebot3_msgs/action/detail/patrol__struct.h
[1.665s] -- Up-to-date: /home/sakshi/ClutterBot/install/turtlebot3_msgs/include/turtlebot3_msgs/action/detail/patrol__functions.h
[1.665s] -- Up-to-date: /home/sakshi/ClutterBot/install/turtlebot3_msgs/include/turtlebot3_msgs/action/detail/patrol__functions.c
[1.665s] -- Up-to-date: /home/sakshi/ClutterBot/install/turtlebot3_msgs/include/turtlebot3_msgs/action/detail/patrol__type_support.h
[1.665s] -- Up-to-date: /home/sakshi/ClutterBot/install/turtlebot3_msgs/include/turtlebot3_msgs/srv
[1.665s] -- Up-to-date: /home/sakshi/ClutterBot/install/turtlebot3_msgs/include/turtlebot3_msgs/srv/dqn.h
[1.665s] -- Up-to-date: /home/sakshi/ClutterBot/install/turtlebot3_msgs/include/turtlebot3_msgs/srv/detail
[1.666s] -- Up-to-date: /home/sakshi/ClutterBot/install/turtlebot3_msgs/include/turtlebot3_msgs/srv/detail/dqn__functions.h
[1.666s] -- Up-to-date: /home/sakshi/ClutterBot/install/turtlebot3_msgs/include/turtlebot3_msgs/srv/detail/dqn__type_support.h
[1.666s] -- Up-to-date: /home/sakshi/ClutterBot/install/turtlebot3_msgs/include/turtlebot3_msgs/srv/detail/sound__struct.h
[1.666s] -- Up-to-date: /home/sakshi/ClutterBot/install/turtlebot3_msgs/include/turtlebot3_msgs/srv/detail/sound__functions.h
[1.666s] -- Up-to-date: /home/sakshi/ClutterBot/install/turtlebot3_msgs/include/turtlebot3_msgs/srv/detail/dqn__functions.c
[1.666s] -- Up-to-date: /home/sakshi/ClutterBot/install/turtlebot3_msgs/include/turtlebot3_msgs/srv/detail/sound__type_support.h
[1.666s] -- Up-to-date: /home/sakshi/ClutterBot/install/turtlebot3_msgs/include/turtlebot3_msgs/srv/detail/sound__functions.c
[1.667s] -- Up-to-date: /home/sakshi/ClutterBot/install/turtlebot3_msgs/include/turtlebot3_msgs/srv/detail/dqn__struct.h
[1.667s] -- Up-to-date: /home/sakshi/ClutterBot/install/turtlebot3_msgs/include/turtlebot3_msgs/srv/sound.h
[1.667s] -- Up-to-date: /home/sakshi/ClutterBot/install/turtlebot3_msgs/share/turtlebot3_msgs/environment/library_path.sh
[1.667s] -- Up-to-date: /home/sakshi/ClutterBot/install/turtlebot3_msgs/share/turtlebot3_msgs/environment/library_path.dsv
[1.667s] -- Up-to-date: /home/sakshi/ClutterBot/install/turtlebot3_msgs/lib/libturtlebot3_msgs__rosidl_generator_c.so
[1.667s] -- Up-to-date: /home/sakshi/ClutterBot/install/turtlebot3_msgs/include/turtlebot3_msgs
[1.667s] -- Up-to-date: /home/sakshi/ClutterBot/install/turtlebot3_msgs/include/turtlebot3_msgs/msg
[1.668s] -- Up-to-date: /home/sakshi/ClutterBot/install/turtlebot3_msgs/include/turtlebot3_msgs/msg/rosidl_typesupport_fastrtps_c__visibility_control.h
[1.671s] -- Up-to-date: /home/sakshi/ClutterBot/install/turtlebot3_msgs/include/turtlebot3_msgs/msg/detail
[1.672s] -- Up-to-date: /home/sakshi/ClutterBot/install/turtlebot3_msgs/include/turtlebot3_msgs/msg/detail/version_info__rosidl_typesupport_fastrtps_c.h
[1.672s] -- Up-to-date: /home/sakshi/ClutterBot/install/turtlebot3_msgs/include/turtlebot3_msgs/msg/detail/sensor_state__rosidl_typesupport_fastrtps_c.h
[1.673s] -- Up-to-date: /home/sakshi/ClutterBot/install/turtlebot3_msgs/include/turtlebot3_msgs/msg/detail/sound__rosidl_typesupport_fastrtps_c.h
[1.673s] -- Up-to-date: /home/sakshi/ClutterBot/install/turtlebot3_msgs/include/turtlebot3_msgs/action
[1.673s] -- Up-to-date: /home/sakshi/ClutterBot/install/turtlebot3_msgs/include/turtlebot3_msgs/action/detail
[1.674s] -- Up-to-date: /home/sakshi/ClutterBot/install/turtlebot3_msgs/include/turtlebot3_msgs/action/detail/patrol__rosidl_typesupport_fastrtps_c.h
[1.674s] -- Up-to-date: /home/sakshi/ClutterBot/install/turtlebot3_msgs/include/turtlebot3_msgs/srv
[1.674s] -- Up-to-date: /home/sakshi/ClutterBot/install/turtlebot3_msgs/include/turtlebot3_msgs/srv/detail
[1.675s] -- Up-to-date: /home/sakshi/ClutterBot/install/turtlebot3_msgs/include/turtlebot3_msgs/srv/detail/sound__rosidl_typesupport_fastrtps_c.h
[1.678s] -- Up-to-date: /home/sakshi/ClutterBot/install/turtlebot3_msgs/include/turtlebot3_msgs/srv/detail/dqn__rosidl_typesupport_fastrtps_c.h
[1.678s] -- Up-to-date: /home/sakshi/ClutterBot/install/turtlebot3_msgs/lib/libturtlebot3_msgs__rosidl_typesupport_fastrtps_c.so
[1.678s] -- Up-to-date: /home/sakshi/ClutterBot/install/turtlebot3_msgs/include/turtlebot3_msgs
[1.678s] -- Up-to-date: /home/sakshi/ClutterBot/install/turtlebot3_msgs/include/turtlebot3_msgs/msg
[1.679s] -- Up-to-date: /home/sakshi/ClutterBot/install/turtlebot3_msgs/include/turtlebot3_msgs/msg/detail
[1.679s] -- Up-to-date: /home/sakshi/ClutterBot/install/turtlebot3_msgs/include/turtlebot3_msgs/msg/detail/sensor_state__rosidl_typesupport_fastrtps_cpp.hpp
[1.679s] -- Up-to-date: /home/sakshi/ClutterBot/install/turtlebot3_msgs/include/turtlebot3_msgs/msg/detail/sound__rosidl_typesupport_fastrtps_cpp.hpp
[1.679s] -- Up-to-date: /home/sakshi/ClutterBot/install/turtlebot3_msgs/include/turtlebot3_msgs/msg/detail/version_info__rosidl_typesupport_fastrtps_cpp.hpp
[1.680s] -- Up-to-date: /home/sakshi/ClutterBot/install/turtlebot3_msgs/include/turtlebot3_msgs/msg/detail/dds_fastrtps
[1.680s] -- Up-to-date: /home/sakshi/ClutterBot/install/turtlebot3_msgs/include/turtlebot3_msgs/msg/rosidl_typesupport_fastrtps_cpp__visibility_control.h
[1.680s] -- Up-to-date: /home/sakshi/ClutterBot/install/turtlebot3_msgs/include/turtlebot3_msgs/action
[1.680s] -- Up-to-date: /home/sakshi/ClutterBot/install/turtlebot3_msgs/include/turtlebot3_msgs/action/detail
[1.680s] -- Up-to-date: /home/sakshi/ClutterBot/install/turtlebot3_msgs/include/turtlebot3_msgs/action/detail/patrol__rosidl_typesupport_fastrtps_cpp.hpp
[1.681s] -- Up-to-date: /home/sakshi/ClutterBot/install/turtlebot3_msgs/include/turtlebot3_msgs/action/detail/dds_fastrtps
[1.681s] -- Up-to-date: /home/sakshi/ClutterBot/install/turtlebot3_msgs/include/turtlebot3_msgs/srv
[1.681s] -- Up-to-date: /home/sakshi/ClutterBot/install/turtlebot3_msgs/include/turtlebot3_msgs/srv/detail
[1.681s] -- Up-to-date: /home/sakshi/ClutterBot/install/turtlebot3_msgs/include/turtlebot3_msgs/srv/detail/dqn__rosidl_typesupport_fastrtps_cpp.hpp
[1.681s] -- Up-to-date: /home/sakshi/ClutterBot/install/turtlebot3_msgs/include/turtlebot3_msgs/srv/detail/sound__rosidl_typesupport_fastrtps_cpp.hpp
[1.686s] -- Up-to-date: /home/sakshi/ClutterBot/install/turtlebot3_msgs/include/turtlebot3_msgs/srv/detail/dds_fastrtps
[1.686s] -- Up-to-date: /home/sakshi/ClutterBot/install/turtlebot3_msgs/lib/libturtlebot3_msgs__rosidl_typesupport_fastrtps_cpp.so
[1.686s] -- Up-to-date: /home/sakshi/ClutterBot/install/turtlebot3_msgs/include/turtlebot3_msgs
[1.686s] -- Up-to-date: /home/sakshi/ClutterBot/install/turtlebot3_msgs/include/turtlebot3_msgs/msg
[1.686s] -- Up-to-date: /home/sakshi/ClutterBot/install/turtlebot3_msgs/include/turtlebot3_msgs/msg/rosidl_typesupport_introspection_c__visibility_control.h
[1.687s] -- Up-to-date: /home/sakshi/ClutterBot/install/turtlebot3_msgs/include/turtlebot3_msgs/msg/detail
[1.687s] -- Up-to-date: /home/sakshi/ClutterBot/install/turtlebot3_msgs/include/turtlebot3_msgs/msg/detail/sound__rosidl_typesupport_introspection_c.h
[1.687s] -- Up-to-date: /home/sakshi/ClutterBot/install/turtlebot3_msgs/include/turtlebot3_msgs/msg/detail/sensor_state__type_support.c
[1.687s] -- Up-to-date: /home/sakshi/ClutterBot/install/turtlebot3_msgs/include/turtlebot3_msgs/msg/detail/version_info__type_support.c
[1.687s] -- Up-to-date: /home/sakshi/ClutterBot/install/turtlebot3_msgs/include/turtlebot3_msgs/msg/detail/version_info__rosidl_typesupport_introspection_c.h
[1.687s] -- Up-to-date: /home/sakshi/ClutterBot/install/turtlebot3_msgs/include/turtlebot3_msgs/msg/detail/sound__type_support.c
[1.687s] -- Up-to-date: /home/sakshi/ClutterBot/install/turtlebot3_msgs/include/turtlebot3_msgs/msg/detail/sensor_state__rosidl_typesupport_introspection_c.h
[1.687s] -- Up-to-date: /home/sakshi/ClutterBot/install/turtlebot3_msgs/include/turtlebot3_msgs/action
[1.687s] -- Up-to-date: /home/sakshi/ClutterBot/install/turtlebot3_msgs/include/turtlebot3_msgs/action/detail
[1.687s] -- Up-to-date: /home/sakshi/ClutterBot/install/turtlebot3_msgs/include/turtlebot3_msgs/action/detail/patrol__rosidl_typesupport_introspection_c.h
[1.687s] -- Up-to-date: /home/sakshi/ClutterBot/install/turtlebot3_msgs/include/turtlebot3_msgs/action/detail/patrol__type_support.c
[1.688s] -- Up-to-date: /home/sakshi/ClutterBot/install/turtlebot3_msgs/include/turtlebot3_msgs/srv
[1.688s] -- Up-to-date: /home/sakshi/ClutterBot/install/turtlebot3_msgs/include/turtlebot3_msgs/srv/detail
[1.688s] -- Up-to-date: /home/sakshi/ClutterBot/install/turtlebot3_msgs/include/turtlebot3_msgs/srv/detail/sound__rosidl_typesupport_introspection_c.h
[1.688s] -- Up-to-date: /home/sakshi/ClutterBot/install/turtlebot3_msgs/include/turtlebot3_msgs/srv/detail/dqn__type_support.c
[1.688s] -- Up-to-date: /home/sakshi/ClutterBot/install/turtlebot3_msgs/include/turtlebot3_msgs/srv/detail/sound__type_support.c
[1.688s] -- Up-to-date: /home/sakshi/ClutterBot/install/turtlebot3_msgs/include/turtlebot3_msgs/srv/detail/dqn__rosidl_typesupport_introspection_c.h
[1.690s] -- Up-to-date: /home/sakshi/ClutterBot/install/turtlebot3_msgs/lib/libturtlebot3_msgs__rosidl_typesupport_introspection_c.so
[1.690s] -- Up-to-date: /home/sakshi/ClutterBot/install/turtlebot3_msgs/lib/libturtlebot3_msgs__rosidl_typesupport_c.so
[1.690s] -- Up-to-date: /home/sakshi/ClutterBot/install/turtlebot3_msgs/include/turtlebot3_msgs
[1.690s] -- Up-to-date: /home/sakshi/ClutterBot/install/turtlebot3_msgs/include/turtlebot3_msgs/msg
[1.691s] -- Up-to-date: /home/sakshi/ClutterBot/install/turtlebot3_msgs/include/turtlebot3_msgs/msg/sensor_state.hpp
[1.691s] -- Up-to-date: /home/sakshi/ClutterBot/install/turtlebot3_msgs/include/turtlebot3_msgs/msg/detail
[1.691s] -- Up-to-date: /home/sakshi/ClutterBot/install/turtlebot3_msgs/include/turtlebot3_msgs/msg/detail/sensor_state__traits.hpp
[1.691s] -- Up-to-date: /home/sakshi/ClutterBot/install/turtlebot3_msgs/include/turtlebot3_msgs/msg/detail/sound__traits.hpp
[1.691s] -- Up-to-date: /home/sakshi/ClutterBot/install/turtlebot3_msgs/include/turtlebot3_msgs/msg/detail/sensor_state__struct.hpp
[1.692s] -- Up-to-date: /home/sakshi/ClutterBot/install/turtlebot3_msgs/include/turtlebot3_msgs/msg/detail/sensor_state__type_support.hpp
[1.692s] -- Up-to-date: /home/sakshi/ClutterBot/install/turtlebot3_msgs/include/turtlebot3_msgs/msg/detail/sensor_state__builder.hpp
[1.692s] -- Up-to-date: /home/sakshi/ClutterBot/install/turtlebot3_msgs/include/turtlebot3_msgs/msg/detail/sound__type_support.hpp
[1.692s] -- Up-to-date: /home/sakshi/ClutterBot/install/turtlebot3_msgs/include/turtlebot3_msgs/msg/detail/sound__builder.hpp
[1.695s] -- Up-to-date: /home/sakshi/ClutterBot/install/turtlebot3_msgs/include/turtlebot3_msgs/msg/detail/version_info__type_support.hpp
[1.695s] -- Up-to-date: /home/sakshi/ClutterBot/install/turtlebot3_msgs/include/turtlebot3_msgs/msg/detail/sound__struct.hpp
[1.696s] -- Up-to-date: /home/sakshi/ClutterBot/install/turtlebot3_msgs/include/turtlebot3_msgs/msg/detail/version_info__struct.hpp
[1.696s] -- Up-to-date: /home/sakshi/ClutterBot/install/turtlebot3_msgs/include/turtlebot3_msgs/msg/detail/version_info__traits.hpp
[1.696s] -- Up-to-date: /home/sakshi/ClutterBot/install/turtlebot3_msgs/include/turtlebot3_msgs/msg/detail/version_info__builder.hpp
[1.696s] -- Up-to-date: /home/sakshi/ClutterBot/install/turtlebot3_msgs/include/turtlebot3_msgs/msg/rosidl_generator_cpp__visibility_control.hpp
[1.697s] -- Up-to-date: /home/sakshi/ClutterBot/install/turtlebot3_msgs/include/turtlebot3_msgs/msg/sound.hpp
[1.697s] -- Up-to-date: /home/sakshi/ClutterBot/install/turtlebot3_msgs/include/turtlebot3_msgs/msg/version_info.hpp
[1.697s] -- Up-to-date: /home/sakshi/ClutterBot/install/turtlebot3_msgs/include/turtlebot3_msgs/action
[1.697s] -- Up-to-date: /home/sakshi/ClutterBot/install/turtlebot3_msgs/include/turtlebot3_msgs/action/detail
[1.698s] -- Up-to-date: /home/sakshi/ClutterBot/install/turtlebot3_msgs/include/turtlebot3_msgs/action/detail/patrol__struct.hpp
[1.698s] -- Up-to-date: /home/sakshi/ClutterBot/install/turtlebot3_msgs/include/turtlebot3_msgs/action/detail/patrol__type_support.hpp
[1.698s] -- Up-to-date: /home/sakshi/ClutterBot/install/turtlebot3_msgs/include/turtlebot3_msgs/action/detail/patrol__builder.hpp
[1.704s] -- Up-to-date: /home/sakshi/ClutterBot/install/turtlebot3_msgs/include/turtlebot3_msgs/action/detail/patrol__traits.hpp
[1.705s] -- Up-to-date: /home/sakshi/ClutterBot/install/turtlebot3_msgs/include/turtlebot3_msgs/action/patrol.hpp
[1.705s] -- Up-to-date: /home/sakshi/ClutterBot/install/turtlebot3_msgs/include/turtlebot3_msgs/srv
[1.705s] -- Up-to-date: /home/sakshi/ClutterBot/install/turtlebot3_msgs/include/turtlebot3_msgs/srv/dqn.hpp
[1.706s] -- Up-to-date: /home/sakshi/ClutterBot/install/turtlebot3_msgs/include/turtlebot3_msgs/srv/detail
[1.706s] -- Up-to-date: /home/sakshi/ClutterBot/install/turtlebot3_msgs/include/turtlebot3_msgs/srv/detail/dqn__type_support.hpp
[1.706s] -- Up-to-date: /home/sakshi/ClutterBot/install/turtlebot3_msgs/include/turtlebot3_msgs/srv/detail/dqn__struct.hpp
[1.706s] -- Up-to-date: /home/sakshi/ClutterBot/install/turtlebot3_msgs/include/turtlebot3_msgs/srv/detail/sound__traits.hpp
[1.706s] -- Up-to-date: /home/sakshi/ClutterBot/install/turtlebot3_msgs/include/turtlebot3_msgs/srv/detail/sound__type_support.hpp
[1.706s] -- Up-to-date: /home/sakshi/ClutterBot/install/turtlebot3_msgs/include/turtlebot3_msgs/srv/detail/sound__builder.hpp
[1.706s] -- Up-to-date: /home/sakshi/ClutterBot/install/turtlebot3_msgs/include/turtlebot3_msgs/srv/detail/dqn__traits.hpp
[1.706s] -- Up-to-date: /home/sakshi/ClutterBot/install/turtlebot3_msgs/include/turtlebot3_msgs/srv/detail/sound__struct.hpp
[1.706s] -- Up-to-date: /home/sakshi/ClutterBot/install/turtlebot3_msgs/include/turtlebot3_msgs/srv/detail/dqn__builder.hpp
[1.706s] -- Up-to-date: /home/sakshi/ClutterBot/install/turtlebot3_msgs/include/turtlebot3_msgs/srv/sound.hpp
[1.707s] -- Up-to-date: /home/sakshi/ClutterBot/install/turtlebot3_msgs/include/turtlebot3_msgs
[1.707s] -- Up-to-date: /home/sakshi/ClutterBot/install/turtlebot3_msgs/include/turtlebot3_msgs/msg
[1.709s] -- Up-to-date: /home/sakshi/ClutterBot/install/turtlebot3_msgs/include/turtlebot3_msgs/msg/detail
[1.709s] -- Up-to-date: /home/sakshi/ClutterBot/install/turtlebot3_msgs/include/turtlebot3_msgs/msg/detail/version_info__type_support.cpp
[1.710s] -- Up-to-date: /home/sakshi/ClutterBot/install/turtlebot3_msgs/include/turtlebot3_msgs/msg/detail/sound__rosidl_typesupport_introspection_cpp.hpp
[1.710s] -- Up-to-date: /home/sakshi/ClutterBot/install/turtlebot3_msgs/include/turtlebot3_msgs/msg/detail/sound__type_support.cpp
[1.710s] -- Up-to-date: /home/sakshi/ClutterBot/install/turtlebot3_msgs/include/turtlebot3_msgs/msg/detail/version_info__rosidl_typesupport_introspection_cpp.hpp
[1.710s] -- Up-to-date: /home/sakshi/ClutterBot/install/turtlebot3_msgs/include/turtlebot3_msgs/msg/detail/sensor_state__rosidl_typesupport_introspection_cpp.hpp
[1.710s] -- Up-to-date: /home/sakshi/ClutterBot/install/turtlebot3_msgs/include/turtlebot3_msgs/msg/detail/sensor_state__type_support.cpp
[1.711s] -- Up-to-date: /home/sakshi/ClutterBot/install/turtlebot3_msgs/include/turtlebot3_msgs/action
[1.711s] -- Up-to-date: /home/sakshi/ClutterBot/install/turtlebot3_msgs/include/turtlebot3_msgs/action/detail
[1.711s] -- Up-to-date: /home/sakshi/ClutterBot/install/turtlebot3_msgs/include/turtlebot3_msgs/action/detail/patrol__type_support.cpp
[1.711s] -- Up-to-date: /home/sakshi/ClutterBot/install/turtlebot3_msgs/include/turtlebot3_msgs/action/detail/patrol__rosidl_typesupport_introspection_cpp.hpp
[1.712s] -- Up-to-date: /home/sakshi/ClutterBot/install/turtlebot3_msgs/include/turtlebot3_msgs/srv
[1.713s] -- Up-to-date: /home/sakshi/ClutterBot/install/turtlebot3_msgs/include/turtlebot3_msgs/srv/detail
[1.714s] -- Up-to-date: /home/sakshi/ClutterBot/install/turtlebot3_msgs/include/turtlebot3_msgs/srv/detail/sound__rosidl_typesupport_introspection_cpp.hpp
[1.714s] -- Up-to-date: /home/sakshi/ClutterBot/install/turtlebot3_msgs/include/turtlebot3_msgs/srv/detail/dqn__type_support.cpp
[1.714s] -- Up-to-date: /home/sakshi/ClutterBot/install/turtlebot3_msgs/include/turtlebot3_msgs/srv/detail/sound__type_support.cpp
[1.714s] -- Up-to-date: /home/sakshi/ClutterBot/install/turtlebot3_msgs/include/turtlebot3_msgs/srv/detail/dqn__rosidl_typesupport_introspection_cpp.hpp
[1.715s] -- Up-to-date: /home/sakshi/ClutterBot/install/turtlebot3_msgs/lib/libturtlebot3_msgs__rosidl_typesupport_introspection_cpp.so
[1.715s] -- Up-to-date: /home/sakshi/ClutterBot/install/turtlebot3_msgs/lib/libturtlebot3_msgs__rosidl_typesupport_cpp.so
[1.715s] -- Up-to-date: /home/sakshi/ClutterBot/install/turtlebot3_msgs/share/turtlebot3_msgs/environment/pythonpath.sh
[1.715s] -- Up-to-date: /home/sakshi/ClutterBot/install/turtlebot3_msgs/share/turtlebot3_msgs/environment/pythonpath.dsv
[1.715s] -- Up-to-date: /home/sakshi/ClutterBot/install/turtlebot3_msgs/lib/python3.8/site-packages/turtlebot3_msgs/__init__.py
[1.725s] -- Up-to-date: /home/sakshi/ClutterBot/install/turtlebot3_msgs/lib/python3.8/site-packages/turtlebot3_msgs/msg
[1.726s] -- Up-to-date: /home/sakshi/ClutterBot/install/turtlebot3_msgs/lib/python3.8/site-packages/turtlebot3_msgs/msg/_version_info.py
[1.726s] -- Up-to-date: /home/sakshi/ClutterBot/install/turtlebot3_msgs/lib/python3.8/site-packages/turtlebot3_msgs/msg/_sensor_state.py
[1.726s] -- Up-to-date: /home/sakshi/ClutterBot/install/turtlebot3_msgs/lib/python3.8/site-packages/turtlebot3_msgs/msg/_sensor_state_s.c
[1.728s] -- Up-to-date: /home/sakshi/ClutterBot/install/turtlebot3_msgs/lib/python3.8/site-packages/turtlebot3_msgs/msg/_sound.py
[1.729s] -- Up-to-date: /home/sakshi/ClutterBot/install/turtlebot3_msgs/lib/python3.8/site-packages/turtlebot3_msgs/msg/_sound_s.c
[1.729s] -- Up-to-date: /home/sakshi/ClutterBot/install/turtlebot3_msgs/lib/python3.8/site-packages/turtlebot3_msgs/msg/__init__.py
[1.729s] -- Up-to-date: /home/sakshi/ClutterBot/install/turtlebot3_msgs/lib/python3.8/site-packages/turtlebot3_msgs/msg/_version_info_s.c
[1.729s] -- Up-to-date: /home/sakshi/ClutterBot/install/turtlebot3_msgs/lib/python3.8/site-packages/turtlebot3_msgs/srv
[1.729s] -- Up-to-date: /home/sakshi/ClutterBot/install/turtlebot3_msgs/lib/python3.8/site-packages/turtlebot3_msgs/srv/_dqn.py
[1.730s] -- Up-to-date: /home/sakshi/ClutterBot/install/turtlebot3_msgs/lib/python3.8/site-packages/turtlebot3_msgs/srv/_sound.py
[1.730s] -- Up-to-date: /home/sakshi/ClutterBot/install/turtlebot3_msgs/lib/python3.8/site-packages/turtlebot3_msgs/srv/_sound_s.c
[1.730s] -- Up-to-date: /home/sakshi/ClutterBot/install/turtlebot3_msgs/lib/python3.8/site-packages/turtlebot3_msgs/srv/_dqn_s.c
[1.730s] -- Up-to-date: /home/sakshi/ClutterBot/install/turtlebot3_msgs/lib/python3.8/site-packages/turtlebot3_msgs/srv/__init__.py
[1.731s] -- Up-to-date: /home/sakshi/ClutterBot/install/turtlebot3_msgs/lib/python3.8/site-packages/turtlebot3_msgs/action
[1.731s] -- Up-to-date: /home/sakshi/ClutterBot/install/turtlebot3_msgs/lib/python3.8/site-packages/turtlebot3_msgs/action/_patrol_s.c
[1.731s] -- Up-to-date: /home/sakshi/ClutterBot/install/turtlebot3_msgs/lib/python3.8/site-packages/turtlebot3_msgs/action/_patrol.py
[1.731s] -- Up-to-date: /home/sakshi/ClutterBot/install/turtlebot3_msgs/lib/python3.8/site-packages/turtlebot3_msgs/action/__init__.py
[1.731s] -- Up-to-date: /home/sakshi/ClutterBot/install/turtlebot3_msgs/lib/python3.8/site-packages/turtlebot3_msgs/turtlebot3_msgs_s__rosidl_typesupport_fastrtps_c.cpython-38-x86_64-linux-gnu.so
[1.731s] -- Up-to-date: /home/sakshi/ClutterBot/install/turtlebot3_msgs/lib/python3.8/site-packages/turtlebot3_msgs/turtlebot3_msgs_s__rosidl_typesupport_introspection_c.cpython-38-x86_64-linux-gnu.so
[1.732s] -- Up-to-date: /home/sakshi/ClutterBot/install/turtlebot3_msgs/lib/python3.8/site-packages/turtlebot3_msgs/turtlebot3_msgs_s__rosidl_typesupport_c.cpython-38-x86_64-linux-gnu.so
[1.732s] -- Up-to-date: /home/sakshi/ClutterBot/install/turtlebot3_msgs/lib/libturtlebot3_msgs__python.so
[1.732s] -- Up-to-date: /home/sakshi/ClutterBot/install/turtlebot3_msgs/share/turtlebot3_msgs/msg/SensorState.idl
[1.732s] -- Up-to-date: /home/sakshi/ClutterBot/install/turtlebot3_msgs/share/turtlebot3_msgs/msg/Sound.idl
[1.732s] -- Up-to-date: /home/sakshi/ClutterBot/install/turtlebot3_msgs/share/turtlebot3_msgs/msg/VersionInfo.idl
[1.732s] -- Up-to-date: /home/sakshi/ClutterBot/install/turtlebot3_msgs/share/turtlebot3_msgs/srv/Sound.idl
[1.732s] -- Up-to-date: /home/sakshi/ClutterBot/install/turtlebot3_msgs/share/turtlebot3_msgs/srv/Dqn.idl
[1.733s] -- Up-to-date: /home/sakshi/ClutterBot/install/turtlebot3_msgs/share/turtlebot3_msgs/action/Patrol.idl
[1.733s] -- Up-to-date: /home/sakshi/ClutterBot/install/turtlebot3_msgs/share/turtlebot3_msgs/msg/SensorState.msg
[1.733s] -- Up-to-date: /home/sakshi/ClutterBot/install/turtlebot3_msgs/share/turtlebot3_msgs/msg/Sound.msg
[1.733s] -- Up-to-date: /home/sakshi/ClutterBot/install/turtlebot3_msgs/share/turtlebot3_msgs/msg/VersionInfo.msg
[1.733s] -- Up-to-date: /home/sakshi/ClutterBot/install/turtlebot3_msgs/share/turtlebot3_msgs/srv/Sound.srv
[1.733s] -- Up-to-date: /home/sakshi/ClutterBot/install/turtlebot3_msgs/share/turtlebot3_msgs/srv/Sound_Request.msg
[1.734s] -- Up-to-date: /home/sakshi/ClutterBot/install/turtlebot3_msgs/share/turtlebot3_msgs/srv/Sound_Response.msg
[1.734s] -- Up-to-date: /home/sakshi/ClutterBot/install/turtlebot3_msgs/share/turtlebot3_msgs/srv/Dqn.srv
[1.734s] -- Up-to-date: /home/sakshi/ClutterBot/install/turtlebot3_msgs/share/turtlebot3_msgs/srv/Dqn_Request.msg
[1.734s] -- Up-to-date: /home/sakshi/ClutterBot/install/turtlebot3_msgs/share/turtlebot3_msgs/srv/Dqn_Response.msg
[1.735s] -- Up-to-date: /home/sakshi/ClutterBot/install/turtlebot3_msgs/share/turtlebot3_msgs/action/Patrol.action
[1.735s] -- Up-to-date: /home/sakshi/ClutterBot/install/turtlebot3_msgs/share/ament_index/resource_index/package_run_dependencies/turtlebot3_msgs
[1.736s] -- Up-to-date: /home/sakshi/ClutterBot/install/turtlebot3_msgs/share/ament_index/resource_index/parent_prefix_path/turtlebot3_msgs
[1.736s] -- Up-to-date: /home/sakshi/ClutterBot/install/turtlebot3_msgs/share/turtlebot3_msgs/environment/ament_prefix_path.sh
[1.739s] -- Up-to-date: /home/sakshi/ClutterBot/install/turtlebot3_msgs/share/turtlebot3_msgs/environment/ament_prefix_path.dsv
[1.739s] -- Up-to-date: /home/sakshi/ClutterBot/install/turtlebot3_msgs/share/turtlebot3_msgs/environment/path.sh
[1.739s] -- Up-to-date: /home/sakshi/ClutterBot/install/turtlebot3_msgs/share/turtlebot3_msgs/environment/path.dsv
[1.739s] -- Up-to-date: /home/sakshi/ClutterBot/install/turtlebot3_msgs/share/turtlebot3_msgs/local_setup.bash
[1.739s] -- Up-to-date: /home/sakshi/ClutterBot/install/turtlebot3_msgs/share/turtlebot3_msgs/local_setup.sh
[1.740s] -- Up-to-date: /home/sakshi/ClutterBot/install/turtlebot3_msgs/share/turtlebot3_msgs/local_setup.zsh
[1.740s] -- Up-to-date: /home/sakshi/ClutterBot/install/turtlebot3_msgs/share/turtlebot3_msgs/local_setup.dsv
[1.740s] -- Installing: /home/sakshi/ClutterBot/install/turtlebot3_msgs/share/turtlebot3_msgs/package.dsv
[1.740s] -- Up-to-date: /home/sakshi/ClutterBot/install/turtlebot3_msgs/share/ament_index/resource_index/packages/turtlebot3_msgs
[1.751s] -- Up-to-date: /home/sakshi/ClutterBot/install/turtlebot3_msgs/share/turtlebot3_msgs/cmake/turtlebot3_msgs__rosidl_generator_cExport.cmake
[1.751s] -- Up-to-date: /home/sakshi/ClutterBot/install/turtlebot3_msgs/share/turtlebot3_msgs/cmake/turtlebot3_msgs__rosidl_generator_cExport-noconfig.cmake
[1.751s] -- Up-to-date: /home/sakshi/ClutterBot/install/turtlebot3_msgs/share/turtlebot3_msgs/cmake/turtlebot3_msgs__rosidl_typesupport_introspection_cExport.cmake
[1.751s] -- Up-to-date: /home/sakshi/ClutterBot/install/turtlebot3_msgs/share/turtlebot3_msgs/cmake/turtlebot3_msgs__rosidl_typesupport_introspection_cExport-noconfig.cmake
[1.752s] -- Up-to-date: /home/sakshi/ClutterBot/install/turtlebot3_msgs/share/turtlebot3_msgs/cmake/turtlebot3_msgs__rosidl_typesupport_cExport.cmake
[1.752s] -- Up-to-date: /home/sakshi/ClutterBot/install/turtlebot3_msgs/share/turtlebot3_msgs/cmake/turtlebot3_msgs__rosidl_typesupport_cExport-noconfig.cmake
[1.761s] -- Up-to-date: /home/sakshi/ClutterBot/install/turtlebot3_msgs/share/turtlebot3_msgs/cmake/turtlebot3_msgs__rosidl_generator_cppExport.cmake
[1.762s] -- Up-to-date: /home/sakshi/ClutterBot/install/turtlebot3_msgs/share/turtlebot3_msgs/cmake/turtlebot3_msgs__rosidl_typesupport_introspection_cppExport.cmake
[1.762s] -- Up-to-date: /home/sakshi/ClutterBot/install/turtlebot3_msgs/share/turtlebot3_msgs/cmake/turtlebot3_msgs__rosidl_typesupport_introspection_cppExport-noconfig.cmake
[1.763s] -- Up-to-date: /home/sakshi/ClutterBot/install/turtlebot3_msgs/share/turtlebot3_msgs/cmake/turtlebot3_msgs__rosidl_typesupport_cppExport.cmake
[1.767s] -- Up-to-date: /home/sakshi/ClutterBot/install/turtlebot3_msgs/share/turtlebot3_msgs/cmake/turtlebot3_msgs__rosidl_typesupport_cppExport-noconfig.cmake
[1.767s] -- Up-to-date: /home/sakshi/ClutterBot/install/turtlebot3_msgs/share/turtlebot3_msgs/cmake/rosidl_cmake-extras.cmake
[1.768s] -- Up-to-date: /home/sakshi/ClutterBot/install/turtlebot3_msgs/share/turtlebot3_msgs/cmake/ament_cmake_export_dependencies-extras.cmake
[1.768s] -- Up-to-date: /home/sakshi/ClutterBot/install/turtlebot3_msgs/share/turtlebot3_msgs/cmake/ament_cmake_export_libraries-extras.cmake
[1.768s] -- Up-to-date: /home/sakshi/ClutterBot/install/turtlebot3_msgs/share/turtlebot3_msgs/cmake/ament_cmake_export_targets-extras.cmake
[1.769s] -- Up-to-date: /home/sakshi/ClutterBot/install/turtlebot3_msgs/share/turtlebot3_msgs/cmake/ament_cmake_export_include_directories-extras.cmake
[1.769s] -- Up-to-date: /home/sakshi/ClutterBot/install/turtlebot3_msgs/share/turtlebot3_msgs/cmake/rosidl_cmake_export_typesupport_libraries-extras.cmake
[1.771s] -- Up-to-date: /home/sakshi/ClutterBot/install/turtlebot3_msgs/share/turtlebot3_msgs/cmake/rosidl_cmake_export_typesupport_targets-extras.cmake
[1.771s] -- Up-to-date: /home/sakshi/ClutterBot/install/turtlebot3_msgs/share/turtlebot3_msgs/cmake/turtlebot3_msgsConfig.cmake
[1.772s] -- Up-to-date: /home/sakshi/ClutterBot/install/turtlebot3_msgs/share/turtlebot3_msgs/cmake/turtlebot3_msgsConfig-version.cmake
[1.772s] -- Up-to-date: /home/sakshi/ClutterBot/install/turtlebot3_msgs/share/turtlebot3_msgs/package.xml
[1.855s] Invoked command in '/home/sakshi/ClutterBot/build/turtlebot3_msgs' returned '0': CMAKE_PREFIX_PATH=${CMAKE_PREFIX_PATH}:/home/sakshi/ClutterBot/install/turtlebot3_teleop:/home/sakshi/ClutterBot/install/turtlebot3_example:/opt/ros/foxy CONDA_PROMPT_MODIFIER=(base) /usr/bin/cmake --install /home/sakshi/ClutterBot/build/turtlebot3_msgs
