[6.213s] Invoking command in '/home/sakshi/ClutterBot/src/turtlebot3/turtlebot3/turtlebot3_example': CMAKE_PREFIX_PATH=/home/sakshi/ClutterBot/install/turtlebot3_msgs:/home/sakshi/ClutterBot/install/turtlebot3:/home/sakshi/ClutterBot/install/turtlebot3_simulations:/home/sakshi/ClutterBot/install/turtlebot3_bringup:/home/sakshi/ClutterBot/install/turtlebot3_node:/home/sakshi/ClutterBot/install/turtlebot3_navigation2:/home/sakshi/ClutterBot/install/turtlebot3_fake_node:/home/sakshi/ClutterBot/install/turtlebot3_gazebo:/home/sakshi/ClutterBot/install/turtlebot3_description:/home/sakshi/ClutterBot/install/turtlebot3_cartographer:/home/sakshi/ClutterBot/install/hls_lfcd_lds_driver:/home/sakshi/ClutterBot/install/dynamixel_sdk_examples:/home/sakshi/ClutterBot/install/dynamixel_sdk_custom_interfaces:/home/sakshi/ClutterBot/install/dynamixel_sdk PYTHONPATH=/home/sakshi/ClutterBot/build/turtlebot3_example/prefix_override:/home/sakshi/ClutterBot/install/turtlebot3_example/lib/python3.8/site-packages:/home/sakshi/ClutterBot/install/turtlebot3_msgs/lib/python3.8/site-packages:/home/sakshi/ClutterBot/install/turtlebot3_teleop/lib/python3.8/site-packages:/home/sakshi/ClutterBot/install/turtlebot3_example/lib/python3.8/site-packages:/home/sakshi/ClutterBot/install/dynamixel_sdk_custom_interfaces/lib/python3.8/site-packages:/opt/ros/foxy/lib/python3.8/site-packages /usr/bin/python3 setup.py egg_info --egg-base ../../../../build/turtlebot3_example build --build-base /home/sakshi/ClutterBot/build/turtlebot3_example/build install --record /home/sakshi/ClutterBot/build/turtlebot3_example/install.log --single-version-externally-managed
[6.551s] running egg_info
[6.552s] writing ../../../../build/turtlebot3_example/turtlebot3_example.egg-info/PKG-INFO
[6.552s] writing dependency_links to ../../../../build/turtlebot3_example/turtlebot3_example.egg-info/dependency_links.txt
[6.552s] writing entry points to ../../../../build/turtlebot3_example/turtlebot3_example.egg-info/entry_points.txt
[6.552s] writing requirements to ../../../../build/turtlebot3_example/turtlebot3_example.egg-info/requires.txt
[6.553s] writing top-level names to ../../../../build/turtlebot3_example/turtlebot3_example.egg-info/top_level.txt
[6.598s] reading manifest file '../../../../build/turtlebot3_example/turtlebot3_example.egg-info/SOURCES.txt'
[6.667s] writing manifest file '../../../../build/turtlebot3_example/turtlebot3_example.egg-info/SOURCES.txt'
[6.668s] running build
[6.668s] running build_py
[6.672s] running install
[6.675s] running install_lib
[6.684s] running install_data
[6.686s] running install_egg_info
[6.690s] removing '/home/sakshi/ClutterBot/install/turtlebot3_example/lib/python3.8/site-packages/turtlebot3_example-2.1.4-py3.8.egg-info' (and everything under it)
[6.690s] Copying ../../../../build/turtlebot3_example/turtlebot3_example.egg-info to /home/sakshi/ClutterBot/install/turtlebot3_example/lib/python3.8/site-packages/turtlebot3_example-2.1.4-py3.8.egg-info
[6.692s] running install_scripts
[6.713s] Installing turtlebot3_obstacle_detection script to /home/sakshi/ClutterBot/install/turtlebot3_example/lib/turtlebot3_example
[6.713s] Installing turtlebot3_patrol_client script to /home/sakshi/ClutterBot/install/turtlebot3_example/lib/turtlebot3_example
[6.713s] Installing turtlebot3_patrol_server script to /home/sakshi/ClutterBot/install/turtlebot3_example/lib/turtlebot3_example
[6.713s] Installing turtlebot3_position_control script to /home/sakshi/ClutterBot/install/turtlebot3_example/lib/turtlebot3_example
[6.714s] writing list of installed files to '/home/sakshi/ClutterBot/build/turtlebot3_example/install.log'
[6.742s] Invoked command in '/home/sakshi/ClutterBot/src/turtlebot3/turtlebot3/turtlebot3_example' returned '0': CMAKE_PREFIX_PATH=/home/sakshi/ClutterBot/install/turtlebot3_msgs:/home/sakshi/ClutterBot/install/turtlebot3:/home/sakshi/ClutterBot/install/turtlebot3_simulations:/home/sakshi/ClutterBot/install/turtlebot3_bringup:/home/sakshi/ClutterBot/install/turtlebot3_node:/home/sakshi/ClutterBot/install/turtlebot3_navigation2:/home/sakshi/ClutterBot/install/turtlebot3_fake_node:/home/sakshi/ClutterBot/install/turtlebot3_gazebo:/home/sakshi/ClutterBot/install/turtlebot3_description:/home/sakshi/ClutterBot/install/turtlebot3_cartographer:/home/sakshi/ClutterBot/install/hls_lfcd_lds_driver:/home/sakshi/ClutterBot/install/dynamixel_sdk_examples:/home/sakshi/ClutterBot/install/dynamixel_sdk_custom_interfaces:/home/sakshi/ClutterBot/install/dynamixel_sdk PYTHONPATH=/home/sakshi/ClutterBot/build/turtlebot3_example/prefix_override:/home/sakshi/ClutterBot/install/turtlebot3_example/lib/python3.8/site-packages:/home/sakshi/ClutterBot/install/turtlebot3_msgs/lib/python3.8/site-packages:/home/sakshi/ClutterBot/install/turtlebot3_teleop/lib/python3.8/site-packages:/home/sakshi/ClutterBot/install/turtlebot3_example/lib/python3.8/site-packages:/home/sakshi/ClutterBot/install/dynamixel_sdk_custom_interfaces/lib/python3.8/site-packages:/opt/ros/foxy/lib/python3.8/site-packages /usr/bin/python3 setup.py egg_info --egg-base ../../../../build/turtlebot3_example build --build-base /home/sakshi/ClutterBot/build/turtlebot3_example/build install --record /home/sakshi/ClutterBot/build/turtlebot3_example/install.log --single-version-externally-managed
